--------
Total Statistics
--------
Total Instructions: 4355791175
Total Cycles: 9638470893
IPC: 0.451917

--------
Single level Tlb hierarchy
--------
  Data Tlb:
    Entries:          64
    Page Size(B):   4096
    Associativity:      4

Latencies:    0  100
Tlb-Sets:   16 - LRU - assoc:   4

Tlb Stats:
Tlb-Load-Hits:         921884749   96.02%
Tlb-Load-Misses:        38205824    3.98%
Tlb-Load-Accesses:     960090573  100.00%

Tlb-Store-Hits:         320460343   99.87%
Tlb-Store-Misses:          416102    0.13%
Tlb-Store-Accesses:     320876445  100.00%

Tlb-Total-Hits:        1242345092   96.98%
Tlb-Total-Misses:        38621926    3.02%
Tlb-Total-Accesses:    1280967018  100.00%



--------
Two level Cache hierarchy
--------
  L1-Data Cache:
    Size(KB):          32
    Block Size(B):     64
    Associativity:      8

  L2-Data Cache:
    Size(KB):        2048
    Block Size(B):     64
    Associativity:      8

Latencies:    1   25  250
L1-Sets:   64 - LRU - assoc:   8
L2-Sets: 4096 - LRU - assoc:   8
Store_allocation: Yes
L2_inclusive: Yes
L2_prefetching: No

L1 Cache Stats:
L1-Load-Hits:         955324158   99.50%
L1-Load-Misses:         4766415    0.50%
L1-Load-Accesses:     960090573  100.00%

L1-Store-Hits:         320351536   99.84%
L1-Store-Misses:          524909    0.16%
L1-Store-Accesses:     320876445  100.00%

L1-Total-Hits:        1275675694   99.59%
L1-Total-Misses:         5291324    0.41%
L1-Total-Accesses:    1280967018  100.00%

L2 Cache Stats:
L2-Load-Hits:           4741573   99.48%
L2-Load-Misses:           24842    0.52%
L2-Load-Accesses:       4766415  100.00%

L2-Store-Hits:            520803   99.22%
L2-Store-Misses:            4106    0.78%
L2-Store-Accesses:        524909  100.00%

L2-Total-Hits:           5262376   99.45%
L2-Total-Misses:           28948    0.55%
L2-Total-Accesses:       5291324  100.00%

