--------
Total Statistics
--------
Total Instructions: 4355791175
Total Cycles: 10014297543
IPC: 0.434957

--------
Single level Tlb hierarchy
--------
  Data Tlb:
    Entries:          64
    Page Size(B):   4096
    Associativity:      4

Latencies:    0  100
Tlb-Sets:   16 - LRU - assoc:   4

Tlb Stats:
Tlb-Load-Hits:         921883351   96.02%
Tlb-Load-Misses:        38207222    3.98%
Tlb-Load-Accesses:     960090573  100.00%

Tlb-Store-Hits:         320460343   99.87%
Tlb-Store-Misses:          416102    0.13%
Tlb-Store-Accesses:     320876445  100.00%

Tlb-Total-Hits:        1242343694   96.98%
Tlb-Total-Misses:        38623324    3.02%
Tlb-Total-Accesses:    1280967018  100.00%



--------
Two level Cache hierarchy
--------
  L1-Data Cache:
    Size(KB):          32
    Block Size(B):     64
    Associativity:      8

  L2-Data Cache:
    Size(KB):        1024
    Block Size(B):    128
    Associativity:     16

Latencies:    1   25  250
L1-Sets:   64 - LRU - assoc:   8
L2-Sets:  512 - LRU - assoc:  16
Store_allocation: Yes
L2_inclusive: Yes
L2_prefetching: No

L1 Cache Stats:
L1-Load-Hits:         954437199   99.41%
L1-Load-Misses:         5653374    0.59%
L1-Load-Accesses:     960090573  100.00%

L1-Store-Hits:         320260151   99.81%
L1-Store-Misses:          616294    0.19%
L1-Store-Accesses:     320876445  100.00%

L1-Total-Hits:        1274697350   99.51%
L1-Total-Misses:         6269668    0.49%
L1-Total-Accesses:    1280967018  100.00%

L2 Cache Stats:
L2-Load-Hits:           4424420   78.26%
L2-Load-Misses:         1228954   21.74%
L2-Load-Accesses:       5653374  100.00%

L2-Store-Hits:            411387   66.75%
L2-Store-Misses:          204907   33.25%
L2-Store-Accesses:        616294  100.00%

L2-Total-Hits:           4835807   77.13%
L2-Total-Misses:         1433861   22.87%
L2-Total-Accesses:       6269668  100.00%

