--------
Total Statistics
--------
Total Instructions: 4355791175
Total Cycles: 9814296468
IPC: 0.443821

--------
Single level Tlb hierarchy
--------
  Data Tlb:
    Entries:          64
    Page Size(B):   4096
    Associativity:      4

Latencies:    0  100
Tlb-Sets:   16 - LRU - assoc:   4

Tlb Stats:
Tlb-Load-Hits:         921884749   96.02%
Tlb-Load-Misses:        38205824    3.98%
Tlb-Load-Accesses:     960090573  100.00%

Tlb-Store-Hits:         320460343   99.87%
Tlb-Store-Misses:          416102    0.13%
Tlb-Store-Accesses:     320876445  100.00%

Tlb-Total-Hits:        1242345092   96.98%
Tlb-Total-Misses:        38621926    3.02%
Tlb-Total-Accesses:    1280967018  100.00%



--------
Two level Cache hierarchy
--------
  L1-Data Cache:
    Size(KB):          32
    Block Size(B):     64
    Associativity:      8

  L2-Data Cache:
    Size(KB):        1024
    Block Size(B):    256
    Associativity:      8

Latencies:    1   25  250
L1-Sets:   64 - LRU - assoc:   8
L2-Sets:  512 - LRU - assoc:   8
Store_allocation: Yes
L2_inclusive: Yes
L2_prefetching: No

L1 Cache Stats:
L1-Load-Hits:         955176344   99.49%
L1-Load-Misses:         4914229    0.51%
L1-Load-Accesses:     960090573  100.00%

L1-Store-Hits:         320346857   99.83%
L1-Store-Misses:          529588    0.17%
L1-Store-Accesses:     320876445  100.00%

L1-Total-Hits:        1275523201   99.58%
L1-Total-Misses:         5443817    0.42%
L1-Total-Accesses:    1280967018  100.00%

L2 Cache Stats:
L2-Load-Hits:           4299733   87.50%
L2-Load-Misses:          614496   12.50%
L2-Load-Accesses:       4914229  100.00%

L2-Store-Hits:            427083   80.64%
L2-Store-Misses:          102505   19.36%
L2-Store-Accesses:        529588  100.00%

L2-Total-Hits:           4726816   86.83%
L2-Total-Misses:          717001   13.17%
L2-Total-Accesses:       5443817  100.00%

