--------
Total Statistics
--------
Total Instructions: 4355791175
Total Cycles: 10052116818
IPC: 0.433321

--------
Single level Tlb hierarchy
--------
  Data Tlb:
    Entries:          64
    Page Size(B):   4096
    Associativity:      4

Latencies:    0  100
Tlb-Sets:   16 - LRU - assoc:   4

Tlb Stats:
Tlb-Load-Hits:         921883351   96.02%
Tlb-Load-Misses:        38207222    3.98%
Tlb-Load-Accesses:     960090573  100.00%

Tlb-Store-Hits:         320050742   99.74%
Tlb-Store-Misses:          825703    0.26%
Tlb-Store-Accesses:     320876445  100.00%

Tlb-Total-Hits:        1241934093   96.95%
Tlb-Total-Misses:        39032925    3.05%
Tlb-Total-Accesses:    1280967018  100.00%



--------
Two level Cache hierarchy
--------
  L1-Data Cache:
    Size(KB):          32
    Block Size(B):     64
    Associativity:      8

  L2-Data Cache:
    Size(KB):         512
    Block Size(B):    128
    Associativity:      8

Latencies:    1   25  250
L1-Sets:   64 - LRU - assoc:   8
L2-Sets:  512 - LRU - assoc:   8
Store_allocation: Yes
L2_inclusive: Yes
L2_prefetching: No

L1 Cache Stats:
L1-Load-Hits:         954578843   99.43%
L1-Load-Misses:         5511730    0.57%
L1-Load-Accesses:     960090573  100.00%

L1-Store-Hits:         320248160   99.80%
L1-Store-Misses:          628285    0.20%
L1-Store-Accesses:     320876445  100.00%

L1-Total-Hits:        1274827003   99.52%
L1-Total-Misses:         6140015    0.48%
L1-Total-Accesses:    1280967018  100.00%

L2 Cache Stats:
L2-Load-Hits:           4282375   77.70%
L2-Load-Misses:         1229355   22.30%
L2-Load-Accesses:       5511730  100.00%

L2-Store-Hits:            423377   67.39%
L2-Store-Misses:          204908   32.61%
L2-Store-Accesses:        628285  100.00%

L2-Total-Hits:           4705752   76.64%
L2-Total-Misses:         1434263   23.36%
L2-Total-Accesses:       6140015  100.00%

