--------
Total Statistics
--------
Total Instructions: 4355791175
Total Cycles: 18794753968
IPC: 0.231756

--------
Single level Tlb hierarchy
--------
  Data Tlb:
    Entries:          64
    Page Size(B):   4096
    Associativity:      4

Latencies:    0  100
Tlb-Sets:   16 - LRU - assoc:   4

Tlb Stats:
Tlb-Load-Hits:         921883549   96.02%
Tlb-Load-Misses:        38207024    3.98%
Tlb-Load-Accesses:     960090573  100.00%

Tlb-Store-Hits:         320460343   99.87%
Tlb-Store-Misses:          416102    0.13%
Tlb-Store-Accesses:     320876445  100.00%

Tlb-Total-Hits:        1242343892   96.98%
Tlb-Total-Misses:        38623126    3.02%
Tlb-Total-Accesses:    1280967018  100.00%



--------
Two level Cache hierarchy
--------
  L1-Data Cache:
    Size(KB):          32
    Block Size(B):     64
    Associativity:      8

  L2-Data Cache:
    Size(KB):         512
    Block Size(B):    128
    Associativity:      4

Latencies:    1   25  250
L1-Sets:   64 - LRU - assoc:   8
L2-Sets: 1024 - LRU - assoc:   4
Store_allocation: Yes
L2_inclusive: Yes
L2_prefetching: No

L1 Cache Stats:
L1-Load-Hits:         920694483   95.90%
L1-Load-Misses:        39396090    4.10%
L1-Load-Accesses:     960090573  100.00%

L1-Store-Hits:         320261928   99.81%
L1-Store-Misses:          614517    0.19%
L1-Store-Accesses:     320876445  100.00%

L1-Total-Hits:        1240956411   96.88%
L1-Total-Misses:        40010607    3.12%
L1-Total-Accesses:    1280967018  100.00%

L2 Cache Stats:
L2-Load-Hits:           6419326   16.29%
L2-Load-Misses:        32976764   83.71%
L2-Load-Accesses:      39396090  100.00%

L2-Store-Hits:            409609   66.66%
L2-Store-Misses:          204908   33.34%
L2-Store-Accesses:        614517  100.00%

L2-Total-Hits:           6828935   17.07%
L2-Total-Misses:        33181672   82.93%
L2-Total-Accesses:      40010607  100.00%

