--------
Total Statistics
--------
Total Instructions: 4355791175
Total Cycles: 9657580468
IPC: 0.451023

--------
Single level Tlb hierarchy
--------
  Data Tlb:
    Entries:          64
    Page Size(B):   4096
    Associativity:      4

Latencies:    0  100
Tlb-Sets:   16 - LRU - assoc:   4

Tlb Stats:
Tlb-Load-Hits:         921883549   96.02%
Tlb-Load-Misses:        38207024    3.98%
Tlb-Load-Accesses:     960090573  100.00%

Tlb-Store-Hits:         320050742   99.74%
Tlb-Store-Misses:          825703    0.26%
Tlb-Store-Accesses:     320876445  100.00%

Tlb-Total-Hits:        1241934291   96.95%
Tlb-Total-Misses:        39032727    3.05%
Tlb-Total-Accesses:    1280967018  100.00%



--------
Two level Cache hierarchy
--------
  L1-Data Cache:
    Size(KB):          32
    Block Size(B):     64
    Associativity:      8

  L2-Data Cache:
    Size(KB):        2048
    Block Size(B):    128
    Associativity:      8

Latencies:    1   25  250
L1-Sets:   64 - LRU - assoc:   8
L2-Sets: 2048 - LRU - assoc:   8
Store_allocation: Yes
L2_inclusive: Yes
L2_prefetching: No

L1 Cache Stats:
L1-Load-Hits:         955943257   99.57%
L1-Load-Misses:         4147316    0.43%
L1-Load-Accesses:     960090573  100.00%

L1-Store-Hits:         320466738   99.87%
L1-Store-Misses:          409707    0.13%
L1-Store-Accesses:     320876445  100.00%

L1-Total-Hits:        1276409995   99.64%
L1-Total-Misses:         4557023    0.36%
L1-Total-Accesses:    1280967018  100.00%

L2 Cache Stats:
L2-Load-Hits:           4134875   99.70%
L2-Load-Misses:           12441    0.30%
L2-Load-Accesses:       4147316  100.00%

L2-Store-Hits:            407652   99.50%
L2-Store-Misses:            2055    0.50%
L2-Store-Accesses:        409707  100.00%

L2-Total-Hits:           4542527   99.68%
L2-Total-Misses:           14496    0.32%
L2-Total-Accesses:       4557023  100.00%

