--------
Total Statistics
--------
Total Instructions: 4355791175
Total Cycles: 18795681268
IPC: 0.231744

--------
Single level Tlb hierarchy
--------
  Data Tlb:
    Entries:          64
    Page Size(B):   4096
    Associativity:      4

Latencies:    0  100
Tlb-Sets:   16 - LRU - assoc:   4

Tlb Stats:
Tlb-Load-Hits:         921883351   96.02%
Tlb-Load-Misses:        38207222    3.98%
Tlb-Load-Accesses:     960090573  100.00%

Tlb-Store-Hits:         320460343   99.87%
Tlb-Store-Misses:          416102    0.13%
Tlb-Store-Accesses:     320876445  100.00%

Tlb-Total-Hits:        1242343694   96.98%
Tlb-Total-Misses:        38623324    3.02%
Tlb-Total-Accesses:    1280967018  100.00%



--------
Two level Cache hierarchy
--------
  L1-Data Cache:
    Size(KB):          32
    Block Size(B):     64
    Associativity:      8

  L2-Data Cache:
    Size(KB):         256
    Block Size(B):    128
    Associativity:      4

Latencies:    1   25  250
L1-Sets:   64 - LRU - assoc:   8
L2-Sets:  512 - LRU - assoc:   4
Store_allocation: Yes
L2_inclusive: Yes
L2_prefetching: No

L1 Cache Stats:
L1-Load-Hits:         920690954   95.90%
L1-Load-Misses:        39399619    4.10%
L1-Load-Accesses:     960090573  100.00%

L1-Store-Hits:         320261317   99.81%
L1-Store-Misses:          615128    0.19%
L1-Store-Accesses:     320876445  100.00%

L1-Total-Hits:        1240952271   96.88%
L1-Total-Misses:        40014747    3.12%
L1-Total-Accesses:    1280967018  100.00%

L2 Cache Stats:
L2-Load-Hits:           6419638   16.29%
L2-Load-Misses:        32979981   83.71%
L2-Load-Accesses:      39399619  100.00%

L2-Store-Hits:            410221   66.69%
L2-Store-Misses:          204907   33.31%
L2-Store-Accesses:        615128  100.00%

L2-Total-Hits:           6829859   17.07%
L2-Total-Misses:        33184888   82.93%
L2-Total-Accesses:      40014747  100.00%

