--------
Total Statistics
--------
Total Instructions: 4355791175
Total Cycles: 10368557468
IPC: 0.420096

--------
Single level Tlb hierarchy
--------
  Data Tlb:
    Entries:          64
    Page Size(B):   4096
    Associativity:      4

Latencies:    0  100
Tlb-Sets:   16 - LRU - assoc:   4

Tlb Stats:
Tlb-Load-Hits:         921884749   96.02%
Tlb-Load-Misses:        38205824    3.98%
Tlb-Load-Accesses:     960090573  100.00%

Tlb-Store-Hits:         320050742   99.74%
Tlb-Store-Misses:          825703    0.26%
Tlb-Store-Accesses:     320876445  100.00%

Tlb-Total-Hits:        1241935491   96.95%
Tlb-Total-Misses:        39031527    3.05%
Tlb-Total-Accesses:    1280967018  100.00%



--------
Two level Cache hierarchy
--------
  L1-Data Cache:
    Size(KB):          32
    Block Size(B):     64
    Associativity:      8

  L2-Data Cache:
    Size(KB):        1024
    Block Size(B):     64
    Associativity:      8

Latencies:    1   25  250
L1-Sets:   64 - LRU - assoc:   8
L2-Sets: 2048 - LRU - assoc:   8
Store_allocation: Yes
L2_inclusive: Yes
L2_prefetching: No

L1 Cache Stats:
L1-Load-Hits:         956057958   99.58%
L1-Load-Misses:         4032615    0.42%
L1-Load-Accesses:     960090573  100.00%

L1-Store-Hits:         320465937   99.87%
L1-Store-Misses:          410508    0.13%
L1-Store-Accesses:     320876445  100.00%

L1-Total-Hits:        1276523895   99.65%
L1-Total-Misses:         4443123    0.35%
L1-Total-Accesses:    1280967018  100.00%

L2 Cache Stats:
L2-Load-Hits:           1572849   39.00%
L2-Load-Misses:         2459766   61.00%
L2-Load-Accesses:       4032615  100.00%

L2-Store-Hits:                 0    0.00%
L2-Store-Misses:          410508  100.00%
L2-Store-Accesses:        410508  100.00%

L2-Total-Hits:           1572849   35.40%
L2-Total-Misses:         2870274   64.60%
L2-Total-Accesses:       4443123  100.00%

