--------
Total Statistics
--------
Total Instructions: 4355791175
Total Cycles: 9676085743
IPC: 0.45016

--------
Single level Tlb hierarchy
--------
  Data Tlb:
    Entries:          64
    Page Size(B):   4096
    Associativity:      4

Latencies:    0  100
Tlb-Sets:   16 - LRU - assoc:   4

Tlb Stats:
Tlb-Load-Hits:         921884749   96.02%
Tlb-Load-Misses:        38205824    3.98%
Tlb-Load-Accesses:     960090573  100.00%

Tlb-Store-Hits:         320050742   99.74%
Tlb-Store-Misses:          825703    0.26%
Tlb-Store-Accesses:     320876445  100.00%

Tlb-Total-Hits:        1241935491   96.95%
Tlb-Total-Misses:        39031527    3.05%
Tlb-Total-Accesses:    1280967018  100.00%



--------
Two level Cache hierarchy
--------
  L1-Data Cache:
    Size(KB):          32
    Block Size(B):     64
    Associativity:      8

  L2-Data Cache:
    Size(KB):        2048
    Block Size(B):    128
    Associativity:     16

Latencies:    1   25  250
L1-Sets:   64 - LRU - assoc:   8
L2-Sets: 1024 - LRU - assoc:  16
Store_allocation: Yes
L2_inclusive: Yes
L2_prefetching: No

L1 Cache Stats:
L1-Load-Hits:         955204658   99.49%
L1-Load-Misses:         4885915    0.51%
L1-Load-Accesses:     960090573  100.00%

L1-Store-Hits:         320460336   99.87%
L1-Store-Misses:          416109    0.13%
L1-Store-Accesses:     320876445  100.00%

L1-Total-Hits:        1275664994   99.59%
L1-Total-Misses:         5302024    0.41%
L1-Total-Accesses:    1280967018  100.00%

L2 Cache Stats:
L2-Load-Hits:           4873474   99.75%
L2-Load-Misses:           12441    0.25%
L2-Load-Accesses:       4885915  100.00%

L2-Store-Hits:            414053   99.51%
L2-Store-Misses:            2056    0.49%
L2-Store-Accesses:        416109  100.00%

L2-Total-Hits:           5287527   99.73%
L2-Total-Misses:           14497    0.27%
L2-Total-Accesses:       5302024  100.00%

