--------
Total Statistics
--------
Total Instructions: 12269206006
Total Cycles: 19874767123
IPC: 0.617326

--------
Single level Tlb hierarchy
--------
  Data Tlb:
    Entries:          64
    Page Size(B):   4096
    Associativity:      4

Latencies:    0  100
Tlb-Sets:   16 - LRU - assoc:   4

Tlb Stats:
Tlb-Load-Hits:        2361791557   99.41%
Tlb-Load-Misses:        13987585    0.59%
Tlb-Load-Accesses:    2375779142  100.00%

Tlb-Store-Hits:         650825227   99.95%
Tlb-Store-Misses:          337073    0.05%
Tlb-Store-Accesses:     651162300  100.00%

Tlb-Total-Hits:        3012616784   99.53%
Tlb-Total-Misses:        14324658    0.47%
Tlb-Total-Accesses:    3026941442  100.00%



--------
Two level Cache hierarchy
--------
  L1-Data Cache:
    Size(KB):          32
    Block Size(B):     64
    Associativity:      8

  L2-Data Cache:
    Size(KB):        2048
    Block Size(B):    128
    Associativity:     16

Latencies:    1   25  250
L1-Sets:   64 - LRU - assoc:   8
L2-Sets: 1024 - LRU - assoc:  16
Store_allocation: Yes
L2_inclusive: Yes
L2_prefetching: No

L1 Cache Stats:
L1-Load-Hits:        2261862580   95.21%
L1-Load-Misses:       113916562    4.79%
L1-Load-Accesses:    2375779142  100.00%

L1-Store-Hits:         644901427   99.04%
L1-Store-Misses:         6260873    0.96%
L1-Store-Accesses:     651162300  100.00%

L1-Total-Hits:        2906764007   96.03%
L1-Total-Misses:       120177435    3.97%
L1-Total-Accesses:    3026941442  100.00%

L2 Cache Stats:
L2-Load-Hits:         113561837   99.69%
L2-Load-Misses:          354725    0.31%
L2-Load-Accesses:     113916562  100.00%

L2-Store-Hits:           6048726   96.61%
L2-Store-Misses:          212147    3.39%
L2-Store-Accesses:       6260873  100.00%

L2-Total-Hits:         119610563   99.53%
L2-Total-Misses:          566872    0.47%
L2-Total-Accesses:     120177435  100.00%

