--------
Total Statistics
--------
Total Instructions: 12269206066
Total Cycles: 19978956584
IPC: 0.614106

--------
Single level Tlb hierarchy
--------
  Data Tlb:
    Entries:          64
    Page Size(B):   4096
    Associativity:      4

Latencies:    0  100
Tlb-Sets:   16 - LRU - assoc:   4

Tlb Stats:
Tlb-Load-Hits:        2361805829   99.41%
Tlb-Load-Misses:        13973334    0.59%
Tlb-Load-Accesses:    2375779163  100.00%

Tlb-Store-Hits:         650905247   99.96%
Tlb-Store-Misses:          257058    0.04%
Tlb-Store-Accesses:     651162305  100.00%

Tlb-Total-Hits:        3012711076   99.53%
Tlb-Total-Misses:        14230392    0.47%
Tlb-Total-Accesses:    3026941468  100.00%



--------
Two level Cache hierarchy
--------
  L1-Data Cache:
    Size(KB):          32
    Block Size(B):     64
    Associativity:      8

  L2-Data Cache:
    Size(KB):        2048
    Block Size(B):     64
    Associativity:      8

Latencies:    1   25  250
L1-Sets:   64 - LRU - assoc:   8
L2-Sets: 4096 - LRU - assoc:   8
Store_allocation: Yes
L2_inclusive: Yes
L2_prefetching: No

L1 Cache Stats:
L1-Load-Hits:        2262094913   95.21%
L1-Load-Misses:       113684250    4.79%
L1-Load-Accesses:    2375779163  100.00%

L1-Store-Hits:         645225671   99.09%
L1-Store-Misses:         5936634    0.91%
L1-Store-Accesses:     651162305  100.00%

L1-Total-Hits:        2907320584   96.05%
L1-Total-Misses:       119620884    3.95%
L1-Total-Accesses:    3026941468  100.00%

L2 Cache Stats:
L2-Load-Hits:         113026919   99.42%
L2-Load-Misses:          657331    0.58%
L2-Load-Accesses:     113684250  100.00%

L2-Store-Hits:           5516974   92.93%
L2-Store-Misses:          419660    7.07%
L2-Store-Accesses:       5936634  100.00%

L2-Total-Hits:         118543893   99.10%
L2-Total-Misses:         1076991    0.90%
L2-Total-Accesses:     119620884  100.00%

