--------
Total Statistics
--------
Total Instructions: 12269206066
Total Cycles: 20229658384
IPC: 0.606496

--------
Single level Tlb hierarchy
--------
  Data Tlb:
    Entries:          64
    Page Size(B):   4096
    Associativity:      4

Latencies:    0  100
Tlb-Sets:   16 - LRU - assoc:   4

Tlb Stats:
Tlb-Load-Hits:        2361740708   99.41%
Tlb-Load-Misses:        14038455    0.59%
Tlb-Load-Accesses:    2375779163  100.00%

Tlb-Store-Hits:         650905314   99.96%
Tlb-Store-Misses:          256991    0.04%
Tlb-Store-Accesses:     651162305  100.00%

Tlb-Total-Hits:        3012646022   99.53%
Tlb-Total-Misses:        14295446    0.47%
Tlb-Total-Accesses:    3026941468  100.00%



--------
Two level Cache hierarchy
--------
  L1-Data Cache:
    Size(KB):          32
    Block Size(B):     64
    Associativity:      8

  L2-Data Cache:
    Size(KB):         512
    Block Size(B):    128
    Associativity:      8

Latencies:    1   25  250
L1-Sets:   64 - LRU - assoc:   8
L2-Sets:  512 - LRU - assoc:   8
Store_allocation: Yes
L2_inclusive: Yes
L2_prefetching: No

L1 Cache Stats:
L1-Load-Hits:        2261149444   95.18%
L1-Load-Misses:       114629719    4.82%
L1-Load-Accesses:    2375779163  100.00%

L1-Store-Hits:         644331024   98.95%
L1-Store-Misses:         6831281    1.05%
L1-Store-Accesses:     651162305  100.00%

L1-Total-Hits:        2905480468   95.99%
L1-Total-Misses:       121461000    4.01%
L1-Total-Accesses:    3026941468  100.00%

L2 Cache Stats:
L2-Load-Hits:         113378374   98.91%
L2-Load-Misses:         1251345    1.09%
L2-Load-Accesses:     114629719  100.00%

L2-Store-Hits:           6212861   90.95%
L2-Store-Misses:          618420    9.05%
L2-Store-Accesses:       6831281  100.00%

L2-Total-Hits:         119591235   98.46%
L2-Total-Misses:         1869765    1.54%
L2-Total-Accesses:     121461000  100.00%

