--------
Total Statistics
--------
Total Instructions: 12269206066
Total Cycles: 20018107584
IPC: 0.612905

--------
Single level Tlb hierarchy
--------
  Data Tlb:
    Entries:          64
    Page Size(B):   4096
    Associativity:      4

Latencies:    0  100
Tlb-Sets:   16 - LRU - assoc:   4

Tlb Stats:
Tlb-Load-Hits:        2361789717   99.41%
Tlb-Load-Misses:        13989446    0.59%
Tlb-Load-Accesses:    2375779163  100.00%

Tlb-Store-Hits:         650824326   99.95%
Tlb-Store-Misses:          337979    0.05%
Tlb-Store-Accesses:     651162305  100.00%

Tlb-Total-Hits:        3012614043   99.53%
Tlb-Total-Misses:        14327425    0.47%
Tlb-Total-Accesses:    3026941468  100.00%



--------
Two level Cache hierarchy
--------
  L1-Data Cache:
    Size(KB):          32
    Block Size(B):     64
    Associativity:      8

  L2-Data Cache:
    Size(KB):        1024
    Block Size(B):    128
    Associativity:     16

Latencies:    1   25  250
L1-Sets:   64 - LRU - assoc:   8
L2-Sets:  512 - LRU - assoc:  16
Store_allocation: Yes
L2_inclusive: Yes
L2_prefetching: No

L1 Cache Stats:
L1-Load-Hits:        2261613695   95.19%
L1-Load-Misses:       114165468    4.81%
L1-Load-Accesses:    2375779163  100.00%

L1-Store-Hits:         644739261   99.01%
L1-Store-Misses:         6423044    0.99%
L1-Store-Accesses:     651162305  100.00%

L1-Total-Hits:        2906352956   96.02%
L1-Total-Misses:       120588512    3.98%
L1-Total-Accesses:    3026941468  100.00%

L2 Cache Stats:
L2-Load-Hits:         113539196   99.45%
L2-Load-Misses:          626272    0.55%
L2-Load-Accesses:     114165468  100.00%

L2-Store-Hits:           5951297   92.66%
L2-Store-Misses:          471747    7.34%
L2-Store-Accesses:       6423044  100.00%

L2-Total-Hits:         119490493   99.09%
L2-Total-Misses:         1098019    0.91%
L2-Total-Accesses:     120588512  100.00%

