--------
Total Statistics
--------
Total Instructions: 12269206066
Total Cycles: 20467877709
IPC: 0.599437

--------
Single level Tlb hierarchy
--------
  Data Tlb:
    Entries:          64
    Page Size(B):   4096
    Associativity:      4

Latencies:    0  100
Tlb-Sets:   16 - LRU - assoc:   4

Tlb Stats:
Tlb-Load-Hits:        2361811210   99.41%
Tlb-Load-Misses:        13967953    0.59%
Tlb-Load-Accesses:    2375779163  100.00%

Tlb-Store-Hits:         650905289   99.96%
Tlb-Store-Misses:          257016    0.04%
Tlb-Store-Accesses:     651162305  100.00%

Tlb-Total-Hits:        3012716499   99.53%
Tlb-Total-Misses:        14224969    0.47%
Tlb-Total-Accesses:    3026941468  100.00%



--------
Two level Cache hierarchy
--------
  L1-Data Cache:
    Size(KB):          32
    Block Size(B):     64
    Associativity:      8

  L2-Data Cache:
    Size(KB):         512
    Block Size(B):     64
    Associativity:      8

Latencies:    1   25  250
L1-Sets:   64 - LRU - assoc:   8
L2-Sets: 1024 - LRU - assoc:   8
Store_allocation: Yes
L2_inclusive: Yes
L2_prefetching: No

L1 Cache Stats:
L1-Load-Hits:        2261969030   95.21%
L1-Load-Misses:       113810133    4.79%
L1-Load-Accesses:    2375779163  100.00%

L1-Store-Hits:         645334427   99.11%
L1-Store-Misses:         5827878    0.89%
L1-Store-Accesses:     651162305  100.00%

L1-Total-Hits:        2907303457   96.05%
L1-Total-Misses:       119638011    3.95%
L1-Total-Accesses:    3026941468  100.00%

L2 Cache Stats:
L2-Load-Hits:         112017333   98.42%
L2-Load-Misses:         1792800    1.58%
L2-Load-Accesses:     113810133  100.00%

L2-Store-Hits:           4587546   78.72%
L2-Store-Misses:         1240332   21.28%
L2-Store-Accesses:       5827878  100.00%

L2-Total-Hits:         116604879   97.46%
L2-Total-Misses:         3033132    2.54%
L2-Total-Accesses:     119638011  100.00%

