--------
Total Statistics
--------
Total Instructions: 12269206066
Total Cycles: 19803081759
IPC: 0.61956

--------
Single level Tlb hierarchy
--------
  Data Tlb:
    Entries:          64
    Page Size(B):   4096
    Associativity:      4

Latencies:    0  100
Tlb-Sets:   16 - LRU - assoc:   4

Tlb Stats:
Tlb-Load-Hits:        2361810683   99.41%
Tlb-Load-Misses:        13968480    0.59%
Tlb-Load-Accesses:    2375779163  100.00%

Tlb-Store-Hits:         650861496   99.95%
Tlb-Store-Misses:          300809    0.05%
Tlb-Store-Accesses:     651162305  100.00%

Tlb-Total-Hits:        3012672179   99.53%
Tlb-Total-Misses:        14269289    0.47%
Tlb-Total-Accesses:    3026941468  100.00%



--------
Two level Cache hierarchy
--------
  L1-Data Cache:
    Size(KB):          32
    Block Size(B):     64
    Associativity:      8

  L2-Data Cache:
    Size(KB):        2048
    Block Size(B):    256
    Associativity:      8

Latencies:    1   25  250
L1-Sets:   64 - LRU - assoc:   8
L2-Sets: 1024 - LRU - assoc:   8
Store_allocation: Yes
L2_inclusive: Yes
L2_prefetching: No

L1 Cache Stats:
L1-Load-Hits:        2261819132   95.20%
L1-Load-Misses:       113960031    4.80%
L1-Load-Accesses:    2375779163  100.00%

L1-Store-Hits:         645022693   99.06%
L1-Store-Misses:         6139612    0.94%
L1-Store-Accesses:     651162305  100.00%

L1-Total-Hits:        2906841825   96.03%
L1-Total-Misses:       120099643    3.97%
L1-Total-Accesses:    3026941468  100.00%

L2 Cache Stats:
L2-Load-Hits:         113758689   99.82%
L2-Load-Misses:          201342    0.18%
L2-Load-Accesses:     113960031  100.00%

L2-Store-Hits:           6030897   98.23%
L2-Store-Misses:          108715    1.77%
L2-Store-Accesses:       6139612  100.00%

L2-Total-Hits:         119789586   99.74%
L2-Total-Misses:          310057    0.26%
L2-Total-Accesses:     120099643  100.00%

