--------
Total Statistics
--------
Total Instructions: 12269206066
Total Cycles: 19866279059
IPC: 0.61759

--------
Single level Tlb hierarchy
--------
  Data Tlb:
    Entries:          64
    Page Size(B):   4096
    Associativity:      4

Latencies:    0  100
Tlb-Sets:   16 - LRU - assoc:   4

Tlb Stats:
Tlb-Load-Hits:        2361802346   99.41%
Tlb-Load-Misses:        13976817    0.59%
Tlb-Load-Accesses:    2375779163  100.00%

Tlb-Store-Hits:         650905189   99.96%
Tlb-Store-Misses:          257116    0.04%
Tlb-Store-Accesses:     651162305  100.00%

Tlb-Total-Hits:        3012707535   99.53%
Tlb-Total-Misses:        14233933    0.47%
Tlb-Total-Accesses:    3026941468  100.00%



--------
Two level Cache hierarchy
--------
  L1-Data Cache:
    Size(KB):          32
    Block Size(B):     64
    Associativity:      8

  L2-Data Cache:
    Size(KB):        2048
    Block Size(B):    128
    Associativity:      8

Latencies:    1   25  250
L1-Sets:   64 - LRU - assoc:   8
L2-Sets: 2048 - LRU - assoc:   8
Store_allocation: Yes
L2_inclusive: Yes
L2_prefetching: No

L1 Cache Stats:
L1-Load-Hits:        2261797862   95.20%
L1-Load-Misses:       113981301    4.80%
L1-Load-Accesses:    2375779163  100.00%

L1-Store-Hits:         644946817   99.05%
L1-Store-Misses:         6215488    0.95%
L1-Store-Accesses:     651162305  100.00%

L1-Total-Hits:        2906744679   96.03%
L1-Total-Misses:       120196789    3.97%
L1-Total-Accesses:    3026941468  100.00%

L2 Cache Stats:
L2-Load-Hits:         113624320   99.69%
L2-Load-Misses:          356981    0.31%
L2-Load-Accesses:     113981301  100.00%

L2-Store-Hits:           6005195   96.62%
L2-Store-Misses:          210293    3.38%
L2-Store-Accesses:       6215488  100.00%

L2-Total-Hits:         119629515   99.53%
L2-Total-Misses:          567274    0.47%
L2-Total-Accesses:     120196789  100.00%

