--------
Total Statistics
--------
Total Instructions: 12269206066
Total Cycles: 21123189434
IPC: 0.580841

--------
Single level Tlb hierarchy
--------
  Data Tlb:
    Entries:          64
    Page Size(B):   4096
    Associativity:      4

Latencies:    0  100
Tlb-Sets:   16 - LRU - assoc:   4

Tlb Stats:
Tlb-Load-Hits:        2361709463   99.41%
Tlb-Load-Misses:        14069700    0.59%
Tlb-Load-Accesses:    2375779163  100.00%

Tlb-Store-Hits:         650905052   99.96%
Tlb-Store-Misses:          257253    0.04%
Tlb-Store-Accesses:     651162305  100.00%

Tlb-Total-Hits:        3012614515   99.53%
Tlb-Total-Misses:        14326953    0.47%
Tlb-Total-Accesses:    3026941468  100.00%



--------
Two level Cache hierarchy
--------
  L1-Data Cache:
    Size(KB):          32
    Block Size(B):     64
    Associativity:      8

  L2-Data Cache:
    Size(KB):         512
    Block Size(B):    128
    Associativity:      4

Latencies:    1   25  250
L1-Sets:   64 - LRU - assoc:   8
L2-Sets: 1024 - LRU - assoc:   4
Store_allocation: Yes
L2_inclusive: Yes
L2_prefetching: No

L1 Cache Stats:
L1-Load-Hits:        2260504984   95.15%
L1-Load-Misses:       115274179    4.85%
L1-Load-Accesses:    2375779163  100.00%

L1-Store-Hits:         644343360   98.95%
L1-Store-Misses:         6818945    1.05%
L1-Store-Accesses:     651162305  100.00%

L1-Total-Hits:        2904848344   95.97%
L1-Total-Misses:       122093124    4.03%
L1-Total-Accesses:    3026941468  100.00%

L2 Cache Stats:
L2-Load-Hits:         110542927   95.90%
L2-Load-Misses:         4731252    4.10%
L2-Load-Accesses:     115274179  100.00%

L2-Store-Hits:           6182123   90.66%
L2-Store-Misses:          636822    9.34%
L2-Store-Accesses:       6818945  100.00%

L2-Total-Hits:         116725050   95.60%
L2-Total-Misses:         5368074    4.40%
L2-Total-Accesses:     122093124  100.00%

