--------
Total Statistics
--------
Total Instructions: 1671520958
Total Cycles: 16958308795
IPC: 0.0985665

--------
Single level Tlb hierarchy
--------
  Data Tlb:
    Entries:          64
    Page Size(B):   4096
    Associativity:      4

Latencies:    0  100
Tlb-Sets:   16 - LRU - assoc:   4

Tlb Stats:
Tlb-Load-Hits:         262954853   85.78%
Tlb-Load-Misses:        43599094   14.22%
Tlb-Load-Accesses:     306553947  100.00%

Tlb-Store-Hits:         119427151   98.85%
Tlb-Store-Misses:         1390264    1.15%
Tlb-Store-Accesses:     120817415  100.00%

Tlb-Total-Hits:         382382004   89.47%
Tlb-Total-Misses:        44989358   10.53%
Tlb-Total-Accesses:     427371362  100.00%



--------
Two level Cache hierarchy
--------
  L1-Data Cache:
    Size(KB):          32
    Block Size(B):     64
    Associativity:      8

  L2-Data Cache:
    Size(KB):         256
    Block Size(B):    128
    Associativity:      4

Latencies:    1   25  250
L1-Sets:   64 - LRU - assoc:   8
L2-Sets:  512 - LRU - assoc:   4
Store_allocation: Yes
L2_inclusive: Yes
L2_prefetching: No

L1 Cache Stats:
L1-Load-Hits:         231946351   75.66%
L1-Load-Misses:        74607596   24.34%
L1-Load-Accesses:     306553947  100.00%

L1-Store-Hits:         120789894   99.98%
L1-Store-Misses:           27521    0.02%
L1-Store-Accesses:     120817415  100.00%

L1-Total-Hits:         352736245   82.54%
L1-Total-Misses:        74635117   17.46%
L1-Total-Accesses:     427371362  100.00%

L2 Cache Stats:
L2-Load-Hits:          40639669   54.47%
L2-Load-Misses:        33967927   45.53%
L2-Load-Accesses:      74607596  100.00%

L2-Store-Hits:             17037   61.91%
L2-Store-Misses:           10484   38.09%
L2-Store-Accesses:         27521  100.00%

L2-Total-Hits:          40656706   54.47%
L2-Total-Misses:        33978411   45.53%
L2-Total-Accesses:      74635117  100.00%

