--------
Total Statistics
--------
Total Instructions: 1671520958
Total Cycles: 16592126420
IPC: 0.100742

--------
Single level Tlb hierarchy
--------
  Data Tlb:
    Entries:          64
    Page Size(B):   4096
    Associativity:      4

Latencies:    0  100
Tlb-Sets:   16 - LRU - assoc:   4

Tlb Stats:
Tlb-Load-Hits:         264095917   86.15%
Tlb-Load-Misses:        42458030   13.85%
Tlb-Load-Accesses:     306553947  100.00%

Tlb-Store-Hits:         119602500   98.99%
Tlb-Store-Misses:         1214915    1.01%
Tlb-Store-Accesses:     120817415  100.00%

Tlb-Total-Hits:         383698417   89.78%
Tlb-Total-Misses:        43672945   10.22%
Tlb-Total-Accesses:     427371362  100.00%



--------
Two level Cache hierarchy
--------
  L1-Data Cache:
    Size(KB):          32
    Block Size(B):     64
    Associativity:      8

  L2-Data Cache:
    Size(KB):         512
    Block Size(B):    128
    Associativity:      4

Latencies:    1   25  250
L1-Sets:   64 - LRU - assoc:   8
L2-Sets: 1024 - LRU - assoc:   4
Store_allocation: Yes
L2_inclusive: Yes
L2_prefetching: No

L1 Cache Stats:
L1-Load-Hits:         232875898   75.97%
L1-Load-Misses:        73678049   24.03%
L1-Load-Accesses:     306553947  100.00%

L1-Store-Hits:         120798160   99.98%
L1-Store-Misses:           19255    0.02%
L1-Store-Accesses:     120817415  100.00%

L1-Total-Hits:         353674058   82.76%
L1-Total-Misses:        73697304   17.24%
L1-Total-Accesses:     427371362  100.00%

L2 Cache Stats:
L2-Load-Hits:          40550855   55.04%
L2-Load-Misses:        33127194   44.96%
L2-Load-Accesses:      73678049  100.00%

L2-Store-Hits:             12421   64.51%
L2-Store-Misses:            6834   35.49%
L2-Store-Accesses:         19255  100.00%

L2-Total-Hits:          40563276   55.04%
L2-Total-Misses:        33134028   44.96%
L2-Total-Accesses:      73697304  100.00%

