--------
Total Statistics
--------
Total Instructions: 1671520958
Total Cycles: 16518372320
IPC: 0.101192

--------
Single level Tlb hierarchy
--------
  Data Tlb:
    Entries:          64
    Page Size(B):   4096
    Associativity:      4

Latencies:    0  100
Tlb-Sets:   16 - LRU - assoc:   4

Tlb Stats:
Tlb-Load-Hits:         261672467   85.36%
Tlb-Load-Misses:        44881480   14.64%
Tlb-Load-Accesses:     306553947  100.00%

Tlb-Store-Hits:         119427152   98.85%
Tlb-Store-Misses:         1390263    1.15%
Tlb-Store-Accesses:     120817415  100.00%

Tlb-Total-Hits:         381099619   89.17%
Tlb-Total-Misses:        46271743   10.83%
Tlb-Total-Accesses:     427371362  100.00%



--------
Two level Cache hierarchy
--------
  L1-Data Cache:
    Size(KB):          32
    Block Size(B):     64
    Associativity:      8

  L2-Data Cache:
    Size(KB):        1024
    Block Size(B):    128
    Associativity:     16

Latencies:    1   25  250
L1-Sets:   64 - LRU - assoc:   8
L2-Sets:  512 - LRU - assoc:  16
Store_allocation: Yes
L2_inclusive: Yes
L2_prefetching: No

L1 Cache Stats:
L1-Load-Hits:         234175659   76.39%
L1-Load-Misses:        72378288   23.61%
L1-Load-Accesses:     306553947  100.00%

L1-Store-Hits:         120800535   99.99%
L1-Store-Misses:           16880    0.01%
L1-Store-Accesses:     120817415  100.00%

L1-Total-Hits:         354976194   83.06%
L1-Total-Misses:        72395168   16.94%
L1-Total-Accesses:     427371362  100.00%

L2 Cache Stats:
L2-Load-Hits:          40452968   55.89%
L2-Load-Misses:        31925320   44.11%
L2-Load-Accesses:      72378288  100.00%

L2-Store-Hits:             12494   74.02%
L2-Store-Misses:            4386   25.98%
L2-Store-Accesses:         16880  100.00%

L2-Total-Hits:          40465462   55.90%
L2-Total-Misses:        31929706   44.10%
L2-Total-Accesses:      72395168  100.00%

