--------
Total Statistics
--------
Total Instructions: 1671520958
Total Cycles: 16051673820
IPC: 0.104134

--------
Single level Tlb hierarchy
--------
  Data Tlb:
    Entries:          64
    Page Size(B):   4096
    Associativity:      4

Latencies:    0  100
Tlb-Sets:   16 - LRU - assoc:   4

Tlb Stats:
Tlb-Load-Hits:         261985005   85.46%
Tlb-Load-Misses:        44568942   14.54%
Tlb-Load-Accesses:     306553947  100.00%

Tlb-Store-Hits:         119460927   98.88%
Tlb-Store-Misses:         1356488    1.12%
Tlb-Store-Accesses:     120817415  100.00%

Tlb-Total-Hits:         381445932   89.25%
Tlb-Total-Misses:        45925430   10.75%
Tlb-Total-Accesses:     427371362  100.00%



--------
Two level Cache hierarchy
--------
  L1-Data Cache:
    Size(KB):          32
    Block Size(B):     64
    Associativity:      8

  L2-Data Cache:
    Size(KB):        1024
    Block Size(B):     64
    Associativity:      8

Latencies:    1   25  250
L1-Sets:   64 - LRU - assoc:   8
L2-Sets: 2048 - LRU - assoc:   8
Store_allocation: Yes
L2_inclusive: Yes
L2_prefetching: No

L1 Cache Stats:
L1-Load-Hits:         269267147   87.84%
L1-Load-Misses:        37286800   12.16%
L1-Load-Accesses:     306553947  100.00%

L1-Store-Hits:         120809905   99.99%
L1-Store-Misses:            7510    0.01%
L1-Store-Accesses:     120817415  100.00%

L1-Total-Hits:         390077052   91.27%
L1-Total-Misses:        37294310    8.73%
L1-Total-Accesses:     427371362  100.00%

L2 Cache Stats:
L2-Load-Hits:           3582327    9.61%
L2-Load-Misses:        33704473   90.39%
L2-Load-Accesses:      37286800  100.00%

L2-Store-Hits:               460    6.13%
L2-Store-Misses:            7050   93.87%
L2-Store-Accesses:          7510  100.00%

L2-Total-Hits:           3582787    9.61%
L2-Total-Misses:        33711523   90.39%
L2-Total-Accesses:      37294310  100.00%

