--------
Total Statistics
--------
Total Instructions: 1671520958
Total Cycles: 15338684695
IPC: 0.108974

--------
Single level Tlb hierarchy
--------
  Data Tlb:
    Entries:          64
    Page Size(B):   4096
    Associativity:      4

Latencies:    0  100
Tlb-Sets:   16 - LRU - assoc:   4

Tlb Stats:
Tlb-Load-Hits:         263940390   86.10%
Tlb-Load-Misses:        42613557   13.90%
Tlb-Load-Accesses:     306553947  100.00%

Tlb-Store-Hits:         119603536   99.00%
Tlb-Store-Misses:         1213879    1.00%
Tlb-Store-Accesses:     120817415  100.00%

Tlb-Total-Hits:         383543926   89.74%
Tlb-Total-Misses:        43827436   10.26%
Tlb-Total-Accesses:     427371362  100.00%



--------
Two level Cache hierarchy
--------
  L1-Data Cache:
    Size(KB):          32
    Block Size(B):     64
    Associativity:      8

  L2-Data Cache:
    Size(KB):        2048
    Block Size(B):     64
    Associativity:      8

Latencies:    1   25  250
L1-Sets:   64 - LRU - assoc:   8
L2-Sets: 4096 - LRU - assoc:   8
Store_allocation: Yes
L2_inclusive: Yes
L2_prefetching: No

L1 Cache Stats:
L1-Load-Hits:         269282194   87.84%
L1-Load-Misses:        37271753   12.16%
L1-Load-Accesses:     306553947  100.00%

L1-Store-Hits:         120813417  100.00%
L1-Store-Misses:            3998    0.00%
L1-Store-Accesses:     120817415  100.00%

L1-Total-Hits:         390095611   91.28%
L1-Total-Misses:        37275751    8.72%
L1-Total-Accesses:     427371362  100.00%

L2 Cache Stats:
L2-Load-Hits:           5574588   14.96%
L2-Load-Misses:        31697165   85.04%
L2-Load-Accesses:      37271753  100.00%

L2-Store-Hits:               543   13.58%
L2-Store-Misses:            3455   86.42%
L2-Store-Accesses:          3998  100.00%

L2-Total-Hits:           5575131   14.96%
L2-Total-Misses:        31700620   85.04%
L2-Total-Accesses:      37275751  100.00%

