--------
Total Statistics
--------
Total Instructions: 1671520958
Total Cycles: 16376928695
IPC: 0.102066

--------
Single level Tlb hierarchy
--------
  Data Tlb:
    Entries:          64
    Page Size(B):   4096
    Associativity:      4

Latencies:    0  100
Tlb-Sets:   16 - LRU - assoc:   4

Tlb Stats:
Tlb-Load-Hits:         263977030   86.11%
Tlb-Load-Misses:        42576917   13.89%
Tlb-Load-Accesses:     306553947  100.00%

Tlb-Store-Hits:         119603547   99.00%
Tlb-Store-Misses:         1213868    1.00%
Tlb-Store-Accesses:     120817415  100.00%

Tlb-Total-Hits:         383580577   89.75%
Tlb-Total-Misses:        43790785   10.25%
Tlb-Total-Accesses:     427371362  100.00%



--------
Two level Cache hierarchy
--------
  L1-Data Cache:
    Size(KB):          32
    Block Size(B):     64
    Associativity:      8

  L2-Data Cache:
    Size(KB):         512
    Block Size(B):    256
    Associativity:      8

Latencies:    1   25  250
L1-Sets:   64 - LRU - assoc:   8
L2-Sets:  256 - LRU - assoc:   8
Store_allocation: Yes
L2_inclusive: Yes
L2_prefetching: No

L1 Cache Stats:
L1-Load-Hits:         230481568   75.18%
L1-Load-Misses:        76072379   24.82%
L1-Load-Accesses:     306553947  100.00%

L1-Store-Hits:         120808709   99.99%
L1-Store-Misses:            8706    0.01%
L1-Store-Accesses:     120817415  100.00%

L1-Total-Hits:         351290277   82.20%
L1-Total-Misses:        76081085   17.80%
L1-Total-Accesses:     427371362  100.00%

L2 Cache Stats:
L2-Load-Hits:          44087501   57.95%
L2-Load-Misses:        31984878   42.05%
L2-Load-Accesses:      76072379  100.00%

L2-Store-Hits:              5861   67.32%
L2-Store-Misses:            2845   32.68%
L2-Store-Accesses:          8706  100.00%

L2-Total-Hits:          44093362   57.96%
L2-Total-Misses:        31987723   42.04%
L2-Total-Accesses:      76081085  100.00%

