--------
Total Statistics
--------
Total Instructions: 1671520958
Total Cycles: 16140675195
IPC: 0.10356

--------
Single level Tlb hierarchy
--------
  Data Tlb:
    Entries:          64
    Page Size(B):   4096
    Associativity:      4

Latencies:    0  100
Tlb-Sets:   16 - LRU - assoc:   4

Tlb Stats:
Tlb-Load-Hits:         263759655   86.04%
Tlb-Load-Misses:        42794292   13.96%
Tlb-Load-Accesses:     306553947  100.00%

Tlb-Store-Hits:         119603800   99.00%
Tlb-Store-Misses:         1213615    1.00%
Tlb-Store-Accesses:     120817415  100.00%

Tlb-Total-Hits:         383363455   89.70%
Tlb-Total-Misses:        44007907   10.30%
Tlb-Total-Accesses:     427371362  100.00%



--------
Two level Cache hierarchy
--------
  L1-Data Cache:
    Size(KB):          32
    Block Size(B):     64
    Associativity:      8

  L2-Data Cache:
    Size(KB):         512
    Block Size(B):     64
    Associativity:      8

Latencies:    1   25  250
L1-Sets:   64 - LRU - assoc:   8
L2-Sets: 1024 - LRU - assoc:   8
Store_allocation: Yes
L2_inclusive: Yes
L2_prefetching: No

L1 Cache Stats:
L1-Load-Hits:         269228764   87.82%
L1-Load-Misses:        37325183   12.18%
L1-Load-Accesses:     306553947  100.00%

L1-Store-Hits:         120808021   99.99%
L1-Store-Misses:            9394    0.01%
L1-Store-Accesses:     120817415  100.00%

L1-Total-Hits:         390036785   91.26%
L1-Total-Misses:        37334577    8.74%
L1-Total-Accesses:     427371362  100.00%

L2 Cache Stats:
L2-Load-Hits:           2503634    6.71%
L2-Load-Misses:        34821549   93.29%
L2-Load-Accesses:      37325183  100.00%

L2-Store-Hits:               432    4.60%
L2-Store-Misses:            8962   95.40%
L2-Store-Accesses:          9394  100.00%

L2-Total-Hits:           2504066    6.71%
L2-Total-Misses:        34830511   93.29%
L2-Total-Accesses:      37334577  100.00%

