--------
Total Statistics
--------
Total Instructions: 1671520958
Total Cycles: 16636971620
IPC: 0.10047

--------
Single level Tlb hierarchy
--------
  Data Tlb:
    Entries:          64
    Page Size(B):   4096
    Associativity:      4

Latencies:    0  100
Tlb-Sets:   16 - LRU - assoc:   4

Tlb Stats:
Tlb-Load-Hits:         263689680   86.02%
Tlb-Load-Misses:        42864267   13.98%
Tlb-Load-Accesses:     306553947  100.00%

Tlb-Store-Hits:         119427151   98.85%
Tlb-Store-Misses:         1390264    1.15%
Tlb-Store-Accesses:     120817415  100.00%

Tlb-Total-Hits:         383116831   89.64%
Tlb-Total-Misses:        44254531   10.36%
Tlb-Total-Accesses:     427371362  100.00%



--------
Two level Cache hierarchy
--------
  L1-Data Cache:
    Size(KB):          32
    Block Size(B):     64
    Associativity:      8

  L2-Data Cache:
    Size(KB):         512
    Block Size(B):    128
    Associativity:      8

Latencies:    1   25  250
L1-Sets:   64 - LRU - assoc:   8
L2-Sets:  512 - LRU - assoc:   8
Store_allocation: Yes
L2_inclusive: Yes
L2_prefetching: No

L1 Cache Stats:
L1-Load-Hits:         232935158   75.99%
L1-Load-Misses:        73618789   24.01%
L1-Load-Accesses:     306553947  100.00%

L1-Store-Hits:         120799026   99.98%
L1-Store-Misses:           18389    0.02%
L1-Store-Accesses:     120817415  100.00%

L1-Total-Hits:         353734184   82.77%
L1-Total-Misses:        73637178   17.23%
L1-Total-Accesses:     427371362  100.00%

L2 Cache Stats:
L2-Load-Hits:          40538515   55.07%
L2-Load-Misses:        33080274   44.93%
L2-Load-Accesses:      73618789  100.00%

L2-Store-Hits:             11876   64.58%
L2-Store-Misses:            6513   35.42%
L2-Store-Accesses:         18389  100.00%

L2-Total-Hits:          40550391   55.07%
L2-Total-Misses:        33086787   44.93%
L2-Total-Accesses:      73637178  100.00%

