--------
Total Statistics
--------
Total Instructions: 1671520958
Total Cycles: 15586601470
IPC: 0.107241

--------
Single level Tlb hierarchy
--------
  Data Tlb:
    Entries:          64
    Page Size(B):   4096
    Associativity:      4

Latencies:    0  100
Tlb-Sets:   16 - LRU - assoc:   4

Tlb Stats:
Tlb-Load-Hits:         264785562   86.37%
Tlb-Load-Misses:        41768385   13.63%
Tlb-Load-Accesses:     306553947  100.00%

Tlb-Store-Hits:         120159656   99.46%
Tlb-Store-Misses:          657759    0.54%
Tlb-Store-Accesses:     120817415  100.00%

Tlb-Total-Hits:         384945218   90.07%
Tlb-Total-Misses:        42426144    9.93%
Tlb-Total-Accesses:     427371362  100.00%



--------
Two level Cache hierarchy
--------
  L1-Data Cache:
    Size(KB):          32
    Block Size(B):     64
    Associativity:      8

  L2-Data Cache:
    Size(KB):        2048
    Block Size(B):    128
    Associativity:     16

Latencies:    1   25  250
L1-Sets:   64 - LRU - assoc:   8
L2-Sets: 1024 - LRU - assoc:  16
Store_allocation: Yes
L2_inclusive: Yes
L2_prefetching: No

L1 Cache Stats:
L1-Load-Hits:         236269605   77.07%
L1-Load-Misses:        70284342   22.93%
L1-Load-Accesses:     306553947  100.00%

L1-Store-Hits:         120809707   99.99%
L1-Store-Misses:            7708    0.01%
L1-Store-Accesses:     120817415  100.00%

L1-Total-Hits:         357079312   83.55%
L1-Total-Misses:        70292050   16.45%
L1-Total-Accesses:     427371362  100.00%

L2 Cache Stats:
L2-Load-Hits:          40334192   57.39%
L2-Load-Misses:        29950150   42.61%
L2-Load-Accesses:      70284342  100.00%

L2-Store-Hits:              6684   86.72%
L2-Store-Misses:            1024   13.28%
L2-Store-Accesses:          7708  100.00%

L2-Total-Hits:          40340876   57.39%
L2-Total-Misses:        29951174   42.61%
L2-Total-Accesses:      70292050  100.00%

