--------
Total Statistics
--------
Total Instructions: 1671520958
Total Cycles: 15750485145
IPC: 0.106125

--------
Single level Tlb hierarchy
--------
  Data Tlb:
    Entries:          64
    Page Size(B):   4096
    Associativity:      4

Latencies:    0  100
Tlb-Sets:   16 - LRU - assoc:   4

Tlb Stats:
Tlb-Load-Hits:         261282943   85.23%
Tlb-Load-Misses:        45271004   14.77%
Tlb-Load-Accesses:     306553947  100.00%

Tlb-Store-Hits:         119602434   98.99%
Tlb-Store-Misses:         1214981    1.01%
Tlb-Store-Accesses:     120817415  100.00%

Tlb-Total-Hits:         380885377   89.12%
Tlb-Total-Misses:        46485985   10.88%
Tlb-Total-Accesses:     427371362  100.00%



--------
Two level Cache hierarchy
--------
  L1-Data Cache:
    Size(KB):          32
    Block Size(B):     64
    Associativity:      8

  L2-Data Cache:
    Size(KB):        2048
    Block Size(B):    256
    Associativity:      8

Latencies:    1   25  250
L1-Sets:   64 - LRU - assoc:   8
L2-Sets: 1024 - LRU - assoc:   8
Store_allocation: Yes
L2_inclusive: Yes
L2_prefetching: No

L1 Cache Stats:
L1-Load-Hits:         234282136   76.42%
L1-Load-Misses:        72271811   23.58%
L1-Load-Accesses:     306553947  100.00%

L1-Store-Hits:         120802223   99.99%
L1-Store-Misses:           15192    0.01%
L1-Store-Accesses:     120817415  100.00%

L1-Total-Hits:         355084359   83.09%
L1-Total-Misses:        72287003   16.91%
L1-Total-Accesses:     427371362  100.00%

L2 Cache Stats:
L2-Load-Hits:          43491863   60.18%
L2-Load-Misses:        28779948   39.82%
L2-Load-Accesses:      72271811  100.00%

L2-Store-Hits:             11863   78.09%
L2-Store-Misses:            3329   21.91%
L2-Store-Accesses:         15192  100.00%

L2-Total-Hits:          43503726   60.18%
L2-Total-Misses:        28783277   39.82%
L2-Total-Accesses:      72287003  100.00%

