--------
Total Statistics
--------
Total Instructions: 22026279228
Total Cycles: 48847433523
IPC: 0.45092

--------
Single level Tlb hierarchy
--------
  Data Tlb:
    Entries:          64
    Page Size(B):   4096
    Associativity:      4

Latencies:    0  100
Tlb-Sets:   16 - LRU - assoc:   4

Tlb Stats:
Tlb-Load-Hits:        6485577758   99.57%
Tlb-Load-Misses:        27918118    0.43%
Tlb-Load-Accesses:    6513495876  100.00%

Tlb-Store-Hits:        2859572944   99.85%
Tlb-Store-Misses:         4287625    0.15%
Tlb-Store-Accesses:    2863860569  100.00%

Tlb-Total-Hits:        9345150702   99.66%
Tlb-Total-Misses:        32205743    0.34%
Tlb-Total-Accesses:    9377356445  100.00%



--------
Two level Cache hierarchy
--------
  L1-Data Cache:
    Size(KB):          32
    Block Size(B):     64
    Associativity:      8

  L2-Data Cache:
    Size(KB):        1024
    Block Size(B):    256
    Associativity:      8

Latencies:    1   25  250
L1-Sets:   64 - LRU - assoc:   8
L2-Sets:  512 - LRU - assoc:   8
Store_allocation: Yes
L2_inclusive: Yes
L2_prefetching: No

L1 Cache Stats:
L1-Load-Hits:        6320912884   97.04%
L1-Load-Misses:       192582992    2.96%
L1-Load-Accesses:    6513495876  100.00%

L1-Store-Hits:        2847924529   99.44%
L1-Store-Misses:        15936040    0.56%
L1-Store-Accesses:    2863860569  100.00%

L1-Total-Hits:        9168837413   97.78%
L1-Total-Misses:       208519032    2.22%
L1-Total-Accesses:    9377356445  100.00%

L2 Cache Stats:
L2-Load-Hits:         159340384   82.74%
L2-Load-Misses:        33242608   17.26%
L2-Load-Accesses:     192582992  100.00%

L2-Store-Hits:          13137657   82.44%
L2-Store-Misses:         2798383   17.56%
L2-Store-Accesses:      15936040  100.00%

L2-Total-Hits:         172478041   82.72%
L2-Total-Misses:        36040991   17.28%
L2-Total-Accesses:     208519032  100.00%

