--------
Total Statistics
--------
Total Instructions: 22026279350
Total Cycles: 74892400828
IPC: 0.294106

--------
Single level Tlb hierarchy
--------
  Data Tlb:
    Entries:          64
    Page Size(B):   4096
    Associativity:      4

Latencies:    0  100
Tlb-Sets:   16 - LRU - assoc:   4

Tlb Stats:
Tlb-Load-Hits:        6477722985   99.45%
Tlb-Load-Misses:        35772910    0.55%
Tlb-Load-Accesses:    6513495895  100.00%

Tlb-Store-Hits:        2858362683   99.81%
Tlb-Store-Misses:         5497900    0.19%
Tlb-Store-Accesses:    2863860583  100.00%

Tlb-Total-Hits:        9336085668   99.56%
Tlb-Total-Misses:        41270810    0.44%
Tlb-Total-Accesses:    9377356478  100.00%



--------
Two level Cache hierarchy
--------
  L1-Data Cache:
    Size(KB):          32
    Block Size(B):     64
    Associativity:      8

  L2-Data Cache:
    Size(KB):         512
    Block Size(B):     64
    Associativity:      8

Latencies:    1   25  250
L1-Sets:   64 - LRU - assoc:   8
L2-Sets: 1024 - LRU - assoc:   8
Store_allocation: Yes
L2_inclusive: Yes
L2_prefetching: No

L1 Cache Stats:
L1-Load-Hits:        6361987869   97.67%
L1-Load-Misses:       151508026    2.33%
L1-Load-Accesses:    6513495895  100.00%

L1-Store-Hits:        2852331599   99.60%
L1-Store-Misses:        11528984    0.40%
L1-Store-Accesses:    2863860583  100.00%

L1-Total-Hits:        9214319468   98.26%
L1-Total-Misses:       163037010    1.74%
L1-Total-Accesses:    9377356478  100.00%

L2 Cache Stats:
L2-Load-Hits:          21115841   13.94%
L2-Load-Misses:       130392185   86.06%
L2-Load-Accesses:     151508026  100.00%

L2-Store-Hits:            778134    6.75%
L2-Store-Misses:        10750850   93.25%
L2-Store-Accesses:      11528984  100.00%

L2-Total-Hits:          21893975   13.43%
L2-Total-Misses:       141143035   86.57%
L2-Total-Accesses:     163037010  100.00%

