--------
Total Statistics
--------
Total Instructions: 22026279208
Total Cycles: 57662481310
IPC: 0.381986

--------
Single level Tlb hierarchy
--------
  Data Tlb:
    Entries:          64
    Page Size(B):   4096
    Associativity:      4

Latencies:    0  100
Tlb-Sets:   16 - LRU - assoc:   4

Tlb Stats:
Tlb-Load-Hits:        6481782232   99.51%
Tlb-Load-Misses:        31713643    0.49%
Tlb-Load-Accesses:    6513495875  100.00%

Tlb-Store-Hits:        2858458005   99.81%
Tlb-Store-Misses:         5402572    0.19%
Tlb-Store-Accesses:    2863860577  100.00%

Tlb-Total-Hits:        9340240237   99.60%
Tlb-Total-Misses:        37116215    0.40%
Tlb-Total-Accesses:    9377356452  100.00%



--------
Two level Cache hierarchy
--------
  L1-Data Cache:
    Size(KB):          32
    Block Size(B):     64
    Associativity:      8

  L2-Data Cache:
    Size(KB):        2048
    Block Size(B):    128
    Associativity:      8

Latencies:    1   25  250
L1-Sets:   64 - LRU - assoc:   8
L2-Sets: 2048 - LRU - assoc:   8
Store_allocation: Yes
L2_inclusive: Yes
L2_prefetching: No

L1 Cache Stats:
L1-Load-Hits:        6291448855   96.59%
L1-Load-Misses:       222047020    3.41%
L1-Load-Accesses:    6513495875  100.00%

L1-Store-Hits:        2845221431   99.35%
L1-Store-Misses:        18639146    0.65%
L1-Store-Accesses:    2863860577  100.00%

L1-Total-Hits:        9136670286   97.43%
L1-Total-Misses:       240686166    2.57%
L1-Total-Accesses:    9377356452  100.00%

L2 Cache Stats:
L2-Load-Hits:         161004545   72.51%
L2-Load-Misses:        61042475   27.49%
L2-Load-Accesses:     222047020  100.00%

L2-Store-Hits:          13561341   72.76%
L2-Store-Misses:         5077805   27.24%
L2-Store-Accesses:      18639146  100.00%

L2-Total-Hits:         174565886   72.53%
L2-Total-Misses:        66120280   27.47%
L2-Total-Accesses:     240686166  100.00%

