--------
Total Statistics
--------
Total Instructions: 22026279365
Total Cycles: 58587462119
IPC: 0.375956

--------
Single level Tlb hierarchy
--------
  Data Tlb:
    Entries:          64
    Page Size(B):   4096
    Associativity:      4

Latencies:    0  100
Tlb-Sets:   16 - LRU - assoc:   4

Tlb Stats:
Tlb-Load-Hits:        6483095958   99.53%
Tlb-Load-Misses:        30399935    0.47%
Tlb-Load-Accesses:    6513495893  100.00%

Tlb-Store-Hits:        2859704928   99.85%
Tlb-Store-Misses:         4155658    0.15%
Tlb-Store-Accesses:    2863860586  100.00%

Tlb-Total-Hits:        9342800886   99.63%
Tlb-Total-Misses:        34555593    0.37%
Tlb-Total-Accesses:    9377356479  100.00%



--------
Two level Cache hierarchy
--------
  L1-Data Cache:
    Size(KB):          32
    Block Size(B):     64
    Associativity:      8

  L2-Data Cache:
    Size(KB):        1024
    Block Size(B):    128
    Associativity:     16

Latencies:    1   25  250
L1-Sets:   64 - LRU - assoc:   8
L2-Sets:  512 - LRU - assoc:  16
Store_allocation: Yes
L2_inclusive: Yes
L2_prefetching: No

L1 Cache Stats:
L1-Load-Hits:        6287574727   96.53%
L1-Load-Misses:       225921166    3.47%
L1-Load-Accesses:    6513495893  100.00%

L1-Store-Hits:        2844466923   99.32%
L1-Store-Misses:        19393663    0.68%
L1-Store-Accesses:    2863860586  100.00%

L1-Total-Hits:        9132041650   97.38%
L1-Total-Misses:       245314829    2.62%
L1-Total-Accesses:    9377356479  100.00%

L2 Cache Stats:
L2-Load-Hits:         160961904   71.25%
L2-Load-Misses:        64959262   28.75%
L2-Load-Accesses:     225921166  100.00%

L2-Store-Hits:          13971340   72.04%
L2-Store-Misses:         5422323   27.96%
L2-Store-Accesses:      19393663  100.00%

L2-Total-Hits:         174933244   71.31%
L2-Total-Misses:        70381585   28.69%
L2-Total-Accesses:     245314829  100.00%

