--------
Total Statistics
--------
Total Instructions: 22026279389
Total Cycles: 73501120670
IPC: 0.299673

--------
Single level Tlb hierarchy
--------
  Data Tlb:
    Entries:          64
    Page Size(B):   4096
    Associativity:      4

Latencies:    0  100
Tlb-Sets:   16 - LRU - assoc:   4

Tlb Stats:
Tlb-Load-Hits:        6483353996   99.54%
Tlb-Load-Misses:        30141890    0.46%
Tlb-Load-Accesses:    6513495886  100.00%

Tlb-Store-Hits:        2859285958   99.84%
Tlb-Store-Misses:         4574637    0.16%
Tlb-Store-Accesses:    2863860595  100.00%

Tlb-Total-Hits:        9342639954   99.63%
Tlb-Total-Misses:        34716527    0.37%
Tlb-Total-Accesses:    9377356481  100.00%



--------
Two level Cache hierarchy
--------
  L1-Data Cache:
    Size(KB):          32
    Block Size(B):     64
    Associativity:      8

  L2-Data Cache:
    Size(KB):        1024
    Block Size(B):     64
    Associativity:      8

Latencies:    1   25  250
L1-Sets:   64 - LRU - assoc:   8
L2-Sets: 2048 - LRU - assoc:   8
Store_allocation: Yes
L2_inclusive: Yes
L2_prefetching: No

L1 Cache Stats:
L1-Load-Hits:        6362033947   97.67%
L1-Load-Misses:       151461939    2.33%
L1-Load-Accesses:    6513495886  100.00%

L1-Store-Hits:        2852360950   99.60%
L1-Store-Misses:        11499645    0.40%
L1-Store-Accesses:    2863860595  100.00%

L1-Total-Hits:        9214394897   98.26%
L1-Total-Misses:       162961584    1.74%
L1-Total-Accesses:    9377356481  100.00%

L2 Cache Stats:
L2-Load-Hits:          23772794   15.70%
L2-Load-Misses:       127689145   84.30%
L2-Load-Accesses:     151461939  100.00%

L2-Store-Hits:            981620    8.54%
L2-Store-Misses:        10518025   91.46%
L2-Store-Accesses:      11499645  100.00%

L2-Total-Hits:          24754414   15.19%
L2-Total-Misses:       138207170   84.81%
L2-Total-Accesses:     162961584  100.00%

