--------
Total Statistics
--------
Total Instructions: 22026279246
Total Cycles: 59569443566
IPC: 0.369758

--------
Single level Tlb hierarchy
--------
  Data Tlb:
    Entries:          64
    Page Size(B):   4096
    Associativity:      4

Latencies:    0  100
Tlb-Sets:   16 - LRU - assoc:   4

Tlb Stats:
Tlb-Load-Hits:        6487433025   99.60%
Tlb-Load-Misses:        26062846    0.40%
Tlb-Load-Accesses:    6513495871  100.00%

Tlb-Store-Hits:        2859271317   99.84%
Tlb-Store-Misses:         4589257    0.16%
Tlb-Store-Accesses:    2863860574  100.00%

Tlb-Total-Hits:        9346704342   99.67%
Tlb-Total-Misses:        30652103    0.33%
Tlb-Total-Accesses:    9377356445  100.00%



--------
Two level Cache hierarchy
--------
  L1-Data Cache:
    Size(KB):          32
    Block Size(B):     64
    Associativity:      8

  L2-Data Cache:
    Size(KB):         256
    Block Size(B):    128
    Associativity:      4

Latencies:    1   25  250
L1-Sets:   64 - LRU - assoc:   8
L2-Sets:  512 - LRU - assoc:   4
Store_allocation: Yes
L2_inclusive: Yes
L2_prefetching: No

L1 Cache Stats:
L1-Load-Hits:        6282884117   96.46%
L1-Load-Misses:       230611754    3.54%
L1-Load-Accesses:    6513495871  100.00%

L1-Store-Hits:        2843920435   99.30%
L1-Store-Misses:        19940139    0.70%
L1-Store-Accesses:    2863860574  100.00%

L1-Total-Hits:        9126804552   97.33%
L1-Total-Misses:       250551893    2.67%
L1-Total-Accesses:    9377356445  100.00%

L2 Cache Stats:
L2-Load-Hits:         161045975   69.83%
L2-Load-Misses:        69565779   30.17%
L2-Load-Accesses:     230611754  100.00%

L2-Store-Hits:          14158717   71.01%
L2-Store-Misses:         5781422   28.99%
L2-Store-Accesses:      19940139  100.00%

L2-Total-Hits:         175204692   69.93%
L2-Total-Misses:        75347201   30.07%
L2-Total-Accesses:     250551893  100.00%

