--------
Total Statistics
--------
Total Instructions: 23583563853
Total Cycles: 57012499597
IPC: 0.413656

--------
Single level Tlb hierarchy
--------
  Data Tlb:
    Entries:          64
    Page Size(B):   4096
    Associativity:      4

Latencies:    0  100
Tlb-Sets:   16 - LRU - assoc:   4

Tlb Stats:
Tlb-Load-Hits:        6649411929   99.60%
Tlb-Load-Misses:        26892666    0.40%
Tlb-Load-Accesses:    6676304595  100.00%

Tlb-Store-Hits:         899726745   99.72%
Tlb-Store-Misses:         2533229    0.28%
Tlb-Store-Accesses:     902259974  100.00%

Tlb-Total-Hits:        7549138674   99.61%
Tlb-Total-Misses:        29425895    0.39%
Tlb-Total-Accesses:    7578564569  100.00%



--------
Two level Cache hierarchy
--------
  L1-Data Cache:
    Size(KB):          32
    Block Size(B):     64
    Associativity:      8

  L2-Data Cache:
    Size(KB):         512
    Block Size(B):     64
    Associativity:      8

Latencies:    1   25  250
L1-Sets:   64 - LRU - assoc:   8
L2-Sets: 1024 - LRU - assoc:   8
Store_allocation: Yes
L2_inclusive: Yes
L2_prefetching: No

L1 Cache Stats:
L1-Load-Hits:        6552011524   98.14%
L1-Load-Misses:       124293071    1.86%
L1-Load-Accesses:    6676304595  100.00%

L1-Store-Hits:         894089598   99.09%
L1-Store-Misses:         8170376    0.91%
L1-Store-Accesses:     902259974  100.00%

L1-Total-Hits:        7446101122   98.25%
L1-Total-Misses:       132463447    1.75%
L1-Total-Accesses:    7578564569  100.00%

L2 Cache Stats:
L2-Load-Hits:          50109806   40.32%
L2-Load-Misses:        74183265   59.68%
L2-Load-Accesses:     124293071  100.00%

L2-Store-Hits:           3968859   48.58%
L2-Store-Misses:         4201517   51.42%
L2-Store-Accesses:       8170376  100.00%

L2-Total-Hits:          54078665   40.83%
L2-Total-Misses:        78384782   59.17%
L2-Total-Accesses:     132463447  100.00%

