--------
Total Statistics
--------
Total Instructions: 23583563853
Total Cycles: 52666011547
IPC: 0.447795

--------
Single level Tlb hierarchy
--------
  Data Tlb:
    Entries:          64
    Page Size(B):   4096
    Associativity:      4

Latencies:    0  100
Tlb-Sets:   16 - LRU - assoc:   4

Tlb Stats:
Tlb-Load-Hits:        6649139115   99.59%
Tlb-Load-Misses:        27165480    0.41%
Tlb-Load-Accesses:    6676304595  100.00%

Tlb-Store-Hits:         899854023   99.73%
Tlb-Store-Misses:         2405951    0.27%
Tlb-Store-Accesses:     902259974  100.00%

Tlb-Total-Hits:        7548993138   99.61%
Tlb-Total-Misses:        29571431    0.39%
Tlb-Total-Accesses:    7578564569  100.00%



--------
Two level Cache hierarchy
--------
  L1-Data Cache:
    Size(KB):          32
    Block Size(B):     64
    Associativity:      8

  L2-Data Cache:
    Size(KB):         512
    Block Size(B):    128
    Associativity:      8

Latencies:    1   25  250
L1-Sets:   64 - LRU - assoc:   8
L2-Sets:  512 - LRU - assoc:   8
Store_allocation: Yes
L2_inclusive: Yes
L2_prefetching: No

L1 Cache Stats:
L1-Load-Hits:        6502092800   97.39%
L1-Load-Misses:       174211795    2.61%
L1-Load-Accesses:    6676304595  100.00%

L1-Store-Hits:         888982358   98.53%
L1-Store-Misses:        13277616    1.47%
L1-Store-Accesses:     902259974  100.00%

L1-Total-Hits:        7391075158   97.53%
L1-Total-Misses:       187489411    2.47%
L1-Total-Accesses:    7578564569  100.00%

L2 Cache Stats:
L2-Load-Hits:         120898013   69.40%
L2-Load-Misses:        53313782   30.60%
L2-Load-Accesses:     174211795  100.00%

L2-Store-Hits:          11153379   84.00%
L2-Store-Misses:         2124237   16.00%
L2-Store-Accesses:      13277616  100.00%

L2-Total-Hits:         132051392   70.43%
L2-Total-Misses:        55438019   29.57%
L2-Total-Accesses:     187489411  100.00%

