--------
Total Statistics
--------
Total Instructions: 23583563853
Total Cycles: 46942162597
IPC: 0.502396

--------
Single level Tlb hierarchy
--------
  Data Tlb:
    Entries:          64
    Page Size(B):   4096
    Associativity:      4

Latencies:    0  100
Tlb-Sets:   16 - LRU - assoc:   4

Tlb Stats:
Tlb-Load-Hits:        6648604371   99.59%
Tlb-Load-Misses:        27700224    0.41%
Tlb-Load-Accesses:    6676304595  100.00%

Tlb-Store-Hits:         900031803   99.75%
Tlb-Store-Misses:         2228171    0.25%
Tlb-Store-Accesses:     902259974  100.00%

Tlb-Total-Hits:        7548636174   99.61%
Tlb-Total-Misses:        29928395    0.39%
Tlb-Total-Accesses:    7578564569  100.00%



--------
Two level Cache hierarchy
--------
  L1-Data Cache:
    Size(KB):          32
    Block Size(B):     64
    Associativity:      8

  L2-Data Cache:
    Size(KB):        2048
    Block Size(B):    256
    Associativity:      8

Latencies:    1   25  250
L1-Sets:   64 - LRU - assoc:   8
L2-Sets: 1024 - LRU - assoc:   8
Store_allocation: Yes
L2_inclusive: Yes
L2_prefetching: No

L1 Cache Stats:
L1-Load-Hits:        6522379412   97.69%
L1-Load-Misses:       153925183    2.31%
L1-Load-Accesses:    6676304595  100.00%

L1-Store-Hits:         893072480   98.98%
L1-Store-Misses:         9187494    1.02%
L1-Store-Accesses:     902259974  100.00%

L1-Total-Hits:        7415451892   97.85%
L1-Total-Misses:       163112677    2.15%
L1-Total-Accesses:    7578564569  100.00%

L2 Cache Stats:
L2-Load-Hits:         120082046   78.01%
L2-Load-Misses:        33843137   21.99%
L2-Load-Accesses:     153925183  100.00%

L2-Store-Hits:           8193120   89.18%
L2-Store-Misses:          994374   10.82%
L2-Store-Accesses:       9187494  100.00%

L2-Total-Hits:         128275166   78.64%
L2-Total-Misses:        34837511   21.36%
L2-Total-Accesses:     163112677  100.00%

