--------
Total Statistics
--------
Total Instructions: 23583563853
Total Cycles: 47890363197
IPC: 0.492449

--------
Single level Tlb hierarchy
--------
  Data Tlb:
    Entries:          64
    Page Size(B):   4096
    Associativity:      4

Latencies:    0  100
Tlb-Sets:   16 - LRU - assoc:   4

Tlb Stats:
Tlb-Load-Hits:        6649173610   99.59%
Tlb-Load-Misses:        27130985    0.41%
Tlb-Load-Accesses:    6676304595  100.00%

Tlb-Store-Hits:         900281169   99.78%
Tlb-Store-Misses:         1978805    0.22%
Tlb-Store-Accesses:     902259974  100.00%

Tlb-Total-Hits:        7549454779   99.62%
Tlb-Total-Misses:        29109790    0.38%
Tlb-Total-Accesses:    7578564569  100.00%



--------
Two level Cache hierarchy
--------
  L1-Data Cache:
    Size(KB):          32
    Block Size(B):     64
    Associativity:      8

  L2-Data Cache:
    Size(KB):        1024
    Block Size(B):    256
    Associativity:      8

Latencies:    1   25  250
L1-Sets:   64 - LRU - assoc:   8
L2-Sets:  512 - LRU - assoc:   8
Store_allocation: Yes
L2_inclusive: Yes
L2_prefetching: No

L1 Cache Stats:
L1-Load-Hits:        6513063648   97.55%
L1-Load-Misses:       163240947    2.45%
L1-Load-Accesses:    6676304595  100.00%

L1-Store-Hits:         892524970   98.92%
L1-Store-Misses:         9735004    1.08%
L1-Store-Accesses:     902259974  100.00%

L1-Total-Hits:        7405588618   97.72%
L1-Total-Misses:       172975951    2.28%
L1-Total-Accesses:    7578564569  100.00%

L2 Cache Stats:
L2-Load-Hits:         126282867   77.36%
L2-Load-Misses:        36958080   22.64%
L2-Load-Accesses:     163240947  100.00%

L2-Store-Hits:           8721656   89.59%
L2-Store-Misses:         1013348   10.41%
L2-Store-Accesses:       9735004  100.00%

L2-Total-Hits:         135004523   78.05%
L2-Total-Misses:        37971428   21.95%
L2-Total-Accesses:     172975951  100.00%

