--------
Total Statistics
--------
Total Instructions: 23583563853
Total Cycles: 50985842622
IPC: 0.462551

--------
Single level Tlb hierarchy
--------
  Data Tlb:
    Entries:          64
    Page Size(B):   4096
    Associativity:      4

Latencies:    0  100
Tlb-Sets:   16 - LRU - assoc:   4

Tlb Stats:
Tlb-Load-Hits:        6649624911   99.60%
Tlb-Load-Misses:        26679684    0.40%
Tlb-Load-Accesses:    6676304595  100.00%

Tlb-Store-Hits:         900257360   99.78%
Tlb-Store-Misses:         2002614    0.22%
Tlb-Store-Accesses:     902259974  100.00%

Tlb-Total-Hits:        7549882271   99.62%
Tlb-Total-Misses:        28682298    0.38%
Tlb-Total-Accesses:    7578564569  100.00%



--------
Two level Cache hierarchy
--------
  L1-Data Cache:
    Size(KB):          32
    Block Size(B):     64
    Associativity:      8

  L2-Data Cache:
    Size(KB):        1024
    Block Size(B):    128
    Associativity:     16

Latencies:    1   25  250
L1-Sets:   64 - LRU - assoc:   8
L2-Sets:  512 - LRU - assoc:  16
Store_allocation: Yes
L2_inclusive: Yes
L2_prefetching: No

L1 Cache Stats:
L1-Load-Hits:        6497635814   97.32%
L1-Load-Misses:       178668781    2.68%
L1-Load-Accesses:    6676304595  100.00%

L1-Store-Hits:         890171609   98.66%
L1-Store-Misses:        12088365    1.34%
L1-Store-Accesses:     902259974  100.00%

L1-Total-Hits:        7387807423   97.48%
L1-Total-Misses:       190757146    2.52%
L1-Total-Accesses:    7578564569  100.00%

L2 Cache Stats:
L2-Load-Hits:         131923248   73.84%
L2-Load-Misses:        46745533   26.16%
L2-Load-Accesses:     178668781  100.00%

L2-Store-Hits:          10087675   83.45%
L2-Store-Misses:         2000690   16.55%
L2-Store-Accesses:      12088365  100.00%

L2-Total-Hits:         142010923   74.45%
L2-Total-Misses:        48746223   25.55%
L2-Total-Accesses:     190757146  100.00%

