--------
Total Statistics
--------
Total Instructions: 23583563853
Total Cycles: 50812765197
IPC: 0.464127

--------
Single level Tlb hierarchy
--------
  Data Tlb:
    Entries:          64
    Page Size(B):   4096
    Associativity:      4

Latencies:    0  100
Tlb-Sets:   16 - LRU - assoc:   4

Tlb Stats:
Tlb-Load-Hits:        6648342383   99.58%
Tlb-Load-Misses:        27962212    0.42%
Tlb-Load-Accesses:    6676304595  100.00%

Tlb-Store-Hits:         899545943   99.70%
Tlb-Store-Misses:         2714031    0.30%
Tlb-Store-Accesses:     902259974  100.00%

Tlb-Total-Hits:        7547888326   99.60%
Tlb-Total-Misses:        30676243    0.40%
Tlb-Total-Accesses:    7578564569  100.00%



--------
Two level Cache hierarchy
--------
  L1-Data Cache:
    Size(KB):          32
    Block Size(B):     64
    Associativity:      8

  L2-Data Cache:
    Size(KB):        1024
    Block Size(B):    128
    Associativity:      8

Latencies:    1   25  250
L1-Sets:   64 - LRU - assoc:   8
L2-Sets: 1024 - LRU - assoc:   8
Store_allocation: Yes
L2_inclusive: Yes
L2_prefetching: No

L1 Cache Stats:
L1-Load-Hits:        6511731796   97.53%
L1-Load-Misses:       164572799    2.47%
L1-Load-Accesses:    6676304595  100.00%

L1-Store-Hits:         890849904   98.74%
L1-Store-Misses:        11410070    1.26%
L1-Store-Accesses:     902259974  100.00%

L1-Total-Hits:        7402581700   97.68%
L1-Total-Misses:       175982869    2.32%
L1-Total-Accesses:    7578564569  100.00%

L2 Cache Stats:
L2-Load-Hits:         117842912   71.61%
L2-Load-Misses:        46729887   28.39%
L2-Load-Accesses:     164572799  100.00%

L2-Store-Hits:           9406194   82.44%
L2-Store-Misses:         2003876   17.56%
L2-Store-Accesses:      11410070  100.00%

L2-Total-Hits:         127249106   72.31%
L2-Total-Misses:        48733763   27.69%
L2-Total-Accesses:     175982869  100.00%

