--------
Total Statistics
--------
Total Instructions: 8540065508
Total Cycles: 13530177348
IPC: 0.631187

--------
Single level Tlb hierarchy
--------
  Data Tlb:
    Entries:          64
    Page Size(B):   4096
    Associativity:      4

Latencies:    0  100
Tlb-Sets:   16 - LRU - assoc:   4

Tlb Stats:
Tlb-Load-Hits:        1862096142   99.97%
Tlb-Load-Misses:          629032    0.03%
Tlb-Load-Accesses:    1862725174  100.00%

Tlb-Store-Hits:         189213907   99.89%
Tlb-Store-Misses:          215309    0.11%
Tlb-Store-Accesses:     189429216  100.00%

Tlb-Total-Hits:        2051310049   99.96%
Tlb-Total-Misses:          844341    0.04%
Tlb-Total-Accesses:    2052154390  100.00%



--------
Two level Cache hierarchy
--------
  L1-Data Cache:
    Size(KB):          32
    Block Size(B):     64
    Associativity:      8

  L2-Data Cache:
    Size(KB):        1024
    Block Size(B):    128
    Associativity:     16

Latencies:    1   25  250
L1-Sets:   64 - LRU - assoc:   8
L2-Sets:  512 - LRU - assoc:  16
Store_allocation: Yes
L2_inclusive: Yes
L2_prefetching: No

L1 Cache Stats:
L1-Load-Hits:        1840672298   98.82%
L1-Load-Misses:        22052876    1.18%
L1-Load-Accesses:    1862725174  100.00%

L1-Store-Hits:         184106808   97.19%
L1-Store-Misses:         5322408    2.81%
L1-Store-Accesses:     189429216  100.00%

L1-Total-Hits:        2024779106   98.67%
L1-Total-Misses:        27375284    1.33%
L1-Total-Accesses:    2052154390  100.00%

L2 Cache Stats:
L2-Load-Hits:          15819465   71.73%
L2-Load-Misses:         6233411   28.27%
L2-Load-Accesses:      22052876  100.00%

L2-Store-Hits:           2879254   54.10%
L2-Store-Misses:         2443154   45.90%
L2-Store-Accesses:       5322408  100.00%

L2-Total-Hits:          18698719   68.31%
L2-Total-Misses:         8676565   31.69%
L2-Total-Accesses:      27375284  100.00%

