--------
Total Statistics
--------
Total Instructions: 8540065448
Total Cycles: 12718663612
IPC: 0.671459

--------
Single level Tlb hierarchy
--------
  Data Tlb:
    Entries:          64
    Page Size(B):   4096
    Associativity:      4

Latencies:    0  100
Tlb-Sets:   16 - LRU - assoc:   4

Tlb Stats:
Tlb-Load-Hits:        1862095950   99.97%
Tlb-Load-Misses:          629203    0.03%
Tlb-Load-Accesses:    1862725153  100.00%

Tlb-Store-Hits:         189213902   99.89%
Tlb-Store-Misses:          215309    0.11%
Tlb-Store-Accesses:     189429211  100.00%

Tlb-Total-Hits:        2051309852   99.96%
Tlb-Total-Misses:          844512    0.04%
Tlb-Total-Accesses:    2052154364  100.00%



--------
Two level Cache hierarchy
--------
  L1-Data Cache:
    Size(KB):          32
    Block Size(B):     64
    Associativity:      8

  L2-Data Cache:
    Size(KB):        2048
    Block Size(B):    256
    Associativity:      8

Latencies:    1   25  250
L1-Sets:   64 - LRU - assoc:   8
L2-Sets: 1024 - LRU - assoc:   8
Store_allocation: Yes
L2_inclusive: Yes
L2_prefetching: No

L1 Cache Stats:
L1-Load-Hits:        1843571950   98.97%
L1-Load-Misses:        19153203    1.03%
L1-Load-Accesses:    1862725153  100.00%

L1-Store-Hits:         184748360   97.53%
L1-Store-Misses:         4680851    2.47%
L1-Store-Accesses:     189429211  100.00%

L1-Total-Hits:        2028320310   98.84%
L1-Total-Misses:        23834054    1.16%
L1-Total-Accesses:    2052154364  100.00%

L2 Cache Stats:
L2-Load-Hits:          15262748   79.69%
L2-Load-Misses:         3890455   20.31%
L2-Load-Accesses:      19153203  100.00%

L2-Store-Hits:           2786741   59.53%
L2-Store-Misses:         1894110   40.47%
L2-Store-Accesses:       4680851  100.00%

L2-Total-Hits:          18049489   75.73%
L2-Total-Misses:         5784565   24.27%
L2-Total-Accesses:      23834054  100.00%

