--------
Total Statistics
--------
Total Instructions: 8540065508
Total Cycles: 13726930648
IPC: 0.622139

--------
Single level Tlb hierarchy
--------
  Data Tlb:
    Entries:          64
    Page Size(B):   4096
    Associativity:      4

Latencies:    0  100
Tlb-Sets:   16 - LRU - assoc:   4

Tlb Stats:
Tlb-Load-Hits:        1862095870   99.97%
Tlb-Load-Misses:          629304    0.03%
Tlb-Load-Accesses:    1862725174  100.00%

Tlb-Store-Hits:         189213894   99.89%
Tlb-Store-Misses:          215322    0.11%
Tlb-Store-Accesses:     189429216  100.00%

Tlb-Total-Hits:        2051309764   99.96%
Tlb-Total-Misses:          844626    0.04%
Tlb-Total-Accesses:    2052154390  100.00%



--------
Two level Cache hierarchy
--------
  L1-Data Cache:
    Size(KB):          32
    Block Size(B):     64
    Associativity:      8

  L2-Data Cache:
    Size(KB):         512
    Block Size(B):     64
    Associativity:      8

Latencies:    1   25  250
L1-Sets:   64 - LRU - assoc:   8
L2-Sets: 1024 - LRU - assoc:   8
Store_allocation: Yes
L2_inclusive: Yes
L2_prefetching: No

L1 Cache Stats:
L1-Load-Hits:        1848596192   99.24%
L1-Load-Misses:        14128982    0.76%
L1-Load-Accesses:    1862725174  100.00%

L1-Store-Hits:         186594722   98.50%
L1-Store-Misses:         2834494    1.50%
L1-Store-Accesses:     189429216  100.00%

L1-Total-Hits:        2035190914   99.17%
L1-Total-Misses:        16963476    0.83%
L1-Total-Accesses:    2052154390  100.00%

L2 Cache Stats:
L2-Load-Hits:           6451720   45.66%
L2-Load-Misses:         7677262   54.34%
L2-Load-Accesses:      14128982  100.00%

L2-Store-Hits:              7111    0.25%
L2-Store-Misses:         2827383   99.75%
L2-Store-Accesses:       2834494  100.00%

L2-Total-Hits:           6458831   38.07%
L2-Total-Misses:        10504645   61.93%
L2-Total-Accesses:      16963476  100.00%

