--------
Total Statistics
--------
Total Instructions: 8540065508
Total Cycles: 13249265973
IPC: 0.644569

--------
Single level Tlb hierarchy
--------
  Data Tlb:
    Entries:          64
    Page Size(B):   4096
    Associativity:      4

Latencies:    0  100
Tlb-Sets:   16 - LRU - assoc:   4

Tlb Stats:
Tlb-Load-Hits:        1862096481   99.97%
Tlb-Load-Misses:          628693    0.03%
Tlb-Load-Accesses:    1862725174  100.00%

Tlb-Store-Hits:         189213912   99.89%
Tlb-Store-Misses:          215304    0.11%
Tlb-Store-Accesses:     189429216  100.00%

Tlb-Total-Hits:        2051310393   99.96%
Tlb-Total-Misses:          843997    0.04%
Tlb-Total-Accesses:    2052154390  100.00%



--------
Two level Cache hierarchy
--------
  L1-Data Cache:
    Size(KB):          32
    Block Size(B):     64
    Associativity:      8

  L2-Data Cache:
    Size(KB):        2048
    Block Size(B):     64
    Associativity:      8

Latencies:    1   25  250
L1-Sets:   64 - LRU - assoc:   8
L2-Sets: 4096 - LRU - assoc:   8
Store_allocation: Yes
L2_inclusive: Yes
L2_prefetching: No

L1 Cache Stats:
L1-Load-Hits:        1848599466   99.24%
L1-Load-Misses:        14125708    0.76%
L1-Load-Accesses:    1862725174  100.00%

L1-Store-Hits:         186595879   98.50%
L1-Store-Misses:         2833337    1.50%
L1-Store-Accesses:     189429216  100.00%

L1-Total-Hits:        2035195345   99.17%
L1-Total-Misses:        16959045    0.83%
L1-Total-Accesses:    2052154390  100.00%

L2 Cache Stats:
L2-Load-Hits:           8357136   59.16%
L2-Load-Misses:         5768572   40.84%
L2-Load-Accesses:      14125708  100.00%

L2-Store-Hits:              7228    0.26%
L2-Store-Misses:         2826109   99.74%
L2-Store-Accesses:       2833337  100.00%

L2-Total-Hits:           8364364   49.32%
L2-Total-Misses:         8594681   50.68%
L2-Total-Accesses:      16959045  100.00%

