--------
Total Statistics
--------
Total Instructions: 8540065508
Total Cycles: 13527095498
IPC: 0.63133

--------
Single level Tlb hierarchy
--------
  Data Tlb:
    Entries:          64
    Page Size(B):   4096
    Associativity:      4

Latencies:    0  100
Tlb-Sets:   16 - LRU - assoc:   4

Tlb Stats:
Tlb-Load-Hits:        1862095787   99.97%
Tlb-Load-Misses:          629387    0.03%
Tlb-Load-Accesses:    1862725174  100.00%

Tlb-Store-Hits:         189213907   99.89%
Tlb-Store-Misses:          215309    0.11%
Tlb-Store-Accesses:     189429216  100.00%

Tlb-Total-Hits:        2051309694   99.96%
Tlb-Total-Misses:          844696    0.04%
Tlb-Total-Accesses:    2052154390  100.00%



--------
Two level Cache hierarchy
--------
  L1-Data Cache:
    Size(KB):          32
    Block Size(B):     64
    Associativity:      8

  L2-Data Cache:
    Size(KB):        1024
    Block Size(B):    128
    Associativity:      8

Latencies:    1   25  250
L1-Sets:   64 - LRU - assoc:   8
L2-Sets: 1024 - LRU - assoc:   8
Store_allocation: Yes
L2_inclusive: Yes
L2_prefetching: No

L1 Cache Stats:
L1-Load-Hits:        1840683154   98.82%
L1-Load-Misses:        22042020    1.18%
L1-Load-Accesses:    1862725174  100.00%

L1-Store-Hits:         184107056   97.19%
L1-Store-Misses:         5322160    2.81%
L1-Store-Accesses:     189429216  100.00%

L1-Total-Hits:        2024790210   98.67%
L1-Total-Misses:        27364180    1.33%
L1-Total-Accesses:    2052154390  100.00%

L2 Cache Stats:
L2-Load-Hits:          15820010   71.77%
L2-Load-Misses:         6222010   28.23%
L2-Load-Accesses:      22042020  100.00%

L2-Store-Hits:           2878964   54.09%
L2-Store-Misses:         2443196   45.91%
L2-Store-Accesses:       5322160  100.00%

L2-Total-Hits:          18698974   68.33%
L2-Total-Misses:         8665206   31.67%
L2-Total-Accesses:      27364180  100.00%

