--------
Total Statistics
--------
Total Instructions: 8540065508
Total Cycles: 13677359623
IPC: 0.624394

--------
Single level Tlb hierarchy
--------
  Data Tlb:
    Entries:          64
    Page Size(B):   4096
    Associativity:      4

Latencies:    0  100
Tlb-Sets:   16 - LRU - assoc:   4

Tlb Stats:
Tlb-Load-Hits:        1862095925   99.97%
Tlb-Load-Misses:          629249    0.03%
Tlb-Load-Accesses:    1862725174  100.00%

Tlb-Store-Hits:         189213906   99.89%
Tlb-Store-Misses:          215310    0.11%
Tlb-Store-Accesses:     189429216  100.00%

Tlb-Total-Hits:        2051309831   99.96%
Tlb-Total-Misses:          844559    0.04%
Tlb-Total-Accesses:    2052154390  100.00%



--------
Two level Cache hierarchy
--------
  L1-Data Cache:
    Size(KB):          32
    Block Size(B):     64
    Associativity:      8

  L2-Data Cache:
    Size(KB):         512
    Block Size(B):    128
    Associativity:      8

Latencies:    1   25  250
L1-Sets:   64 - LRU - assoc:   8
L2-Sets:  512 - LRU - assoc:   8
Store_allocation: Yes
L2_inclusive: Yes
L2_prefetching: No

L1 Cache Stats:
L1-Load-Hits:        1840399128   98.80%
L1-Load-Misses:        22326046    1.20%
L1-Load-Accesses:    1862725174  100.00%

L1-Store-Hits:         183858209   97.06%
L1-Store-Misses:         5571007    2.94%
L1-Store-Accesses:     189429216  100.00%

L1-Total-Hits:        2024257337   98.64%
L1-Total-Misses:        27897053    1.36%
L1-Total-Accesses:    2052154390  100.00%

L2 Cache Stats:
L2-Load-Hits:          15556725   69.68%
L2-Load-Misses:         6769321   30.32%
L2-Load-Accesses:      22326046  100.00%

L2-Store-Hits:           3127298   56.14%
L2-Store-Misses:         2443709   43.86%
L2-Store-Accesses:       5571007  100.00%

L2-Total-Hits:          18684023   66.97%
L2-Total-Misses:         9213030   33.03%
L2-Total-Accesses:      27897053  100.00%

