--------
Total Statistics
--------
Total Instructions: 8540065508
Total Cycles: 13174928224
IPC: 0.648206

--------
Single level Tlb hierarchy
--------
  Data Tlb:
    Entries:          64
    Page Size(B):   4096
    Associativity:      4

Latencies:    0  100
Tlb-Sets:   16 - LRU - assoc:   4

Tlb Stats:
Tlb-Load-Hits:        1862002222   99.96%
Tlb-Load-Misses:          722953    0.04%
Tlb-Load-Accesses:    1862725175  100.00%

Tlb-Store-Hits:         189208770   99.88%
Tlb-Store-Misses:          220446    0.12%
Tlb-Store-Accesses:     189429216  100.00%

Tlb-Total-Hits:        2051210992   99.95%
Tlb-Total-Misses:          943399    0.05%
Tlb-Total-Accesses:    2052154391  100.00%



--------
Two level Cache hierarchy
--------
  L1-Data Cache:
    Size(KB):          32
    Block Size(B):     64
    Associativity:      8

  L2-Data Cache:
    Size(KB):        2048
    Block Size(B):    128
    Associativity:     16

Latencies:    1   25  250
L1-Sets:   64 - LRU - assoc:   8
L2-Sets: 1024 - LRU - assoc:  16
Store_allocation: Yes
L2_inclusive: Yes
L2_prefetching: No

L1 Cache Stats:
L1-Load-Hits:        1842274849   98.90%
L1-Load-Misses:        20450326    1.10%
L1-Load-Accesses:    1862725175  100.00%

L1-Store-Hits:         184107355   97.19%
L1-Store-Misses:         5321861    2.81%
L1-Store-Accesses:     189429216  100.00%

L1-Total-Hits:        2026382204   98.74%
L1-Total-Misses:        25772187    1.26%
L1-Total-Accesses:    2052154391  100.00%

L2 Cache Stats:
L2-Load-Hits:          15517216   75.88%
L2-Load-Misses:         4933110   24.12%
L2-Load-Accesses:      20450326  100.00%

L2-Store-Hits:           2878716   54.09%
L2-Store-Misses:         2443145   45.91%
L2-Store-Accesses:       5321861  100.00%

L2-Total-Hits:          18395932   71.38%
L2-Total-Misses:         7376255   28.62%
L2-Total-Accesses:      25772187  100.00%

