--------
Total Statistics
--------
Total Instructions: 8540065508
Total Cycles: 13165118398
IPC: 0.648689

--------
Single level Tlb hierarchy
--------
  Data Tlb:
    Entries:          64
    Page Size(B):   4096
    Associativity:      4

Latencies:    0  100
Tlb-Sets:   16 - LRU - assoc:   4

Tlb Stats:
Tlb-Load-Hits:        1862095788   99.97%
Tlb-Load-Misses:          629386    0.03%
Tlb-Load-Accesses:    1862725174  100.00%

Tlb-Store-Hits:         189213906   99.89%
Tlb-Store-Misses:          215310    0.11%
Tlb-Store-Accesses:     189429216  100.00%

Tlb-Total-Hits:        2051309694   99.96%
Tlb-Total-Misses:          844696    0.04%
Tlb-Total-Accesses:    2052154390  100.00%



--------
Two level Cache hierarchy
--------
  L1-Data Cache:
    Size(KB):          32
    Block Size(B):     64
    Associativity:      8

  L2-Data Cache:
    Size(KB):        2048
    Block Size(B):    128
    Associativity:      8

Latencies:    1   25  250
L1-Sets:   64 - LRU - assoc:   8
L2-Sets: 2048 - LRU - assoc:   8
Store_allocation: Yes
L2_inclusive: Yes
L2_prefetching: No

L1 Cache Stats:
L1-Load-Hits:        1842306080   98.90%
L1-Load-Misses:        20419094    1.10%
L1-Load-Accesses:    1862725174  100.00%

L1-Store-Hits:         184107424   97.19%
L1-Store-Misses:         5321792    2.81%
L1-Store-Accesses:     189429216  100.00%

L1-Total-Hits:        2026413504   98.75%
L1-Total-Misses:        25740886    1.25%
L1-Total-Accesses:    2052154390  100.00%

L2 Cache Stats:
L2-Load-Hits:          15482697   75.82%
L2-Load-Misses:         4936397   24.18%
L2-Load-Accesses:      20419094  100.00%

L2-Store-Hits:           2878562   54.09%
L2-Store-Misses:         2443230   45.91%
L2-Store-Accesses:       5321792  100.00%

L2-Total-Hits:          18361259   71.33%
L2-Total-Misses:         7379627   28.67%
L2-Total-Accesses:      25740886  100.00%

