--------
Total Statistics
--------
Total Instructions: 8540065508
Total Cycles: 13379763023
IPC: 0.638282

--------
Single level Tlb hierarchy
--------
  Data Tlb:
    Entries:          64
    Page Size(B):   4096
    Associativity:      4

Latencies:    0  100
Tlb-Sets:   16 - LRU - assoc:   4

Tlb Stats:
Tlb-Load-Hits:        1862095871   99.97%
Tlb-Load-Misses:          629303    0.03%
Tlb-Load-Accesses:    1862725174  100.00%

Tlb-Store-Hits:         189213909   99.89%
Tlb-Store-Misses:          215307    0.11%
Tlb-Store-Accesses:     189429216  100.00%

Tlb-Total-Hits:        2051309780   99.96%
Tlb-Total-Misses:          844610    0.04%
Tlb-Total-Accesses:    2052154390  100.00%



--------
Two level Cache hierarchy
--------
  L1-Data Cache:
    Size(KB):          32
    Block Size(B):     64
    Associativity:      8

  L2-Data Cache:
    Size(KB):        1024
    Block Size(B):     64
    Associativity:      8

Latencies:    1   25  250
L1-Sets:   64 - LRU - assoc:   8
L2-Sets: 2048 - LRU - assoc:   8
Store_allocation: Yes
L2_inclusive: Yes
L2_prefetching: No

L1 Cache Stats:
L1-Load-Hits:        1848598011   99.24%
L1-Load-Misses:        14127163    0.76%
L1-Load-Accesses:    1862725174  100.00%

L1-Store-Hits:         186595124   98.50%
L1-Store-Misses:         2834092    1.50%
L1-Store-Accesses:     189429216  100.00%

L1-Total-Hits:        2035193135   99.17%
L1-Total-Misses:        16961255    0.83%
L1-Total-Accesses:    2052154390  100.00%

L2 Cache Stats:
L2-Load-Hits:           7837456   55.48%
L2-Load-Misses:         6289707   44.52%
L2-Load-Accesses:      14127163  100.00%

L2-Store-Hits:              7596    0.27%
L2-Store-Misses:         2826496   99.73%
L2-Store-Accesses:       2834092  100.00%

L2-Total-Hits:           7845052   46.25%
L2-Total-Misses:         9116203   53.75%
L2-Total-Accesses:      16961255  100.00%

