--------
Total Statistics
--------
Total Instructions: 4355791175
Total Cycles: 10014791993
IPC: 0.434936

--------
Single level Tlb hierarchy
--------
  Data Tlb:
    Entries:          64
    Page Size(B):   4096
    Associativity:      4

Latencies:    0  100
Tlb-Sets:   16 - LRU - assoc:   4

Tlb Stats:
Tlb-Load-Hits:         921883051   96.02%
Tlb-Load-Misses:        38207522    3.98%
Tlb-Load-Accesses:     960090573  100.00%

Tlb-Store-Hits:         320460343   99.87%
Tlb-Store-Misses:          416102    0.13%
Tlb-Store-Accesses:     320876445  100.00%

Tlb-Total-Hits:        1242343394   96.98%
Tlb-Total-Misses:        38623624    3.02%
Tlb-Total-Accesses:    1280967018  100.00%



--------
Two level Cache hierarchy
--------
  L1-Data Cache:
    Size(KB):          32
    Block Size(B):     64
    Associativity:      8

  L2-Data Cache:
    Size(KB):        1024
    Block Size(B):    128
    Associativity:      8

Latencies:    1   25  250
L1-Sets:   64 - LRU - assoc:   8
L2-Sets: 1024 - LRU - assoc:   8
Store_allocation: Yes
L2_inclusive: Yes
L2_prefetching: No

L1 Cache Stats:
L1-Load-Hits:         954432527   99.41%
L1-Load-Misses:         5658046    0.59%
L1-Load-Accesses:     960090573  100.00%

L1-Store-Hits:         320248215   99.80%
L1-Store-Misses:          628230    0.20%
L1-Store-Accesses:     320876445  100.00%

L1-Total-Hits:        1274680742   99.51%
L1-Total-Misses:         6286276    0.49%
L1-Total-Accesses:    1280967018  100.00%

L2 Cache Stats:
L2-Load-Hits:           4429092   78.28%
L2-Load-Misses:         1228954   21.72%
L2-Load-Accesses:       5658046  100.00%

L2-Store-Hits:            423126   67.35%
L2-Store-Misses:          205104   32.65%
L2-Store-Accesses:        628230  100.00%

L2-Total-Hits:           4852218   77.19%
L2-Total-Misses:         1434058   22.81%
L2-Total-Accesses:       6286276  100.00%

