--------
Total Statistics
--------
Total Instructions: 4355791175
Total Cycles: 6152933068
IPC: 0.707921

--------
Single level Tlb hierarchy
--------
  Data Tlb:
    Entries:          64
    Page Size(B):   4096
    Associativity:     16

Latencies:    0  100
Tlb-Sets:    4 - LRU - assoc:  16

Tlb Stats:
Tlb-Load-Hits:         960051947  100.00%
Tlb-Load-Misses:           38626    0.00%
Tlb-Load-Accesses:     960090573  100.00%

Tlb-Store-Hits:         320869942  100.00%
Tlb-Store-Misses:            6503    0.00%
Tlb-Store-Accesses:     320876445  100.00%

Tlb-Total-Hits:        1280921889  100.00%
Tlb-Total-Misses:           45129    0.00%
Tlb-Total-Accesses:    1280967018  100.00%



--------
Two level Cache hierarchy
--------
  L1-Data Cache:
    Size(KB):          32
    Block Size(B):     64
    Associativity:      8

  L2-Data Cache:
    Size(KB):        1024
    Block Size(B):    128
    Associativity:      8

Latencies:    1   25  250
L1-Sets:   64 - LRU - assoc:   8
L2-Sets: 1024 - LRU - assoc:   8
Store_allocation: Yes
L2_inclusive: Yes
L2_prefetching: No

L1 Cache Stats:
L1-Load-Hits:         954577612   99.43%
L1-Load-Misses:         5512961    0.57%
L1-Load-Accesses:     960090573  100.00%

L1-Store-Hits:         320262537   99.81%
L1-Store-Misses:          613908    0.19%
L1-Store-Accesses:     320876445  100.00%

L1-Total-Hits:        1274840149   99.52%
L1-Total-Misses:         6126869    0.48%
L1-Total-Accesses:    1280967018  100.00%

L2 Cache Stats:
L2-Load-Hits:           4284007   77.71%
L2-Load-Misses:         1228954   22.29%
L2-Load-Accesses:       5512961  100.00%

L2-Store-Hits:            408901   66.61%
L2-Store-Misses:          205007   33.39%
L2-Store-Accesses:        613908  100.00%

L2-Total-Hits:           4692908   76.60%
L2-Total-Misses:         1433961   23.40%
L2-Total-Accesses:       6126869  100.00%

