--------
Total Statistics
--------
Total Instructions: 4355791175
Total Cycles: 15084845193
IPC: 0.288753

--------
Single level Tlb hierarchy
--------
  Data Tlb:
    Entries:          64
    Page Size(B):   4096
    Associativity:      2

Latencies:    0  100
Tlb-Sets:   32 - LRU - assoc:   2

Tlb Stats:
Tlb-Load-Hits:         871352354   90.76%
Tlb-Load-Misses:        88738219    9.24%
Tlb-Load-Accesses:     960090573  100.00%

Tlb-Store-Hits:         320255943   99.81%
Tlb-Store-Misses:          620502    0.19%
Tlb-Store-Accesses:     320876445  100.00%

Tlb-Total-Hits:        1191608297   93.02%
Tlb-Total-Misses:        89358721    6.98%
Tlb-Total-Accesses:    1280967018  100.00%



--------
Two level Cache hierarchy
--------
  L1-Data Cache:
    Size(KB):          32
    Block Size(B):     64
    Associativity:      8

  L2-Data Cache:
    Size(KB):        1024
    Block Size(B):    128
    Associativity:      8

Latencies:    1   25  250
L1-Sets:   64 - LRU - assoc:   8
L2-Sets: 1024 - LRU - assoc:   8
Store_allocation: Yes
L2_inclusive: Yes
L2_prefetching: No

L1 Cache Stats:
L1-Load-Hits:         954558889   99.42%
L1-Load-Misses:         5531684    0.58%
L1-Load-Accesses:     960090573  100.00%

L1-Store-Hits:         320262133   99.81%
L1-Store-Misses:          614312    0.19%
L1-Store-Accesses:     320876445  100.00%

L1-Total-Hits:        1274821022   99.52%
L1-Total-Misses:         6145996    0.48%
L1-Total-Accesses:    1280967018  100.00%

L2 Cache Stats:
L2-Load-Hits:           4302630   77.78%
L2-Load-Misses:         1229054   22.22%
L2-Load-Accesses:       5531684  100.00%

L2-Store-Hits:            409106   66.60%
L2-Store-Misses:          205206   33.40%
L2-Store-Accesses:        614312  100.00%

L2-Total-Hits:           4711736   76.66%
L2-Total-Misses:         1434260   23.34%
L2-Total-Accesses:       6145996  100.00%

