--------
Total Statistics
--------
Total Instructions: 4355791175
Total Cycles: 6174037843
IPC: 0.705501

--------
Single level Tlb hierarchy
--------
  Data Tlb:
    Entries:          64
    Page Size(B):   4096
    Associativity:      8

Latencies:    0  100
Tlb-Sets:    8 - LRU - assoc:   8

Tlb Stats:
Tlb-Load-Hits:         960051947  100.00%
Tlb-Load-Misses:           38626    0.00%
Tlb-Load-Accesses:     960090573  100.00%

Tlb-Store-Hits:         320869942  100.00%
Tlb-Store-Misses:            6503    0.00%
Tlb-Store-Accesses:     320876445  100.00%

Tlb-Total-Hits:        1280921889  100.00%
Tlb-Total-Misses:           45129    0.00%
Tlb-Total-Accesses:    1280967018  100.00%



--------
Two level Cache hierarchy
--------
  L1-Data Cache:
    Size(KB):          32
    Block Size(B):     64
    Associativity:      8

  L2-Data Cache:
    Size(KB):        1024
    Block Size(B):    128
    Associativity:      8

Latencies:    1   25  250
L1-Sets:   64 - LRU - assoc:   8
L2-Sets: 1024 - LRU - assoc:   8
Store_allocation: Yes
L2_inclusive: Yes
L2_prefetching: No

L1 Cache Stats:
L1-Load-Hits:         953764157   99.34%
L1-Load-Misses:         6326416    0.66%
L1-Load-Accesses:     960090573  100.00%

L1-Store-Hits:         320230811   99.80%
L1-Store-Misses:          645634    0.20%
L1-Store-Accesses:     320876445  100.00%

L1-Total-Hits:        1273994968   99.46%
L1-Total-Misses:         6972050    0.54%
L1-Total-Accesses:    1280967018  100.00%

L2 Cache Stats:
L2-Load-Hits:           5097461   80.57%
L2-Load-Misses:         1228955   19.43%
L2-Load-Accesses:       6326416  100.00%

L2-Store-Hits:            440727   68.26%
L2-Store-Misses:          204907   31.74%
L2-Store-Accesses:        645634  100.00%

L2-Total-Hits:           5538188   79.43%
L2-Total-Misses:         1433862   20.57%
L2-Total-Accesses:       6972050  100.00%

