--------
Total Statistics
--------
Total Instructions: 4355791175
Total Cycles: 16121718118
IPC: 0.270182

--------
Single level Tlb hierarchy
--------
  Data Tlb:
    Entries:          16
    Page Size(B):   4096
    Associativity:      4

Latencies:    0  100
Tlb-Sets:    4 - LRU - assoc:   4

Tlb Stats:
Tlb-Load-Hits:         871159160   90.74%
Tlb-Load-Misses:        88931413    9.26%
Tlb-Load-Accesses:     960090573  100.00%

Tlb-Store-Hits:         310117243   96.65%
Tlb-Store-Misses:        10759202    3.35%
Tlb-Store-Accesses:     320876445  100.00%

Tlb-Total-Hits:        1181276403   92.22%
Tlb-Total-Misses:        99690615    7.78%
Tlb-Total-Accesses:    1280967018  100.00%



--------
Two level Cache hierarchy
--------
  L1-Data Cache:
    Size(KB):          32
    Block Size(B):     64
    Associativity:      8

  L2-Data Cache:
    Size(KB):        1024
    Block Size(B):    128
    Associativity:      8

Latencies:    1   25  250
L1-Sets:   64 - LRU - assoc:   8
L2-Sets: 1024 - LRU - assoc:   8
Store_allocation: Yes
L2_inclusive: Yes
L2_prefetching: No

L1 Cache Stats:
L1-Load-Hits:         954428564   99.41%
L1-Load-Misses:         5662009    0.59%
L1-Load-Accesses:     960090573  100.00%

L1-Store-Hits:         320241127   99.80%
L1-Store-Misses:          635318    0.20%
L1-Store-Accesses:     320876445  100.00%

L1-Total-Hits:        1274669691   99.51%
L1-Total-Misses:         6297327    0.49%
L1-Total-Accesses:    1280967018  100.00%

L2 Cache Stats:
L2-Load-Hits:           4433055   78.29%
L2-Load-Misses:         1228954   21.71%
L2-Load-Accesses:       5662009  100.00%

L2-Store-Hits:            430411   67.75%
L2-Store-Misses:          204907   32.25%
L2-Store-Accesses:        635318  100.00%

L2-Total-Hits:           4863466   77.23%
L2-Total-Misses:         1433861   22.77%
L2-Total-Accesses:       6297327  100.00%

