--------
Total Statistics
--------
Total Instructions: 4355791175
Total Cycles: 9572987618
IPC: 0.455009

--------
Single level Tlb hierarchy
--------
  Data Tlb:
    Entries:         256
    Page Size(B):   4096
    Associativity:      4

Latencies:    0  100
Tlb-Sets:   64 - LRU - assoc:   4

Tlb Stats:
Tlb-Load-Hits:         925958148   96.44%
Tlb-Load-Misses:        34132425    3.56%
Tlb-Load-Accesses:     960090573  100.00%

Tlb-Store-Hits:         320767543   99.97%
Tlb-Store-Misses:          108902    0.03%
Tlb-Store-Accesses:     320876445  100.00%

Tlb-Total-Hits:        1246725691   97.33%
Tlb-Total-Misses:        34241327    2.67%
Tlb-Total-Accesses:    1280967018  100.00%



--------
Two level Cache hierarchy
--------
  L1-Data Cache:
    Size(KB):          32
    Block Size(B):     64
    Associativity:      8

  L2-Data Cache:
    Size(KB):        1024
    Block Size(B):    128
    Associativity:      8

Latencies:    1   25  250
L1-Sets:   64 - LRU - assoc:   8
L2-Sets: 1024 - LRU - assoc:   8
Store_allocation: Yes
L2_inclusive: Yes
L2_prefetching: No

L1 Cache Stats:
L1-Load-Hits:         954562418   99.42%
L1-Load-Misses:         5528155    0.58%
L1-Load-Accesses:     960090573  100.00%

L1-Store-Hits:         320259341   99.81%
L1-Store-Misses:          617104    0.19%
L1-Store-Accesses:     320876445  100.00%

L1-Total-Hits:        1274821759   99.52%
L1-Total-Misses:         6145259    0.48%
L1-Total-Accesses:    1280967018  100.00%

L2 Cache Stats:
L2-Load-Hits:           4299201   77.77%
L2-Load-Misses:         1228954   22.23%
L2-Load-Accesses:       5528155  100.00%

L2-Store-Hits:            412197   66.80%
L2-Store-Misses:          204907   33.20%
L2-Store-Accesses:        617104  100.00%

L2-Total-Hits:           4711398   76.67%
L2-Total-Misses:         1433861   23.33%
L2-Total-Accesses:       6145259  100.00%

