--------
Total Statistics
--------
Total Instructions: 4355791115
Total Cycles: 14020952782
IPC: 0.310663

--------
Single level Tlb hierarchy
--------
  Data Tlb:
    Entries:          64
    Page Size(B):   4096
    Associativity:      1

Latencies:    0  100
Tlb-Sets:   64 - LRU - assoc:   1

Tlb Stats:
Tlb-Load-Hits:         883177331   91.99%
Tlb-Load-Misses:        76913221    8.01%
Tlb-Load-Accesses:     960090552  100.00%

Tlb-Store-Hits:         319103438   99.45%
Tlb-Store-Misses:         1773002    0.55%
Tlb-Store-Accesses:     320876440  100.00%

Tlb-Total-Hits:        1202280769   93.86%
Tlb-Total-Misses:        78686223    6.14%
Tlb-Total-Accesses:    1280966992  100.00%



--------
Two level Cache hierarchy
--------
  L1-Data Cache:
    Size(KB):          32
    Block Size(B):     64
    Associativity:      8

  L2-Data Cache:
    Size(KB):        1024
    Block Size(B):    128
    Associativity:      8

Latencies:    1   25  250
L1-Sets:   64 - LRU - assoc:   8
L2-Sets: 1024 - LRU - assoc:   8
Store_allocation: Yes
L2_inclusive: Yes
L2_prefetching: No

L1 Cache Stats:
L1-Load-Hits:         954451069   99.41%
L1-Load-Misses:         5639483    0.59%
L1-Load-Accesses:     960090552  100.00%

L1-Store-Hits:         320233608   99.80%
L1-Store-Misses:          642832    0.20%
L1-Store-Accesses:     320876440  100.00%

L1-Total-Hits:        1274684677   99.51%
L1-Total-Misses:         6282315    0.49%
L1-Total-Accesses:    1280966992  100.00%

L2 Cache Stats:
L2-Load-Hits:           4410530   78.21%
L2-Load-Misses:         1228953   21.79%
L2-Load-Accesses:       5639483  100.00%

L2-Store-Hits:            437727   68.09%
L2-Store-Misses:          205105   31.91%
L2-Store-Accesses:        642832  100.00%

L2-Total-Hits:           4848257   77.17%
L2-Total-Misses:         1434058   22.83%
L2-Total-Accesses:       6282315  100.00%

