--------
Total Statistics
--------
Total Instructions: 4355791115
Total Cycles: 6153695957
IPC: 0.707833

--------
Single level Tlb hierarchy
--------
  Data Tlb:
    Entries:          64
    Page Size(B):   4096
    Associativity:     32

Latencies:    0  100
Tlb-Sets:    2 - LRU - assoc:  32

Tlb Stats:
Tlb-Load-Hits:         960051926  100.00%
Tlb-Load-Misses:           38626    0.00%
Tlb-Load-Accesses:     960090552  100.00%

Tlb-Store-Hits:         320869938  100.00%
Tlb-Store-Misses:            6502    0.00%
Tlb-Store-Accesses:     320876440  100.00%

Tlb-Total-Hits:        1280921864  100.00%
Tlb-Total-Misses:           45128    0.00%
Tlb-Total-Accesses:    1280966992  100.00%



--------
Two level Cache hierarchy
--------
  L1-Data Cache:
    Size(KB):          32
    Block Size(B):     64
    Associativity:      8

  L2-Data Cache:
    Size(KB):        1024
    Block Size(B):    128
    Associativity:      8

Latencies:    1   25  250
L1-Sets:   64 - LRU - assoc:   8
L2-Sets: 1024 - LRU - assoc:   8
Store_allocation: Yes
L2_inclusive: Yes
L2_prefetching: No

L1 Cache Stats:
L1-Load-Hits:         954559466   99.42%
L1-Load-Misses:         5531086    0.58%
L1-Load-Accesses:     960090552  100.00%

L1-Store-Hits:         320249114   99.80%
L1-Store-Misses:          627326    0.20%
L1-Store-Accesses:     320876440  100.00%

L1-Total-Hits:        1274808580   99.52%
L1-Total-Misses:         6158412    0.48%
L1-Total-Accesses:    1280966992  100.00%

L2 Cache Stats:
L2-Load-Hits:           4302133   77.78%
L2-Load-Misses:         1228953   22.22%
L2-Load-Accesses:       5531086  100.00%

L2-Store-Hits:            422420   67.34%
L2-Store-Misses:          204906   32.66%
L2-Store-Accesses:        627326  100.00%

L2-Total-Hits:           4724553   76.72%
L2-Total-Misses:         1433859   23.28%
L2-Total-Accesses:       6158412  100.00%

