--------
Total Statistics
--------
Total Instructions: 12269206066
Total Cycles: 22090824359
IPC: 0.555398

--------
Single level Tlb hierarchy
--------
  Data Tlb:
    Entries:          64
    Page Size(B):   4096
    Associativity:      1

Latencies:    0  100
Tlb-Sets:   64 - LRU - assoc:   1

Tlb Stats:
Tlb-Load-Hits:        2342170676   98.59%
Tlb-Load-Misses:        33608487    1.41%
Tlb-Load-Accesses:    2375779163  100.00%

Tlb-Store-Hits:         649716621   99.78%
Tlb-Store-Misses:         1445684    0.22%
Tlb-Store-Accesses:     651162305  100.00%

Tlb-Total-Hits:        2991887297   98.84%
Tlb-Total-Misses:        35054171    1.16%
Tlb-Total-Accesses:    3026941468  100.00%



--------
Two level Cache hierarchy
--------
  L1-Data Cache:
    Size(KB):          32
    Block Size(B):     64
    Associativity:      8

  L2-Data Cache:
    Size(KB):        1024
    Block Size(B):    128
    Associativity:      8

Latencies:    1   25  250
L1-Sets:   64 - LRU - assoc:   8
L2-Sets: 1024 - LRU - assoc:   8
Store_allocation: Yes
L2_inclusive: Yes
L2_prefetching: No

L1 Cache Stats:
L1-Load-Hits:        2261465938   95.19%
L1-Load-Misses:       114313225    4.81%
L1-Load-Accesses:    2375779163  100.00%

L1-Store-Hits:         644713851   99.01%
L1-Store-Misses:         6448454    0.99%
L1-Store-Accesses:     651162305  100.00%

L1-Total-Hits:        2906179789   96.01%
L1-Total-Misses:       120761679    3.99%
L1-Total-Accesses:    3026941468  100.00%

L2 Cache Stats:
L2-Load-Hits:         113698933   99.46%
L2-Load-Misses:          614292    0.54%
L2-Load-Accesses:     114313225  100.00%

L2-Store-Hits:           5981875   92.76%
L2-Store-Misses:          466579    7.24%
L2-Store-Accesses:       6448454  100.00%

L2-Total-Hits:         119680808   99.10%
L2-Total-Misses:         1080871    0.90%
L2-Total-Accesses:     120761679  100.00%

