--------
Total Statistics
--------
Total Instructions: 12269206066
Total Cycles: 18778788309
IPC: 0.653355

--------
Single level Tlb hierarchy
--------
  Data Tlb:
    Entries:         256
    Page Size(B):   4096
    Associativity:      4

Latencies:    0  100
Tlb-Sets:   64 - LRU - assoc:   4

Tlb Stats:
Tlb-Load-Hits:        2373929617   99.92%
Tlb-Load-Misses:         1849546    0.08%
Tlb-Load-Accesses:    2375779163  100.00%

Tlb-Store-Hits:         651064509   99.98%
Tlb-Store-Misses:           97796    0.02%
Tlb-Store-Accesses:     651162305  100.00%

Tlb-Total-Hits:        3024994126   99.94%
Tlb-Total-Misses:         1947342    0.06%
Tlb-Total-Accesses:    3026941468  100.00%



--------
Two level Cache hierarchy
--------
  L1-Data Cache:
    Size(KB):          32
    Block Size(B):     64
    Associativity:      8

  L2-Data Cache:
    Size(KB):        1024
    Block Size(B):    128
    Associativity:      8

Latencies:    1   25  250
L1-Sets:   64 - LRU - assoc:   8
L2-Sets: 1024 - LRU - assoc:   8
Store_allocation: Yes
L2_inclusive: Yes
L2_prefetching: No

L1 Cache Stats:
L1-Load-Hits:        2261572938   95.19%
L1-Load-Misses:       114206225    4.81%
L1-Load-Accesses:    2375779163  100.00%

L1-Store-Hits:         644680347   99.00%
L1-Store-Misses:         6481958    1.00%
L1-Store-Accesses:     651162305  100.00%

L1-Total-Hits:        2906253285   96.01%
L1-Total-Misses:       120688183    3.99%
L1-Total-Accesses:    3026941468  100.00%

L2 Cache Stats:
L2-Load-Hits:         113589922   99.46%
L2-Load-Misses:          616303    0.54%
L2-Load-Accesses:     114206225  100.00%

L2-Store-Hits:           6015453   92.80%
L2-Store-Misses:          466505    7.20%
L2-Store-Accesses:       6481958  100.00%

L2-Total-Hits:         119605375   99.10%
L2-Total-Misses:         1082808    0.90%
L2-Total-Accesses:     120688183  100.00%

