--------
Total Statistics
--------
Total Instructions: 12269206066
Total Cycles: 20002490584
IPC: 0.613384

--------
Single level Tlb hierarchy
--------
  Data Tlb:
    Entries:          64
    Page Size(B):   4096
    Associativity:     64

Latencies:    0  100
Tlb-Sets:    1 - LRU - assoc:  64

Tlb Stats:
Tlb-Load-Hits:        2361813662   99.41%
Tlb-Load-Misses:        13965501    0.59%
Tlb-Load-Accesses:    2375779163  100.00%

Tlb-Store-Hits:         650905202   99.96%
Tlb-Store-Misses:          257103    0.04%
Tlb-Store-Accesses:     651162305  100.00%

Tlb-Total-Hits:        3012718864   99.53%
Tlb-Total-Misses:        14222604    0.47%
Tlb-Total-Accesses:    3026941468  100.00%



--------
Two level Cache hierarchy
--------
  L1-Data Cache:
    Size(KB):          32
    Block Size(B):     64
    Associativity:      8

  L2-Data Cache:
    Size(KB):        1024
    Block Size(B):    128
    Associativity:      8

Latencies:    1   25  250
L1-Sets:   64 - LRU - assoc:   8
L2-Sets: 1024 - LRU - assoc:   8
Store_allocation: Yes
L2_inclusive: Yes
L2_prefetching: No

L1 Cache Stats:
L1-Load-Hits:        2261673037   95.20%
L1-Load-Misses:       114106126    4.80%
L1-Load-Accesses:    2375779163  100.00%

L1-Store-Hits:         644727375   99.01%
L1-Store-Misses:         6434930    0.99%
L1-Store-Accesses:     651162305  100.00%

L1-Total-Hits:        2906400412   96.02%
L1-Total-Misses:       120541056    3.98%
L1-Total-Accesses:    3026941468  100.00%

L2 Cache Stats:
L2-Load-Hits:         113489964   99.46%
L2-Load-Misses:          616162    0.54%
L2-Load-Accesses:     114106126  100.00%

L2-Store-Hits:           5968867   92.76%
L2-Store-Misses:          466063    7.24%
L2-Store-Accesses:       6434930  100.00%

L2-Total-Hits:         119458831   99.10%
L2-Total-Misses:         1082225    0.90%
L2-Total-Accesses:     120541056  100.00%

