--------
Total Statistics
--------
Total Instructions: 12269206066
Total Cycles: 26315503834
IPC: 0.466235

--------
Single level Tlb hierarchy
--------
  Data Tlb:
    Entries:           8
    Page Size(B):   4096
    Associativity:      4

Latencies:    0  100
Tlb-Sets:    2 - LRU - assoc:   4

Tlb Stats:
Tlb-Load-Hits:        2300625843   96.84%
Tlb-Load-Misses:        75153320    3.16%
Tlb-Load-Accesses:    2375779163  100.00%

Tlb-Store-Hits:         649066569   99.68%
Tlb-Store-Misses:         2095736    0.32%
Tlb-Store-Accesses:     651162305  100.00%

Tlb-Total-Hits:        2949692412   97.45%
Tlb-Total-Misses:        77249056    2.55%
Tlb-Total-Accesses:    3026941468  100.00%



--------
Two level Cache hierarchy
--------
  L1-Data Cache:
    Size(KB):          32
    Block Size(B):     64
    Associativity:      8

  L2-Data Cache:
    Size(KB):        1024
    Block Size(B):    128
    Associativity:      8

Latencies:    1   25  250
L1-Sets:   64 - LRU - assoc:   8
L2-Sets: 1024 - LRU - assoc:   8
Store_allocation: Yes
L2_inclusive: Yes
L2_prefetching: No

L1 Cache Stats:
L1-Load-Hits:        2261448630   95.19%
L1-Load-Misses:       114330533    4.81%
L1-Load-Accesses:    2375779163  100.00%

L1-Store-Hits:         644527430   98.98%
L1-Store-Misses:         6634875    1.02%
L1-Store-Accesses:     651162305  100.00%

L1-Total-Hits:        2905976060   96.00%
L1-Total-Misses:       120965408    4.00%
L1-Total-Accesses:    3026941468  100.00%

L2 Cache Stats:
L2-Load-Hits:         113716131   99.46%
L2-Load-Misses:          614402    0.54%
L2-Load-Accesses:     114330533  100.00%

L2-Store-Hits:           6168015   92.96%
L2-Store-Misses:          466860    7.04%
L2-Store-Accesses:       6634875  100.00%

L2-Total-Hits:         119884146   99.11%
L2-Total-Misses:         1081262    0.89%
L2-Total-Accesses:     120965408  100.00%

