--------
Total Statistics
--------
Total Instructions: 12269206066
Total Cycles: 20283290184
IPC: 0.604892

--------
Single level Tlb hierarchy
--------
  Data Tlb:
    Entries:          32
    Page Size(B):   4096
    Associativity:      4

Latencies:    0  100
Tlb-Sets:    8 - LRU - assoc:   4

Tlb Stats:
Tlb-Load-Hits:        2359134487   99.30%
Tlb-Load-Misses:        16644676    0.70%
Tlb-Load-Accesses:    2375779163  100.00%

Tlb-Store-Hits:         650902890   99.96%
Tlb-Store-Misses:          259415    0.04%
Tlb-Store-Accesses:     651162305  100.00%

Tlb-Total-Hits:        3010037377   99.44%
Tlb-Total-Misses:        16904091    0.56%
Tlb-Total-Accesses:    3026941468  100.00%



--------
Two level Cache hierarchy
--------
  L1-Data Cache:
    Size(KB):          32
    Block Size(B):     64
    Associativity:      8

  L2-Data Cache:
    Size(KB):        1024
    Block Size(B):    128
    Associativity:      8

Latencies:    1   25  250
L1-Sets:   64 - LRU - assoc:   8
L2-Sets: 1024 - LRU - assoc:   8
Store_allocation: Yes
L2_inclusive: Yes
L2_prefetching: No

L1 Cache Stats:
L1-Load-Hits:        2261401474   95.19%
L1-Load-Misses:       114377689    4.81%
L1-Load-Accesses:    2375779163  100.00%

L1-Store-Hits:         644505192   98.98%
L1-Store-Misses:         6657113    1.02%
L1-Store-Accesses:     651162305  100.00%

L1-Total-Hits:        2905906666   96.00%
L1-Total-Misses:       121034802    4.00%
L1-Total-Accesses:    3026941468  100.00%

L2 Cache Stats:
L2-Load-Hits:         113760851   99.46%
L2-Load-Misses:          616838    0.54%
L2-Load-Accesses:     114377689  100.00%

L2-Store-Hits:           6190497   92.99%
L2-Store-Misses:          466616    7.01%
L2-Store-Accesses:       6657113  100.00%

L2-Total-Hits:         119951348   99.10%
L2-Total-Misses:         1083454    0.90%
L2-Total-Accesses:     121034802  100.00%

