--------
Total Statistics
--------
Total Instructions: 12269206066
Total Cycles: 20113840059
IPC: 0.609988

--------
Single level Tlb hierarchy
--------
  Data Tlb:
    Entries:          64
    Page Size(B):   4096
    Associativity:      2

Latencies:    0  100
Tlb-Sets:   32 - LRU - assoc:   2

Tlb Stats:
Tlb-Load-Hits:        2360909037   99.37%
Tlb-Load-Misses:        14870126    0.63%
Tlb-Load-Accesses:    2375779163  100.00%

Tlb-Store-Hits:         650775687   99.94%
Tlb-Store-Misses:          386618    0.06%
Tlb-Store-Accesses:     651162305  100.00%

Tlb-Total-Hits:        3011684724   99.50%
Tlb-Total-Misses:        15256744    0.50%
Tlb-Total-Accesses:    3026941468  100.00%



--------
Two level Cache hierarchy
--------
  L1-Data Cache:
    Size(KB):          32
    Block Size(B):     64
    Associativity:      8

  L2-Data Cache:
    Size(KB):        1024
    Block Size(B):    128
    Associativity:      8

Latencies:    1   25  250
L1-Sets:   64 - LRU - assoc:   8
L2-Sets: 1024 - LRU - assoc:   8
Store_allocation: Yes
L2_inclusive: Yes
L2_prefetching: No

L1 Cache Stats:
L1-Load-Hits:        2261416632   95.19%
L1-Load-Misses:       114362531    4.81%
L1-Load-Accesses:    2375779163  100.00%

L1-Store-Hits:         644687211   99.01%
L1-Store-Misses:         6475094    0.99%
L1-Store-Accesses:     651162305  100.00%

L1-Total-Hits:        2906103843   96.01%
L1-Total-Misses:       120837625    3.99%
L1-Total-Accesses:    3026941468  100.00%

L2 Cache Stats:
L2-Load-Hits:         113745046   99.46%
L2-Load-Misses:          617485    0.54%
L2-Load-Accesses:     114362531  100.00%

L2-Store-Hits:           6008269   92.79%
L2-Store-Misses:          466825    7.21%
L2-Store-Accesses:       6475094  100.00%

L2-Total-Hits:         119753315   99.10%
L2-Total-Misses:         1084310    0.90%
L2-Total-Accesses:     120837625  100.00%

