--------
Total Statistics
--------
Total Instructions: 12269206006
Total Cycles: 19806986948
IPC: 0.619438

--------
Single level Tlb hierarchy
--------
  Data Tlb:
    Entries:         128
    Page Size(B):   4096
    Associativity:      4

Latencies:    0  100
Tlb-Sets:   32 - LRU - assoc:   4

Tlb Stats:
Tlb-Load-Hits:        2363827437   99.50%
Tlb-Load-Misses:        11951705    0.50%
Tlb-Load-Accesses:    2375779142  100.00%

Tlb-Store-Hits:         650908439   99.96%
Tlb-Store-Misses:          253861    0.04%
Tlb-Store-Accesses:     651162300  100.00%

Tlb-Total-Hits:        3014735876   99.60%
Tlb-Total-Misses:        12205566    0.40%
Tlb-Total-Accesses:    3026941442  100.00%



--------
Two level Cache hierarchy
--------
  L1-Data Cache:
    Size(KB):          32
    Block Size(B):     64
    Associativity:      8

  L2-Data Cache:
    Size(KB):        1024
    Block Size(B):    128
    Associativity:      8

Latencies:    1   25  250
L1-Sets:   64 - LRU - assoc:   8
L2-Sets: 1024 - LRU - assoc:   8
Store_allocation: Yes
L2_inclusive: Yes
L2_prefetching: No

L1 Cache Stats:
L1-Load-Hits:        2261610369   95.19%
L1-Load-Misses:       114168773    4.81%
L1-Load-Accesses:    2375779142  100.00%

L1-Store-Hits:         644527807   98.98%
L1-Store-Misses:         6634493    1.02%
L1-Store-Accesses:     651162300  100.00%

L1-Total-Hits:        2906138176   96.01%
L1-Total-Misses:       120803266    3.99%
L1-Total-Accesses:    3026941442  100.00%

L2 Cache Stats:
L2-Load-Hits:         113553971   99.46%
L2-Load-Misses:          614802    0.54%
L2-Load-Accesses:     114168773  100.00%

L2-Store-Hits:           6168490   92.98%
L2-Store-Misses:          466003    7.02%
L2-Store-Accesses:       6634493  100.00%

L2-Total-Hits:         119722461   99.11%
L2-Total-Misses:         1080805    0.89%
L2-Total-Accesses:     120803266  100.00%

