--------
Total Statistics
--------
Total Instructions: 12269206066
Total Cycles: 20010260509
IPC: 0.613146

--------
Single level Tlb hierarchy
--------
  Data Tlb:
    Entries:          64
    Page Size(B):   4096
    Associativity:      4

Latencies:    0  100
Tlb-Sets:   16 - LRU - assoc:   4

Tlb Stats:
Tlb-Load-Hits:        2361799477   99.41%
Tlb-Load-Misses:        13979686    0.59%
Tlb-Load-Accesses:    2375779163  100.00%

Tlb-Store-Hits:         650905304   99.96%
Tlb-Store-Misses:          257001    0.04%
Tlb-Store-Accesses:     651162305  100.00%

Tlb-Total-Hits:        3012704781   99.53%
Tlb-Total-Misses:        14236687    0.47%
Tlb-Total-Accesses:    3026941468  100.00%



--------
Two level Cache hierarchy
--------
  L1-Data Cache:
    Size(KB):          32
    Block Size(B):     64
    Associativity:      8

  L2-Data Cache:
    Size(KB):        1024
    Block Size(B):    128
    Associativity:      8

Latencies:    1   25  250
L1-Sets:   64 - LRU - assoc:   8
L2-Sets: 1024 - LRU - assoc:   8
Store_allocation: Yes
L2_inclusive: Yes
L2_prefetching: No

L1 Cache Stats:
L1-Load-Hits:        2261518606   95.19%
L1-Load-Misses:       114260557    4.81%
L1-Load-Accesses:    2375779163  100.00%

L1-Store-Hits:         644604361   98.99%
L1-Store-Misses:         6557944    1.01%
L1-Store-Accesses:     651162305  100.00%

L1-Total-Hits:        2906122967   96.01%
L1-Total-Misses:       120818501    3.99%
L1-Total-Accesses:    3026941468  100.00%

L2 Cache Stats:
L2-Load-Hits:         113646514   99.46%
L2-Load-Misses:          614043    0.54%
L2-Load-Accesses:     114260557  100.00%

L2-Store-Hits:           6092060   92.90%
L2-Store-Misses:          465884    7.10%
L2-Store-Accesses:       6557944  100.00%

L2-Total-Hits:         119738574   99.11%
L2-Total-Misses:         1079927    0.89%
L2-Total-Accesses:     120818501  100.00%

