--------
Total Statistics
--------
Total Instructions: 12269206066
Total Cycles: 20009593834
IPC: 0.613166

--------
Single level Tlb hierarchy
--------
  Data Tlb:
    Entries:          64
    Page Size(B):   4096
    Associativity:      8

Latencies:    0  100
Tlb-Sets:    8 - LRU - assoc:   8

Tlb Stats:
Tlb-Load-Hits:        2361813629   99.41%
Tlb-Load-Misses:        13965534    0.59%
Tlb-Load-Accesses:    2375779163  100.00%

Tlb-Store-Hits:         650905248   99.96%
Tlb-Store-Misses:          257057    0.04%
Tlb-Store-Accesses:     651162305  100.00%

Tlb-Total-Hits:        3012718877   99.53%
Tlb-Total-Misses:        14222591    0.47%
Tlb-Total-Accesses:    3026941468  100.00%



--------
Two level Cache hierarchy
--------
  L1-Data Cache:
    Size(KB):          32
    Block Size(B):     64
    Associativity:      8

  L2-Data Cache:
    Size(KB):        1024
    Block Size(B):    128
    Associativity:      8

Latencies:    1   25  250
L1-Sets:   64 - LRU - assoc:   8
L2-Sets: 1024 - LRU - assoc:   8
Store_allocation: Yes
L2_inclusive: Yes
L2_prefetching: No

L1 Cache Stats:
L1-Load-Hits:        2261558056   95.19%
L1-Load-Misses:       114221107    4.81%
L1-Load-Accesses:    2375779163  100.00%

L1-Store-Hits:         644565684   98.99%
L1-Store-Misses:         6596621    1.01%
L1-Store-Accesses:     651162305  100.00%

L1-Total-Hits:        2906123740   96.01%
L1-Total-Misses:       120817728    3.99%
L1-Total-Accesses:    3026941468  100.00%

L2 Cache Stats:
L2-Load-Hits:         113604016   99.46%
L2-Load-Misses:          617091    0.54%
L2-Load-Accesses:     114221107  100.00%

L2-Store-Hits:           6130736   92.94%
L2-Store-Misses:          465885    7.06%
L2-Store-Accesses:       6596621  100.00%

L2-Total-Hits:         119734752   99.10%
L2-Total-Misses:         1082976    0.90%
L2-Total-Accesses:     120817728  100.00%

