--------
Total Statistics
--------
Total Instructions: 1671520958
Total Cycles: 14869536620
IPC: 0.112412

--------
Single level Tlb hierarchy
--------
  Data Tlb:
    Entries:         256
    Page Size(B):   4096
    Associativity:      4

Latencies:    0  100
Tlb-Sets:   64 - LRU - assoc:   4

Tlb Stats:
Tlb-Load-Hits:         276793037   90.29%
Tlb-Load-Misses:        29760910    9.71%
Tlb-Load-Accesses:     306553947  100.00%

Tlb-Store-Hits:         120810421   99.99%
Tlb-Store-Misses:            6994    0.01%
Tlb-Store-Accesses:     120817415  100.00%

Tlb-Total-Hits:         397603458   93.03%
Tlb-Total-Misses:        29767904    6.97%
Tlb-Total-Accesses:     427371362  100.00%



--------
Two level Cache hierarchy
--------
  L1-Data Cache:
    Size(KB):          32
    Block Size(B):     64
    Associativity:      8

  L2-Data Cache:
    Size(KB):        1024
    Block Size(B):    128
    Associativity:      8

Latencies:    1   25  250
L1-Sets:   64 - LRU - assoc:   8
L2-Sets: 1024 - LRU - assoc:   8
Store_allocation: Yes
L2_inclusive: Yes
L2_prefetching: No

L1 Cache Stats:
L1-Load-Hits:         234146868   76.38%
L1-Load-Misses:        72407079   23.62%
L1-Load-Accesses:     306553947  100.00%

L1-Store-Hits:         120808278   99.99%
L1-Store-Misses:            9137    0.01%
L1-Store-Accesses:     120817415  100.00%

L1-Total-Hits:         354955146   83.06%
L1-Total-Misses:        72416216   16.94%
L1-Total-Accesses:     427371362  100.00%

L2 Cache Stats:
L2-Load-Hits:          40475505   55.90%
L2-Load-Misses:        31931574   44.10%
L2-Load-Accesses:      72407079  100.00%

L2-Store-Hits:              6917   75.70%
L2-Store-Misses:            2220   24.30%
L2-Store-Accesses:          9137  100.00%

L2-Total-Hits:          40482422   55.90%
L2-Total-Misses:        31933794   44.10%
L2-Total-Accesses:      72416216  100.00%

