--------
Total Statistics
--------
Total Instructions: 1671520958
Total Cycles: 17779604220
IPC: 0.0940134

--------
Single level Tlb hierarchy
--------
  Data Tlb:
    Entries:          64
    Page Size(B):   4096
    Associativity:      1

Latencies:    0  100
Tlb-Sets:   64 - LRU - assoc:   1

Tlb Stats:
Tlb-Load-Hits:         248346514   81.01%
Tlb-Load-Misses:        58207433   18.99%
Tlb-Load-Accesses:     306553947  100.00%

Tlb-Store-Hits:         120157060   99.45%
Tlb-Store-Misses:          660355    0.55%
Tlb-Store-Accesses:     120817415  100.00%

Tlb-Total-Hits:         368503574   86.23%
Tlb-Total-Misses:        58867788   13.77%
Tlb-Total-Accesses:     427371362  100.00%



--------
Two level Cache hierarchy
--------
  L1-Data Cache:
    Size(KB):          32
    Block Size(B):     64
    Associativity:      8

  L2-Data Cache:
    Size(KB):        1024
    Block Size(B):    128
    Associativity:      8

Latencies:    1   25  250
L1-Sets:   64 - LRU - assoc:   8
L2-Sets: 1024 - LRU - assoc:   8
Store_allocation: Yes
L2_inclusive: Yes
L2_prefetching: No

L1 Cache Stats:
L1-Load-Hits:         234126229   76.37%
L1-Load-Misses:        72427718   23.63%
L1-Load-Accesses:     306553947  100.00%

L1-Store-Hits:         120807749   99.99%
L1-Store-Misses:            9666    0.01%
L1-Store-Accesses:     120817415  100.00%

L1-Total-Hits:         354933978   83.05%
L1-Total-Misses:        72437384   16.95%
L1-Total-Accesses:     427371362  100.00%

L2 Cache Stats:
L2-Load-Hits:          40498222   55.92%
L2-Load-Misses:        31929496   44.08%
L2-Load-Accesses:      72427718  100.00%

L2-Store-Hits:              7168   74.16%
L2-Store-Misses:            2498   25.84%
L2-Store-Accesses:          9666  100.00%

L2-Total-Hits:          40505390   55.92%
L2-Total-Misses:        31931994   44.08%
L2-Total-Accesses:      72437384  100.00%

