--------
Total Statistics
--------
Total Instructions: 1671520958
Total Cycles: 15514163695
IPC: 0.107742

--------
Single level Tlb hierarchy
--------
  Data Tlb:
    Entries:          64
    Page Size(B):   4096
    Associativity:      8

Latencies:    0  100
Tlb-Sets:    8 - LRU - assoc:   8

Tlb Stats:
Tlb-Load-Hits:         270644502   88.29%
Tlb-Load-Misses:        35909445   11.71%
Tlb-Load-Accesses:     306553947  100.00%

Tlb-Store-Hits:         120505633   99.74%
Tlb-Store-Misses:          311782    0.26%
Tlb-Store-Accesses:     120817415  100.00%

Tlb-Total-Hits:         391150135   91.52%
Tlb-Total-Misses:        36221227    8.48%
Tlb-Total-Accesses:     427371362  100.00%



--------
Two level Cache hierarchy
--------
  L1-Data Cache:
    Size(KB):          32
    Block Size(B):     64
    Associativity:      8

  L2-Data Cache:
    Size(KB):        1024
    Block Size(B):    128
    Associativity:      8

Latencies:    1   25  250
L1-Sets:   64 - LRU - assoc:   8
L2-Sets: 1024 - LRU - assoc:   8
Store_allocation: Yes
L2_inclusive: Yes
L2_prefetching: No

L1 Cache Stats:
L1-Load-Hits:         234170198   76.39%
L1-Load-Misses:        72383749   23.61%
L1-Load-Accesses:     306553947  100.00%

L1-Store-Hits:         120803827   99.99%
L1-Store-Misses:           13588    0.01%
L1-Store-Accesses:     120817415  100.00%

L1-Total-Hits:         354974025   83.06%
L1-Total-Misses:        72397337   16.94%
L1-Total-Accesses:     427371362  100.00%

L2 Cache Stats:
L2-Load-Hits:          40452897   55.89%
L2-Load-Misses:        31930852   44.11%
L2-Load-Accesses:      72383749  100.00%

L2-Store-Hits:             11579   85.21%
L2-Store-Misses:            2009   14.79%
L2-Store-Accesses:         13588  100.00%

L2-Total-Hits:          40464476   55.89%
L2-Total-Misses:        31932861   44.11%
L2-Total-Accesses:      72397337  100.00%

