--------
Total Statistics
--------
Total Instructions: 1671520958
Total Cycles: 15392412120
IPC: 0.108594

--------
Single level Tlb hierarchy
--------
  Data Tlb:
    Entries:          64
    Page Size(B):   4096
    Associativity:     16

Latencies:    0  100
Tlb-Sets:    4 - LRU - assoc:  16

Tlb Stats:
Tlb-Load-Hits:         271947754   88.71%
Tlb-Load-Misses:        34606193   11.29%
Tlb-Load-Accesses:     306553947  100.00%

Tlb-Store-Hits:         120436502   99.68%
Tlb-Store-Misses:          380913    0.32%
Tlb-Store-Accesses:     120817415  100.00%

Tlb-Total-Hits:         392384256   91.81%
Tlb-Total-Misses:        34987106    8.19%
Tlb-Total-Accesses:     427371362  100.00%



--------
Two level Cache hierarchy
--------
  L1-Data Cache:
    Size(KB):          32
    Block Size(B):     64
    Associativity:      8

  L2-Data Cache:
    Size(KB):        1024
    Block Size(B):    128
    Associativity:      8

Latencies:    1   25  250
L1-Sets:   64 - LRU - assoc:   8
L2-Sets: 1024 - LRU - assoc:   8
Store_allocation: Yes
L2_inclusive: Yes
L2_prefetching: No

L1 Cache Stats:
L1-Load-Hits:         234135556   76.38%
L1-Load-Misses:        72418391   23.62%
L1-Load-Accesses:     306553947  100.00%

L1-Store-Hits:         120796178   99.98%
L1-Store-Misses:           21237    0.02%
L1-Store-Accesses:     120817415  100.00%

L1-Total-Hits:         354931734   83.05%
L1-Total-Misses:        72439628   16.95%
L1-Total-Accesses:     427371362  100.00%

L2 Cache Stats:
L2-Load-Hits:          40487560   55.91%
L2-Load-Misses:        31930831   44.09%
L2-Load-Accesses:      72418391  100.00%

L2-Store-Hits:             16794   79.08%
L2-Store-Misses:            4443   20.92%
L2-Store-Accesses:         21237  100.00%

L2-Total-Hits:          40504354   55.91%
L2-Total-Misses:        31935274   44.09%
L2-Total-Accesses:      72439628  100.00%

