--------
Total Statistics
--------
Total Instructions: 1671520958
Total Cycles: 16931017395
IPC: 0.0987254

--------
Single level Tlb hierarchy
--------
  Data Tlb:
    Entries:          64
    Page Size(B):   4096
    Associativity:      2

Latencies:    0  100
Tlb-Sets:   32 - LRU - assoc:   2

Tlb Stats:
Tlb-Load-Hits:         257086983   83.86%
Tlb-Load-Misses:        49466964   16.14%
Tlb-Load-Accesses:     306553947  100.00%

Tlb-Store-Hits:         119888322   99.23%
Tlb-Store-Misses:          929093    0.77%
Tlb-Store-Accesses:     120817415  100.00%

Tlb-Total-Hits:         376975305   88.21%
Tlb-Total-Misses:        50396057   11.79%
Tlb-Total-Accesses:     427371362  100.00%



--------
Two level Cache hierarchy
--------
  L1-Data Cache:
    Size(KB):          32
    Block Size(B):     64
    Associativity:      8

  L2-Data Cache:
    Size(KB):        1024
    Block Size(B):    128
    Associativity:      8

Latencies:    1   25  250
L1-Sets:   64 - LRU - assoc:   8
L2-Sets: 1024 - LRU - assoc:   8
Store_allocation: Yes
L2_inclusive: Yes
L2_prefetching: No

L1 Cache Stats:
L1-Load-Hits:         234177559   76.39%
L1-Load-Misses:        72376388   23.61%
L1-Load-Accesses:     306553947  100.00%

L1-Store-Hits:         120803918   99.99%
L1-Store-Misses:           13497    0.01%
L1-Store-Accesses:     120817415  100.00%

L1-Total-Hits:         354981477   83.06%
L1-Total-Misses:        72389885   16.94%
L1-Total-Accesses:     427371362  100.00%

L2 Cache Stats:
L2-Load-Hits:          40447309   55.88%
L2-Load-Misses:        31929079   44.12%
L2-Load-Accesses:      72376388  100.00%

L2-Store-Hits:             11487   85.11%
L2-Store-Misses:            2010   14.89%
L2-Store-Accesses:         13497  100.00%

L2-Total-Hits:          40458796   55.89%
L2-Total-Misses:        31931089   44.11%
L2-Total-Accesses:      72389885  100.00%

