--------
Total Statistics
--------
Total Instructions: 1671520958
Total Cycles: 22559254195
IPC: 0.0740947

--------
Single level Tlb hierarchy
--------
  Data Tlb:
    Entries:           8
    Page Size(B):   4096
    Associativity:      4

Latencies:    0  100
Tlb-Sets:    2 - LRU - assoc:   4

Tlb Stats:
Tlb-Load-Hits:         203188110   66.28%
Tlb-Load-Misses:       103365837   33.72%
Tlb-Load-Accesses:     306553947  100.00%

Tlb-Store-Hits:         117511544   97.26%
Tlb-Store-Misses:         3305871    2.74%
Tlb-Store-Accesses:     120817415  100.00%

Tlb-Total-Hits:         320699654   75.04%
Tlb-Total-Misses:       106671708   24.96%
Tlb-Total-Accesses:     427371362  100.00%



--------
Two level Cache hierarchy
--------
  L1-Data Cache:
    Size(KB):          32
    Block Size(B):     64
    Associativity:      8

  L2-Data Cache:
    Size(KB):        1024
    Block Size(B):    128
    Associativity:      8

Latencies:    1   25  250
L1-Sets:   64 - LRU - assoc:   8
L2-Sets: 1024 - LRU - assoc:   8
Store_allocation: Yes
L2_inclusive: Yes
L2_prefetching: No

L1 Cache Stats:
L1-Load-Hits:         234146968   76.38%
L1-Load-Misses:        72406979   23.62%
L1-Load-Accesses:     306553947  100.00%

L1-Store-Hits:         120808361   99.99%
L1-Store-Misses:            9054    0.01%
L1-Store-Accesses:     120817415  100.00%

L1-Total-Hits:         354955329   83.06%
L1-Total-Misses:        72416033   16.94%
L1-Total-Accesses:     427371362  100.00%

L2 Cache Stats:
L2-Load-Hits:          40478003   55.90%
L2-Load-Misses:        31928976   44.10%
L2-Load-Accesses:      72406979  100.00%

L2-Store-Hits:              6869   75.87%
L2-Store-Misses:            2185   24.13%
L2-Store-Accesses:          9054  100.00%

L2-Total-Hits:          40484872   55.91%
L2-Total-Misses:        31931161   44.09%
L2-Total-Accesses:      72416033  100.00%

