--------
Total Statistics
--------
Total Instructions: 1671520958
Total Cycles: 21148251570
IPC: 0.0790383

--------
Single level Tlb hierarchy
--------
  Data Tlb:
    Entries:          16
    Page Size(B):   4096
    Associativity:      4

Latencies:    0  100
Tlb-Sets:    4 - LRU - assoc:   4

Tlb Stats:
Tlb-Load-Hits:         215383664   70.26%
Tlb-Load-Misses:        91170283   29.74%
Tlb-Load-Accesses:     306553947  100.00%

Tlb-Store-Hits:         119427151   98.85%
Tlb-Store-Misses:         1390264    1.15%
Tlb-Store-Accesses:     120817415  100.00%

Tlb-Total-Hits:         334810815   78.34%
Tlb-Total-Misses:        92560547   21.66%
Tlb-Total-Accesses:     427371362  100.00%



--------
Two level Cache hierarchy
--------
  L1-Data Cache:
    Size(KB):          32
    Block Size(B):     64
    Associativity:      8

  L2-Data Cache:
    Size(KB):        1024
    Block Size(B):    128
    Associativity:      8

Latencies:    1   25  250
L1-Sets:   64 - LRU - assoc:   8
L2-Sets: 1024 - LRU - assoc:   8
Store_allocation: Yes
L2_inclusive: Yes
L2_prefetching: No

L1 Cache Stats:
L1-Load-Hits:         234170993   76.39%
L1-Load-Misses:        72382954   23.61%
L1-Load-Accesses:     306553947  100.00%

L1-Store-Hits:         120801047   99.99%
L1-Store-Misses:           16368    0.01%
L1-Store-Accesses:     120817415  100.00%

L1-Total-Hits:         354972040   83.06%
L1-Total-Misses:        72399322   16.94%
L1-Total-Accesses:     427371362  100.00%

L2 Cache Stats:
L2-Load-Hits:          40454223   55.89%
L2-Load-Misses:        31928731   44.11%
L2-Load-Accesses:      72382954  100.00%

L2-Store-Hits:             11813   72.17%
L2-Store-Misses:            4555   27.83%
L2-Store-Accesses:         16368  100.00%

L2-Total-Hits:          40466036   55.89%
L2-Total-Misses:        31933286   44.11%
L2-Total-Accesses:      72399322  100.00%

