--------
Total Statistics
--------
Total Instructions: 1671520958
Total Cycles: 16141972995
IPC: 0.103551

--------
Single level Tlb hierarchy
--------
  Data Tlb:
    Entries:          64
    Page Size(B):   4096
    Associativity:      4

Latencies:    0  100
Tlb-Sets:   16 - LRU - assoc:   4

Tlb Stats:
Tlb-Load-Hits:         264639102   86.33%
Tlb-Load-Misses:        41914845   13.67%
Tlb-Load-Accesses:     306553947  100.00%

Tlb-Store-Hits:         120234556   99.52%
Tlb-Store-Misses:          582859    0.48%
Tlb-Store-Accesses:     120817415  100.00%

Tlb-Total-Hits:         384873658   90.06%
Tlb-Total-Misses:        42497704    9.94%
Tlb-Total-Accesses:     427371362  100.00%



--------
Two level Cache hierarchy
--------
  L1-Data Cache:
    Size(KB):          32
    Block Size(B):     64
    Associativity:      8

  L2-Data Cache:
    Size(KB):        1024
    Block Size(B):    128
    Associativity:      8

Latencies:    1   25  250
L1-Sets:   64 - LRU - assoc:   8
L2-Sets: 1024 - LRU - assoc:   8
Store_allocation: Yes
L2_inclusive: Yes
L2_prefetching: No

L1 Cache Stats:
L1-Load-Hits:         234147330   76.38%
L1-Load-Misses:        72406617   23.62%
L1-Load-Accesses:     306553947  100.00%

L1-Store-Hits:         120797631   99.98%
L1-Store-Misses:           19784    0.02%
L1-Store-Accesses:     120817415  100.00%

L1-Total-Hits:         354944961   83.05%
L1-Total-Misses:        72426401   16.95%
L1-Total-Accesses:     427371362  100.00%

L2 Cache Stats:
L2-Load-Hits:          40480344   55.91%
L2-Load-Misses:        31926273   44.09%
L2-Load-Accesses:      72406617  100.00%

L2-Store-Hits:             15456   78.12%
L2-Store-Misses:            4328   21.88%
L2-Store-Accesses:         19784  100.00%

L2-Total-Hits:          40495800   55.91%
L2-Total-Misses:        31930601   44.09%
L2-Total-Accesses:      72426401  100.00%

