--------
Total Statistics
--------
Total Instructions: 22026279226
Total Cycles: 64186047035
IPC: 0.343163

--------
Single level Tlb hierarchy
--------
  Data Tlb:
    Entries:          32
    Page Size(B):   4096
    Associativity:      4

Latencies:    0  100
Tlb-Sets:    8 - LRU - assoc:   4

Tlb Stats:
Tlb-Load-Hits:        6434018955   98.78%
Tlb-Load-Misses:        79476906    1.22%
Tlb-Load-Accesses:    6513495861  100.00%

Tlb-Store-Hits:        2852936859   99.62%
Tlb-Store-Misses:        10923714    0.38%
Tlb-Store-Accesses:    2863860573  100.00%

Tlb-Total-Hits:        9286955814   99.04%
Tlb-Total-Misses:        90400620    0.96%
Tlb-Total-Accesses:    9377356434  100.00%



--------
Two level Cache hierarchy
--------
  L1-Data Cache:
    Size(KB):          32
    Block Size(B):     64
    Associativity:      8

  L2-Data Cache:
    Size(KB):        1024
    Block Size(B):    128
    Associativity:      8

Latencies:    1   25  250
L1-Sets:   64 - LRU - assoc:   8
L2-Sets: 1024 - LRU - assoc:   8
Store_allocation: Yes
L2_inclusive: Yes
L2_prefetching: No

L1 Cache Stats:
L1-Load-Hits:        6287508671   96.53%
L1-Load-Misses:       225987190    3.47%
L1-Load-Accesses:    6513495861  100.00%

L1-Store-Hits:        2844465798   99.32%
L1-Store-Misses:        19394775    0.68%
L1-Store-Accesses:    2863860573  100.00%

L1-Total-Hits:        9131974469   97.38%
L1-Total-Misses:       245381965    2.62%
L1-Total-Accesses:    9377356434  100.00%

L2 Cache Stats:
L2-Load-Hits:         160966047   71.23%
L2-Load-Misses:        65021143   28.77%
L2-Load-Accesses:     225987190  100.00%

L2-Store-Hits:          13984717   72.11%
L2-Store-Misses:         5410058   27.89%
L2-Store-Accesses:      19394775  100.00%

L2-Total-Hits:         174950764   71.30%
L2-Total-Misses:        70431201   28.70%
L2-Total-Accesses:     245381965  100.00%

