--------
Total Statistics
--------
Total Instructions: 22026279332
Total Cycles: 59094011171
IPC: 0.372733

--------
Single level Tlb hierarchy
--------
  Data Tlb:
    Entries:          64
    Page Size(B):   4096
    Associativity:      4

Latencies:    0  100
Tlb-Sets:   16 - LRU - assoc:   4

Tlb Stats:
Tlb-Load-Hits:        6481107178   99.50%
Tlb-Load-Misses:        32388717    0.50%
Tlb-Load-Accesses:    6513495895  100.00%

Tlb-Store-Hits:        2856757781   99.75%
Tlb-Store-Misses:         7102813    0.25%
Tlb-Store-Accesses:    2863860594  100.00%

Tlb-Total-Hits:        9337864959   99.58%
Tlb-Total-Misses:        39491530    0.42%
Tlb-Total-Accesses:    9377356489  100.00%



--------
Two level Cache hierarchy
--------
  L1-Data Cache:
    Size(KB):          32
    Block Size(B):     64
    Associativity:      8

  L2-Data Cache:
    Size(KB):        1024
    Block Size(B):    128
    Associativity:      8

Latencies:    1   25  250
L1-Sets:   64 - LRU - assoc:   8
L2-Sets: 1024 - LRU - assoc:   8
Store_allocation: Yes
L2_inclusive: Yes
L2_prefetching: No

L1 Cache Stats:
L1-Load-Hits:        6287576459   96.53%
L1-Load-Misses:       225919436    3.47%
L1-Load-Accesses:    6513495895  100.00%

L1-Store-Hits:        2844508516   99.32%
L1-Store-Misses:        19352078    0.68%
L1-Store-Accesses:    2863860594  100.00%

L1-Total-Hits:        9132084975   97.38%
L1-Total-Misses:       245271514    2.62%
L1-Total-Accesses:    9377356489  100.00%

L2 Cache Stats:
L2-Load-Hits:         160891009   71.22%
L2-Load-Misses:        65028427   28.78%
L2-Load-Accesses:     225919436  100.00%

L2-Store-Hits:          13942767   72.05%
L2-Store-Misses:         5409311   27.95%
L2-Store-Accesses:      19352078  100.00%

L2-Total-Hits:         174833776   71.28%
L2-Total-Misses:        70437738   28.72%
L2-Total-Accesses:     245271514  100.00%

