--------
Total Statistics
--------
Total Instructions: 22026279310
Total Cycles: 57969836782
IPC: 0.379961

--------
Single level Tlb hierarchy
--------
  Data Tlb:
    Entries:          64
    Page Size(B):   4096
    Associativity:      8

Latencies:    0  100
Tlb-Sets:    8 - LRU - assoc:   8

Tlb Stats:
Tlb-Load-Hits:        6489111050   99.63%
Tlb-Load-Misses:        24384847    0.37%
Tlb-Load-Accesses:    6513495897  100.00%

Tlb-Store-Hits:        2860035351   99.87%
Tlb-Store-Misses:         3825224    0.13%
Tlb-Store-Accesses:    2863860575  100.00%

Tlb-Total-Hits:        9349146401   99.70%
Tlb-Total-Misses:        28210071    0.30%
Tlb-Total-Accesses:    9377356472  100.00%



--------
Two level Cache hierarchy
--------
  L1-Data Cache:
    Size(KB):          32
    Block Size(B):     64
    Associativity:      8

  L2-Data Cache:
    Size(KB):        1024
    Block Size(B):    128
    Associativity:      8

Latencies:    1   25  250
L1-Sets:   64 - LRU - assoc:   8
L2-Sets: 1024 - LRU - assoc:   8
Store_allocation: Yes
L2_inclusive: Yes
L2_prefetching: No

L1 Cache Stats:
L1-Load-Hits:        6287414705   96.53%
L1-Load-Misses:       226081192    3.47%
L1-Load-Accesses:    6513495897  100.00%

L1-Store-Hits:        2844442741   99.32%
L1-Store-Misses:        19417834    0.68%
L1-Store-Accesses:    2863860575  100.00%

L1-Total-Hits:        9131857446   97.38%
L1-Total-Misses:       245499026    2.62%
L1-Total-Accesses:    9377356472  100.00%

L2 Cache Stats:
L2-Load-Hits:         161059600   71.24%
L2-Load-Misses:        65021592   28.76%
L2-Load-Accesses:     226081192  100.00%

L2-Store-Hits:          14008553   72.14%
L2-Store-Misses:         5409281   27.86%
L2-Store-Accesses:      19417834  100.00%

L2-Total-Hits:         175068153   71.31%
L2-Total-Misses:        70430873   28.69%
L2-Total-Accesses:     245499026  100.00%

