--------
Total Statistics
--------
Total Instructions: 22026279207
Total Cycles: 60636045933
IPC: 0.363254

--------
Single level Tlb hierarchy
--------
  Data Tlb:
    Entries:          64
    Page Size(B):   4096
    Associativity:      2

Latencies:    0  100
Tlb-Sets:   32 - LRU - assoc:   2

Tlb Stats:
Tlb-Load-Hits:        6463546100   99.23%
Tlb-Load-Misses:        49949763    0.77%
Tlb-Load-Accesses:    6513495863  100.00%

Tlb-Store-Hits:        2858928598   99.83%
Tlb-Store-Misses:         4931965    0.17%
Tlb-Store-Accesses:    2863860563  100.00%

Tlb-Total-Hits:        9322474698   99.41%
Tlb-Total-Misses:        54881728    0.59%
Tlb-Total-Accesses:    9377356426  100.00%



--------
Two level Cache hierarchy
--------
  L1-Data Cache:
    Size(KB):          32
    Block Size(B):     64
    Associativity:      8

  L2-Data Cache:
    Size(KB):        1024
    Block Size(B):    128
    Associativity:      8

Latencies:    1   25  250
L1-Sets:   64 - LRU - assoc:   8
L2-Sets: 1024 - LRU - assoc:   8
Store_allocation: Yes
L2_inclusive: Yes
L2_prefetching: No

L1 Cache Stats:
L1-Load-Hits:        6287433485   96.53%
L1-Load-Misses:       226062378    3.47%
L1-Load-Accesses:    6513495863  100.00%

L1-Store-Hits:        2844469151   99.32%
L1-Store-Misses:        19391412    0.68%
L1-Store-Accesses:    2863860563  100.00%

L1-Total-Hits:        9131902636   97.38%
L1-Total-Misses:       245453790    2.62%
L1-Total-Accesses:    9377356426  100.00%

L2 Cache Stats:
L2-Load-Hits:         161040385   71.24%
L2-Load-Misses:        65021993   28.76%
L2-Load-Accesses:     226062378  100.00%

L2-Store-Hits:          13981834   72.10%
L2-Store-Misses:         5409578   27.90%
L2-Store-Accesses:      19391412  100.00%

L2-Total-Hits:         175022219   71.31%
L2-Total-Misses:        70431571   28.69%
L2-Total-Accesses:     245453790  100.00%

