--------
Total Statistics
--------
Total Instructions: 22026279038
Total Cycles: 55523418531
IPC: 0.396703

--------
Single level Tlb hierarchy
--------
  Data Tlb:
    Entries:         256
    Page Size(B):   4096
    Associativity:      4

Latencies:    0  100
Tlb-Sets:   64 - LRU - assoc:   4

Tlb Stats:
Tlb-Load-Hits:        6510031433   99.95%
Tlb-Load-Misses:         3464399    0.05%
Tlb-Load-Accesses:    6513495832  100.00%

Tlb-Store-Hits:        2863552596   99.99%
Tlb-Store-Misses:          307965    0.01%
Tlb-Store-Accesses:    2863860561  100.00%

Tlb-Total-Hits:        9373584029   99.96%
Tlb-Total-Misses:         3772364    0.04%
Tlb-Total-Accesses:    9377356393  100.00%



--------
Two level Cache hierarchy
--------
  L1-Data Cache:
    Size(KB):          32
    Block Size(B):     64
    Associativity:      8

  L2-Data Cache:
    Size(KB):        1024
    Block Size(B):    128
    Associativity:      8

Latencies:    1   25  250
L1-Sets:   64 - LRU - assoc:   8
L2-Sets: 1024 - LRU - assoc:   8
Store_allocation: Yes
L2_inclusive: Yes
L2_prefetching: No

L1 Cache Stats:
L1-Load-Hits:        6287439972   96.53%
L1-Load-Misses:       226055860    3.47%
L1-Load-Accesses:    6513495832  100.00%

L1-Store-Hits:        2844449903   99.32%
L1-Store-Misses:        19410658    0.68%
L1-Store-Accesses:    2863860561  100.00%

L1-Total-Hits:        9131889875   97.38%
L1-Total-Misses:       245466518    2.62%
L1-Total-Accesses:    9377356393  100.00%

L2 Cache Stats:
L2-Load-Hits:         161041470   71.24%
L2-Load-Misses:        65014390   28.76%
L2-Load-Accesses:     226055860  100.00%

L2-Store-Hits:          14001513   72.13%
L2-Store-Misses:         5409145   27.87%
L2-Store-Accesses:      19410658  100.00%

L2-Total-Hits:         175042983   71.31%
L2-Total-Misses:        70423535   28.69%
L2-Total-Accesses:     245466518  100.00%

