--------
Total Statistics
--------
Total Instructions: 22026283472
Total Cycles: 56537289384
IPC: 0.389589

--------
Single level Tlb hierarchy
--------
  Data Tlb:
    Entries:          64
    Page Size(B):   4096
    Associativity:     64

Latencies:    0  100
Tlb-Sets:    1 - LRU - assoc:  64

Tlb Stats:
Tlb-Load-Hits:        6500876231   99.81%
Tlb-Load-Misses:        12620753    0.19%
Tlb-Load-Accesses:    6513496984  100.00%

Tlb-Store-Hits:        2862544712   99.95%
Tlb-Store-Misses:         1316491    0.05%
Tlb-Store-Accesses:    2863861203  100.00%

Tlb-Total-Hits:        9363420943   99.85%
Tlb-Total-Misses:        13937244    0.15%
Tlb-Total-Accesses:    9377358187  100.00%



--------
Two level Cache hierarchy
--------
  L1-Data Cache:
    Size(KB):          32
    Block Size(B):     64
    Associativity:      8

  L2-Data Cache:
    Size(KB):        1024
    Block Size(B):    128
    Associativity:      8

Latencies:    1   25  250
L1-Sets:   64 - LRU - assoc:   8
L2-Sets: 1024 - LRU - assoc:   8
Store_allocation: Yes
L2_inclusive: Yes
L2_prefetching: No

L1 Cache Stats:
L1-Load-Hits:        6287601607   96.53%
L1-Load-Misses:       225895377    3.47%
L1-Load-Accesses:    6513496984  100.00%

L1-Store-Hits:        2844490967   99.32%
L1-Store-Misses:        19370236    0.68%
L1-Store-Accesses:    2863861203  100.00%

L1-Total-Hits:        9132092574   97.38%
L1-Total-Misses:       245265613    2.62%
L1-Total-Accesses:    9377358187  100.00%

L2 Cache Stats:
L2-Load-Hits:         160871899   71.22%
L2-Load-Misses:        65023478   28.78%
L2-Load-Accesses:     225895377  100.00%

L2-Store-Hits:          13960582   72.07%
L2-Store-Misses:         5409654   27.93%
L2-Store-Accesses:      19370236  100.00%

L2-Total-Hits:         174832481   71.28%
L2-Total-Misses:        70433132   28.72%
L2-Total-Accesses:     245265613  100.00%

