--------
Total Statistics
--------
Total Instructions: 23583563853
Total Cycles: 50043084947
IPC: 0.471265

--------
Single level Tlb hierarchy
--------
  Data Tlb:
    Entries:         128
    Page Size(B):   4096
    Associativity:      4

Latencies:    0  100
Tlb-Sets:   32 - LRU - assoc:   4

Tlb Stats:
Tlb-Load-Hits:        6653776380   99.66%
Tlb-Load-Misses:        22528215    0.34%
Tlb-Load-Accesses:    6676304595  100.00%

Tlb-Store-Hits:         902007379   99.97%
Tlb-Store-Misses:          252595    0.03%
Tlb-Store-Accesses:     902259974  100.00%

Tlb-Total-Hits:        7555783759   99.70%
Tlb-Total-Misses:        22780810    0.30%
Tlb-Total-Accesses:    7578564569  100.00%



--------
Two level Cache hierarchy
--------
  L1-Data Cache:
    Size(KB):          32
    Block Size(B):     64
    Associativity:      8

  L2-Data Cache:
    Size(KB):        1024
    Block Size(B):    128
    Associativity:      8

Latencies:    1   25  250
L1-Sets:   64 - LRU - assoc:   8
L2-Sets: 1024 - LRU - assoc:   8
Store_allocation: Yes
L2_inclusive: Yes
L2_prefetching: No

L1 Cache Stats:
L1-Load-Hits:        6510723253   97.52%
L1-Load-Misses:       165581342    2.48%
L1-Load-Accesses:    6676304595  100.00%

L1-Store-Hits:         890951305   98.75%
L1-Store-Misses:        11308669    1.25%
L1-Store-Accesses:     902259974  100.00%

L1-Total-Hits:        7401674558   97.67%
L1-Total-Misses:       176890011    2.33%
L1-Total-Accesses:    7578564569  100.00%

L2 Cache Stats:
L2-Load-Hits:         118862202   71.78%
L2-Load-Misses:        46719140   28.22%
L2-Load-Accesses:     165581342  100.00%

L2-Store-Hits:           9305308   82.28%
L2-Store-Misses:         2003361   17.72%
L2-Store-Accesses:      11308669  100.00%

L2-Total-Hits:         128167510   72.46%
L2-Total-Misses:        48722501   27.54%
L2-Total-Accesses:     176890011  100.00%

