--------
Total Statistics
--------
Total Instructions: 23583563853
Total Cycles: 50008208247
IPC: 0.471594

--------
Single level Tlb hierarchy
--------
  Data Tlb:
    Entries:          64
    Page Size(B):   4096
    Associativity:     32

Latencies:    0  100
Tlb-Sets:    2 - LRU - assoc:  32

Tlb Stats:
Tlb-Load-Hits:        6653362657   99.66%
Tlb-Load-Misses:        22941938    0.34%
Tlb-Load-Accesses:    6676304595  100.00%

Tlb-Store-Hits:         902123042   99.98%
Tlb-Store-Misses:          136932    0.02%
Tlb-Store-Accesses:     902259974  100.00%

Tlb-Total-Hits:        7555485699   99.70%
Tlb-Total-Misses:        23078870    0.30%
Tlb-Total-Accesses:    7578564569  100.00%



--------
Two level Cache hierarchy
--------
  L1-Data Cache:
    Size(KB):          32
    Block Size(B):     64
    Associativity:      8

  L2-Data Cache:
    Size(KB):        1024
    Block Size(B):    128
    Associativity:      8

Latencies:    1   25  250
L1-Sets:   64 - LRU - assoc:   8
L2-Sets: 1024 - LRU - assoc:   8
Store_allocation: Yes
L2_inclusive: Yes
L2_prefetching: No

L1 Cache Stats:
L1-Load-Hits:        6513414689   97.56%
L1-Load-Misses:       162889906    2.44%
L1-Load-Accesses:    6676304595  100.00%

L1-Store-Hits:         890971957   98.75%
L1-Store-Misses:        11288017    1.25%
L1-Store-Accesses:     902259974  100.00%

L1-Total-Hits:        7404386646   97.70%
L1-Total-Misses:       174177923    2.30%
L1-Total-Accesses:    7578564569  100.00%

L2 Cache Stats:
L2-Load-Hits:         116157876   71.31%
L2-Load-Misses:        46732030   28.69%
L2-Load-Accesses:     162889906  100.00%

L2-Store-Hits:           9285068   82.26%
L2-Store-Misses:         2002949   17.74%
L2-Store-Accesses:      11288017  100.00%

L2-Total-Hits:         125442944   72.02%
L2-Total-Misses:        48734979   27.98%
L2-Total-Accesses:     174177923  100.00%

