--------
Total Statistics
--------
Total Instructions: 23583563853
Total Cycles: 50182766047
IPC: 0.469953

--------
Single level Tlb hierarchy
--------
  Data Tlb:
    Entries:          64
    Page Size(B):   4096
    Associativity:      8

Latencies:    0  100
Tlb-Sets:    8 - LRU - assoc:   8

Tlb Stats:
Tlb-Load-Hits:        6653121557   99.65%
Tlb-Load-Misses:        23183038    0.35%
Tlb-Load-Accesses:    6676304595  100.00%

Tlb-Store-Hits:         902014093   99.97%
Tlb-Store-Misses:          245881    0.03%
Tlb-Store-Accesses:     902259974  100.00%

Tlb-Total-Hits:        7555135650   99.69%
Tlb-Total-Misses:        23428919    0.31%
Tlb-Total-Accesses:    7578564569  100.00%



--------
Two level Cache hierarchy
--------
  L1-Data Cache:
    Size(KB):          32
    Block Size(B):     64
    Associativity:      8

  L2-Data Cache:
    Size(KB):        1024
    Block Size(B):    128
    Associativity:      8

Latencies:    1   25  250
L1-Sets:   64 - LRU - assoc:   8
L2-Sets: 1024 - LRU - assoc:   8
Store_allocation: Yes
L2_inclusive: Yes
L2_prefetching: No

L1 Cache Stats:
L1-Load-Hits:        6508194440   97.48%
L1-Load-Misses:       168110155    2.52%
L1-Load-Accesses:    6676304595  100.00%

L1-Store-Hits:         890613960   98.71%
L1-Store-Misses:        11646014    1.29%
L1-Store-Accesses:     902259974  100.00%

L1-Total-Hits:        7398808400   97.63%
L1-Total-Misses:       179756169    2.37%
L1-Total-Accesses:    7578564569  100.00%

L2 Cache Stats:
L2-Load-Hits:         121377152   72.20%
L2-Load-Misses:        46733003   27.80%
L2-Load-Accesses:     168110155  100.00%

L2-Store-Hits:           9643651   82.81%
L2-Store-Misses:         2002363   17.19%
L2-Store-Accesses:      11646014  100.00%

L2-Total-Hits:         131020803   72.89%
L2-Total-Misses:        48735366   27.11%
L2-Total-Accesses:     179756169  100.00%

