--------
Total Statistics
--------
Total Instructions: 23583563853
Total Cycles: 50442446247
IPC: 0.467534

--------
Single level Tlb hierarchy
--------
  Data Tlb:
    Entries:          64
    Page Size(B):   4096
    Associativity:     64

Latencies:    0  100
Tlb-Sets:    1 - LRU - assoc:  64

Tlb Stats:
Tlb-Load-Hits:        6653367634   99.66%
Tlb-Load-Misses:        22936961    0.34%
Tlb-Load-Accesses:    6676304595  100.00%

Tlb-Store-Hits:         902132022   99.99%
Tlb-Store-Misses:          127952    0.01%
Tlb-Store-Accesses:     902259974  100.00%

Tlb-Total-Hits:        7555499656   99.70%
Tlb-Total-Misses:        23064913    0.30%
Tlb-Total-Accesses:    7578564569  100.00%



--------
Two level Cache hierarchy
--------
  L1-Data Cache:
    Size(KB):          32
    Block Size(B):     64
    Associativity:      8

  L2-Data Cache:
    Size(KB):        1024
    Block Size(B):    128
    Associativity:      8

Latencies:    1   25  250
L1-Sets:   64 - LRU - assoc:   8
L2-Sets: 1024 - LRU - assoc:   8
Store_allocation: Yes
L2_inclusive: Yes
L2_prefetching: No

L1 Cache Stats:
L1-Load-Hits:        6496791064   97.31%
L1-Load-Misses:       179513531    2.69%
L1-Load-Accesses:    6676304595  100.00%

L1-Store-Hits:         890004774   98.64%
L1-Store-Misses:        12255200    1.36%
L1-Store-Accesses:     902259974  100.00%

L1-Total-Hits:        7386795838   97.47%
L1-Total-Misses:       191768731    2.53%
L1-Total-Accesses:    7578564569  100.00%

L2 Cache Stats:
L2-Load-Hits:         132801632   73.98%
L2-Load-Misses:        46711899   26.02%
L2-Load-Accesses:     179513531  100.00%

L2-Store-Hits:          10248666   83.63%
L2-Store-Misses:         2006534   16.37%
L2-Store-Accesses:      12255200  100.00%

L2-Total-Hits:         143050298   74.60%
L2-Total-Misses:        48718433   25.40%
L2-Total-Accesses:     191768731  100.00%

