--------
Total Statistics
--------
Total Instructions: 23583563853
Total Cycles: 61453766722
IPC: 0.383761

--------
Single level Tlb hierarchy
--------
  Data Tlb:
    Entries:          64
    Page Size(B):   4096
    Associativity:      1

Latencies:    0  100
Tlb-Sets:   64 - LRU - assoc:   1

Tlb Stats:
Tlb-Load-Hits:        6563970250   98.32%
Tlb-Load-Misses:       112334345    1.68%
Tlb-Load-Accesses:    6676304595  100.00%

Tlb-Store-Hits:         878568230   97.37%
Tlb-Store-Misses:        23691744    2.63%
Tlb-Store-Accesses:     902259974  100.00%

Tlb-Total-Hits:        7442538480   98.21%
Tlb-Total-Misses:       136026089    1.79%
Tlb-Total-Accesses:    7578564569  100.00%



--------
Two level Cache hierarchy
--------
  L1-Data Cache:
    Size(KB):          32
    Block Size(B):     64
    Associativity:      8

  L2-Data Cache:
    Size(KB):        1024
    Block Size(B):    128
    Associativity:      8

Latencies:    1   25  250
L1-Sets:   64 - LRU - assoc:   8
L2-Sets: 1024 - LRU - assoc:   8
Store_allocation: Yes
L2_inclusive: Yes
L2_prefetching: No

L1 Cache Stats:
L1-Load-Hits:        6507802908   97.48%
L1-Load-Misses:       168501687    2.52%
L1-Load-Accesses:    6676304595  100.00%

L1-Store-Hits:         890636865   98.71%
L1-Store-Misses:        11623109    1.29%
L1-Store-Accesses:     902259974  100.00%

L1-Total-Hits:        7398439773   97.62%
L1-Total-Misses:       180124796    2.38%
L1-Total-Accesses:    7578564569  100.00%

L2 Cache Stats:
L2-Load-Hits:         121765625   72.26%
L2-Load-Misses:        46736062   27.74%
L2-Load-Accesses:     168501687  100.00%

L2-Store-Hits:           9615533   82.73%
L2-Store-Misses:         2007576   17.27%
L2-Store-Accesses:      11623109  100.00%

L2-Total-Hits:         131381158   72.94%
L2-Total-Misses:        48743638   27.06%
L2-Total-Accesses:     180124796  100.00%

