--------
Total Statistics
--------
Total Instructions: 8540065568
Total Cycles: 13577412734
IPC: 0.628991

--------
Single level Tlb hierarchy
--------
  Data Tlb:
    Entries:          64
    Page Size(B):   4096
    Associativity:      4

Latencies:    0  100
Tlb-Sets:   16 - LRU - assoc:   4

Tlb Stats:
Tlb-Load-Hits:        1862095866   99.97%
Tlb-Load-Misses:          629329    0.03%
Tlb-Load-Accesses:    1862725195  100.00%

Tlb-Store-Hits:         189213904   99.89%
Tlb-Store-Misses:          215317    0.11%
Tlb-Store-Accesses:     189429221  100.00%

Tlb-Total-Hits:        2051309770   99.96%
Tlb-Total-Misses:          844646    0.04%
Tlb-Total-Accesses:    2052154416  100.00%



--------
Two level Cache hierarchy
--------
  L1-Data Cache:
    Size(KB):          64
    Block Size(B):     32
    Associativity:      4

  L2-Data Cache:
    Size(KB):        1024
    Block Size(B):    128
    Associativity:      8

Latencies:    1   25  250
L1-Sets:  512 - LRU - assoc:   4
L2-Sets: 1024 - LRU - assoc:   8
Store_allocation: Yes
L2_inclusive: Yes
L2_prefetching: No

L1 Cache Stats:
L1-Load-Hits:        1839988536   98.78%
L1-Load-Misses:        22736659    1.22%
L1-Load-Accesses:    1862725195  100.00%

L1-Store-Hits:         182774864   96.49%
L1-Store-Misses:         6654357    3.51%
L1-Store-Accesses:     189429221  100.00%

L1-Total-Hits:        2022763400   98.57%
L1-Total-Misses:        29391016    1.43%
L1-Total-Accesses:    2052154416  100.00%

L2 Cache Stats:
L2-Load-Hits:          16515845   72.64%
L2-Load-Misses:         6220814   27.36%
L2-Load-Accesses:      22736659  100.00%

L2-Store-Hits:           4211360   63.29%
L2-Store-Misses:         2442997   36.71%
L2-Store-Accesses:       6654357  100.00%

L2-Total-Hits:          20727205   70.52%
L2-Total-Misses:         8663811   29.48%
L2-Total-Accesses:      29391016  100.00%

