--------
Total Statistics
--------
Total Instructions: 8540065508
Total Cycles: 13739407748
IPC: 0.621575

--------
Single level Tlb hierarchy
--------
  Data Tlb:
    Entries:          64
    Page Size(B):   4096
    Associativity:      4

Latencies:    0  100
Tlb-Sets:   16 - LRU - assoc:   4

Tlb Stats:
Tlb-Load-Hits:        1862084320   99.97%
Tlb-Load-Misses:          640854    0.03%
Tlb-Load-Accesses:    1862725174  100.00%

Tlb-Store-Hits:         189213894   99.89%
Tlb-Store-Misses:          215322    0.11%
Tlb-Store-Accesses:     189429216  100.00%

Tlb-Total-Hits:        2051298214   99.96%
Tlb-Total-Misses:          856176    0.04%
Tlb-Total-Accesses:    2052154390  100.00%



--------
Two level Cache hierarchy
--------
  L1-Data Cache:
    Size(KB):          16
    Block Size(B):     32
    Associativity:      4

  L2-Data Cache:
    Size(KB):        1024
    Block Size(B):    128
    Associativity:      8

Latencies:    1   25  250
L1-Sets:  128 - LRU - assoc:   4
L2-Sets: 1024 - LRU - assoc:   8
Store_allocation: Yes
L2_inclusive: Yes
L2_prefetching: No

L1 Cache Stats:
L1-Load-Hits:        1833572494   98.43%
L1-Load-Misses:        29152680    1.57%
L1-Load-Accesses:    1862725174  100.00%

L1-Store-Hits:         182759616   96.48%
L1-Store-Misses:         6669600    3.52%
L1-Store-Accesses:     189429216  100.00%

L1-Total-Hits:        2016332110   98.25%
L1-Total-Misses:        35822280    1.75%
L1-Total-Accesses:    2052154390  100.00%

L2 Cache Stats:
L2-Load-Hits:          22931732   78.66%
L2-Load-Misses:         6220948   21.34%
L2-Load-Accesses:      29152680  100.00%

L2-Store-Hits:           4226495   63.37%
L2-Store-Misses:         2443105   36.63%
L2-Store-Accesses:       6669600  100.00%

L2-Total-Hits:          27158227   75.81%
L2-Total-Misses:         8664053   24.19%
L2-Total-Accesses:      35822280  100.00%

