--------
Total Statistics
--------
Total Instructions: 8540065508
Total Cycles: 13387150399
IPC: 0.63793

--------
Single level Tlb hierarchy
--------
  Data Tlb:
    Entries:          64
    Page Size(B):   4096
    Associativity:      4

Latencies:    0  100
Tlb-Sets:   16 - LRU - assoc:   4

Tlb Stats:
Tlb-Load-Hits:        1862096076   99.97%
Tlb-Load-Misses:          629099    0.03%
Tlb-Load-Accesses:    1862725175  100.00%

Tlb-Store-Hits:         189213908   99.89%
Tlb-Store-Misses:          215308    0.11%
Tlb-Store-Accesses:     189429216  100.00%

Tlb-Total-Hits:        2051309984   99.96%
Tlb-Total-Misses:          844407    0.04%
Tlb-Total-Accesses:    2052154391  100.00%



--------
Two level Cache hierarchy
--------
  L1-Data Cache:
    Size(KB):         128
    Block Size(B):     64
    Associativity:      8

  L2-Data Cache:
    Size(KB):        1024
    Block Size(B):    128
    Associativity:      8

Latencies:    1   25  250
L1-Sets:  256 - LRU - assoc:   8
L2-Sets: 1024 - LRU - assoc:   8
Store_allocation: Yes
L2_inclusive: Yes
L2_prefetching: No

L1 Cache Stats:
L1-Load-Hits:        1846275476   99.12%
L1-Load-Misses:        16449699    0.88%
L1-Load-Accesses:    1862725175  100.00%

L1-Store-Hits:         184113083   97.19%
L1-Store-Misses:         5316133    2.81%
L1-Store-Accesses:     189429216  100.00%

L1-Total-Hits:        2030388559   98.94%
L1-Total-Misses:        21765832    1.06%
L1-Total-Accesses:    2052154391  100.00%

L2 Cache Stats:
L2-Load-Hits:          10228142   62.18%
L2-Load-Misses:         6221557   37.82%
L2-Load-Accesses:      16449699  100.00%

L2-Store-Hits:           2872314   54.03%
L2-Store-Misses:         2443819   45.97%
L2-Store-Accesses:       5316133  100.00%

L2-Total-Hits:          13100456   60.19%
L2-Total-Misses:         8665376   39.81%
L2-Total-Accesses:      21765832  100.00%

