--------
Total Statistics
--------
Total Instructions: 8540065508
Total Cycles: 13553156248
IPC: 0.630116

--------
Single level Tlb hierarchy
--------
  Data Tlb:
    Entries:          64
    Page Size(B):   4096
    Associativity:      4

Latencies:    0  100
Tlb-Sets:   16 - LRU - assoc:   4

Tlb Stats:
Tlb-Load-Hits:        1862095332   99.97%
Tlb-Load-Misses:          629842    0.03%
Tlb-Load-Accesses:    1862725174  100.00%

Tlb-Store-Hits:         189213896   99.89%
Tlb-Store-Misses:          215320    0.11%
Tlb-Store-Accesses:     189429216  100.00%

Tlb-Total-Hits:        2051309228   99.96%
Tlb-Total-Misses:          845162    0.04%
Tlb-Total-Accesses:    2052154390  100.00%



--------
Two level Cache hierarchy
--------
  L1-Data Cache:
    Size(KB):          16
    Block Size(B):     64
    Associativity:      4

  L2-Data Cache:
    Size(KB):        1024
    Block Size(B):    128
    Associativity:      8

Latencies:    1   25  250
L1-Sets:   64 - LRU - assoc:   4
L2-Sets: 1024 - LRU - assoc:   8
Store_allocation: Yes
L2_inclusive: Yes
L2_prefetching: No

L1 Cache Stats:
L1-Load-Hits:        1839673400   98.76%
L1-Load-Misses:        23051774    1.24%
L1-Load-Accesses:    1862725174  100.00%

L1-Store-Hits:         184067784   97.17%
L1-Store-Misses:         5361432    2.83%
L1-Store-Accesses:     189429216  100.00%

L1-Total-Hits:        2023741184   98.62%
L1-Total-Misses:        28413206    1.38%
L1-Total-Accesses:    2052154390  100.00%

L2 Cache Stats:
L2-Load-Hits:          16830635   73.01%
L2-Load-Misses:         6221139   26.99%
L2-Load-Accesses:      23051774  100.00%

L2-Store-Hits:           2918211   54.43%
L2-Store-Misses:         2443221   45.57%
L2-Store-Accesses:       5361432  100.00%

L2-Total-Hits:          19748846   69.51%
L2-Total-Misses:         8664360   30.49%
L2-Total-Accesses:      28413206  100.00%

