--------
Total Statistics
--------
Total Instructions: 8540065508
Total Cycles: 13169067798
IPC: 0.648494

--------
Single level Tlb hierarchy
--------
  Data Tlb:
    Entries:          64
    Page Size(B):   4096
    Associativity:      4

Latencies:    0  100
Tlb-Sets:   16 - LRU - assoc:   4

Tlb Stats:
Tlb-Load-Hits:        1862095891   99.97%
Tlb-Load-Misses:          629283    0.03%
Tlb-Load-Accesses:    1862725174  100.00%

Tlb-Store-Hits:         189213913   99.89%
Tlb-Store-Misses:          215303    0.11%
Tlb-Store-Accesses:     189429216  100.00%

Tlb-Total-Hits:        2051309804   99.96%
Tlb-Total-Misses:          844586    0.04%
Tlb-Total-Accesses:    2052154390  100.00%



--------
Two level Cache hierarchy
--------
  L1-Data Cache:
    Size(KB):          64
    Block Size(B):    128
    Associativity:      4

  L2-Data Cache:
    Size(KB):        1024
    Block Size(B):    128
    Associativity:      8

Latencies:    1   25  250
L1-Sets:  128 - LRU - assoc:   4
L2-Sets: 1024 - LRU - assoc:   8
Store_allocation: Yes
L2_inclusive: Yes
L2_prefetching: No

L1 Cache Stats:
L1-Load-Hits:        1852154089   99.43%
L1-Load-Misses:        10571085    0.57%
L1-Load-Accesses:    1862725174  100.00%

L1-Store-Hits:         186980529   98.71%
L1-Store-Misses:         2448687    1.29%
L1-Store-Accesses:     189429216  100.00%

L1-Total-Hits:        2039134618   99.37%
L1-Total-Misses:        13019772    0.63%
L1-Total-Accesses:    2052154390  100.00%

L2 Cache Stats:
L2-Load-Hits:           4347143   41.12%
L2-Load-Misses:         6223942   58.88%
L2-Load-Accesses:      10571085  100.00%

L2-Store-Hits:              5049    0.21%
L2-Store-Misses:         2443638   99.79%
L2-Store-Accesses:       2448687  100.00%

L2-Total-Hits:           4352192   33.43%
L2-Total-Misses:         8667580   66.57%
L2-Total-Accesses:      13019772  100.00%

