--------
Total Statistics
--------
Total Instructions: 8540065508
Total Cycles: 13527604648
IPC: 0.631307

--------
Single level Tlb hierarchy
--------
  Data Tlb:
    Entries:          64
    Page Size(B):   4096
    Associativity:      4

Latencies:    0  100
Tlb-Sets:   16 - LRU - assoc:   4

Tlb Stats:
Tlb-Load-Hits:        1862096102   99.97%
Tlb-Load-Misses:          629072    0.03%
Tlb-Load-Accesses:    1862725174  100.00%

Tlb-Store-Hits:         189213913   99.89%
Tlb-Store-Misses:          215303    0.11%
Tlb-Store-Accesses:     189429216  100.00%

Tlb-Total-Hits:        2051310015   99.96%
Tlb-Total-Misses:          844375    0.04%
Tlb-Total-Accesses:    2052154390  100.00%



--------
Two level Cache hierarchy
--------
  L1-Data Cache:
    Size(KB):          32
    Block Size(B):     64
    Associativity:      4

  L2-Data Cache:
    Size(KB):        1024
    Block Size(B):    128
    Associativity:      8

Latencies:    1   25  250
L1-Sets:  128 - LRU - assoc:   4
L2-Sets: 1024 - LRU - assoc:   8
Store_allocation: Yes
L2_inclusive: Yes
L2_prefetching: No

L1 Cache Stats:
L1-Load-Hits:        1840658964   98.82%
L1-Load-Misses:        22066210    1.18%
L1-Load-Accesses:    1862725174  100.00%

L1-Store-Hits:         184102186   97.19%
L1-Store-Misses:         5327030    2.81%
L1-Store-Accesses:     189429216  100.00%

L1-Total-Hits:        2024761150   98.67%
L1-Total-Misses:        27393240    1.33%
L1-Total-Accesses:    2052154390  100.00%

L2 Cache Stats:
L2-Load-Hits:          15844895   71.81%
L2-Load-Misses:         6221315   28.19%
L2-Load-Accesses:      22066210  100.00%

L2-Store-Hits:           2883880   54.14%
L2-Store-Misses:         2443150   45.86%
L2-Store-Accesses:       5327030  100.00%

L2-Total-Hits:          18728775   68.37%
L2-Total-Misses:         8664465   31.63%
L2-Total-Accesses:      27393240  100.00%

