--------
Total Statistics
--------
Total Instructions: 8540065508
Total Cycles: 13232242398
IPC: 0.645398

--------
Single level Tlb hierarchy
--------
  Data Tlb:
    Entries:          64
    Page Size(B):   4096
    Associativity:      4

Latencies:    0  100
Tlb-Sets:   16 - LRU - assoc:   4

Tlb Stats:
Tlb-Load-Hits:        1862089974   99.97%
Tlb-Load-Misses:          635200    0.03%
Tlb-Load-Accesses:    1862725174  100.00%

Tlb-Store-Hits:         189213898   99.89%
Tlb-Store-Misses:          215318    0.11%
Tlb-Store-Accesses:     189429216  100.00%

Tlb-Total-Hits:        2051303872   99.96%
Tlb-Total-Misses:          850518    0.04%
Tlb-Total-Accesses:    2052154390  100.00%



--------
Two level Cache hierarchy
--------
  L1-Data Cache:
    Size(KB):          32
    Block Size(B):    128
    Associativity:      4

  L2-Data Cache:
    Size(KB):        1024
    Block Size(B):    128
    Associativity:      8

Latencies:    1   25  250
L1-Sets:   64 - LRU - assoc:   4
L2-Sets: 1024 - LRU - assoc:   8
Store_allocation: Yes
L2_inclusive: Yes
L2_prefetching: No

L1 Cache Stats:
L1-Load-Hits:        1849659479   99.30%
L1-Load-Misses:        13065695    0.70%
L1-Load-Accesses:    1862725174  100.00%

L1-Store-Hits:         186955903   98.69%
L1-Store-Misses:         2473313    1.31%
L1-Store-Accesses:     189429216  100.00%

L1-Total-Hits:        2036615382   99.24%
L1-Total-Misses:        15539008    0.76%
L1-Total-Accesses:    2052154390  100.00%

L2 Cache Stats:
L2-Load-Hits:           6842964   52.37%
L2-Load-Misses:         6222731   47.63%
L2-Load-Accesses:      13065695  100.00%

L2-Store-Hits:             30062    1.22%
L2-Store-Misses:         2443251   98.78%
L2-Store-Accesses:       2473313  100.00%

L2-Total-Hits:           6873026   44.23%
L2-Total-Misses:         8665982   55.77%
L2-Total-Accesses:      15539008  100.00%

