--------
Total Statistics
--------
Total Instructions: 28570089575
Total Cycles: 47436130783
IPC: 0.602285

--------
Single level Tlb hierarchy
--------
  Data Tlb:
    Entries:          64
    Page Size(B):   4096
    Associativity:      4

Latencies:    0  100
Tlb-Sets:   16 - LRU - assoc:   4

Tlb Stats:
Tlb-Load-Hits:        8905232470   99.86%
Tlb-Load-Misses:        12704701    0.14%
Tlb-Load-Accesses:    8917937171  100.00%

Tlb-Store-Hits:        4545283953   99.89%
Tlb-Store-Misses:         5039184    0.11%
Tlb-Store-Accesses:    4550323137  100.00%

Tlb-Total-Hits:       13450516423   99.87%
Tlb-Total-Misses:        17743885    0.13%
Tlb-Total-Accesses:   13468260308  100.00%



--------
Two level Cache hierarchy
--------
  L1-Data Cache:
    Size(KB):          32
    Block Size(B):     64
    Associativity:      4

  L2-Data Cache:
    Size(KB):        1024
    Block Size(B):    128
    Associativity:      8

Latencies:    1   25  250
L1-Sets:  128 - LRU - assoc:   4
L2-Sets: 1024 - LRU - assoc:   8
Store_allocation: Yes
L2_inclusive: Yes
L2_prefetching: No

L1 Cache Stats:
L1-Load-Hits:        8867055233   99.43%
L1-Load-Misses:        50881938    0.57%
L1-Load-Accesses:    8917937171  100.00%

L1-Store-Hits:        4540069079   99.77%
L1-Store-Misses:        10254058    0.23%
L1-Store-Accesses:    4550323137  100.00%

L1-Total-Hits:       13407124312   99.55%
L1-Total-Misses:        61135996    0.45%
L1-Total-Accesses:   13468260308  100.00%

L2 Cache Stats:
L2-Load-Hits:          44777966   88.00%
L2-Load-Misses:         6103972   12.00%
L2-Load-Accesses:      50881938  100.00%

L2-Store-Hits:           7978060   77.80%
L2-Store-Misses:         2275998   22.20%
L2-Store-Accesses:      10254058  100.00%

L2-Total-Hits:          52756026   86.29%
L2-Total-Misses:         8379970   13.71%
L2-Total-Accesses:      61135996  100.00%

