--------
Total Statistics
--------
Total Instructions: 28570089575
Total Cycles: 46787839658
IPC: 0.610631

--------
Single level Tlb hierarchy
--------
  Data Tlb:
    Entries:          64
    Page Size(B):   4096
    Associativity:      4

Latencies:    0  100
Tlb-Sets:   16 - LRU - assoc:   4

Tlb Stats:
Tlb-Load-Hits:        8905045447   99.86%
Tlb-Load-Misses:        12891724    0.14%
Tlb-Load-Accesses:    8917937171  100.00%

Tlb-Store-Hits:        4546171826   99.91%
Tlb-Store-Misses:         4151311    0.09%
Tlb-Store-Accesses:    4550323137  100.00%

Tlb-Total-Hits:       13451217273   99.87%
Tlb-Total-Misses:        17043035    0.13%
Tlb-Total-Accesses:   13468260308  100.00%



--------
Two level Cache hierarchy
--------
  L1-Data Cache:
    Size(KB):         128
    Block Size(B):     64
    Associativity:      8

  L2-Data Cache:
    Size(KB):        1024
    Block Size(B):    128
    Associativity:      8

Latencies:    1   25  250
L1-Sets:  256 - LRU - assoc:   8
L2-Sets: 1024 - LRU - assoc:   8
Store_allocation: Yes
L2_inclusive: Yes
L2_prefetching: No

L1 Cache Stats:
L1-Load-Hits:        8888901225   99.67%
L1-Load-Misses:        29035946    0.33%
L1-Load-Accesses:    8917937171  100.00%

L1-Store-Hits:        4541716392   99.81%
L1-Store-Misses:         8606745    0.19%
L1-Store-Accesses:    4550323137  100.00%

L1-Total-Hits:       13430617617   99.72%
L1-Total-Misses:        37642691    0.28%
L1-Total-Accesses:   13468260308  100.00%

L2 Cache Stats:
L2-Load-Hits:          22899733   78.87%
L2-Load-Misses:         6136213   21.13%
L2-Load-Accesses:      29035946  100.00%

L2-Store-Hits:           6326482   73.51%
L2-Store-Misses:         2280263   26.49%
L2-Store-Accesses:       8606745  100.00%

L2-Total-Hits:          29226215   77.64%
L2-Total-Misses:         8416476   22.36%
L2-Total-Accesses:      37642691  100.00%

