--------
Total Statistics
--------
Total Instructions: 28570089575
Total Cycles: 46866769808
IPC: 0.609602

--------
Single level Tlb hierarchy
--------
  Data Tlb:
    Entries:          64
    Page Size(B):   4096
    Associativity:      4

Latencies:    0  100
Tlb-Sets:   16 - LRU - assoc:   4

Tlb Stats:
Tlb-Load-Hits:        8905838295   99.86%
Tlb-Load-Misses:        12098876    0.14%
Tlb-Load-Accesses:    8917937171  100.00%

Tlb-Store-Hits:        4546532546   99.92%
Tlb-Store-Misses:         3790591    0.08%
Tlb-Store-Accesses:    4550323137  100.00%

Tlb-Total-Hits:       13452370841   99.88%
Tlb-Total-Misses:        15889467    0.12%
Tlb-Total-Accesses:   13468260308  100.00%



--------
Two level Cache hierarchy
--------
  L1-Data Cache:
    Size(KB):          64
    Block Size(B):     64
    Associativity:      4

  L2-Data Cache:
    Size(KB):        1024
    Block Size(B):    128
    Associativity:      8

Latencies:    1   25  250
L1-Sets:  256 - LRU - assoc:   4
L2-Sets: 1024 - LRU - assoc:   8
Store_allocation: Yes
L2_inclusive: Yes
L2_prefetching: No

L1 Cache Stats:
L1-Load-Hits:        8881463260   99.59%
L1-Load-Misses:        36473911    0.41%
L1-Load-Accesses:    8917937171  100.00%

L1-Store-Hits:        4541115899   99.80%
L1-Store-Misses:         9207238    0.20%
L1-Store-Accesses:    4550323137  100.00%

L1-Total-Hits:       13422579159   99.66%
L1-Total-Misses:        45681149    0.34%
L1-Total-Accesses:   13468260308  100.00%

L2 Cache Stats:
L2-Load-Hits:          30361943   83.24%
L2-Load-Misses:         6111968   16.76%
L2-Load-Accesses:      36473911  100.00%

L2-Store-Hits:           6929428   75.26%
L2-Store-Misses:         2277810   24.74%
L2-Store-Accesses:       9207238  100.00%

L2-Total-Hits:          37291371   81.63%
L2-Total-Misses:         8389778   18.37%
L2-Total-Accesses:      45681149  100.00%

