--------
Total Statistics
--------
Total Instructions: 28570089575
Total Cycles: 47892214483
IPC: 0.59655

--------
Single level Tlb hierarchy
--------
  Data Tlb:
    Entries:          64
    Page Size(B):   4096
    Associativity:      4

Latencies:    0  100
Tlb-Sets:   16 - LRU - assoc:   4

Tlb Stats:
Tlb-Load-Hits:        8897273400   99.77%
Tlb-Load-Misses:        20663771    0.23%
Tlb-Load-Accesses:    8917937171  100.00%

Tlb-Store-Hits:        4544766614   99.88%
Tlb-Store-Misses:         5556523    0.12%
Tlb-Store-Accesses:    4550323137  100.00%

Tlb-Total-Hits:       13442040014   99.81%
Tlb-Total-Misses:        26220294    0.19%
Tlb-Total-Accesses:   13468260308  100.00%



--------
Two level Cache hierarchy
--------
  L1-Data Cache:
    Size(KB):          64
    Block Size(B):     64
    Associativity:      8

  L2-Data Cache:
    Size(KB):        1024
    Block Size(B):    128
    Associativity:      8

Latencies:    1   25  250
L1-Sets:  128 - LRU - assoc:   8
L2-Sets: 1024 - LRU - assoc:   8
Store_allocation: Yes
L2_inclusive: Yes
L2_prefetching: No

L1 Cache Stats:
L1-Load-Hits:        8881919090   99.60%
L1-Load-Misses:        36018081    0.40%
L1-Load-Accesses:    8917937171  100.00%

L1-Store-Hits:        4541002690   99.80%
L1-Store-Misses:         9320447    0.20%
L1-Store-Accesses:    4550323137  100.00%

L1-Total-Hits:       13422921780   99.66%
L1-Total-Misses:        45338528    0.34%
L1-Total-Accesses:   13468260308  100.00%

L2 Cache Stats:
L2-Load-Hits:          29901712   83.02%
L2-Load-Misses:         6116369   16.98%
L2-Load-Accesses:      36018081  100.00%

L2-Store-Hits:           7043328   75.57%
L2-Store-Misses:         2277119   24.43%
L2-Store-Accesses:       9320447  100.00%

L2-Total-Hits:          36945040   81.49%
L2-Total-Misses:         8393488   18.51%
L2-Total-Accesses:      45338528  100.00%

