--------
Total Statistics
--------
Total Instructions: 28570089575
Total Cycles: 48852559683
IPC: 0.584823

--------
Single level Tlb hierarchy
--------
  Data Tlb:
    Entries:          64
    Page Size(B):   4096
    Associativity:      4

Latencies:    0  100
Tlb-Sets:   16 - LRU - assoc:   4

Tlb Stats:
Tlb-Load-Hits:        8901763258   99.82%
Tlb-Load-Misses:        16173913    0.18%
Tlb-Load-Accesses:    8917937171  100.00%

Tlb-Store-Hits:        4544792478   99.88%
Tlb-Store-Misses:         5530659    0.12%
Tlb-Store-Accesses:    4550323137  100.00%

Tlb-Total-Hits:       13446555736   99.84%
Tlb-Total-Misses:        21704572    0.16%
Tlb-Total-Accesses:   13468260308  100.00%



--------
Two level Cache hierarchy
--------
  L1-Data Cache:
    Size(KB):          16
    Block Size(B):     32
    Associativity:      4

  L2-Data Cache:
    Size(KB):        1024
    Block Size(B):    128
    Associativity:      8

Latencies:    1   25  250
L1-Sets:  128 - LRU - assoc:   4
L2-Sets: 1024 - LRU - assoc:   8
Store_allocation: Yes
L2_inclusive: Yes
L2_prefetching: No

L1 Cache Stats:
L1-Load-Hits:        8833730023   99.06%
L1-Load-Misses:        84207148    0.94%
L1-Load-Accesses:    8917937171  100.00%

L1-Store-Hits:        4532567541   99.61%
L1-Store-Misses:        17755596    0.39%
L1-Store-Accesses:    4550323137  100.00%

L1-Total-Hits:       13366297564   99.24%
L1-Total-Misses:       101962744    0.76%
L1-Total-Accesses:   13468260308  100.00%

L2 Cache Stats:
L2-Load-Hits:          78103178   92.75%
L2-Load-Misses:         6103970    7.25%
L2-Load-Accesses:      84207148  100.00%

L2-Store-Hits:          15480830   87.19%
L2-Store-Misses:         2274766   12.81%
L2-Store-Accesses:      17755596  100.00%

L2-Total-Hits:          93584008   91.78%
L2-Total-Misses:         8378736    8.22%
L2-Total-Accesses:     101962744  100.00%

