--------
Total Statistics
--------
Total Instructions: 28570089575
Total Cycles: 48231093958
IPC: 0.592358

--------
Single level Tlb hierarchy
--------
  Data Tlb:
    Entries:          64
    Page Size(B):   4096
    Associativity:      4

Latencies:    0  100
Tlb-Sets:   16 - LRU - assoc:   4

Tlb Stats:
Tlb-Load-Hits:        8895155496   99.74%
Tlb-Load-Misses:        22781675    0.26%
Tlb-Load-Accesses:    8917937171  100.00%

Tlb-Store-Hits:        4544128902   99.86%
Tlb-Store-Misses:         6194235    0.14%
Tlb-Store-Accesses:    4550323137  100.00%

Tlb-Total-Hits:       13439284398   99.78%
Tlb-Total-Misses:        28975910    0.22%
Tlb-Total-Accesses:   13468260308  100.00%



--------
Two level Cache hierarchy
--------
  L1-Data Cache:
    Size(KB):          32
    Block Size(B):    128
    Associativity:      4

  L2-Data Cache:
    Size(KB):        1024
    Block Size(B):    128
    Associativity:      8

Latencies:    1   25  250
L1-Sets:   64 - LRU - assoc:   4
L2-Sets: 1024 - LRU - assoc:   8
Store_allocation: Yes
L2_inclusive: Yes
L2_prefetching: No

L1 Cache Stats:
L1-Load-Hits:        8875911322   99.53%
L1-Load-Misses:        42025849    0.47%
L1-Load-Accesses:    8917937171  100.00%

L1-Store-Hits:        4544386233   99.87%
L1-Store-Misses:         5936904    0.13%
L1-Store-Accesses:    4550323137  100.00%

L1-Total-Hits:       13420297555   99.64%
L1-Total-Misses:        47962753    0.36%
L1-Total-Accesses:   13468260308  100.00%

L2 Cache Stats:
L2-Load-Hits:          35917008   85.46%
L2-Load-Misses:         6108841   14.54%
L2-Load-Accesses:      42025849  100.00%

L2-Store-Hits:           3661408   61.67%
L2-Store-Misses:         2275496   38.33%
L2-Store-Accesses:       5936904  100.00%

L2-Total-Hits:          39578416   82.52%
L2-Total-Misses:         8384337   17.48%
L2-Total-Accesses:      47962753  100.00%

