--------
Total Statistics
--------
Total Instructions: 28570089575
Total Cycles: 48060128658
IPC: 0.594466

--------
Single level Tlb hierarchy
--------
  Data Tlb:
    Entries:          64
    Page Size(B):   4096
    Associativity:      4

Latencies:    0  100
Tlb-Sets:   16 - LRU - assoc:   4

Tlb Stats:
Tlb-Load-Hits:        8901060475   99.81%
Tlb-Load-Misses:        16876696    0.19%
Tlb-Load-Accesses:    8917937171  100.00%

Tlb-Store-Hits:        4546659491   99.92%
Tlb-Store-Misses:         3663646    0.08%
Tlb-Store-Accesses:    4550323137  100.00%

Tlb-Total-Hits:       13447719966   99.85%
Tlb-Total-Misses:        20540342    0.15%
Tlb-Total-Accesses:   13468260308  100.00%



--------
Two level Cache hierarchy
--------
  L1-Data Cache:
    Size(KB):          32
    Block Size(B):     32
    Associativity:      4

  L2-Data Cache:
    Size(KB):        1024
    Block Size(B):    128
    Associativity:      8

Latencies:    1   25  250
L1-Sets:  256 - LRU - assoc:   4
L2-Sets: 1024 - LRU - assoc:   8
Store_allocation: Yes
L2_inclusive: Yes
L2_prefetching: No

L1 Cache Stats:
L1-Load-Hits:        8857704097   99.32%
L1-Load-Misses:        60233074    0.68%
L1-Load-Accesses:    8917937171  100.00%

L1-Store-Hits:        4535634148   99.68%
L1-Store-Misses:        14688989    0.32%
L1-Store-Accesses:    4550323137  100.00%

L1-Total-Hits:       13393338245   99.44%
L1-Total-Misses:        74922063    0.56%
L1-Total-Accesses:   13468260308  100.00%

L2 Cache Stats:
L2-Load-Hits:          54129252   89.87%
L2-Load-Misses:         6103822   10.13%
L2-Load-Accesses:      60233074  100.00%

L2-Store-Hits:          12414039   84.51%
L2-Store-Misses:         2274950   15.49%
L2-Store-Accesses:      14688989  100.00%

L2-Total-Hits:          66543291   88.82%
L2-Total-Misses:         8378772   11.18%
L2-Total-Accesses:      74922063  100.00%

