--------
Total Statistics
--------
Total Instructions: 28570089575
Total Cycles: 47588378558
IPC: 0.600359

--------
Single level Tlb hierarchy
--------
  Data Tlb:
    Entries:          64
    Page Size(B):   4096
    Associativity:      4

Latencies:    0  100
Tlb-Sets:   16 - LRU - assoc:   4

Tlb Stats:
Tlb-Load-Hits:        8903147230   99.83%
Tlb-Load-Misses:        14789941    0.17%
Tlb-Load-Accesses:    8917937171  100.00%

Tlb-Store-Hits:        4545651225   99.90%
Tlb-Store-Misses:         4671912    0.10%
Tlb-Store-Accesses:    4550323137  100.00%

Tlb-Total-Hits:       13448798455   99.86%
Tlb-Total-Misses:        19461853    0.14%
Tlb-Total-Accesses:   13468260308  100.00%



--------
Two level Cache hierarchy
--------
  L1-Data Cache:
    Size(KB):          64
    Block Size(B):     32
    Associativity:      4

  L2-Data Cache:
    Size(KB):        1024
    Block Size(B):    128
    Associativity:      8

Latencies:    1   25  250
L1-Sets:  512 - LRU - assoc:   4
L2-Sets: 1024 - LRU - assoc:   8
Store_allocation: Yes
L2_inclusive: Yes
L2_prefetching: No

L1 Cache Stats:
L1-Load-Hits:        8871259367   99.48%
L1-Load-Misses:        46677804    0.52%
L1-Load-Accesses:    8917937171  100.00%

L1-Store-Hits:        4536756386   99.70%
L1-Store-Misses:        13566751    0.30%
L1-Store-Accesses:    4550323137  100.00%

L1-Total-Hits:       13408015753   99.55%
L1-Total-Misses:        60244555    0.45%
L1-Total-Accesses:   13468260308  100.00%

L2 Cache Stats:
L2-Load-Hits:          40563952   86.90%
L2-Load-Misses:         6113852   13.10%
L2-Load-Accesses:      46677804  100.00%

L2-Store-Hits:          11289685   83.22%
L2-Store-Misses:         2277066   16.78%
L2-Store-Accesses:      13566751  100.00%

L2-Total-Hits:          51853637   86.07%
L2-Total-Misses:         8390918   13.93%
L2-Total-Accesses:      60244555  100.00%

