--------
Total Statistics
--------
Total Instructions: 28570089575
Total Cycles: 46964346458
IPC: 0.608336

--------
Single level Tlb hierarchy
--------
  Data Tlb:
    Entries:          64
    Page Size(B):   4096
    Associativity:      4

Latencies:    0  100
Tlb-Sets:   16 - LRU - assoc:   4

Tlb Stats:
Tlb-Load-Hits:        8902524395   99.83%
Tlb-Load-Misses:        15412776    0.17%
Tlb-Load-Accesses:    8917937171  100.00%

Tlb-Store-Hits:        4545202972   99.89%
Tlb-Store-Misses:         5120165    0.11%
Tlb-Store-Accesses:    4550323137  100.00%

Tlb-Total-Hits:       13447727367   99.85%
Tlb-Total-Misses:        20532941    0.15%
Tlb-Total-Accesses:   13468260308  100.00%



--------
Two level Cache hierarchy
--------
  L1-Data Cache:
    Size(KB):          64
    Block Size(B):    128
    Associativity:      4

  L2-Data Cache:
    Size(KB):        1024
    Block Size(B):    128
    Associativity:      8

Latencies:    1   25  250
L1-Sets:  128 - LRU - assoc:   4
L2-Sets: 1024 - LRU - assoc:   8
Store_allocation: Yes
L2_inclusive: Yes
L2_prefetching: No

L1 Cache Stats:
L1-Load-Hits:        8891637564   99.71%
L1-Load-Misses:        26299607    0.29%
L1-Load-Accesses:    8917937171  100.00%

L1-Store-Hits:        4545668775   99.90%
L1-Store-Misses:         4654362    0.10%
L1-Store-Accesses:    4550323137  100.00%

L1-Total-Hits:       13437306339   99.77%
L1-Total-Misses:        30953969    0.23%
L1-Total-Accesses:   13468260308  100.00%

L2 Cache Stats:
L2-Load-Hits:          20182685   76.74%
L2-Load-Misses:         6116922   23.26%
L2-Load-Accesses:      26299607  100.00%

L2-Store-Hits:           2375871   51.05%
L2-Store-Misses:         2278491   48.95%
L2-Store-Accesses:       4654362  100.00%

L2-Total-Hits:          22558556   72.88%
L2-Total-Misses:         8395413   27.12%
L2-Total-Accesses:      30953969  100.00%

