--------
Total Statistics
--------
Total Instructions: 28570089575
Total Cycles: 48547861558
IPC: 0.588493

--------
Single level Tlb hierarchy
--------
  Data Tlb:
    Entries:          64
    Page Size(B):   4096
    Associativity:      4

Latencies:    0  100
Tlb-Sets:   16 - LRU - assoc:   4

Tlb Stats:
Tlb-Load-Hits:        8905372500   99.86%
Tlb-Load-Misses:        12564671    0.14%
Tlb-Load-Accesses:    8917937171  100.00%

Tlb-Store-Hits:        4546373348   99.91%
Tlb-Store-Misses:         3949789    0.09%
Tlb-Store-Accesses:    4550323137  100.00%

Tlb-Total-Hits:       13451745848   99.88%
Tlb-Total-Misses:        16514460    0.12%
Tlb-Total-Accesses:   13468260308  100.00%



--------
Two level Cache hierarchy
--------
  L1-Data Cache:
    Size(KB):          16
    Block Size(B):    128
    Associativity:      4

  L2-Data Cache:
    Size(KB):        1024
    Block Size(B):    128
    Associativity:      8

Latencies:    1   25  250
L1-Sets:   32 - LRU - assoc:   4
L2-Sets: 1024 - LRU - assoc:   8
Store_allocation: Yes
L2_inclusive: Yes
L2_prefetching: No

L1 Cache Stats:
L1-Load-Hits:        8840516898   99.13%
L1-Load-Misses:        77420273    0.87%
L1-Load-Accesses:    8917937171  100.00%

L1-Store-Hits:        4517191453   99.27%
L1-Store-Misses:        33131684    0.73%
L1-Store-Accesses:    4550323137  100.00%

L1-Total-Hits:       13357708351   99.18%
L1-Total-Misses:       110551957    0.82%
L1-Total-Accesses:   13468260308  100.00%

L2 Cache Stats:
L2-Load-Hits:          71318177   92.12%
L2-Load-Misses:         6102096    7.88%
L2-Load-Accesses:      77420273  100.00%

L2-Store-Hits:          30856713   93.13%
L2-Store-Misses:         2274971    6.87%
L2-Store-Accesses:      33131684  100.00%

L2-Total-Hits:         102174890   92.42%
L2-Total-Misses:         8377067    7.58%
L2-Total-Accesses:     110551957  100.00%

