--------
Total Statistics
--------
Total Instructions: 7601179157
Total Cycles: 11050778410
IPC: 0.687841

--------
Single level Tlb hierarchy
--------
  Data Tlb:
    Entries:          64
    Page Size(B):   4096
    Associativity:      4

Latencies:    0  100
Tlb-Sets:   16 - LRU - assoc:   4

Tlb Stats:
Tlb-Load-Hits:        2027583733   99.97%
Tlb-Load-Misses:          560744    0.03%
Tlb-Load-Accesses:    2028144477  100.00%

Tlb-Store-Hits:        1026537494   99.99%
Tlb-Store-Misses:           52557    0.01%
Tlb-Store-Accesses:    1026590051  100.00%

Tlb-Total-Hits:        3054121227   99.98%
Tlb-Total-Misses:          613301    0.02%
Tlb-Total-Accesses:    3054734528  100.00%



--------
Two level Cache hierarchy
--------
  L1-Data Cache:
    Size(KB):          64
    Block Size(B):     64
    Associativity:      8

  L2-Data Cache:
    Size(KB):        1024
    Block Size(B):    128
    Associativity:      8

Latencies:    1   25  250
L1-Sets:  128 - LRU - assoc:   8
L2-Sets: 1024 - LRU - assoc:   8
Store_allocation: Yes
L2_inclusive: Yes
L2_prefetching: No

L1 Cache Stats:
L1-Load-Hits:        2025069236   99.85%
L1-Load-Misses:         3075241    0.15%
L1-Load-Accesses:    2028144477  100.00%

L1-Store-Hits:        1025999477   99.94%
L1-Store-Misses:          590574    0.06%
L1-Store-Accesses:    1026590051  100.00%

L1-Total-Hits:        3051068713   99.88%
L1-Total-Misses:         3665815    0.12%
L1-Total-Accesses:    3054734528  100.00%

L2 Cache Stats:
L2-Load-Hits:           2303388   74.90%
L2-Load-Misses:          771853   25.10%
L2-Load-Accesses:       3075241  100.00%

L2-Store-Hits:            394870   66.86%
L2-Store-Misses:          195704   33.14%
L2-Store-Accesses:        590574  100.00%

L2-Total-Hits:           2698258   73.61%
L2-Total-Misses:          967557   26.39%
L2-Total-Accesses:       3665815  100.00%

