--------
Total Statistics
--------
Total Instructions: 7601179157
Total Cycles: 11133346785
IPC: 0.68274

--------
Single level Tlb hierarchy
--------
  Data Tlb:
    Entries:          64
    Page Size(B):   4096
    Associativity:      4

Latencies:    0  100
Tlb-Sets:   16 - LRU - assoc:   4

Tlb Stats:
Tlb-Load-Hits:        2027567302   99.97%
Tlb-Load-Misses:          577175    0.03%
Tlb-Load-Accesses:    2028144477  100.00%

Tlb-Store-Hits:        1026534347   99.99%
Tlb-Store-Misses:           55704    0.01%
Tlb-Store-Accesses:    1026590051  100.00%

Tlb-Total-Hits:        3054101649   99.98%
Tlb-Total-Misses:          632879    0.02%
Tlb-Total-Accesses:    3054734528  100.00%



--------
Two level Cache hierarchy
--------
  L1-Data Cache:
    Size(KB):          16
    Block Size(B):     32
    Associativity:      4

  L2-Data Cache:
    Size(KB):        1024
    Block Size(B):    128
    Associativity:      8

Latencies:    1   25  250
L1-Sets:  128 - LRU - assoc:   4
L2-Sets: 1024 - LRU - assoc:   8
Store_allocation: Yes
L2_inclusive: Yes
L2_prefetching: No

L1 Cache Stats:
L1-Load-Hits:        2022363930   99.71%
L1-Load-Misses:         5780547    0.29%
L1-Load-Accesses:    2028144477  100.00%

L1-Store-Hits:        1025449320   99.89%
L1-Store-Misses:         1140731    0.11%
L1-Store-Accesses:    1026590051  100.00%

L1-Total-Hits:        3047813250   99.77%
L1-Total-Misses:         6921278    0.23%
L1-Total-Accesses:    3054734528  100.00%

L2 Cache Stats:
L2-Load-Hits:           5010720   86.68%
L2-Load-Misses:          769827   13.32%
L2-Load-Accesses:       5780547  100.00%

L2-Store-Hits:            946105   82.94%
L2-Store-Misses:          194626   17.06%
L2-Store-Accesses:       1140731  100.00%

L2-Total-Hits:           5956825   86.07%
L2-Total-Misses:          964453   13.93%
L2-Total-Accesses:       6921278  100.00%

