--------
Total Statistics
--------
Total Instructions: 7601179157
Total Cycles: 11065205785
IPC: 0.686944

--------
Single level Tlb hierarchy
--------
  Data Tlb:
    Entries:          64
    Page Size(B):   4096
    Associativity:      4

Latencies:    0  100
Tlb-Sets:   16 - LRU - assoc:   4

Tlb Stats:
Tlb-Load-Hits:        2027586150   99.97%
Tlb-Load-Misses:          558327    0.03%
Tlb-Load-Accesses:    2028144477  100.00%

Tlb-Store-Hits:        1026537808   99.99%
Tlb-Store-Misses:           52243    0.01%
Tlb-Store-Accesses:    1026590051  100.00%

Tlb-Total-Hits:        3054123958   99.98%
Tlb-Total-Misses:          610570    0.02%
Tlb-Total-Accesses:    3054734528  100.00%



--------
Two level Cache hierarchy
--------
  L1-Data Cache:
    Size(KB):          32
    Block Size(B):     64
    Associativity:      4

  L2-Data Cache:
    Size(KB):        1024
    Block Size(B):    128
    Associativity:      8

Latencies:    1   25  250
L1-Sets:  128 - LRU - assoc:   4
L2-Sets: 1024 - LRU - assoc:   8
Store_allocation: Yes
L2_inclusive: Yes
L2_prefetching: No

L1 Cache Stats:
L1-Load-Hits:        2024518097   99.82%
L1-Load-Misses:         3626380    0.18%
L1-Load-Accesses:    2028144477  100.00%

L1-Store-Hits:        1025956687   99.94%
L1-Store-Misses:          633364    0.06%
L1-Store-Accesses:    1026590051  100.00%

L1-Total-Hits:        3050474784   99.86%
L1-Total-Misses:         4259744    0.14%
L1-Total-Accesses:    3054734528  100.00%

L2 Cache Stats:
L2-Load-Hits:           2854651   78.72%
L2-Load-Misses:          771729   21.28%
L2-Load-Accesses:       3626380  100.00%

L2-Store-Hits:            438127   69.17%
L2-Store-Misses:          195237   30.83%
L2-Store-Accesses:        633364  100.00%

L2-Total-Hits:           3292778   77.30%
L2-Total-Misses:          966966   22.70%
L2-Total-Accesses:       4259744  100.00%

