--------
Total Statistics
--------
Total Instructions: 7601179157
Total Cycles: 11000969960
IPC: 0.690955

--------
Single level Tlb hierarchy
--------
  Data Tlb:
    Entries:          64
    Page Size(B):   4096
    Associativity:      4

Latencies:    0  100
Tlb-Sets:   16 - LRU - assoc:   4

Tlb Stats:
Tlb-Load-Hits:        2027593605   99.97%
Tlb-Load-Misses:          550872    0.03%
Tlb-Load-Accesses:    2028144477  100.00%

Tlb-Store-Hits:        1026537436   99.99%
Tlb-Store-Misses:           52615    0.01%
Tlb-Store-Accesses:    1026590051  100.00%

Tlb-Total-Hits:        3054131041   99.98%
Tlb-Total-Misses:          603487    0.02%
Tlb-Total-Accesses:    3054734528  100.00%



--------
Two level Cache hierarchy
--------
  L1-Data Cache:
    Size(KB):          64
    Block Size(B):    128
    Associativity:      4

  L2-Data Cache:
    Size(KB):        1024
    Block Size(B):    128
    Associativity:      8

Latencies:    1   25  250
L1-Sets:  128 - LRU - assoc:   4
L2-Sets: 1024 - LRU - assoc:   8
Store_allocation: Yes
L2_inclusive: Yes
L2_prefetching: No

L1 Cache Stats:
L1-Load-Hits:        2026660999   99.93%
L1-Load-Misses:         1483478    0.07%
L1-Load-Accesses:    2028144477  100.00%

L1-Store-Hits:        1026373156   99.98%
L1-Store-Misses:          216895    0.02%
L1-Store-Accesses:    1026590051  100.00%

L1-Total-Hits:        3053034155   99.94%
L1-Total-Misses:         1700373    0.06%
L1-Total-Accesses:    3054734528  100.00%

L2 Cache Stats:
L2-Load-Hits:            710305   47.88%
L2-Load-Misses:          773173   52.12%
L2-Load-Accesses:       1483478  100.00%

L2-Store-Hits:             21275    9.81%
L2-Store-Misses:          195620   90.19%
L2-Store-Accesses:        216895  100.00%

L2-Total-Hits:            731580   43.02%
L2-Total-Misses:          968793   56.98%
L2-Total-Accesses:       1700373  100.00%

