--------
Total Statistics
--------
Total Instructions: 7601179157
Total Cycles: 11015809659
IPC: 0.690025

--------
Single level Tlb hierarchy
--------
  Data Tlb:
    Entries:          64
    Page Size(B):   4096
    Associativity:      4

Latencies:    0  100
Tlb-Sets:   16 - LRU - assoc:   4

Tlb Stats:
Tlb-Load-Hits:        2027576600   99.97%
Tlb-Load-Misses:          567876    0.03%
Tlb-Load-Accesses:    2028144476  100.00%

Tlb-Store-Hits:        1026535391   99.99%
Tlb-Store-Misses:           54660    0.01%
Tlb-Store-Accesses:    1026590051  100.00%

Tlb-Total-Hits:        3054111991   99.98%
Tlb-Total-Misses:          622536    0.02%
Tlb-Total-Accesses:    3054734527  100.00%



--------
Two level Cache hierarchy
--------
  L1-Data Cache:
    Size(KB):          32
    Block Size(B):    128
    Associativity:      4

  L2-Data Cache:
    Size(KB):        1024
    Block Size(B):    128
    Associativity:      8

Latencies:    1   25  250
L1-Sets:   64 - LRU - assoc:   4
L2-Sets: 1024 - LRU - assoc:   8
Store_allocation: Yes
L2_inclusive: Yes
L2_prefetching: No

L1 Cache Stats:
L1-Load-Hits:        2026168922   99.90%
L1-Load-Misses:         1975554    0.10%
L1-Load-Accesses:    2028144476  100.00%

L1-Store-Hits:        1026322520   99.97%
L1-Store-Misses:          267531    0.03%
L1-Store-Accesses:    1026590051  100.00%

L1-Total-Hits:        3052491442   99.93%
L1-Total-Misses:         2243085    0.07%
L1-Total-Accesses:    3054734527  100.00%

L2 Cache Stats:
L2-Load-Hits:           1204348   60.96%
L2-Load-Misses:          771206   39.04%
L2-Load-Accesses:       1975554  100.00%

L2-Store-Hits:             72476   27.09%
L2-Store-Misses:          195055   72.91%
L2-Store-Accesses:        267531  100.00%

L2-Total-Hits:           1276824   56.92%
L2-Total-Misses:          966261   43.08%
L2-Total-Accesses:       2243085  100.00%

