--------
Total Statistics
--------
Total Instructions: 7601179157
Total Cycles: 11041265110
IPC: 0.688434

--------
Single level Tlb hierarchy
--------
  Data Tlb:
    Entries:          64
    Page Size(B):   4096
    Associativity:      4

Latencies:    0  100
Tlb-Sets:   16 - LRU - assoc:   4

Tlb Stats:
Tlb-Load-Hits:        2027572851   99.97%
Tlb-Load-Misses:          571626    0.03%
Tlb-Load-Accesses:    2028144477  100.00%

Tlb-Store-Hits:        1026534938   99.99%
Tlb-Store-Misses:           55113    0.01%
Tlb-Store-Accesses:    1026590051  100.00%

Tlb-Total-Hits:        3054107789   99.98%
Tlb-Total-Misses:          626739    0.02%
Tlb-Total-Accesses:    3054734528  100.00%



--------
Two level Cache hierarchy
--------
  L1-Data Cache:
    Size(KB):          16
    Block Size(B):    128
    Associativity:      4

  L2-Data Cache:
    Size(KB):        1024
    Block Size(B):    128
    Associativity:      8

Latencies:    1   25  250
L1-Sets:   32 - LRU - assoc:   4
L2-Sets: 1024 - LRU - assoc:   8
Store_allocation: Yes
L2_inclusive: Yes
L2_prefetching: No

L1 Cache Stats:
L1-Load-Hits:        2025331781   99.86%
L1-Load-Misses:         2812696    0.14%
L1-Load-Accesses:    2028144477  100.00%

L1-Store-Hits:        1026140066   99.96%
L1-Store-Misses:          449985    0.04%
L1-Store-Accesses:    1026590051  100.00%

L1-Total-Hits:        3051471847   99.89%
L1-Total-Misses:         3262681    0.11%
L1-Total-Accesses:    3054734528  100.00%

L2 Cache Stats:
L2-Load-Hits:           2042875   72.63%
L2-Load-Misses:          769821   27.37%
L2-Load-Accesses:       2812696  100.00%

L2-Store-Hits:            255364   56.75%
L2-Store-Misses:          194621   43.25%
L2-Store-Accesses:        449985  100.00%

L2-Total-Hits:           2298239   70.44%
L2-Total-Misses:          964442   29.56%
L2-Total-Accesses:       3262681  100.00%

