--------
Total Statistics
--------
Total Instructions: 19432753636
Total Cycles: 87323347912
IPC: 0.222538

--------
Single level Tlb hierarchy
--------
  Data Tlb:
    Entries:          64
    Page Size(B):   4096
    Associativity:      4

Latencies:    0  100
Tlb-Sets:   16 - LRU - assoc:   4

Tlb Stats:
Tlb-Load-Hits:        8360137006   99.60%
Tlb-Load-Misses:        33307608    0.40%
Tlb-Load-Accesses:    8393444614  100.00%

Tlb-Store-Hits:          55937087   99.73%
Tlb-Store-Misses:          153700    0.27%
Tlb-Store-Accesses:      56090787  100.00%

Tlb-Total-Hits:        8416074093   99.60%
Tlb-Total-Misses:        33461308    0.40%
Tlb-Total-Accesses:    8449535401  100.00%



--------
Two level Cache hierarchy
--------
  L1-Data Cache:
    Size(KB):          16
    Block Size(B):     32
    Associativity:      4

  L2-Data Cache:
    Size(KB):        1024
    Block Size(B):    128
    Associativity:      8

Latencies:    1   25  250
L1-Sets:  128 - LRU - assoc:   4
L2-Sets: 1024 - LRU - assoc:   8
Store_allocation: Yes
L2_inclusive: Yes
L2_prefetching: No

L1 Cache Stats:
L1-Load-Hits:        7686874113   91.58%
L1-Load-Misses:       706570501    8.42%
L1-Load-Accesses:    8393444614  100.00%

L1-Store-Hits:          53669635   95.68%
L1-Store-Misses:         2421152    4.32%
L1-Store-Accesses:      56090787  100.00%

L1-Total-Hits:        7740543748   91.61%
L1-Total-Misses:       708991653    8.39%
L1-Total-Accesses:    8449535401  100.00%

L2 Cache Stats:
L2-Load-Hits:         553560020   78.34%
L2-Load-Misses:       153010481   21.66%
L2-Load-Accesses:     706570501  100.00%

L2-Store-Hits:           1951086   80.59%
L2-Store-Misses:          470066   19.41%
L2-Store-Accesses:       2421152  100.00%

L2-Total-Hits:         555511106   78.35%
L2-Total-Misses:       153480547   21.65%
L2-Total-Accesses:     708991653  100.00%

