--------
Total Statistics
--------
Total Instructions: 19432753636
Total Cycles: 87123165938
IPC: 0.223049

--------
Single level Tlb hierarchy
--------
  Data Tlb:
    Entries:          64
    Page Size(B):   4096
    Associativity:      4

Latencies:    0  100
Tlb-Sets:   16 - LRU - assoc:   4

Tlb Stats:
Tlb-Load-Hits:        8360136040   99.60%
Tlb-Load-Misses:        33308575    0.40%
Tlb-Load-Accesses:    8393444615  100.00%

Tlb-Store-Hits:          55937146   99.73%
Tlb-Store-Misses:          153641    0.27%
Tlb-Store-Accesses:      56090787  100.00%

Tlb-Total-Hits:        8416073186   99.60%
Tlb-Total-Misses:        33462216    0.40%
Tlb-Total-Accesses:    8449535402  100.00%



--------
Two level Cache hierarchy
--------
  L1-Data Cache:
    Size(KB):          32
    Block Size(B):     32
    Associativity:      4

  L2-Data Cache:
    Size(KB):        1024
    Block Size(B):    128
    Associativity:      8

Latencies:    1   25  250
L1-Sets:  256 - LRU - assoc:   4
L2-Sets: 1024 - LRU - assoc:   8
Store_allocation: Yes
L2_inclusive: Yes
L2_prefetching: No

L1 Cache Stats:
L1-Load-Hits:        7694866806   91.68%
L1-Load-Misses:       698577809    8.32%
L1-Load-Accesses:    8393444615  100.00%

L1-Store-Hits:          53797104   95.91%
L1-Store-Misses:         2293683    4.09%
L1-Store-Accesses:      56090787  100.00%

L1-Total-Hits:        7748663910   91.71%
L1-Total-Misses:       700871492    8.29%
L1-Total-Accesses:    8449535402  100.00%

L2 Cache Stats:
L2-Load-Hits:         545556189   78.10%
L2-Load-Misses:       153021620   21.90%
L2-Load-Accesses:     698577809  100.00%

L2-Store-Hits:           1823831   79.52%
L2-Store-Misses:          469852   20.48%
L2-Store-Accesses:       2293683  100.00%

L2-Total-Hits:         547380020   78.10%
L2-Total-Misses:       153491472   21.90%
L2-Total-Accesses:     700871492  100.00%

