--------
Total Statistics
--------
Total Instructions: 19432753636
Total Cycles: 73618694937
IPC: 0.263965

--------
Single level Tlb hierarchy
--------
  Data Tlb:
    Entries:          64
    Page Size(B):   4096
    Associativity:      4

Latencies:    0  100
Tlb-Sets:   16 - LRU - assoc:   4

Tlb Stats:
Tlb-Load-Hits:        8360129673   99.60%
Tlb-Load-Misses:        33314941    0.40%
Tlb-Load-Accesses:    8393444614  100.00%

Tlb-Store-Hits:          55943619   99.74%
Tlb-Store-Misses:          147168    0.26%
Tlb-Store-Accesses:      56090787  100.00%

Tlb-Total-Hits:        8416073292   99.60%
Tlb-Total-Misses:        33462109    0.40%
Tlb-Total-Accesses:    8449535401  100.00%



--------
Two level Cache hierarchy
--------
  L1-Data Cache:
    Size(KB):          16
    Block Size(B):    128
    Associativity:      4

  L2-Data Cache:
    Size(KB):        1024
    Block Size(B):    128
    Associativity:      8

Latencies:    1   25  250
L1-Sets:   32 - LRU - assoc:   4
L2-Sets: 1024 - LRU - assoc:   8
Store_allocation: Yes
L2_inclusive: Yes
L2_prefetching: No

L1 Cache Stats:
L1-Load-Hits:        8233850891   98.10%
L1-Load-Misses:       159593723    1.90%
L1-Load-Accesses:    8393444614  100.00%

L1-Store-Hits:          55332720   98.65%
L1-Store-Misses:          758067    1.35%
L1-Store-Accesses:      56090787  100.00%

L1-Total-Hits:        8289183611   98.10%
L1-Total-Misses:       160351790    1.90%
L1-Total-Accesses:    8449535401  100.00%

L2 Cache Stats:
L2-Load-Hits:           6525180    4.09%
L2-Load-Misses:       153068543   95.91%
L2-Load-Accesses:     159593723  100.00%

L2-Store-Hits:            301009   39.71%
L2-Store-Misses:          457058   60.29%
L2-Store-Accesses:        758067  100.00%

L2-Total-Hits:           6826189    4.26%
L2-Total-Misses:       153525601   95.74%
L2-Total-Accesses:     160351790  100.00%

