--------
Total Statistics
--------
Total Instructions: 19432753636
Total Cycles: 80755940712
IPC: 0.240636

--------
Single level Tlb hierarchy
--------
  Data Tlb:
    Entries:          64
    Page Size(B):   4096
    Associativity:      4

Latencies:    0  100
Tlb-Sets:   16 - LRU - assoc:   4

Tlb Stats:
Tlb-Load-Hits:        8360122257   99.60%
Tlb-Load-Misses:        33322357    0.40%
Tlb-Load-Accesses:    8393444614  100.00%

Tlb-Store-Hits:          55946843   99.74%
Tlb-Store-Misses:          143944    0.26%
Tlb-Store-Accesses:      56090787  100.00%

Tlb-Total-Hits:        8416069100   99.60%
Tlb-Total-Misses:        33466301    0.40%
Tlb-Total-Accesses:    8449535401  100.00%



--------
Two level Cache hierarchy
--------
  L1-Data Cache:
    Size(KB):          64
    Block Size(B):     64
    Associativity:      8

  L2-Data Cache:
    Size(KB):        1024
    Block Size(B):    128
    Associativity:      8

Latencies:    1   25  250
L1-Sets:  128 - LRU - assoc:   8
L2-Sets: 1024 - LRU - assoc:   8
Store_allocation: Yes
L2_inclusive: Yes
L2_prefetching: No

L1 Cache Stats:
L1-Load-Hits:        7949037761   94.71%
L1-Load-Misses:       444406853    5.29%
L1-Load-Accesses:    8393444614  100.00%

L1-Store-Hits:          54361287   96.92%
L1-Store-Misses:         1729500    3.08%
L1-Store-Accesses:      56090787  100.00%

L1-Total-Hits:        8003399048   94.72%
L1-Total-Misses:       446136353    5.28%
L1-Total-Accesses:    8449535401  100.00%

L2 Cache Stats:
L2-Load-Hits:         291387410   65.57%
L2-Load-Misses:       153019443   34.43%
L2-Load-Accesses:     444406853  100.00%

L2-Store-Hits:           1254492   72.53%
L2-Store-Misses:          475008   27.47%
L2-Store-Accesses:       1729500  100.00%

L2-Total-Hits:         292641902   65.59%
L2-Total-Misses:       153494451   34.41%
L2-Total-Accesses:     446136353  100.00%

