--------
Total Statistics
--------
Total Instructions: 19432753636
Total Cycles: 80928857712
IPC: 0.240121

--------
Single level Tlb hierarchy
--------
  Data Tlb:
    Entries:          64
    Page Size(B):   4096
    Associativity:      4

Latencies:    0  100
Tlb-Sets:   16 - LRU - assoc:   4

Tlb Stats:
Tlb-Load-Hits:        8360130074   99.60%
Tlb-Load-Misses:        33314540    0.40%
Tlb-Load-Accesses:    8393444614  100.00%

Tlb-Store-Hits:          55934946   99.72%
Tlb-Store-Misses:          155841    0.28%
Tlb-Store-Accesses:      56090787  100.00%

Tlb-Total-Hits:        8416065020   99.60%
Tlb-Total-Misses:        33470381    0.40%
Tlb-Total-Accesses:    8449535401  100.00%



--------
Two level Cache hierarchy
--------
  L1-Data Cache:
    Size(KB):          32
    Block Size(B):     64
    Associativity:      8

  L2-Data Cache:
    Size(KB):        1024
    Block Size(B):    128
    Associativity:      8

Latencies:    1   25  250
L1-Sets:   64 - LRU - assoc:   8
L2-Sets: 1024 - LRU - assoc:   8
Store_allocation: Yes
L2_inclusive: Yes
L2_prefetching: No

L1 Cache Stats:
L1-Load-Hits:        7942176589   94.62%
L1-Load-Misses:       451268025    5.38%
L1-Load-Accesses:    8393444614  100.00%

L1-Store-Hits:          54151139   96.54%
L1-Store-Misses:         1939648    3.46%
L1-Store-Accesses:      56090787  100.00%

L1-Total-Hits:        7996327728   94.64%
L1-Total-Misses:       453207673    5.36%
L1-Total-Accesses:    8449535401  100.00%

L2 Cache Stats:
L2-Load-Hits:         298246762   66.09%
L2-Load-Misses:       153021263   33.91%
L2-Load-Accesses:     451268025  100.00%

L2-Store-Hits:           1483556   76.49%
L2-Store-Misses:          456092   23.51%
L2-Store-Accesses:       1939648  100.00%

L2-Total-Hits:         299730318   66.14%
L2-Total-Misses:       153477355   33.86%
L2-Total-Accesses:     453207673  100.00%

