--------
Total Statistics
--------
Total Instructions: 19432753636
Total Cycles: 80972835512
IPC: 0.239991

--------
Single level Tlb hierarchy
--------
  Data Tlb:
    Entries:          64
    Page Size(B):   4096
    Associativity:      4

Latencies:    0  100
Tlb-Sets:   16 - LRU - assoc:   4

Tlb Stats:
Tlb-Load-Hits:        8360137293   99.60%
Tlb-Load-Misses:        33307321    0.40%
Tlb-Load-Accesses:    8393444614  100.00%

Tlb-Store-Hits:          55937094   99.73%
Tlb-Store-Misses:          153693    0.27%
Tlb-Store-Accesses:      56090787  100.00%

Tlb-Total-Hits:        8416074387   99.60%
Tlb-Total-Misses:        33461014    0.40%
Tlb-Total-Accesses:    8449535401  100.00%



--------
Two level Cache hierarchy
--------
  L1-Data Cache:
    Size(KB):          16
    Block Size(B):     64
    Associativity:      4

  L2-Data Cache:
    Size(KB):        1024
    Block Size(B):    128
    Associativity:      8

Latencies:    1   25  250
L1-Sets:   64 - LRU - assoc:   4
L2-Sets: 1024 - LRU - assoc:   8
Store_allocation: Yes
L2_inclusive: Yes
L2_prefetching: No

L1 Cache Stats:
L1-Load-Hits:        7940502311   94.60%
L1-Load-Misses:       452942303    5.40%
L1-Load-Accesses:    8393444614  100.00%

L1-Store-Hits:          54074327   96.41%
L1-Store-Misses:         2016460    3.59%
L1-Store-Accesses:      56090787  100.00%

L1-Total-Hits:        7994576638   94.62%
L1-Total-Misses:       454958763    5.38%
L1-Total-Accesses:    8449535401  100.00%

L2 Cache Stats:
L2-Load-Hits:         299930907   66.22%
L2-Load-Misses:       153011396   33.78%
L2-Load-Accesses:     452942303  100.00%

L2-Store-Hits:           1545952   76.67%
L2-Store-Misses:          470508   23.33%
L2-Store-Accesses:       2016460  100.00%

L2-Total-Hits:         301476859   66.26%
L2-Total-Misses:       153481904   33.74%
L2-Total-Accesses:     454958763  100.00%

