--------
Total Statistics
--------
Total Instructions: 19432753636
Total Cycles: 80668170637
IPC: 0.240897

--------
Single level Tlb hierarchy
--------
  Data Tlb:
    Entries:          64
    Page Size(B):   4096
    Associativity:      4

Latencies:    0  100
Tlb-Sets:   16 - LRU - assoc:   4

Tlb Stats:
Tlb-Load-Hits:        8360120399   99.60%
Tlb-Load-Misses:        33324215    0.40%
Tlb-Load-Accesses:    8393444614  100.00%

Tlb-Store-Hits:          55946822   99.74%
Tlb-Store-Misses:          143965    0.26%
Tlb-Store-Accesses:      56090787  100.00%

Tlb-Total-Hits:        8416067221   99.60%
Tlb-Total-Misses:        33468180    0.40%
Tlb-Total-Accesses:    8449535401  100.00%



--------
Two level Cache hierarchy
--------
  L1-Data Cache:
    Size(KB):          64
    Block Size(B):     64
    Associativity:      4

  L2-Data Cache:
    Size(KB):        1024
    Block Size(B):    128
    Associativity:      8

Latencies:    1   25  250
L1-Sets:  256 - LRU - assoc:   4
L2-Sets: 1024 - LRU - assoc:   8
Store_allocation: Yes
L2_inclusive: Yes
L2_prefetching: No

L1 Cache Stats:
L1-Load-Hits:        7952544185   94.75%
L1-Load-Misses:       440900429    5.25%
L1-Load-Accesses:    8393444614  100.00%

L1-Store-Hits:          54509652   97.18%
L1-Store-Misses:         1581135    2.82%
L1-Store-Accesses:      56090787  100.00%

L1-Total-Hits:        8007053837   94.76%
L1-Total-Misses:       442481564    5.24%
L1-Total-Accesses:    8449535401  100.00%

L2 Cache Stats:
L2-Load-Hits:         287866334   65.29%
L2-Load-Misses:       153034095   34.71%
L2-Load-Accesses:     440900429  100.00%

L2-Store-Hits:           1107132   70.02%
L2-Store-Misses:          474003   29.98%
L2-Store-Accesses:       1581135  100.00%

L2-Total-Hits:         288973466   65.31%
L2-Total-Misses:       153508098   34.69%
L2-Total-Accesses:     442481564  100.00%

