--------
Total Statistics
--------
Total Instructions: 19432753576
Total Cycles: 80651006276
IPC: 0.240949

--------
Single level Tlb hierarchy
--------
  Data Tlb:
    Entries:          64
    Page Size(B):   4096
    Associativity:      4

Latencies:    0  100
Tlb-Sets:   16 - LRU - assoc:   4

Tlb Stats:
Tlb-Load-Hits:        8360137236   99.60%
Tlb-Load-Misses:        33307357    0.40%
Tlb-Load-Accesses:    8393444593  100.00%

Tlb-Store-Hits:          55937152   99.73%
Tlb-Store-Misses:          153630    0.27%
Tlb-Store-Accesses:      56090782  100.00%

Tlb-Total-Hits:        8416074388   99.60%
Tlb-Total-Misses:        33460987    0.40%
Tlb-Total-Accesses:    8449535375  100.00%



--------
Two level Cache hierarchy
--------
  L1-Data Cache:
    Size(KB):         128
    Block Size(B):     64
    Associativity:      8

  L2-Data Cache:
    Size(KB):        1024
    Block Size(B):    128
    Associativity:      8

Latencies:    1   25  250
L1-Sets:  256 - LRU - assoc:   8
L2-Sets: 1024 - LRU - assoc:   8
Store_allocation: Yes
L2_inclusive: Yes
L2_prefetching: No

L1 Cache Stats:
L1-Load-Hits:        7952937457   94.75%
L1-Load-Misses:       440507136    5.25%
L1-Load-Accesses:    8393444593  100.00%

L1-Store-Hits:          54523353   97.21%
L1-Store-Misses:         1567429    2.79%
L1-Store-Accesses:      56090782  100.00%

L1-Total-Hits:        8007460810   94.77%
L1-Total-Misses:       442074565    5.23%
L1-Total-Accesses:    8449535375  100.00%

L2 Cache Stats:
L2-Load-Hits:         287491952   65.26%
L2-Load-Misses:       153015184   34.74%
L2-Load-Accesses:     440507136  100.00%

L2-Store-Hits:           1099595   70.15%
L2-Store-Misses:          467834   29.85%
L2-Store-Accesses:       1567429  100.00%

L2-Total-Hits:         288591547   65.28%
L2-Total-Misses:       153483018   34.72%
L2-Total-Accesses:     442074565  100.00%

