--------
Total Statistics
--------
Total Instructions: 19432753636
Total Cycles: 73566359412
IPC: 0.264153

--------
Single level Tlb hierarchy
--------
  Data Tlb:
    Entries:          64
    Page Size(B):   4096
    Associativity:      4

Latencies:    0  100
Tlb-Sets:   16 - LRU - assoc:   4

Tlb Stats:
Tlb-Load-Hits:        8360133852   99.60%
Tlb-Load-Misses:        33310762    0.40%
Tlb-Load-Accesses:    8393444614  100.00%

Tlb-Store-Hits:          55944173   99.74%
Tlb-Store-Misses:          146614    0.26%
Tlb-Store-Accesses:      56090787  100.00%

Tlb-Total-Hits:        8416078025   99.60%
Tlb-Total-Misses:        33457376    0.40%
Tlb-Total-Accesses:    8449535401  100.00%



--------
Two level Cache hierarchy
--------
  L1-Data Cache:
    Size(KB):          32
    Block Size(B):    128
    Associativity:      4

  L2-Data Cache:
    Size(KB):        1024
    Block Size(B):    128
    Associativity:      8

Latencies:    1   25  250
L1-Sets:   64 - LRU - assoc:   4
L2-Sets: 1024 - LRU - assoc:   8
Store_allocation: Yes
L2_inclusive: Yes
L2_prefetching: No

L1 Cache Stats:
L1-Load-Hits:        8235831148   98.12%
L1-Load-Misses:       157613466    1.88%
L1-Load-Accesses:    8393444614  100.00%

L1-Store-Hits:          55511922   98.97%
L1-Store-Misses:          578865    1.03%
L1-Store-Accesses:      56090787  100.00%

L1-Total-Hits:        8291343070   98.13%
L1-Total-Misses:       158192331    1.87%
L1-Total-Accesses:    8449535401  100.00%

L2 Cache Stats:
L2-Load-Hits:           4538147    2.88%
L2-Load-Misses:       153075319   97.12%
L2-Load-Accesses:     157613466  100.00%

L2-Store-Hits:            120086   20.75%
L2-Store-Misses:          458779   79.25%
L2-Store-Accesses:        578865  100.00%

L2-Total-Hits:           4658233    2.94%
L2-Total-Misses:       153534098   97.06%
L2-Total-Accesses:     158192331  100.00%

