--------
Total Statistics
--------
Total Instructions: 19432753636
Total Cycles: 80766711762
IPC: 0.240604

--------
Single level Tlb hierarchy
--------
  Data Tlb:
    Entries:          64
    Page Size(B):   4096
    Associativity:      4

Latencies:    0  100
Tlb-Sets:   16 - LRU - assoc:   4

Tlb Stats:
Tlb-Load-Hits:        8360146100   99.60%
Tlb-Load-Misses:        33298514    0.40%
Tlb-Load-Accesses:    8393444614  100.00%

Tlb-Store-Hits:          55945403   99.74%
Tlb-Store-Misses:          145384    0.26%
Tlb-Store-Accesses:      56090787  100.00%

Tlb-Total-Hits:        8416091503   99.60%
Tlb-Total-Misses:        33443898    0.40%
Tlb-Total-Accesses:    8449535401  100.00%



--------
Two level Cache hierarchy
--------
  L1-Data Cache:
    Size(KB):          32
    Block Size(B):     64
    Associativity:      4

  L2-Data Cache:
    Size(KB):        1024
    Block Size(B):    128
    Associativity:      8

Latencies:    1   25  250
L1-Sets:  128 - LRU - assoc:   4
L2-Sets: 1024 - LRU - assoc:   8
Store_allocation: Yes
L2_inclusive: Yes
L2_prefetching: No

L1 Cache Stats:
L1-Load-Hits:        7948434832   94.70%
L1-Load-Misses:       445009782    5.30%
L1-Load-Accesses:    8393444614  100.00%

L1-Store-Hits:          54353932   96.90%
L1-Store-Misses:         1736855    3.10%
L1-Store-Accesses:      56090787  100.00%

L1-Total-Hits:        8002788764   94.71%
L1-Total-Misses:       446746637    5.29%
L1-Total-Accesses:    8449535401  100.00%

L2 Cache Stats:
L2-Load-Hits:         291983540   65.61%
L2-Load-Misses:       153026242   34.39%
L2-Load-Accesses:     445009782  100.00%

L2-Store-Hits:           1277629   73.56%
L2-Store-Misses:          459226   26.44%
L2-Store-Accesses:       1736855  100.00%

L2-Total-Hits:         293261169   65.64%
L2-Total-Misses:       153485468   34.36%
L2-Total-Accesses:     446746637  100.00%

