--------
Total Statistics
--------
Total Instructions: 19432753696
Total Cycles: 87021698448
IPC: 0.223309

--------
Single level Tlb hierarchy
--------
  Data Tlb:
    Entries:          64
    Page Size(B):   4096
    Associativity:      4

Latencies:    0  100
Tlb-Sets:   16 - LRU - assoc:   4

Tlb Stats:
Tlb-Load-Hits:        8360129656   99.60%
Tlb-Load-Misses:        33314979    0.40%
Tlb-Load-Accesses:    8393444635  100.00%

Tlb-Store-Hits:          55943634   99.74%
Tlb-Store-Misses:          147158    0.26%
Tlb-Store-Accesses:      56090792  100.00%

Tlb-Total-Hits:        8416073290   99.60%
Tlb-Total-Misses:        33462137    0.40%
Tlb-Total-Accesses:    8449535427  100.00%



--------
Two level Cache hierarchy
--------
  L1-Data Cache:
    Size(KB):          64
    Block Size(B):     32
    Associativity:      4

  L2-Data Cache:
    Size(KB):        1024
    Block Size(B):    128
    Associativity:      8

Latencies:    1   25  250
L1-Sets:  512 - LRU - assoc:   4
L2-Sets: 1024 - LRU - assoc:   8
Store_allocation: Yes
L2_inclusive: Yes
L2_prefetching: No

L1 Cache Stats:
L1-Load-Hits:        7698891150   91.73%
L1-Load-Misses:       694553485    8.27%
L1-Load-Accesses:    8393444635  100.00%

L1-Store-Hits:          53884972   96.07%
L1-Store-Misses:         2205820    3.93%
L1-Store-Accesses:      56090792  100.00%

L1-Total-Hits:        7752776122   91.75%
L1-Total-Misses:       696759305    8.25%
L1-Total-Accesses:    8449535427  100.00%

L2 Cache Stats:
L2-Load-Hits:         541513835   77.97%
L2-Load-Misses:       153039650   22.03%
L2-Load-Accesses:     694553485  100.00%

L2-Store-Hits:           1748618   79.27%
L2-Store-Misses:          457202   20.73%
L2-Store-Accesses:       2205820  100.00%

L2-Total-Hits:         543262453   77.97%
L2-Total-Misses:       153496852   22.03%
L2-Total-Accesses:     696759305  100.00%

