--------
Total Statistics
--------
Total Instructions: 27760164944
Total Cycles: 37966321616
IPC: 0.731179

--------
Single level Tlb hierarchy
--------
  Data Tlb:
    Entries:          64
    Page Size(B):   4096
    Associativity:      4

Latencies:    0  100
Tlb-Sets:   16 - LRU - assoc:   4

Tlb Stats:
Tlb-Load-Hits:        7782599999  100.00%
Tlb-Load-Misses:            1094    0.00%
Tlb-Load-Accesses:    7782601093  100.00%

Tlb-Store-Hits:        2215188540  100.00%
Tlb-Store-Misses:             264    0.00%
Tlb-Store-Accesses:    2215188804  100.00%

Tlb-Total-Hits:        9997788539  100.00%
Tlb-Total-Misses:            1358    0.00%
Tlb-Total-Accesses:    9997789897  100.00%



--------
Two level Cache hierarchy
--------
  L1-Data Cache:
    Size(KB):          64
    Block Size(B):     32
    Associativity:      4

  L2-Data Cache:
    Size(KB):        1024
    Block Size(B):    128
    Associativity:      8

Latencies:    1   25  250
L1-Sets:  512 - LRU - assoc:   4
L2-Sets: 1024 - LRU - assoc:   8
Store_allocation: Yes
L2_inclusive: Yes
L2_prefetching: No

L1 Cache Stats:
L1-Load-Hits:        7776976059   99.93%
L1-Load-Misses:         5625034    0.07%
L1-Load-Accesses:    7782601093  100.00%

L1-Store-Hits:        2212599039   99.88%
L1-Store-Misses:         2589765    0.12%
L1-Store-Accesses:    2215188804  100.00%

L1-Total-Hits:        9989575098   99.92%
L1-Total-Misses:         8214799    0.08%
L1-Total-Accesses:    9997789897  100.00%

L2 Cache Stats:
L2-Load-Hits:           5622184   99.95%
L2-Load-Misses:            2850    0.05%
L2-Load-Accesses:       5625034  100.00%

L2-Store-Hits:           2581171   99.67%
L2-Store-Misses:            8594    0.33%
L2-Store-Accesses:       2589765  100.00%

L2-Total-Hits:           8203355   99.86%
L2-Total-Misses:           11444    0.14%
L2-Total-Accesses:       8214799  100.00%

