--------
Total Statistics
--------
Total Instructions: 27760164944
Total Cycles: 38065317716
IPC: 0.729277

--------
Single level Tlb hierarchy
--------
  Data Tlb:
    Entries:          64
    Page Size(B):   4096
    Associativity:      4

Latencies:    0  100
Tlb-Sets:   16 - LRU - assoc:   4

Tlb Stats:
Tlb-Load-Hits:        7782547137  100.00%
Tlb-Load-Misses:           53956    0.00%
Tlb-Load-Accesses:    7782601093  100.00%

Tlb-Store-Hits:        2215188516  100.00%
Tlb-Store-Misses:             288    0.00%
Tlb-Store-Accesses:    2215188804  100.00%

Tlb-Total-Hits:        9997735653  100.00%
Tlb-Total-Misses:           54244    0.00%
Tlb-Total-Accesses:    9997789897  100.00%



--------
Two level Cache hierarchy
--------
  L1-Data Cache:
    Size(KB):          64
    Block Size(B):     64
    Associativity:      4

  L2-Data Cache:
    Size(KB):        1024
    Block Size(B):    128
    Associativity:      8

Latencies:    1   25  250
L1-Sets:  256 - LRU - assoc:   4
L2-Sets: 1024 - LRU - assoc:   8
Store_allocation: Yes
L2_inclusive: Yes
L2_prefetching: No

L1 Cache Stats:
L1-Load-Hits:        7774221330   99.89%
L1-Load-Misses:         8379763    0.11%
L1-Load-Accesses:    7782601093  100.00%

L1-Store-Hits:        2211605528   99.84%
L1-Store-Misses:         3583276    0.16%
L1-Store-Accesses:    2215188804  100.00%

L1-Total-Hits:        9985826858   99.88%
L1-Total-Misses:        11963039    0.12%
L1-Total-Accesses:    9997789897  100.00%

L2 Cache Stats:
L2-Load-Hits:           8376911   99.97%
L2-Load-Misses:            2852    0.03%
L2-Load-Accesses:       8379763  100.00%

L2-Store-Hits:           3574678   99.76%
L2-Store-Misses:            8598    0.24%
L2-Store-Accesses:       3583276  100.00%

L2-Total-Hits:          11951589   99.90%
L2-Total-Misses:           11450    0.10%
L2-Total-Accesses:      11963039  100.00%

