--------
Total Statistics
--------
Total Instructions: 27760164944
Total Cycles: 37887257241
IPC: 0.732705

--------
Single level Tlb hierarchy
--------
  Data Tlb:
    Entries:          64
    Page Size(B):   4096
    Associativity:      4

Latencies:    0  100
Tlb-Sets:   16 - LRU - assoc:   4

Tlb Stats:
Tlb-Load-Hits:        7782600257  100.00%
Tlb-Load-Misses:             836    0.00%
Tlb-Load-Accesses:    7782601093  100.00%

Tlb-Store-Hits:        2215188498  100.00%
Tlb-Store-Misses:             306    0.00%
Tlb-Store-Accesses:    2215188804  100.00%

Tlb-Total-Hits:        9997788755  100.00%
Tlb-Total-Misses:            1142    0.00%
Tlb-Total-Accesses:    9997789897  100.00%



--------
Two level Cache hierarchy
--------
  L1-Data Cache:
    Size(KB):          64
    Block Size(B):     64
    Associativity:      8

  L2-Data Cache:
    Size(KB):        1024
    Block Size(B):    128
    Associativity:      8

Latencies:    1   25  250
L1-Sets:  128 - LRU - assoc:   8
L2-Sets: 1024 - LRU - assoc:   8
Store_allocation: Yes
L2_inclusive: Yes
L2_prefetching: No

L1 Cache Stats:
L1-Load-Hits:        7779277293   99.96%
L1-Load-Misses:         3323800    0.04%
L1-Load-Accesses:    7782601093  100.00%

L1-Store-Hits:        2213459596   99.92%
L1-Store-Misses:         1729208    0.08%
L1-Store-Accesses:    2215188804  100.00%

L1-Total-Hits:        9992736889   99.95%
L1-Total-Misses:         5053008    0.05%
L1-Total-Accesses:    9997789897  100.00%

L2 Cache Stats:
L2-Load-Hits:           3320948   99.91%
L2-Load-Misses:            2852    0.09%
L2-Load-Accesses:       3323800  100.00%

L2-Store-Hits:           1720608   99.50%
L2-Store-Misses:            8600    0.50%
L2-Store-Accesses:       1729208  100.00%

L2-Total-Hits:           5041556   99.77%
L2-Total-Misses:           11452    0.23%
L2-Total-Accesses:       5053008  100.00%

