--------
Total Statistics
--------
Total Instructions: 27760164944
Total Cycles: 40634953016
IPC: 0.68316

--------
Single level Tlb hierarchy
--------
  Data Tlb:
    Entries:          64
    Page Size(B):   4096
    Associativity:      4

Latencies:    0  100
Tlb-Sets:   16 - LRU - assoc:   4

Tlb Stats:
Tlb-Load-Hits:        7782600018  100.00%
Tlb-Load-Misses:            1075    0.00%
Tlb-Load-Accesses:    7782601093  100.00%

Tlb-Store-Hits:        2215188553  100.00%
Tlb-Store-Misses:             251    0.00%
Tlb-Store-Accesses:    2215188804  100.00%

Tlb-Total-Hits:        9997788571  100.00%
Tlb-Total-Misses:            1326    0.00%
Tlb-Total-Accesses:    9997789897  100.00%



--------
Two level Cache hierarchy
--------
  L1-Data Cache:
    Size(KB):          32
    Block Size(B):     64
    Associativity:      4

  L2-Data Cache:
    Size(KB):        1024
    Block Size(B):    128
    Associativity:      8

Latencies:    1   25  250
L1-Sets:  128 - LRU - assoc:   4
L2-Sets: 1024 - LRU - assoc:   8
Store_allocation: Yes
L2_inclusive: Yes
L2_prefetching: No

L1 Cache Stats:
L1-Load-Hits:        7718073735   99.17%
L1-Load-Misses:        64527358    0.83%
L1-Load-Accesses:    7782601093  100.00%

L1-Store-Hits:        2164755939   97.72%
L1-Store-Misses:        50432865    2.28%
L1-Store-Accesses:    2215188804  100.00%

L1-Total-Hits:        9882829674   98.85%
L1-Total-Misses:       114960223    1.15%
L1-Total-Accesses:    9997789897  100.00%

L2 Cache Stats:
L2-Load-Hits:          64524513  100.00%
L2-Load-Misses:            2845    0.00%
L2-Load-Accesses:      64527358  100.00%

L2-Store-Hits:          50424270   99.98%
L2-Store-Misses:            8595    0.02%
L2-Store-Accesses:      50432865  100.00%

L2-Total-Hits:         114948783   99.99%
L2-Total-Misses:           11440    0.01%
L2-Total-Accesses:     114960223  100.00%

