--------
Total Statistics
--------
Total Instructions: 27760164944
Total Cycles: 43033170341
IPC: 0.645088

--------
Single level Tlb hierarchy
--------
  Data Tlb:
    Entries:          64
    Page Size(B):   4096
    Associativity:      4

Latencies:    0  100
Tlb-Sets:   16 - LRU - assoc:   4

Tlb Stats:
Tlb-Load-Hits:        7782600527  100.00%
Tlb-Load-Misses:             566    0.00%
Tlb-Load-Accesses:    7782601093  100.00%

Tlb-Store-Hits:        2215188552  100.00%
Tlb-Store-Misses:             252    0.00%
Tlb-Store-Accesses:    2215188804  100.00%

Tlb-Total-Hits:        9997789079  100.00%
Tlb-Total-Misses:             818    0.00%
Tlb-Total-Accesses:    9997789897  100.00%



--------
Two level Cache hierarchy
--------
  L1-Data Cache:
    Size(KB):          16
    Block Size(B):     64
    Associativity:      4

  L2-Data Cache:
    Size(KB):        1024
    Block Size(B):    128
    Associativity:      8

Latencies:    1   25  250
L1-Sets:   64 - LRU - assoc:   4
L2-Sets: 1024 - LRU - assoc:   8
Store_allocation: Yes
L2_inclusive: Yes
L2_prefetching: No

L1 Cache Stats:
L1-Load-Hits:        7676583661   98.64%
L1-Load-Misses:       106017432    1.36%
L1-Load-Accesses:    7782601093  100.00%

L1-Store-Hits:        2110315308   95.27%
L1-Store-Misses:       104873496    4.73%
L1-Store-Accesses:    2215188804  100.00%

L1-Total-Hits:        9786898969   97.89%
L1-Total-Misses:       210890928    2.11%
L1-Total-Accesses:    9997789897  100.00%

L2 Cache Stats:
L2-Load-Hits:         106014588  100.00%
L2-Load-Misses:            2844    0.00%
L2-Load-Accesses:     106017432  100.00%

L2-Store-Hits:         104864898   99.99%
L2-Store-Misses:            8598    0.01%
L2-Store-Accesses:     104873496  100.00%

L2-Total-Hits:         210879486   99.99%
L2-Total-Misses:           11442    0.01%
L2-Total-Accesses:     210890928  100.00%

