--------
Total Statistics
--------
Total Instructions: 28570089575
Total Cycles: 57270619783
IPC: 0.498861

--------
Single level Tlb hierarchy
--------
  Data Tlb:
    Entries:          64
    Page Size(B):   4096
    Associativity:      4

Latencies:    0  100
Tlb-Sets:   16 - LRU - assoc:   4

Tlb Stats:
Tlb-Load-Hits:        8828956657   99.00%
Tlb-Load-Misses:        88980514    1.00%
Tlb-Load-Accesses:    8917937171  100.00%

Tlb-Store-Hits:        4523609526   99.41%
Tlb-Store-Misses:        26713611    0.59%
Tlb-Store-Accesses:    4550323137  100.00%

Tlb-Total-Hits:       13352566183   99.14%
Tlb-Total-Misses:       115694125    0.86%
Tlb-Total-Accesses:   13468260308  100.00%



--------
Two level Cache hierarchy
--------
  L1-Data Cache:
    Size(KB):          32
    Block Size(B):     64
    Associativity:      8

  L2-Data Cache:
    Size(KB):        2048
    Block Size(B):     64
    Associativity:      8

Latencies:    1   25  250
L1-Sets:   64 - LRU - assoc:   8
L2-Sets: 4096 - LRU - assoc:   8
Store_allocation: Yes
L2_inclusive: Yes
L2_prefetching: No

L1 Cache Stats:
L1-Load-Hits:        8875398215   99.52%
L1-Load-Misses:        42538956    0.48%
L1-Load-Accesses:    8917937171  100.00%

L1-Store-Hits:        4542842277   99.84%
L1-Store-Misses:         7480860    0.16%
L1-Store-Accesses:    4550323137  100.00%

L1-Total-Hits:       13418240492   99.63%
L1-Total-Misses:        50019816    0.37%
L1-Total-Accesses:   13468260308  100.00%

L2 Cache Stats:
L2-Load-Hits:          36157422   85.00%
L2-Load-Misses:         6381534   15.00%
L2-Load-Accesses:      42538956  100.00%

L2-Store-Hits:           4212946   56.32%
L2-Store-Misses:         3267914   43.68%
L2-Store-Accesses:       7480860  100.00%

L2-Total-Hits:          40370368   80.71%
L2-Total-Misses:         9649448   19.29%
L2-Total-Accesses:      50019816  100.00%

