--------
Total Statistics
--------
Total Instructions: 28570089575
Total Cycles: 47291824733
IPC: 0.604123

--------
Single level Tlb hierarchy
--------
  Data Tlb:
    Entries:          64
    Page Size(B):   4096
    Associativity:      4

Latencies:    0  100
Tlb-Sets:   16 - LRU - assoc:   4

Tlb Stats:
Tlb-Load-Hits:        8905152777   99.86%
Tlb-Load-Misses:        12784394    0.14%
Tlb-Load-Accesses:    8917937171  100.00%

Tlb-Store-Hits:        4546274832   99.91%
Tlb-Store-Misses:         4048305    0.09%
Tlb-Store-Accesses:    4550323137  100.00%

Tlb-Total-Hits:       13451427609   99.88%
Tlb-Total-Misses:        16832699    0.12%
Tlb-Total-Accesses:   13468260308  100.00%



--------
Two level Cache hierarchy
--------
  L1-Data Cache:
    Size(KB):          32
    Block Size(B):     64
    Associativity:      8

  L2-Data Cache:
    Size(KB):        1024
    Block Size(B):    128
    Associativity:     16

Latencies:    1   25  250
L1-Sets:   64 - LRU - assoc:   8
L2-Sets:  512 - LRU - assoc:  16
Store_allocation: Yes
L2_inclusive: Yes
L2_prefetching: No

L1 Cache Stats:
L1-Load-Hits:        8868236214   99.44%
L1-Load-Misses:        49700957    0.56%
L1-Load-Accesses:    8917937171  100.00%

L1-Store-Hits:        4540092366   99.78%
L1-Store-Misses:        10230771    0.22%
L1-Store-Accesses:    4550323137  100.00%

L1-Total-Hits:       13408328580   99.56%
L1-Total-Misses:        59931728    0.44%
L1-Total-Accesses:   13468260308  100.00%

L2 Cache Stats:
L2-Load-Hits:          43694667   87.92%
L2-Load-Misses:         6006290   12.08%
L2-Load-Accesses:      49700957  100.00%

L2-Store-Hits:           7949414   77.70%
L2-Store-Misses:         2281357   22.30%
L2-Store-Accesses:      10230771  100.00%

L2-Total-Hits:          51644081   86.17%
L2-Total-Misses:         8287647   13.83%
L2-Total-Accesses:      59931728  100.00%

