--------
Total Statistics
--------
Total Instructions: 28570089575
Total Cycles: 50011370458
IPC: 0.571272

--------
Single level Tlb hierarchy
--------
  Data Tlb:
    Entries:          64
    Page Size(B):   4096
    Associativity:      4

Latencies:    0  100
Tlb-Sets:   16 - LRU - assoc:   4

Tlb Stats:
Tlb-Load-Hits:        8902844777   99.83%
Tlb-Load-Misses:        15092394    0.17%
Tlb-Load-Accesses:    8917937171  100.00%

Tlb-Store-Hits:        4544796366   99.88%
Tlb-Store-Misses:         5526771    0.12%
Tlb-Store-Accesses:    4550323137  100.00%

Tlb-Total-Hits:       13447641143   99.85%
Tlb-Total-Misses:        20619165    0.15%
Tlb-Total-Accesses:   13468260308  100.00%



--------
Two level Cache hierarchy
--------
  L1-Data Cache:
    Size(KB):          32
    Block Size(B):     64
    Associativity:      8

  L2-Data Cache:
    Size(KB):         256
    Block Size(B):    128
    Associativity:      4

Latencies:    1   25  250
L1-Sets:   64 - LRU - assoc:   8
L2-Sets:  512 - LRU - assoc:   4
Store_allocation: Yes
L2_inclusive: Yes
L2_prefetching: No

L1 Cache Stats:
L1-Load-Hits:        8860894169   99.36%
L1-Load-Misses:        57043002    0.64%
L1-Load-Accesses:    8917937171  100.00%

L1-Store-Hits:        4538799446   99.75%
L1-Store-Misses:        11523691    0.25%
L1-Store-Accesses:    4550323137  100.00%

L1-Total-Hits:       13399693615   99.49%
L1-Total-Misses:        68566693    0.51%
L1-Total-Accesses:   13468260308  100.00%

L2 Cache Stats:
L2-Load-Hits:          43377611   76.04%
L2-Load-Misses:        13665391   23.96%
L2-Load-Accesses:      57043002  100.00%

L2-Store-Hits:           8401335   72.90%
L2-Store-Misses:         3122356   27.10%
L2-Store-Accesses:      11523691  100.00%

L2-Total-Hits:          51778946   75.52%
L2-Total-Misses:        16787747   24.48%
L2-Total-Accesses:      68566693  100.00%

