--------
Total Statistics
--------
Total Instructions: 28570089575
Total Cycles: 46123719308
IPC: 0.619423

--------
Single level Tlb hierarchy
--------
  Data Tlb:
    Entries:          64
    Page Size(B):   4096
    Associativity:      4

Latencies:    0  100
Tlb-Sets:   16 - LRU - assoc:   4

Tlb Stats:
Tlb-Load-Hits:        8905949803   99.87%
Tlb-Load-Misses:        11987368    0.13%
Tlb-Load-Accesses:    8917937171  100.00%

Tlb-Store-Hits:        4546705468   99.92%
Tlb-Store-Misses:         3617669    0.08%
Tlb-Store-Accesses:    4550323137  100.00%

Tlb-Total-Hits:       13452655271   99.88%
Tlb-Total-Misses:        15605037    0.12%
Tlb-Total-Accesses:   13468260308  100.00%



--------
Two level Cache hierarchy
--------
  L1-Data Cache:
    Size(KB):          32
    Block Size(B):     64
    Associativity:      8

  L2-Data Cache:
    Size(KB):        2048
    Block Size(B):    256
    Associativity:      8

Latencies:    1   25  250
L1-Sets:   64 - LRU - assoc:   8
L2-Sets: 1024 - LRU - assoc:   8
Store_allocation: Yes
L2_inclusive: Yes
L2_prefetching: No

L1 Cache Stats:
L1-Load-Hits:        8871032553   99.47%
L1-Load-Misses:        46904618    0.53%
L1-Load-Accesses:    8917937171  100.00%

L1-Store-Hits:        4541535456   99.81%
L1-Store-Misses:         8787681    0.19%
L1-Store-Accesses:    4550323137  100.00%

L1-Total-Hits:       13412568009   99.59%
L1-Total-Misses:        55692299    0.41%
L1-Total-Accesses:   13468260308  100.00%

L2 Cache Stats:
L2-Load-Hits:          43410222   92.55%
L2-Load-Misses:         3494396    7.45%
L2-Load-Accesses:      46904618  100.00%

L2-Store-Hits:           7751844   88.21%
L2-Store-Misses:         1035837   11.79%
L2-Store-Accesses:       8787681  100.00%

L2-Total-Hits:          51162066   91.87%
L2-Total-Misses:         4530233    8.13%
L2-Total-Accesses:      55692299  100.00%

