--------
Total Statistics
--------
Total Instructions: 28570089575
Total Cycles: 48449712208
IPC: 0.589685

--------
Single level Tlb hierarchy
--------
  Data Tlb:
    Entries:          64
    Page Size(B):   4096
    Associativity:      4

Latencies:    0  100
Tlb-Sets:   16 - LRU - assoc:   4

Tlb Stats:
Tlb-Load-Hits:        8904539601   99.85%
Tlb-Load-Misses:        13397570    0.15%
Tlb-Load-Accesses:    8917937171  100.00%

Tlb-Store-Hits:        4545514271   99.89%
Tlb-Store-Misses:         4808866    0.11%
Tlb-Store-Accesses:    4550323137  100.00%

Tlb-Total-Hits:       13450053872   99.86%
Tlb-Total-Misses:        18206436    0.14%
Tlb-Total-Accesses:   13468260308  100.00%



--------
Two level Cache hierarchy
--------
  L1-Data Cache:
    Size(KB):          32
    Block Size(B):     64
    Associativity:      8

  L2-Data Cache:
    Size(KB):         512
    Block Size(B):    128
    Associativity:      4

Latencies:    1   25  250
L1-Sets:   64 - LRU - assoc:   8
L2-Sets: 1024 - LRU - assoc:   4
Store_allocation: Yes
L2_inclusive: Yes
L2_prefetching: No

L1 Cache Stats:
L1-Load-Hits:        8864820974   99.40%
L1-Load-Misses:        53116197    0.60%
L1-Load-Accesses:    8917937171  100.00%

L1-Store-Hits:        4539516725   99.76%
L1-Store-Misses:        10806412    0.24%
L1-Store-Accesses:    4550323137  100.00%

L1-Total-Hits:       13404337699   99.53%
L1-Total-Misses:        63922609    0.47%
L1-Total-Accesses:   13468260308  100.00%

L2 Cache Stats:
L2-Load-Hits:          43769155   82.40%
L2-Load-Misses:         9347042   17.60%
L2-Load-Accesses:      53116197  100.00%

L2-Store-Hits:           8182840   75.72%
L2-Store-Misses:         2623572   24.28%
L2-Store-Accesses:      10806412  100.00%

L2-Total-Hits:          51951995   81.27%
L2-Total-Misses:        11970614   18.73%
L2-Total-Accesses:      63922609  100.00%

