--------
Total Statistics
--------
Total Instructions: 28570089575
Total Cycles: 46893977933
IPC: 0.609249

--------
Single level Tlb hierarchy
--------
  Data Tlb:
    Entries:          64
    Page Size(B):   4096
    Associativity:      4

Latencies:    0  100
Tlb-Sets:   16 - LRU - assoc:   4

Tlb Stats:
Tlb-Load-Hits:        8905629211   99.86%
Tlb-Load-Misses:        12307960    0.14%
Tlb-Load-Accesses:    8917937171  100.00%

Tlb-Store-Hits:        4545013062   99.88%
Tlb-Store-Misses:         5310075    0.12%
Tlb-Store-Accesses:    4550323137  100.00%

Tlb-Total-Hits:       13450642273   99.87%
Tlb-Total-Misses:        17618035    0.13%
Tlb-Total-Accesses:   13468260308  100.00%



--------
Two level Cache hierarchy
--------
  L1-Data Cache:
    Size(KB):          32
    Block Size(B):     64
    Associativity:      8

  L2-Data Cache:
    Size(KB):        1024
    Block Size(B):    256
    Associativity:      8

Latencies:    1   25  250
L1-Sets:   64 - LRU - assoc:   8
L2-Sets:  512 - LRU - assoc:   8
Store_allocation: Yes
L2_inclusive: Yes
L2_prefetching: No

L1 Cache Stats:
L1-Load-Hits:        8868793243   99.45%
L1-Load-Misses:        49143928    0.55%
L1-Load-Accesses:    8917937171  100.00%

L1-Store-Hits:        4541187343   99.80%
L1-Store-Misses:         9135794    0.20%
L1-Store-Accesses:    4550323137  100.00%

L1-Total-Hits:       13409980586   99.57%
L1-Total-Misses:        58279722    0.43%
L1-Total-Accesses:   13468260308  100.00%

L2 Cache Stats:
L2-Load-Hits:          43850579   89.23%
L2-Load-Misses:         5293349   10.77%
L2-Load-Accesses:      49143928  100.00%

L2-Store-Hits:           7881817   86.27%
L2-Store-Misses:         1253977   13.73%
L2-Store-Accesses:       9135794  100.00%

L2-Total-Hits:          51732396   88.77%
L2-Total-Misses:         6547326   11.23%
L2-Total-Accesses:      58279722  100.00%

