--------
Total Statistics
--------
Total Instructions: 28570089589
Total Cycles: 50333156604
IPC: 0.56762

--------
Single level Tlb hierarchy
--------
  Data Tlb:
    Entries:          64
    Page Size(B):   4096
    Associativity:      4

Latencies:    0  100
Tlb-Sets:   16 - LRU - assoc:   4

Tlb Stats:
Tlb-Load-Hits:        8894431101   99.74%
Tlb-Load-Misses:        23506075    0.26%
Tlb-Load-Accesses:    8917937176  100.00%

Tlb-Store-Hits:        4543950411   99.86%
Tlb-Store-Misses:         6372728    0.14%
Tlb-Store-Accesses:    4550323139  100.00%

Tlb-Total-Hits:       13438381512   99.78%
Tlb-Total-Misses:        29878803    0.22%
Tlb-Total-Accesses:   13468260315  100.00%



--------
Two level Cache hierarchy
--------
  L1-Data Cache:
    Size(KB):          32
    Block Size(B):     64
    Associativity:      8

  L2-Data Cache:
    Size(KB):         512
    Block Size(B):     64
    Associativity:      8

Latencies:    1   25  250
L1-Sets:   64 - LRU - assoc:   8
L2-Sets: 1024 - LRU - assoc:   8
Store_allocation: Yes
L2_inclusive: Yes
L2_prefetching: No

L1 Cache Stats:
L1-Load-Hits:        8875406877   99.52%
L1-Load-Misses:        42530299    0.48%
L1-Load-Accesses:    8917937176  100.00%

L1-Store-Hits:        4542854502   99.84%
L1-Store-Misses:         7468637    0.16%
L1-Store-Accesses:    4550323139  100.00%

L1-Total-Hits:       13418261379   99.63%
L1-Total-Misses:        49998936    0.37%
L1-Total-Accesses:   13468260315  100.00%

L2 Cache Stats:
L2-Load-Hits:          31063455   73.04%
L2-Load-Misses:        11466844   26.96%
L2-Load-Accesses:      42530299  100.00%

L2-Store-Hits:           2707669   36.25%
L2-Store-Misses:         4760968   63.75%
L2-Store-Accesses:       7468637  100.00%

L2-Total-Hits:          33771124   67.54%
L2-Total-Misses:        16227812   32.46%
L2-Total-Accesses:      49998936  100.00%

