--------
Total Statistics
--------
Total Instructions: 28570089575
Total Cycles: 47195299058
IPC: 0.605359

--------
Single level Tlb hierarchy
--------
  Data Tlb:
    Entries:          64
    Page Size(B):   4096
    Associativity:      4

Latencies:    0  100
Tlb-Sets:   16 - LRU - assoc:   4

Tlb Stats:
Tlb-Load-Hits:        8905958511   99.87%
Tlb-Load-Misses:        11978660    0.13%
Tlb-Load-Accesses:    8917937171  100.00%

Tlb-Store-Hits:        4546731834   99.92%
Tlb-Store-Misses:         3591303    0.08%
Tlb-Store-Accesses:    4550323137  100.00%

Tlb-Total-Hits:       13452690345   99.88%
Tlb-Total-Misses:        15569963    0.12%
Tlb-Total-Accesses:   13468260308  100.00%



--------
Two level Cache hierarchy
--------
  L1-Data Cache:
    Size(KB):          32
    Block Size(B):     64
    Associativity:      8

  L2-Data Cache:
    Size(KB):        1024
    Block Size(B):    128
    Associativity:      8

Latencies:    1   25  250
L1-Sets:   64 - LRU - assoc:   8
L2-Sets: 1024 - LRU - assoc:   8
Store_allocation: Yes
L2_inclusive: Yes
L2_prefetching: No

L1 Cache Stats:
L1-Load-Hits:        8868058481   99.44%
L1-Load-Misses:        49878690    0.56%
L1-Load-Accesses:    8917937171  100.00%

L1-Store-Hits:        4540058932   99.77%
L1-Store-Misses:        10264205    0.23%
L1-Store-Accesses:    4550323137  100.00%

L1-Total-Hits:       13408117413   99.55%
L1-Total-Misses:        60142895    0.45%
L1-Total-Accesses:   13468260308  100.00%

L2 Cache Stats:
L2-Load-Hits:          43770848   87.75%
L2-Load-Misses:         6107842   12.25%
L2-Load-Accesses:      49878690  100.00%

L2-Store-Hits:           7986525   77.81%
L2-Store-Misses:         2277680   22.19%
L2-Store-Accesses:      10264205  100.00%

L2-Total-Hits:          51757373   86.06%
L2-Total-Misses:         8385522   13.94%
L2-Total-Accesses:      60142895  100.00%

