--------
Total Statistics
--------
Total Instructions: 7601179157
Total Cycles: 10948997959
IPC: 0.694235

--------
Single level Tlb hierarchy
--------
  Data Tlb:
    Entries:          64
    Page Size(B):   4096
    Associativity:      4

Latencies:    0  100
Tlb-Sets:   16 - LRU - assoc:   4

Tlb Stats:
Tlb-Load-Hits:        2027493330   99.97%
Tlb-Load-Misses:          651146    0.03%
Tlb-Load-Accesses:    2028144476  100.00%

Tlb-Store-Hits:        1026491792   99.99%
Tlb-Store-Misses:           98259    0.01%
Tlb-Store-Accesses:    1026590051  100.00%

Tlb-Total-Hits:        3053985122   99.98%
Tlb-Total-Misses:          749405    0.02%
Tlb-Total-Accesses:    3054734527  100.00%



--------
Two level Cache hierarchy
--------
  L1-Data Cache:
    Size(KB):          32
    Block Size(B):     64
    Associativity:      8

  L2-Data Cache:
    Size(KB):        2048
    Block Size(B):    256
    Associativity:      8

Latencies:    1   25  250
L1-Sets:   64 - LRU - assoc:   8
L2-Sets: 1024 - LRU - assoc:   8
Store_allocation: Yes
L2_inclusive: Yes
L2_prefetching: No

L1 Cache Stats:
L1-Load-Hits:        2024959332   99.84%
L1-Load-Misses:         3185144    0.16%
L1-Load-Accesses:    2028144476  100.00%

L1-Store-Hits:        1026048304   99.95%
L1-Store-Misses:          541747    0.05%
L1-Store-Accesses:    1026590051  100.00%

L1-Total-Hits:        3051007636   99.88%
L1-Total-Misses:         3726891    0.12%
L1-Total-Accesses:    3054734527  100.00%

L2 Cache Stats:
L2-Load-Hits:           2782673   87.36%
L2-Load-Misses:          402471   12.64%
L2-Load-Accesses:       3185144  100.00%

L2-Store-Hits:            444332   82.02%
L2-Store-Misses:           97415   17.98%
L2-Store-Accesses:        541747  100.00%

L2-Total-Hits:           3227005   86.59%
L2-Total-Misses:          499886   13.41%
L2-Total-Accesses:       3726891  100.00%

