--------
Total Statistics
--------
Total Instructions: 7601179157
Total Cycles: 11180677984
IPC: 0.67985

--------
Single level Tlb hierarchy
--------
  Data Tlb:
    Entries:          64
    Page Size(B):   4096
    Associativity:      4

Latencies:    0  100
Tlb-Sets:   16 - LRU - assoc:   4

Tlb Stats:
Tlb-Load-Hits:        2027592994   99.97%
Tlb-Load-Misses:          551482    0.03%
Tlb-Load-Accesses:    2028144476  100.00%

Tlb-Store-Hits:        1026537992   99.99%
Tlb-Store-Misses:           52059    0.01%
Tlb-Store-Accesses:    1026590051  100.00%

Tlb-Total-Hits:        3054130986   99.98%
Tlb-Total-Misses:          603541    0.02%
Tlb-Total-Accesses:    3054734527  100.00%



--------
Two level Cache hierarchy
--------
  L1-Data Cache:
    Size(KB):          32
    Block Size(B):     64
    Associativity:      8

  L2-Data Cache:
    Size(KB):         256
    Block Size(B):    128
    Associativity:      4

Latencies:    1   25  250
L1-Sets:   64 - LRU - assoc:   8
L2-Sets:  512 - LRU - assoc:   4
Store_allocation: Yes
L2_inclusive: Yes
L2_prefetching: No

L1 Cache Stats:
L1-Load-Hits:        2024155531   99.80%
L1-Load-Misses:         3988945    0.20%
L1-Load-Accesses:    2028144476  100.00%

L1-Store-Hits:        1025947558   99.94%
L1-Store-Misses:          642493    0.06%
L1-Store-Accesses:    1026590051  100.00%

L1-Total-Hits:        3050103089   99.85%
L1-Total-Misses:         4631438    0.15%
L1-Total-Accesses:    3054734527  100.00%

L2 Cache Stats:
L2-Load-Hits:           2795615   70.08%
L2-Load-Misses:         1193330   29.92%
L2-Load-Accesses:       3988945  100.00%

L2-Store-Hits:            441326   68.69%
L2-Store-Misses:          201167   31.31%
L2-Store-Accesses:        642493  100.00%

L2-Total-Hits:           3236941   69.89%
L2-Total-Misses:         1394497   30.11%
L2-Total-Accesses:       4631438  100.00%

