--------
Total Statistics
--------
Total Instructions: 7601179157
Total Cycles: 11058760859
IPC: 0.687345

--------
Single level Tlb hierarchy
--------
  Data Tlb:
    Entries:          64
    Page Size(B):   4096
    Associativity:      4

Latencies:    0  100
Tlb-Sets:   16 - LRU - assoc:   4

Tlb Stats:
Tlb-Load-Hits:        2027592786   99.97%
Tlb-Load-Misses:          551690    0.03%
Tlb-Load-Accesses:    2028144476  100.00%

Tlb-Store-Hits:        1026537818   99.99%
Tlb-Store-Misses:           52233    0.01%
Tlb-Store-Accesses:    1026590051  100.00%

Tlb-Total-Hits:        3054130604   99.98%
Tlb-Total-Misses:          603923    0.02%
Tlb-Total-Accesses:    3054734527  100.00%



--------
Two level Cache hierarchy
--------
  L1-Data Cache:
    Size(KB):          32
    Block Size(B):     64
    Associativity:      8

  L2-Data Cache:
    Size(KB):        1024
    Block Size(B):    128
    Associativity:     16

Latencies:    1   25  250
L1-Sets:   64 - LRU - assoc:   8
L2-Sets:  512 - LRU - assoc:  16
Store_allocation: Yes
L2_inclusive: Yes
L2_prefetching: No

L1 Cache Stats:
L1-Load-Hits:        2024612838   99.83%
L1-Load-Misses:         3531638    0.17%
L1-Load-Accesses:    2028144476  100.00%

L1-Store-Hits:        1025955544   99.94%
L1-Store-Misses:          634507    0.06%
L1-Store-Accesses:    1026590051  100.00%

L1-Total-Hits:        3050568382   99.86%
L1-Total-Misses:         4166145    0.14%
L1-Total-Accesses:    3054734527  100.00%

L2 Cache Stats:
L2-Load-Hits:           2773665   78.54%
L2-Load-Misses:          757973   21.46%
L2-Load-Accesses:       3531638  100.00%

L2-Store-Hits:            439275   69.23%
L2-Store-Misses:          195232   30.77%
L2-Store-Accesses:        634507  100.00%

L2-Total-Hits:           3212940   77.12%
L2-Total-Misses:          953205   22.88%
L2-Total-Accesses:       4166145  100.00%

