--------
Total Statistics
--------
Total Instructions: 7601179157
Total Cycles: 11304203860
IPC: 0.672421

--------
Single level Tlb hierarchy
--------
  Data Tlb:
    Entries:          64
    Page Size(B):   4096
    Associativity:      4

Latencies:    0  100
Tlb-Sets:   16 - LRU - assoc:   4

Tlb Stats:
Tlb-Load-Hits:        2027517717   99.97%
Tlb-Load-Misses:          626760    0.03%
Tlb-Load-Accesses:    2028144477  100.00%

Tlb-Store-Hits:        1026531170   99.99%
Tlb-Store-Misses:           58881    0.01%
Tlb-Store-Accesses:    1026590051  100.00%

Tlb-Total-Hits:        3054048887   99.98%
Tlb-Total-Misses:          685641    0.02%
Tlb-Total-Accesses:    3054734528  100.00%



--------
Two level Cache hierarchy
--------
  L1-Data Cache:
    Size(KB):          32
    Block Size(B):     64
    Associativity:      8

  L2-Data Cache:
    Size(KB):         512
    Block Size(B):     64
    Associativity:      8

Latencies:    1   25  250
L1-Sets:   64 - LRU - assoc:   8
L2-Sets: 1024 - LRU - assoc:   8
Store_allocation: Yes
L2_inclusive: Yes
L2_prefetching: No

L1 Cache Stats:
L1-Load-Hits:        2025537060   99.87%
L1-Load-Misses:         2607417    0.13%
L1-Load-Accesses:    2028144477  100.00%

L1-Store-Hits:        1026167675   99.96%
L1-Store-Misses:          422376    0.04%
L1-Store-Accesses:    1026590051  100.00%

L1-Total-Hits:        3051704735   99.90%
L1-Total-Misses:         3029793    0.10%
L1-Total-Accesses:    3054734528  100.00%

L2 Cache Stats:
L2-Load-Hits:            984778   37.77%
L2-Load-Misses:         1622639   62.23%
L2-Load-Accesses:       2607417  100.00%

L2-Store-Hits:             29090    6.89%
L2-Store-Misses:          393286   93.11%
L2-Store-Accesses:        422376  100.00%

L2-Total-Hits:           1013868   33.46%
L2-Total-Misses:         2015925   66.54%
L2-Total-Accesses:       3029793  100.00%

