--------
Total Statistics
--------
Total Instructions: 7601179157
Total Cycles: 11058518809
IPC: 0.68736

--------
Single level Tlb hierarchy
--------
  Data Tlb:
    Entries:          64
    Page Size(B):   4096
    Associativity:      4

Latencies:    0  100
Tlb-Sets:   16 - LRU - assoc:   4

Tlb Stats:
Tlb-Load-Hits:        2027576749   99.97%
Tlb-Load-Misses:          567727    0.03%
Tlb-Load-Accesses:    2028144476  100.00%

Tlb-Store-Hits:        1026537499   99.99%
Tlb-Store-Misses:           52552    0.01%
Tlb-Store-Accesses:    1026590051  100.00%

Tlb-Total-Hits:        3054114248   99.98%
Tlb-Total-Misses:          620279    0.02%
Tlb-Total-Accesses:    3054734527  100.00%



--------
Two level Cache hierarchy
--------
  L1-Data Cache:
    Size(KB):          32
    Block Size(B):     64
    Associativity:      8

  L2-Data Cache:
    Size(KB):        2048
    Block Size(B):    128
    Associativity:     16

Latencies:    1   25  250
L1-Sets:   64 - LRU - assoc:   8
L2-Sets: 1024 - LRU - assoc:  16
Store_allocation: Yes
L2_inclusive: Yes
L2_prefetching: No

L1 Cache Stats:
L1-Load-Hits:        2024634809   99.83%
L1-Load-Misses:         3509667    0.17%
L1-Load-Accesses:    2028144476  100.00%

L1-Store-Hits:        1025955879   99.94%
L1-Store-Misses:          634172    0.06%
L1-Store-Accesses:    1026590051  100.00%

L1-Total-Hits:        3050590688   99.86%
L1-Total-Misses:         4143839    0.14%
L1-Total-Accesses:    3054734527  100.00%

L2 Cache Stats:
L2-Load-Hits:           2756578   78.54%
L2-Load-Misses:          753089   21.46%
L2-Load-Accesses:       3509667  100.00%

L2-Store-Hits:            439336   69.28%
L2-Store-Misses:          194836   30.72%
L2-Store-Accesses:        634172  100.00%

L2-Total-Hits:           3195914   77.12%
L2-Total-Misses:          947925   22.88%
L2-Total-Accesses:       4143839  100.00%

