--------
Total Statistics
--------
Total Instructions: 7601179157
Total Cycles: 11244713835
IPC: 0.675978

--------
Single level Tlb hierarchy
--------
  Data Tlb:
    Entries:          64
    Page Size(B):   4096
    Associativity:      4

Latencies:    0  100
Tlb-Sets:   16 - LRU - assoc:   4

Tlb Stats:
Tlb-Load-Hits:        2027570977   99.97%
Tlb-Load-Misses:          573500    0.03%
Tlb-Load-Accesses:    2028144477  100.00%

Tlb-Store-Hits:        1026534929   99.99%
Tlb-Store-Misses:           55122    0.01%
Tlb-Store-Accesses:    1026590051  100.00%

Tlb-Total-Hits:        3054105906   99.98%
Tlb-Total-Misses:          628622    0.02%
Tlb-Total-Accesses:    3054734528  100.00%



--------
Two level Cache hierarchy
--------
  L1-Data Cache:
    Size(KB):          32
    Block Size(B):     64
    Associativity:      8

  L2-Data Cache:
    Size(KB):        1024
    Block Size(B):     64
    Associativity:      8

Latencies:    1   25  250
L1-Sets:   64 - LRU - assoc:   8
L2-Sets: 2048 - LRU - assoc:   8
Store_allocation: Yes
L2_inclusive: Yes
L2_prefetching: No

L1 Cache Stats:
L1-Load-Hits:        2025547607   99.87%
L1-Load-Misses:         2596870    0.13%
L1-Load-Accesses:    2028144477  100.00%

L1-Store-Hits:        1026169463   99.96%
L1-Store-Misses:          420588    0.04%
L1-Store-Accesses:    1026590051  100.00%

L1-Total-Hits:        3051717070   99.90%
L1-Total-Misses:         3017458    0.10%
L1-Total-Accesses:    3054734528  100.00%

L2 Cache Stats:
L2-Load-Hits:           1185648   45.66%
L2-Load-Misses:         1411222   54.34%
L2-Load-Accesses:       2596870  100.00%

L2-Store-Hits:             29804    7.09%
L2-Store-Misses:          390784   92.91%
L2-Store-Accesses:        420588  100.00%

L2-Total-Hits:           1215452   40.28%
L2-Total-Misses:         1802006   59.72%
L2-Total-Accesses:       3017458  100.00%

