--------
Total Statistics
--------
Total Instructions: 7601179157
Total Cycles: 10945389160
IPC: 0.694464

--------
Single level Tlb hierarchy
--------
  Data Tlb:
    Entries:          64
    Page Size(B):   4096
    Associativity:      4

Latencies:    0  100
Tlb-Sets:   16 - LRU - assoc:   4

Tlb Stats:
Tlb-Load-Hits:        2027565733   99.97%
Tlb-Load-Misses:          578744    0.03%
Tlb-Load-Accesses:    2028144477  100.00%

Tlb-Store-Hits:        1026534555   99.99%
Tlb-Store-Misses:           55496    0.01%
Tlb-Store-Accesses:    1026590051  100.00%

Tlb-Total-Hits:        3054100288   99.98%
Tlb-Total-Misses:          634240    0.02%
Tlb-Total-Accesses:    3054734528  100.00%



--------
Two level Cache hierarchy
--------
  L1-Data Cache:
    Size(KB):          32
    Block Size(B):     64
    Associativity:      8

  L2-Data Cache:
    Size(KB):        1024
    Block Size(B):    256
    Associativity:      8

Latencies:    1   25  250
L1-Sets:   64 - LRU - assoc:   8
L2-Sets:  512 - LRU - assoc:   8
Store_allocation: Yes
L2_inclusive: Yes
L2_prefetching: No

L1 Cache Stats:
L1-Load-Hits:        2024919964   99.84%
L1-Load-Misses:         3224513    0.16%
L1-Load-Accesses:    2028144477  100.00%

L1-Store-Hits:        1026033595   99.95%
L1-Store-Misses:          556456    0.05%
L1-Store-Accesses:    1026590051  100.00%

L1-Total-Hits:        3050953559   99.88%
L1-Total-Misses:         3780969    0.12%
L1-Total-Accesses:    3054734528  100.00%

L2 Cache Stats:
L2-Load-Hits:           2796123   86.71%
L2-Load-Misses:          428390   13.29%
L2-Load-Accesses:       3224513  100.00%

L2-Store-Hits:            458737   82.44%
L2-Store-Misses:           97719   17.56%
L2-Store-Accesses:        556456  100.00%

L2-Total-Hits:           3254860   86.09%
L2-Total-Misses:          526109   13.91%
L2-Total-Accesses:       3780969  100.00%

