--------
Total Statistics
--------
Total Instructions: 7601179157
Total Cycles: 11116636610
IPC: 0.683766

--------
Single level Tlb hierarchy
--------
  Data Tlb:
    Entries:          64
    Page Size(B):   4096
    Associativity:      4

Latencies:    0  100
Tlb-Sets:   16 - LRU - assoc:   4

Tlb Stats:
Tlb-Load-Hits:        2027585859   99.97%
Tlb-Load-Misses:          558618    0.03%
Tlb-Load-Accesses:    2028144477  100.00%

Tlb-Store-Hits:        1026537734   99.99%
Tlb-Store-Misses:           52317    0.01%
Tlb-Store-Accesses:    1026590051  100.00%

Tlb-Total-Hits:        3054123593   99.98%
Tlb-Total-Misses:          610935    0.02%
Tlb-Total-Accesses:    3054734528  100.00%



--------
Two level Cache hierarchy
--------
  L1-Data Cache:
    Size(KB):          32
    Block Size(B):     64
    Associativity:      8

  L2-Data Cache:
    Size(KB):         512
    Block Size(B):    128
    Associativity:      8

Latencies:    1   25  250
L1-Sets:   64 - LRU - assoc:   8
L2-Sets:  512 - LRU - assoc:   8
Store_allocation: Yes
L2_inclusive: Yes
L2_prefetching: No

L1 Cache Stats:
L1-Load-Hits:        2024398116   99.82%
L1-Load-Misses:         3746361    0.18%
L1-Load-Accesses:    2028144477  100.00%

L1-Store-Hits:        1025953085   99.94%
L1-Store-Misses:          636966    0.06%
L1-Store-Accesses:    1026590051  100.00%

L1-Total-Hits:        3050351201   99.86%
L1-Total-Misses:         4383327    0.14%
L1-Total-Accesses:    3054734528  100.00%

L2 Cache Stats:
L2-Load-Hits:           2783200   74.29%
L2-Load-Misses:          963161   25.71%
L2-Load-Accesses:       3746361  100.00%

L2-Store-Hits:            439942   69.07%
L2-Store-Misses:          197024   30.93%
L2-Store-Accesses:        636966  100.00%

L2-Total-Hits:           3223142   73.53%
L2-Total-Misses:         1160185   26.47%
L2-Total-Accesses:       4383327  100.00%

