--------
Total Statistics
--------
Total Instructions: 7601179157
Total Cycles: 11123872960
IPC: 0.683321

--------
Single level Tlb hierarchy
--------
  Data Tlb:
    Entries:          64
    Page Size(B):   4096
    Associativity:      4

Latencies:    0  100
Tlb-Sets:   16 - LRU - assoc:   4

Tlb Stats:
Tlb-Load-Hits:        2027573836   99.97%
Tlb-Load-Misses:          570641    0.03%
Tlb-Load-Accesses:    2028144477  100.00%

Tlb-Store-Hits:        1026535320   99.99%
Tlb-Store-Misses:           54731    0.01%
Tlb-Store-Accesses:    1026590051  100.00%

Tlb-Total-Hits:        3054109156   99.98%
Tlb-Total-Misses:          625372    0.02%
Tlb-Total-Accesses:    3054734528  100.00%



--------
Two level Cache hierarchy
--------
  L1-Data Cache:
    Size(KB):          32
    Block Size(B):     64
    Associativity:      8

  L2-Data Cache:
    Size(KB):         512
    Block Size(B):    128
    Associativity:      4

Latencies:    1   25  250
L1-Sets:   64 - LRU - assoc:   8
L2-Sets: 1024 - LRU - assoc:   4
Store_allocation: Yes
L2_inclusive: Yes
L2_prefetching: No

L1 Cache Stats:
L1-Load-Hits:        2024376239   99.81%
L1-Load-Misses:         3768238    0.19%
L1-Load-Accesses:    2028144477  100.00%

L1-Store-Hits:        1025953696   99.94%
L1-Store-Misses:          636355    0.06%
L1-Store-Accesses:    1026590051  100.00%

L1-Total-Hits:        3050329935   99.86%
L1-Total-Misses:         4404593    0.14%
L1-Total-Accesses:    3054734528  100.00%

L2 Cache Stats:
L2-Load-Hits:           2784674   73.90%
L2-Load-Misses:          983564   26.10%
L2-Load-Accesses:       3768238  100.00%

L2-Store-Hits:            438690   68.94%
L2-Store-Misses:          197665   31.06%
L2-Store-Accesses:        636355  100.00%

L2-Total-Hits:           3223364   73.18%
L2-Total-Misses:         1181229   26.82%
L2-Total-Accesses:       4404593  100.00%

