--------
Total Statistics
--------
Total Instructions: 7601179157
Total Cycles: 11239363810
IPC: 0.6763

--------
Single level Tlb hierarchy
--------
  Data Tlb:
    Entries:          64
    Page Size(B):   4096
    Associativity:      4

Latencies:    0  100
Tlb-Sets:   16 - LRU - assoc:   4

Tlb Stats:
Tlb-Load-Hits:        2027580235   99.97%
Tlb-Load-Misses:          564242    0.03%
Tlb-Load-Accesses:    2028144477  100.00%

Tlb-Store-Hits:        1026537462   99.99%
Tlb-Store-Misses:           52589    0.01%
Tlb-Store-Accesses:    1026590051  100.00%

Tlb-Total-Hits:        3054117697   99.98%
Tlb-Total-Misses:          616831    0.02%
Tlb-Total-Accesses:    3054734528  100.00%



--------
Two level Cache hierarchy
--------
  L1-Data Cache:
    Size(KB):          32
    Block Size(B):     64
    Associativity:      8

  L2-Data Cache:
    Size(KB):        2048
    Block Size(B):     64
    Associativity:      8

Latencies:    1   25  250
L1-Sets:   64 - LRU - assoc:   8
L2-Sets: 4096 - LRU - assoc:   8
Store_allocation: Yes
L2_inclusive: Yes
L2_prefetching: No

L1 Cache Stats:
L1-Load-Hits:        2025554900   99.87%
L1-Load-Misses:         2589577    0.13%
L1-Load-Accesses:    2028144477  100.00%

L1-Store-Hits:        1026169917   99.96%
L1-Store-Misses:          420134    0.04%
L1-Store-Accesses:    1026590051  100.00%

L1-Total-Hits:        3051724817   99.90%
L1-Total-Misses:         3009711    0.10%
L1-Total-Accesses:    3054734528  100.00%

L2 Cache Stats:
L2-Load-Hits:           1193188   46.08%
L2-Load-Misses:         1396389   53.92%
L2-Load-Accesses:       2589577  100.00%

L2-Store-Hits:             30426    7.24%
L2-Store-Misses:          389708   92.76%
L2-Store-Accesses:        420134  100.00%

L2-Total-Hits:           1223614   40.66%
L2-Total-Misses:         1786097   59.34%
L2-Total-Accesses:       3009711  100.00%

