--------
Total Statistics
--------
Total Instructions: 7601179157
Total Cycles: 10995280135
IPC: 0.691313

--------
Single level Tlb hierarchy
--------
  Data Tlb:
    Entries:          64
    Page Size(B):   4096
    Associativity:      4

Latencies:    0  100
Tlb-Sets:   16 - LRU - assoc:   4

Tlb Stats:
Tlb-Load-Hits:        2027571021   99.97%
Tlb-Load-Misses:          573456    0.03%
Tlb-Load-Accesses:    2028144477  100.00%

Tlb-Store-Hits:        1026536401   99.99%
Tlb-Store-Misses:           53650    0.01%
Tlb-Store-Accesses:    1026590051  100.00%

Tlb-Total-Hits:        3054107422   99.98%
Tlb-Total-Misses:          627106    0.02%
Tlb-Total-Accesses:    3054734528  100.00%



--------
Two level Cache hierarchy
--------
  L1-Data Cache:
    Size(KB):          32
    Block Size(B):     64
    Associativity:      8

  L2-Data Cache:
    Size(KB):         512
    Block Size(B):    256
    Associativity:      8

Latencies:    1   25  250
L1-Sets:   64 - LRU - assoc:   8
L2-Sets:  256 - LRU - assoc:   8
Store_allocation: Yes
L2_inclusive: Yes
L2_prefetching: No

L1 Cache Stats:
L1-Load-Hits:        2024665649   99.83%
L1-Load-Misses:         3478828    0.17%
L1-Load-Accesses:    2028144477  100.00%

L1-Store-Hits:        1026035645   99.95%
L1-Store-Misses:          554406    0.05%
L1-Store-Accesses:    1026590051  100.00%

L1-Total-Hits:        3050701294   99.87%
L1-Total-Misses:         4033234    0.13%
L1-Total-Accesses:    3054734528  100.00%

L2 Cache Stats:
L2-Load-Hits:           2875065   82.64%
L2-Load-Misses:          603763   17.36%
L2-Load-Accesses:       3478828  100.00%

L2-Store-Hits:            454869   82.05%
L2-Store-Misses:           99537   17.95%
L2-Store-Accesses:        554406  100.00%

L2-Total-Hits:           3329934   82.56%
L2-Total-Misses:          703300   17.44%
L2-Total-Accesses:       4033234  100.00%

