--------
Total Statistics
--------
Total Instructions: 19432753636
Total Cycles: 81492210612
IPC: 0.238461

--------
Single level Tlb hierarchy
--------
  Data Tlb:
    Entries:          64
    Page Size(B):   4096
    Associativity:      4

Latencies:    0  100
Tlb-Sets:   16 - LRU - assoc:   4

Tlb Stats:
Tlb-Load-Hits:        8360122799   99.60%
Tlb-Load-Misses:        33321815    0.40%
Tlb-Load-Accesses:    8393444614  100.00%

Tlb-Store-Hits:          55945045   99.74%
Tlb-Store-Misses:          145742    0.26%
Tlb-Store-Accesses:      56090787  100.00%

Tlb-Total-Hits:        8416067844   99.60%
Tlb-Total-Misses:        33467557    0.40%
Tlb-Total-Accesses:    8449535401  100.00%



--------
Two level Cache hierarchy
--------
  L1-Data Cache:
    Size(KB):          32
    Block Size(B):     64
    Associativity:      8

  L2-Data Cache:
    Size(KB):         512
    Block Size(B):    128
    Associativity:      4

Latencies:    1   25  250
L1-Sets:   64 - LRU - assoc:   8
L2-Sets: 1024 - LRU - assoc:   4
Store_allocation: Yes
L2_inclusive: Yes
L2_prefetching: No

L1 Cache Stats:
L1-Load-Hits:        7939930587   94.60%
L1-Load-Misses:       453514027    5.40%
L1-Load-Accesses:    8393444614  100.00%

L1-Store-Hits:          54125149   96.50%
L1-Store-Misses:         1965638    3.50%
L1-Store-Accesses:      56090787  100.00%

L1-Total-Hits:        7994055736   94.61%
L1-Total-Misses:       455479665    5.39%
L1-Total-Accesses:    8449535401  100.00%

L2 Cache Stats:
L2-Load-Hits:         298498446   65.82%
L2-Load-Misses:       155015581   34.18%
L2-Load-Accesses:     453514027  100.00%

L2-Store-Hits:           1476522   75.12%
L2-Store-Misses:          489116   24.88%
L2-Store-Accesses:       1965638  100.00%

L2-Total-Hits:         299974968   65.86%
L2-Total-Misses:       155504697   34.14%
L2-Total-Accesses:     455479665  100.00%

