--------
Total Statistics
--------
Total Instructions: 19432753636
Total Cycles: 107535253037
IPC: 0.180711

--------
Single level Tlb hierarchy
--------
  Data Tlb:
    Entries:          64
    Page Size(B):   4096
    Associativity:      4

Latencies:    0  100
Tlb-Sets:   16 - LRU - assoc:   4

Tlb Stats:
Tlb-Load-Hits:        8360133474   99.60%
Tlb-Load-Misses:        33311140    0.40%
Tlb-Load-Accesses:    8393444614  100.00%

Tlb-Store-Hits:          55944172   99.74%
Tlb-Store-Misses:          146615    0.26%
Tlb-Store-Accesses:      56090787  100.00%

Tlb-Total-Hits:        8416077646   99.60%
Tlb-Total-Misses:        33457755    0.40%
Tlb-Total-Accesses:    8449535401  100.00%



--------
Two level Cache hierarchy
--------
  L1-Data Cache:
    Size(KB):          32
    Block Size(B):     64
    Associativity:      8

  L2-Data Cache:
    Size(KB):        2048
    Block Size(B):     64
    Associativity:      8

Latencies:    1   25  250
L1-Sets:   64 - LRU - assoc:   8
L2-Sets: 4096 - LRU - assoc:   8
Store_allocation: Yes
L2_inclusive: Yes
L2_prefetching: No

L1 Cache Stats:
L1-Load-Hits:        8109251912   96.61%
L1-Load-Misses:       284192702    3.39%
L1-Load-Accesses:    8393444614  100.00%

L1-Store-Hits:          55101219   98.24%
L1-Store-Misses:          989568    1.76%
L1-Store-Accesses:      56090787  100.00%

L1-Total-Hits:        8164353131   96.62%
L1-Total-Misses:       285182270    3.38%
L1-Total-Accesses:    8449535401  100.00%

L2 Cache Stats:
L2-Load-Hits:           8294544    2.92%
L2-Load-Misses:       275898158   97.08%
L2-Load-Accesses:     284192702  100.00%

L2-Store-Hits:            177199   17.91%
L2-Store-Misses:          812369   82.09%
L2-Store-Accesses:        989568  100.00%

L2-Total-Hits:           8471743    2.97%
L2-Total-Misses:       276710527   97.03%
L2-Total-Accesses:     285182270  100.00%

