--------
Total Statistics
--------
Total Instructions: 19432753636
Total Cycles: 79788105012
IPC: 0.243555

--------
Single level Tlb hierarchy
--------
  Data Tlb:
    Entries:          64
    Page Size(B):   4096
    Associativity:      4

Latencies:    0  100
Tlb-Sets:   16 - LRU - assoc:   4

Tlb Stats:
Tlb-Load-Hits:        8360112428   99.60%
Tlb-Load-Misses:        33332186    0.40%
Tlb-Load-Accesses:    8393444614  100.00%

Tlb-Store-Hits:          55939248   99.73%
Tlb-Store-Misses:          151539    0.27%
Tlb-Store-Accesses:      56090787  100.00%

Tlb-Total-Hits:        8416051676   99.60%
Tlb-Total-Misses:        33483725    0.40%
Tlb-Total-Accesses:    8449535401  100.00%



--------
Two level Cache hierarchy
--------
  L1-Data Cache:
    Size(KB):          32
    Block Size(B):     64
    Associativity:      8

  L2-Data Cache:
    Size(KB):        2048
    Block Size(B):    128
    Associativity:      8

Latencies:    1   25  250
L1-Sets:   64 - LRU - assoc:   8
L2-Sets: 2048 - LRU - assoc:   8
Store_allocation: Yes
L2_inclusive: Yes
L2_prefetching: No

L1 Cache Stats:
L1-Load-Hits:        7946816666   94.68%
L1-Load-Misses:       446627948    5.32%
L1-Load-Accesses:    8393444614  100.00%

L1-Store-Hits:          54197746   96.63%
L1-Store-Misses:         1893041    3.37%
L1-Store-Accesses:      56090787  100.00%

L1-Total-Hits:        8001014412   94.69%
L1-Total-Misses:       448520989    5.31%
L1-Total-Accesses:    8449535401  100.00%

L2 Cache Stats:
L2-Load-Hits:         297664678   66.65%
L2-Load-Misses:       148963270   33.35%
L2-Load-Accesses:     446627948  100.00%

L2-Store-Hits:           1478636   78.11%
L2-Store-Misses:          414405   21.89%
L2-Store-Accesses:       1893041  100.00%

L2-Total-Hits:         299143314   66.70%
L2-Total-Misses:       149377675   33.30%
L2-Total-Accesses:     448520989  100.00%

