--------
Total Statistics
--------
Total Instructions: 19432753636
Total Cycles: 79795792287
IPC: 0.243531

--------
Single level Tlb hierarchy
--------
  Data Tlb:
    Entries:          64
    Page Size(B):   4096
    Associativity:      4

Latencies:    0  100
Tlb-Sets:   16 - LRU - assoc:   4

Tlb Stats:
Tlb-Load-Hits:        8360137957   99.60%
Tlb-Load-Misses:        33306657    0.40%
Tlb-Load-Accesses:    8393444614  100.00%

Tlb-Store-Hits:          55937046   99.73%
Tlb-Store-Misses:          153741    0.27%
Tlb-Store-Accesses:      56090787  100.00%

Tlb-Total-Hits:        8416075003   99.60%
Tlb-Total-Misses:        33460398    0.40%
Tlb-Total-Accesses:    8449535401  100.00%



--------
Two level Cache hierarchy
--------
  L1-Data Cache:
    Size(KB):          32
    Block Size(B):     64
    Associativity:      8

  L2-Data Cache:
    Size(KB):        2048
    Block Size(B):    128
    Associativity:     16

Latencies:    1   25  250
L1-Sets:   64 - LRU - assoc:   8
L2-Sets: 1024 - LRU - assoc:  16
Store_allocation: Yes
L2_inclusive: Yes
L2_prefetching: No

L1 Cache Stats:
L1-Load-Hits:        7946765430   94.68%
L1-Load-Misses:       446679184    5.32%
L1-Load-Accesses:    8393444614  100.00%

L1-Store-Hits:          54197613   96.62%
L1-Store-Misses:         1893174    3.38%
L1-Store-Accesses:      56090787  100.00%

L1-Total-Hits:        8000963043   94.69%
L1-Total-Misses:       448572358    5.31%
L1-Total-Accesses:    8449535401  100.00%

L2 Cache Stats:
L2-Load-Hits:         297683970   66.64%
L2-Load-Misses:       148995214   33.36%
L2-Load-Accesses:     446679184  100.00%

L2-Store-Hits:           1475770   77.95%
L2-Store-Misses:          417404   22.05%
L2-Store-Accesses:       1893174  100.00%

L2-Total-Hits:         299159740   66.69%
L2-Total-Misses:       149412618   33.31%
L2-Total-Accesses:     448572358  100.00%

