--------
Total Statistics
--------
Total Instructions: 19432753636
Total Cycles: 80928332162
IPC: 0.240123

--------
Single level Tlb hierarchy
--------
  Data Tlb:
    Entries:          64
    Page Size(B):   4096
    Associativity:      4

Latencies:    0  100
Tlb-Sets:   16 - LRU - assoc:   4

Tlb Stats:
Tlb-Load-Hits:        8360136331   99.60%
Tlb-Load-Misses:        33308283    0.40%
Tlb-Load-Accesses:    8393444614  100.00%

Tlb-Store-Hits:          55937765   99.73%
Tlb-Store-Misses:          153022    0.27%
Tlb-Store-Accesses:      56090787  100.00%

Tlb-Total-Hits:        8416074096   99.60%
Tlb-Total-Misses:        33461305    0.40%
Tlb-Total-Accesses:    8449535401  100.00%



--------
Two level Cache hierarchy
--------
  L1-Data Cache:
    Size(KB):          32
    Block Size(B):     64
    Associativity:      8

  L2-Data Cache:
    Size(KB):        1024
    Block Size(B):    128
    Associativity:      8

Latencies:    1   25  250
L1-Sets:   64 - LRU - assoc:   8
L2-Sets: 1024 - LRU - assoc:   8
Store_allocation: Yes
L2_inclusive: Yes
L2_prefetching: No

L1 Cache Stats:
L1-Load-Hits:        7942183353   94.62%
L1-Load-Misses:       451261261    5.38%
L1-Load-Accesses:    8393444614  100.00%

L1-Store-Hits:          54146433   96.53%
L1-Store-Misses:         1944354    3.47%
L1-Store-Accesses:      56090787  100.00%

L1-Total-Hits:        7996329786   94.64%
L1-Total-Misses:       453205615    5.36%
L1-Total-Accesses:    8449535401  100.00%

L2 Cache Stats:
L2-Load-Hits:         298242658   66.09%
L2-Load-Misses:       153018603   33.91%
L2-Load-Accesses:     451261261  100.00%

L2-Store-Hits:           1483868   76.32%
L2-Store-Misses:          460486   23.68%
L2-Store-Accesses:       1944354  100.00%

L2-Total-Hits:         299726526   66.13%
L2-Total-Misses:       153479089   33.87%
L2-Total-Accesses:     453205615  100.00%

