--------
Total Statistics
--------
Total Instructions: 19432753636
Total Cycles: 62238084337
IPC: 0.312233

--------
Single level Tlb hierarchy
--------
  Data Tlb:
    Entries:          64
    Page Size(B):   4096
    Associativity:      4

Latencies:    0  100
Tlb-Sets:   16 - LRU - assoc:   4

Tlb Stats:
Tlb-Load-Hits:        8360120743   99.60%
Tlb-Load-Misses:        33323871    0.40%
Tlb-Load-Accesses:    8393444614  100.00%

Tlb-Store-Hits:          55943262   99.74%
Tlb-Store-Misses:          147525    0.26%
Tlb-Store-Accesses:      56090787  100.00%

Tlb-Total-Hits:        8416064005   99.60%
Tlb-Total-Misses:        33471396    0.40%
Tlb-Total-Accesses:    8449535401  100.00%



--------
Two level Cache hierarchy
--------
  L1-Data Cache:
    Size(KB):          32
    Block Size(B):     64
    Associativity:      8

  L2-Data Cache:
    Size(KB):        2048
    Block Size(B):    256
    Associativity:      8

Latencies:    1   25  250
L1-Sets:   64 - LRU - assoc:   8
L2-Sets: 1024 - LRU - assoc:   8
Store_allocation: Yes
L2_inclusive: Yes
L2_prefetching: No

L1 Cache Stats:
L1-Load-Hits:        8011996013   95.46%
L1-Load-Misses:       381448601    4.54%
L1-Load-Accesses:    8393444614  100.00%

L1-Store-Hits:          54610490   97.36%
L1-Store-Misses:         1480297    2.64%
L1-Store-Accesses:      56090787  100.00%

L1-Total-Hits:        8066606503   95.47%
L1-Total-Misses:       382928898    4.53%
L1-Total-Accesses:    8449535401  100.00%

L2 Cache Stats:
L2-Load-Hits:         295922133   77.58%
L2-Load-Misses:        85526468   22.42%
L2-Load-Accesses:     381448601  100.00%

L2-Store-Hits:           1265032   85.46%
L2-Store-Misses:          215265   14.54%
L2-Store-Accesses:       1480297  100.00%

L2-Total-Hits:         297187165   77.61%
L2-Total-Misses:        85741733   22.39%
L2-Total-Accesses:     382928898  100.00%

