--------
Total Statistics
--------
Total Instructions: 19432753636
Total Cycles: 63363467587
IPC: 0.306687

--------
Single level Tlb hierarchy
--------
  Data Tlb:
    Entries:          64
    Page Size(B):   4096
    Associativity:      4

Latencies:    0  100
Tlb-Sets:   16 - LRU - assoc:   4

Tlb Stats:
Tlb-Load-Hits:        8360135526   99.60%
Tlb-Load-Misses:        33309088    0.40%
Tlb-Load-Accesses:    8393444614  100.00%

Tlb-Store-Hits:          55939557   99.73%
Tlb-Store-Misses:          151230    0.27%
Tlb-Store-Accesses:      56090787  100.00%

Tlb-Total-Hits:        8416075083   99.60%
Tlb-Total-Misses:        33460318    0.40%
Tlb-Total-Accesses:    8449535401  100.00%



--------
Two level Cache hierarchy
--------
  L1-Data Cache:
    Size(KB):          32
    Block Size(B):     64
    Associativity:      8

  L2-Data Cache:
    Size(KB):        1024
    Block Size(B):    256
    Associativity:      8

Latencies:    1   25  250
L1-Sets:   64 - LRU - assoc:   8
L2-Sets:  512 - LRU - assoc:   8
Store_allocation: Yes
L2_inclusive: Yes
L2_prefetching: No

L1 Cache Stats:
L1-Load-Hits:        8007366108   95.40%
L1-Load-Misses:       386078506    4.60%
L1-Load-Accesses:    8393444614  100.00%

L1-Store-Hits:          54578163   97.30%
L1-Store-Misses:         1512624    2.70%
L1-Store-Accesses:      56090787  100.00%

L1-Total-Hits:        8061944271   95.41%
L1-Total-Misses:       387591130    4.59%
L1-Total-Accesses:    8449535401  100.00%

L2 Cache Stats:
L2-Load-Hits:         296542066   76.81%
L2-Load-Misses:        89536440   23.19%
L2-Load-Accesses:     386078506  100.00%

L2-Store-Hits:           1267590   83.80%
L2-Store-Misses:          245034   16.20%
L2-Store-Accesses:       1512624  100.00%

L2-Total-Hits:         297809656   76.84%
L2-Total-Misses:        89781474   23.16%
L2-Total-Accesses:     387591130  100.00%

