--------
Total Statistics
--------
Total Instructions: 19432753636
Total Cycles: 81796662837
IPC: 0.237574

--------
Single level Tlb hierarchy
--------
  Data Tlb:
    Entries:          64
    Page Size(B):   4096
    Associativity:      4

Latencies:    0  100
Tlb-Sets:   16 - LRU - assoc:   4

Tlb Stats:
Tlb-Load-Hits:        8360105462   99.60%
Tlb-Load-Misses:        33339152    0.40%
Tlb-Load-Accesses:    8393444614  100.00%

Tlb-Store-Hits:          55944567   99.74%
Tlb-Store-Misses:          146220    0.26%
Tlb-Store-Accesses:      56090787  100.00%

Tlb-Total-Hits:        8416050029   99.60%
Tlb-Total-Misses:        33485372    0.40%
Tlb-Total-Accesses:    8449535401  100.00%



--------
Two level Cache hierarchy
--------
  L1-Data Cache:
    Size(KB):          32
    Block Size(B):     64
    Associativity:      8

  L2-Data Cache:
    Size(KB):         256
    Block Size(B):    128
    Associativity:      4

Latencies:    1   25  250
L1-Sets:   64 - LRU - assoc:   8
L2-Sets:  512 - LRU - assoc:   4
Store_allocation: Yes
L2_inclusive: Yes
L2_prefetching: No

L1 Cache Stats:
L1-Load-Hits:        7938720384   94.58%
L1-Load-Misses:       454724230    5.42%
L1-Load-Accesses:    8393444614  100.00%

L1-Store-Hits:          54113003   96.47%
L1-Store-Misses:         1977784    3.53%
L1-Store-Accesses:      56090787  100.00%

L1-Total-Hits:        7992833387   94.59%
L1-Total-Misses:       456702014    5.41%
L1-Total-Accesses:    8449535401  100.00%

L2 Cache Stats:
L2-Load-Hits:         298624531   65.67%
L2-Load-Misses:       156099699   34.33%
L2-Load-Accesses:     454724230  100.00%

L2-Store-Hits:           1484338   75.05%
L2-Store-Misses:          493446   24.95%
L2-Store-Accesses:       1977784  100.00%

L2-Total-Hits:         300108869   65.71%
L2-Total-Misses:       156593145   34.29%
L2-Total-Accesses:     456702014  100.00%

