--------
Total Statistics
--------
Total Instructions: 27760164884
Total Cycles: 40686680980
IPC: 0.682291

--------
Single level Tlb hierarchy
--------
  Data Tlb:
    Entries:          64
    Page Size(B):   4096
    Associativity:      4

Latencies:    0  100
Tlb-Sets:   16 - LRU - assoc:   4

Tlb Stats:
Tlb-Load-Hits:        7782562847  100.00%
Tlb-Load-Misses:           38225    0.00%
Tlb-Load-Accesses:    7782601072  100.00%

Tlb-Store-Hits:        2215188274  100.00%
Tlb-Store-Misses:             525    0.00%
Tlb-Store-Accesses:    2215188799  100.00%

Tlb-Total-Hits:        9997751121  100.00%
Tlb-Total-Misses:           38750    0.00%
Tlb-Total-Accesses:    9997789871  100.00%



--------
Two level Cache hierarchy
--------
  L1-Data Cache:
    Size(KB):          32
    Block Size(B):     64
    Associativity:      8

  L2-Data Cache:
    Size(KB):         512
    Block Size(B):    128
    Associativity:      8

Latencies:    1   25  250
L1-Sets:   64 - LRU - assoc:   8
L2-Sets:  512 - LRU - assoc:   8
Store_allocation: Yes
L2_inclusive: Yes
L2_prefetching: No

L1 Cache Stats:
L1-Load-Hits:        7717378496   99.16%
L1-Load-Misses:        65222576    0.84%
L1-Load-Accesses:    7782601072  100.00%

L1-Store-Hits:        2163531796   97.67%
L1-Store-Misses:        51657003    2.33%
L1-Store-Accesses:    2215188799  100.00%

L1-Total-Hits:        9880910292   98.83%
L1-Total-Misses:       116879579    1.17%
L1-Total-Accesses:    9997789871  100.00%

L2 Cache Stats:
L2-Load-Hits:          65219728  100.00%
L2-Load-Misses:            2848    0.00%
L2-Load-Accesses:      65222576  100.00%

L2-Store-Hits:          51648404   99.98%
L2-Store-Misses:            8599    0.02%
L2-Store-Accesses:      51657003  100.00%

L2-Total-Hits:         116868132   99.99%
L2-Total-Misses:           11447    0.01%
L2-Total-Accesses:     116879579  100.00%

