--------
Total Statistics
--------
Total Instructions: 27760164948
Total Cycles: 40673190845
IPC: 0.682518

--------
Single level Tlb hierarchy
--------
  Data Tlb:
    Entries:          64
    Page Size(B):   4096
    Associativity:      4

Latencies:    0  100
Tlb-Sets:   16 - LRU - assoc:   4

Tlb Stats:
Tlb-Load-Hits:        7782600555  100.00%
Tlb-Load-Misses:             538    0.00%
Tlb-Load-Accesses:    7782601093  100.00%

Tlb-Store-Hits:        2215188552  100.00%
Tlb-Store-Misses:             252    0.00%
Tlb-Store-Accesses:    2215188804  100.00%

Tlb-Total-Hits:        9997789107  100.00%
Tlb-Total-Misses:             790    0.00%
Tlb-Total-Accesses:    9997789897  100.00%



--------
Two level Cache hierarchy
--------
  L1-Data Cache:
    Size(KB):          32
    Block Size(B):     64
    Associativity:      8

  L2-Data Cache:
    Size(KB):         512
    Block Size(B):    128
    Associativity:      4

Latencies:    1   25  250
L1-Sets:   64 - LRU - assoc:   8
L2-Sets: 1024 - LRU - assoc:   4
Store_allocation: Yes
L2_inclusive: Yes
L2_prefetching: No

L1 Cache Stats:
L1-Load-Hits:        7717782540   99.17%
L1-Load-Misses:        64818553    0.83%
L1-Load-Accesses:    7782601093  100.00%

L1-Store-Hits:        2163515557   97.67%
L1-Store-Misses:        51673247    2.33%
L1-Store-Accesses:    2215188804  100.00%

L1-Total-Hits:        9881298097   98.83%
L1-Total-Misses:       116491800    1.17%
L1-Total-Accesses:    9997789897  100.00%

L2 Cache Stats:
L2-Load-Hits:          64815705  100.00%
L2-Load-Misses:            2848    0.00%
L2-Load-Accesses:      64818553  100.00%

L2-Store-Hits:          51664647   99.98%
L2-Store-Misses:            8600    0.02%
L2-Store-Accesses:      51673247  100.00%

L2-Total-Hits:         116480352   99.99%
L2-Total-Misses:           11448    0.01%
L2-Total-Accesses:     116491800  100.00%

