--------
Total Statistics
--------
Total Instructions: 27760164944
Total Cycles: 40684018042
IPC: 0.682336

--------
Single level Tlb hierarchy
--------
  Data Tlb:
    Entries:          64
    Page Size(B):   4096
    Associativity:      4

Latencies:    0  100
Tlb-Sets:   16 - LRU - assoc:   4

Tlb Stats:
Tlb-Load-Hits:        7782530949  100.00%
Tlb-Load-Misses:           70145    0.00%
Tlb-Load-Accesses:    7782601094  100.00%

Tlb-Store-Hits:        2215188515  100.00%
Tlb-Store-Misses:             289    0.00%
Tlb-Store-Accesses:    2215188804  100.00%

Tlb-Total-Hits:        9997719464  100.00%
Tlb-Total-Misses:           70434    0.00%
Tlb-Total-Accesses:    9997789898  100.00%



--------
Two level Cache hierarchy
--------
  L1-Data Cache:
    Size(KB):          32
    Block Size(B):     64
    Associativity:      8

  L2-Data Cache:
    Size(KB):         512
    Block Size(B):     64
    Associativity:      8

Latencies:    1   25  250
L1-Sets:   64 - LRU - assoc:   8
L2-Sets: 1024 - LRU - assoc:   8
Store_allocation: Yes
L2_inclusive: Yes
L2_prefetching: No

L1 Cache Stats:
L1-Load-Hits:        7717818197   99.17%
L1-Load-Misses:        64782897    0.83%
L1-Load-Accesses:    7782601094  100.00%

L1-Store-Hits:        2163439279   97.66%
L1-Store-Misses:        51749525    2.34%
L1-Store-Accesses:    2215188804  100.00%

L1-Total-Hits:        9881257476   98.83%
L1-Total-Misses:       116532422    1.17%
L1-Total-Accesses:    9997789898  100.00%

L2 Cache Stats:
L2-Load-Hits:          64778606   99.99%
L2-Load-Misses:            4291    0.01%
L2-Load-Accesses:      64782897  100.00%

L2-Store-Hits:          51730979   99.96%
L2-Store-Misses:           18546    0.04%
L2-Store-Accesses:      51749525  100.00%

L2-Total-Hits:         116509585   99.98%
L2-Total-Misses:           22837    0.02%
L2-Total-Accesses:     116532422  100.00%

