--------
Total Statistics
--------
Total Instructions: 27760164944
Total Cycles: 40679966116
IPC: 0.682404

--------
Single level Tlb hierarchy
--------
  Data Tlb:
    Entries:          64
    Page Size(B):   4096
    Associativity:      4

Latencies:    0  100
Tlb-Sets:   16 - LRU - assoc:   4

Tlb Stats:
Tlb-Load-Hits:        7782600422  100.00%
Tlb-Load-Misses:             671    0.00%
Tlb-Load-Accesses:    7782601093  100.00%

Tlb-Store-Hits:        2215188539  100.00%
Tlb-Store-Misses:             265    0.00%
Tlb-Store-Accesses:    2215188804  100.00%

Tlb-Total-Hits:        9997788961  100.00%
Tlb-Total-Misses:             936    0.00%
Tlb-Total-Accesses:    9997789897  100.00%



--------
Two level Cache hierarchy
--------
  L1-Data Cache:
    Size(KB):          32
    Block Size(B):     64
    Associativity:      8

  L2-Data Cache:
    Size(KB):         256
    Block Size(B):    128
    Associativity:      4

Latencies:    1   25  250
L1-Sets:   64 - LRU - assoc:   8
L2-Sets:  512 - LRU - assoc:   4
Store_allocation: Yes
L2_inclusive: Yes
L2_prefetching: No

L1 Cache Stats:
L1-Load-Hits:        7717573950   99.16%
L1-Load-Misses:        65027143    0.84%
L1-Load-Accesses:    7782601093  100.00%

L1-Store-Hits:        2163453880   97.66%
L1-Store-Misses:        51734924    2.34%
L1-Store-Accesses:    2215188804  100.00%

L1-Total-Hits:        9881027830   98.83%
L1-Total-Misses:       116762067    1.17%
L1-Total-Accesses:    9997789897  100.00%

L2 Cache Stats:
L2-Load-Hits:          65024287  100.00%
L2-Load-Misses:            2856    0.00%
L2-Load-Accesses:      65027143  100.00%

L2-Store-Hits:          51726316   99.98%
L2-Store-Misses:            8608    0.02%
L2-Store-Accesses:      51734924  100.00%

L2-Total-Hits:         116750603   99.99%
L2-Total-Misses:           11464    0.01%
L2-Total-Accesses:     116762067  100.00%

