--------
Total Statistics
--------
Total Instructions: 27760164944
Total Cycles: 40679235116
IPC: 0.682416

--------
Single level Tlb hierarchy
--------
  Data Tlb:
    Entries:          64
    Page Size(B):   4096
    Associativity:      4

Latencies:    0  100
Tlb-Sets:   16 - LRU - assoc:   4

Tlb Stats:
Tlb-Load-Hits:        7782600521  100.00%
Tlb-Load-Misses:             572    0.00%
Tlb-Load-Accesses:    7782601093  100.00%

Tlb-Store-Hits:        2215188330  100.00%
Tlb-Store-Misses:             474    0.00%
Tlb-Store-Accesses:    2215188804  100.00%

Tlb-Total-Hits:        9997788851  100.00%
Tlb-Total-Misses:            1046    0.00%
Tlb-Total-Accesses:    9997789897  100.00%



--------
Two level Cache hierarchy
--------
  L1-Data Cache:
    Size(KB):          32
    Block Size(B):     64
    Associativity:      8

  L2-Data Cache:
    Size(KB):        1024
    Block Size(B):    256
    Associativity:      8

Latencies:    1   25  250
L1-Sets:   64 - LRU - assoc:   8
L2-Sets:  512 - LRU - assoc:   8
Store_allocation: Yes
L2_inclusive: Yes
L2_prefetching: No

L1 Cache Stats:
L1-Load-Hits:        7717583506   99.16%
L1-Load-Misses:        65017587    0.84%
L1-Load-Accesses:    7782601093  100.00%

L1-Store-Hits:        2163416824   97.66%
L1-Store-Misses:        51771980    2.34%
L1-Store-Accesses:    2215188804  100.00%

L1-Total-Hits:        9881000330   98.83%
L1-Total-Misses:       116789567    1.17%
L1-Total-Accesses:    9997789897  100.00%

L2 Cache Stats:
L2-Load-Hits:          65016093  100.00%
L2-Load-Misses:            1494    0.00%
L2-Load-Accesses:      65017587  100.00%

L2-Store-Hits:          51767728   99.99%
L2-Store-Misses:            4252    0.01%
L2-Store-Accesses:      51771980  100.00%

L2-Total-Hits:         116783821  100.00%
L2-Total-Misses:            5746    0.00%
L2-Total-Accesses:     116789567  100.00%

