--------
Total Statistics
--------
Total Instructions: 27760165004
Total Cycles: 40675740577
IPC: 0.682475

--------
Single level Tlb hierarchy
--------
  Data Tlb:
    Entries:          64
    Page Size(B):   4096
    Associativity:      4

Latencies:    0  100
Tlb-Sets:   16 - LRU - assoc:   4

Tlb Stats:
Tlb-Load-Hits:        7782580461  100.00%
Tlb-Load-Misses:           20653    0.00%
Tlb-Load-Accesses:    7782601114  100.00%

Tlb-Store-Hits:        2215178608  100.00%
Tlb-Store-Misses:           10201    0.00%
Tlb-Store-Accesses:    2215188809  100.00%

Tlb-Total-Hits:        9997759069  100.00%
Tlb-Total-Misses:           30854    0.00%
Tlb-Total-Accesses:    9997789923  100.00%



--------
Two level Cache hierarchy
--------
  L1-Data Cache:
    Size(KB):          32
    Block Size(B):     64
    Associativity:      8

  L2-Data Cache:
    Size(KB):        2048
    Block Size(B):    256
    Associativity:      8

Latencies:    1   25  250
L1-Sets:   64 - LRU - assoc:   8
L2-Sets: 1024 - LRU - assoc:   8
Store_allocation: Yes
L2_inclusive: Yes
L2_prefetching: No

L1 Cache Stats:
L1-Load-Hits:        7717700151   99.17%
L1-Load-Misses:        64900963    0.83%
L1-Load-Accesses:    7782601114  100.00%

L1-Store-Hits:        2163559132   97.67%
L1-Store-Misses:        51629677    2.33%
L1-Store-Accesses:    2215188809  100.00%

L1-Total-Hits:        9881259283   98.83%
L1-Total-Misses:       116530640    1.17%
L1-Total-Accesses:    9997789923  100.00%

L2 Cache Stats:
L2-Load-Hits:          64899474  100.00%
L2-Load-Misses:            1489    0.00%
L2-Load-Accesses:      64900963  100.00%

L2-Store-Hits:          51625429   99.99%
L2-Store-Misses:            4248    0.01%
L2-Store-Accesses:      51629677  100.00%

L2-Total-Hits:         116524903  100.00%
L2-Total-Misses:            5737    0.00%
L2-Total-Accesses:     116530640  100.00%

