--------
Total Statistics
--------
Total Instructions: 27760164944
Total Cycles: 40681263516
IPC: 0.682382

--------
Single level Tlb hierarchy
--------
  Data Tlb:
    Entries:          64
    Page Size(B):   4096
    Associativity:      4

Latencies:    0  100
Tlb-Sets:   16 - LRU - assoc:   4

Tlb Stats:
Tlb-Load-Hits:        7782595849  100.00%
Tlb-Load-Misses:            5244    0.00%
Tlb-Load-Accesses:    7782601093  100.00%

Tlb-Store-Hits:        2215188512  100.00%
Tlb-Store-Misses:             292    0.00%
Tlb-Store-Accesses:    2215188804  100.00%

Tlb-Total-Hits:        9997784361  100.00%
Tlb-Total-Misses:            5536    0.00%
Tlb-Total-Accesses:    9997789897  100.00%



--------
Two level Cache hierarchy
--------
  L1-Data Cache:
    Size(KB):          32
    Block Size(B):     64
    Associativity:      8

  L2-Data Cache:
    Size(KB):        1024
    Block Size(B):    128
    Associativity:     16

Latencies:    1   25  250
L1-Sets:   64 - LRU - assoc:   8
L2-Sets:  512 - LRU - assoc:  16
Store_allocation: Yes
L2_inclusive: Yes
L2_prefetching: No

L1 Cache Stats:
L1-Load-Hits:        7717626777   99.17%
L1-Load-Misses:        64974316    0.83%
L1-Load-Accesses:    7782601093  100.00%

L1-Store-Hits:        2163367347   97.66%
L1-Store-Misses:        51821457    2.34%
L1-Store-Accesses:    2215188804  100.00%

L1-Total-Hits:        9880994124   98.83%
L1-Total-Misses:       116795773    1.17%
L1-Total-Accesses:    9997789897  100.00%

L2 Cache Stats:
L2-Load-Hits:          64971472  100.00%
L2-Load-Misses:            2844    0.00%
L2-Load-Accesses:      64974316  100.00%

L2-Store-Hits:          51812858   99.98%
L2-Store-Misses:            8599    0.02%
L2-Store-Accesses:      51821457  100.00%

L2-Total-Hits:         116784330   99.99%
L2-Total-Misses:           11443    0.01%
L2-Total-Accesses:     116795773  100.00%

