--------
Total Statistics
--------
Total Instructions: 27760164944
Total Cycles: 40680501641
IPC: 0.682395

--------
Single level Tlb hierarchy
--------
  Data Tlb:
    Entries:          64
    Page Size(B):   4096
    Associativity:      4

Latencies:    0  100
Tlb-Sets:   16 - LRU - assoc:   4

Tlb Stats:
Tlb-Load-Hits:        7782600837  100.00%
Tlb-Load-Misses:             256    0.00%
Tlb-Load-Accesses:    7782601093  100.00%

Tlb-Store-Hits:        2215188540  100.00%
Tlb-Store-Misses:             264    0.00%
Tlb-Store-Accesses:    2215188804  100.00%

Tlb-Total-Hits:        9997789377  100.00%
Tlb-Total-Misses:             520    0.00%
Tlb-Total-Accesses:    9997789897  100.00%



--------
Two level Cache hierarchy
--------
  L1-Data Cache:
    Size(KB):          32
    Block Size(B):     64
    Associativity:      8

  L2-Data Cache:
    Size(KB):        1024
    Block Size(B):     64
    Associativity:      8

Latencies:    1   25  250
L1-Sets:   64 - LRU - assoc:   8
L2-Sets: 2048 - LRU - assoc:   8
Store_allocation: Yes
L2_inclusive: Yes
L2_prefetching: No

L1 Cache Stats:
L1-Load-Hits:        7717496808   99.16%
L1-Load-Misses:        65104285    0.84%
L1-Load-Accesses:    7782601093  100.00%

L1-Store-Hits:        2163621537   97.67%
L1-Store-Misses:        51567267    2.33%
L1-Store-Accesses:    2215188804  100.00%

L1-Total-Hits:        9881118345   98.83%
L1-Total-Misses:       116671552    1.17%
L1-Total-Accesses:    9997789897  100.00%

L2 Cache Stats:
L2-Load-Hits:          65100003   99.99%
L2-Load-Misses:            4282    0.01%
L2-Load-Accesses:      65104285  100.00%

L2-Store-Hits:          51548725   99.96%
L2-Store-Misses:           18542    0.04%
L2-Store-Accesses:      51567267  100.00%

L2-Total-Hits:         116648728   99.98%
L2-Total-Misses:           22824    0.02%
L2-Total-Accesses:     116671552  100.00%

