--------
Total Statistics
--------
Total Instructions: 27760164944
Total Cycles: 40675498941
IPC: 0.682479

--------
Single level Tlb hierarchy
--------
  Data Tlb:
    Entries:          64
    Page Size(B):   4096
    Associativity:      4

Latencies:    0  100
Tlb-Sets:   16 - LRU - assoc:   4

Tlb Stats:
Tlb-Load-Hits:        7782600192  100.00%
Tlb-Load-Misses:             901    0.00%
Tlb-Load-Accesses:    7782601093  100.00%

Tlb-Store-Hits:        2215188511  100.00%
Tlb-Store-Misses:             293    0.00%
Tlb-Store-Accesses:    2215188804  100.00%

Tlb-Total-Hits:        9997788703  100.00%
Tlb-Total-Misses:            1194    0.00%
Tlb-Total-Accesses:    9997789897  100.00%



--------
Two level Cache hierarchy
--------
  L1-Data Cache:
    Size(KB):          32
    Block Size(B):     64
    Associativity:      8

  L2-Data Cache:
    Size(KB):        2048
    Block Size(B):    128
    Associativity:      8

Latencies:    1   25  250
L1-Sets:   64 - LRU - assoc:   8
L2-Sets: 2048 - LRU - assoc:   8
Store_allocation: Yes
L2_inclusive: Yes
L2_prefetching: No

L1 Cache Stats:
L1-Load-Hits:        7717550939   99.16%
L1-Load-Misses:        65050154    0.84%
L1-Load-Accesses:    7782601093  100.00%

L1-Store-Hits:        2163656330   97.67%
L1-Store-Misses:        51532474    2.33%
L1-Store-Accesses:    2215188804  100.00%

L1-Total-Hits:        9881207269   98.83%
L1-Total-Misses:       116582628    1.17%
L1-Total-Accesses:    9997789897  100.00%

L2 Cache Stats:
L2-Load-Hits:          65047314  100.00%
L2-Load-Misses:            2840    0.00%
L2-Load-Accesses:      65050154  100.00%

L2-Store-Hits:          51523878   99.98%
L2-Store-Misses:            8596    0.02%
L2-Store-Accesses:      51532474  100.00%

L2-Total-Hits:         116571192   99.99%
L2-Total-Misses:           11436    0.01%
L2-Total-Accesses:     116582628  100.00%

