--------
Total Statistics
--------
Total Instructions: 8540065568
Total Cycles: 13596720709
IPC: 0.628097

--------
Single level Tlb hierarchy
--------
  Data Tlb:
    Entries:          64
    Page Size(B):   4096
    Associativity:      2

Latencies:    0  100
Tlb-Sets:   32 - LRU - assoc:   2

Tlb Stats:
Tlb-Load-Hits:        1861423191   99.93%
Tlb-Load-Misses:         1302004    0.07%
Tlb-Load-Accesses:    1862725195  100.00%

Tlb-Store-Hits:         189193938   99.88%
Tlb-Store-Misses:          235283    0.12%
Tlb-Store-Accesses:     189429221  100.00%

Tlb-Total-Hits:        2050617129   99.93%
Tlb-Total-Misses:         1537287    0.07%
Tlb-Total-Accesses:    2052154416  100.00%



--------
Two level Cache hierarchy
--------
  L1-Data Cache:
    Size(KB):          32
    Block Size(B):     64
    Associativity:      8

  L2-Data Cache:
    Size(KB):        1024
    Block Size(B):    128
    Associativity:      8

Latencies:    1   25  250
L1-Sets:   64 - LRU - assoc:   8
L2-Sets: 1024 - LRU - assoc:   8
Store_allocation: Yes
L2_inclusive: Yes
L2_prefetching: No

L1 Cache Stats:
L1-Load-Hits:        1840660133   98.82%
L1-Load-Misses:        22065062    1.18%
L1-Load-Accesses:    1862725195  100.00%

L1-Store-Hits:         184106782   97.19%
L1-Store-Misses:         5322439    2.81%
L1-Store-Accesses:     189429221  100.00%

L1-Total-Hits:        2024766915   98.67%
L1-Total-Misses:        27387501    1.33%
L1-Total-Accesses:    2052154416  100.00%

L2 Cache Stats:
L2-Load-Hits:          15843916   71.81%
L2-Load-Misses:         6221146   28.19%
L2-Load-Accesses:      22065062  100.00%

L2-Store-Hits:           2879247   54.10%
L2-Store-Misses:         2443192   45.90%
L2-Store-Accesses:       5322439  100.00%

L2-Total-Hits:          18723163   68.36%
L2-Total-Misses:         8664338   31.64%
L2-Total-Accesses:      27387501  100.00%

