--------
Total Statistics
--------
Total Instructions: 8540065508
Total Cycles: 14102670298
IPC: 0.605564

--------
Single level Tlb hierarchy
--------
  Data Tlb:
    Entries:          16
    Page Size(B):   4096
    Associativity:      4

Latencies:    0  100
Tlb-Sets:    4 - LRU - assoc:   4

Tlb Stats:
Tlb-Load-Hits:        1856349040   99.66%
Tlb-Load-Misses:         6376134    0.34%
Tlb-Load-Accesses:    1862725174  100.00%

Tlb-Store-Hits:         189204806   99.88%
Tlb-Store-Misses:          224410    0.12%
Tlb-Store-Accesses:     189429216  100.00%

Tlb-Total-Hits:        2045553846   99.68%
Tlb-Total-Misses:         6600544    0.32%
Tlb-Total-Accesses:    2052154390  100.00%



--------
Two level Cache hierarchy
--------
  L1-Data Cache:
    Size(KB):          32
    Block Size(B):     64
    Associativity:      8

  L2-Data Cache:
    Size(KB):        1024
    Block Size(B):    128
    Associativity:      8

Latencies:    1   25  250
L1-Sets:   64 - LRU - assoc:   8
L2-Sets: 1024 - LRU - assoc:   8
Store_allocation: Yes
L2_inclusive: Yes
L2_prefetching: No

L1 Cache Stats:
L1-Load-Hits:        1840682951   98.82%
L1-Load-Misses:        22042223    1.18%
L1-Load-Accesses:    1862725174  100.00%

L1-Store-Hits:         184106719   97.19%
L1-Store-Misses:         5322497    2.81%
L1-Store-Accesses:     189429216  100.00%

L1-Total-Hits:        2024789670   98.67%
L1-Total-Misses:        27364720    1.33%
L1-Total-Accesses:    2052154390  100.00%

L2 Cache Stats:
L2-Load-Hits:          15820281   71.77%
L2-Load-Misses:         6221942   28.23%
L2-Load-Accesses:      22042223  100.00%

L2-Store-Hits:           2879327   54.10%
L2-Store-Misses:         2443170   45.90%
L2-Store-Accesses:       5322497  100.00%

L2-Total-Hits:          18699608   68.33%
L2-Total-Misses:         8665112   31.67%
L2-Total-Accesses:      27364720  100.00%

