--------
Total Statistics
--------
Total Instructions: 8540065508
Total Cycles: 13526941648
IPC: 0.631337

--------
Single level Tlb hierarchy
--------
  Data Tlb:
    Entries:          64
    Page Size(B):   4096
    Associativity:      4

Latencies:    0  100
Tlb-Sets:   16 - LRU - assoc:   4

Tlb Stats:
Tlb-Load-Hits:        1862095522   99.97%
Tlb-Load-Misses:          629652    0.03%
Tlb-Load-Accesses:    1862725174  100.00%

Tlb-Store-Hits:         189213898   99.89%
Tlb-Store-Misses:          215318    0.11%
Tlb-Store-Accesses:     189429216  100.00%

Tlb-Total-Hits:        2051309420   99.96%
Tlb-Total-Misses:          844970    0.04%
Tlb-Total-Accesses:    2052154390  100.00%



--------
Two level Cache hierarchy
--------
  L1-Data Cache:
    Size(KB):          32
    Block Size(B):     64
    Associativity:      8

  L2-Data Cache:
    Size(KB):        1024
    Block Size(B):    128
    Associativity:      8

Latencies:    1   25  250
L1-Sets:   64 - LRU - assoc:   8
L2-Sets: 1024 - LRU - assoc:   8
Store_allocation: Yes
L2_inclusive: Yes
L2_prefetching: No

L1 Cache Stats:
L1-Load-Hits:        1840682827   98.82%
L1-Load-Misses:        22042347    1.18%
L1-Load-Accesses:    1862725174  100.00%

L1-Store-Hits:         184106813   97.19%
L1-Store-Misses:         5322403    2.81%
L1-Store-Accesses:     189429216  100.00%

L1-Total-Hits:        2024789640   98.67%
L1-Total-Misses:        27364750    1.33%
L1-Total-Accesses:    2052154390  100.00%

L2 Cache Stats:
L2-Load-Hits:          15821293   71.78%
L2-Load-Misses:         6221054   28.22%
L2-Load-Accesses:      22042347  100.00%

L2-Store-Hits:           2879033   54.09%
L2-Store-Misses:         2443370   45.91%
L2-Store-Accesses:       5322403  100.00%

L2-Total-Hits:          18700326   68.34%
L2-Total-Misses:         8664424   31.66%
L2-Total-Accesses:      27364750  100.00%

