--------
Total Statistics
--------
Total Instructions: 8540065508
Total Cycles: 13521730898
IPC: 0.631581

--------
Single level Tlb hierarchy
--------
  Data Tlb:
    Entries:         256
    Page Size(B):   4096
    Associativity:      4

Latencies:    0  100
Tlb-Sets:   64 - LRU - assoc:   4

Tlb Stats:
Tlb-Load-Hits:        1862153229   99.97%
Tlb-Load-Misses:          571945    0.03%
Tlb-Load-Accesses:    1862725174  100.00%

Tlb-Store-Hits:         189213913   99.89%
Tlb-Store-Misses:          215303    0.11%
Tlb-Store-Accesses:     189429216  100.00%

Tlb-Total-Hits:        2051367142   99.96%
Tlb-Total-Misses:          787248    0.04%
Tlb-Total-Accesses:    2052154390  100.00%



--------
Two level Cache hierarchy
--------
  L1-Data Cache:
    Size(KB):          32
    Block Size(B):     64
    Associativity:      8

  L2-Data Cache:
    Size(KB):        1024
    Block Size(B):    128
    Associativity:      8

Latencies:    1   25  250
L1-Sets:   64 - LRU - assoc:   8
L2-Sets: 1024 - LRU - assoc:   8
Store_allocation: Yes
L2_inclusive: Yes
L2_prefetching: No

L1 Cache Stats:
L1-Load-Hits:        1840660042   98.82%
L1-Load-Misses:        22065132    1.18%
L1-Load-Accesses:    1862725174  100.00%

L1-Store-Hits:         184107010   97.19%
L1-Store-Misses:         5322206    2.81%
L1-Store-Accesses:     189429216  100.00%

L1-Total-Hits:        2024767052   98.67%
L1-Total-Misses:        27387338    1.33%
L1-Total-Accesses:    2052154390  100.00%

L2 Cache Stats:
L2-Load-Hits:          15843855   71.80%
L2-Load-Misses:         6221277   28.20%
L2-Load-Accesses:      22065132  100.00%

L2-Store-Hits:           2879072   54.10%
L2-Store-Misses:         2443134   45.90%
L2-Store-Accesses:       5322206  100.00%

L2-Total-Hits:          18722927   68.36%
L2-Total-Misses:         8664411   31.64%
L2-Total-Accesses:      27387338  100.00%

