--------
Total Statistics
--------
Total Instructions: 8540065508
Total Cycles: 13527858698
IPC: 0.631295

--------
Single level Tlb hierarchy
--------
  Data Tlb:
    Entries:          64
    Page Size(B):   4096
    Associativity:     64

Latencies:    0  100
Tlb-Sets:    1 - LRU - assoc:  64

Tlb Stats:
Tlb-Load-Hits:        1862091327   99.97%
Tlb-Load-Misses:          633847    0.03%
Tlb-Load-Accesses:    1862725174  100.00%

Tlb-Store-Hits:         189213913   99.89%
Tlb-Store-Misses:          215303    0.11%
Tlb-Store-Accesses:     189429216  100.00%

Tlb-Total-Hits:        2051305240   99.96%
Tlb-Total-Misses:          849150    0.04%
Tlb-Total-Accesses:    2052154390  100.00%



--------
Two level Cache hierarchy
--------
  L1-Data Cache:
    Size(KB):          32
    Block Size(B):     64
    Associativity:      8

  L2-Data Cache:
    Size(KB):        1024
    Block Size(B):    128
    Associativity:      8

Latencies:    1   25  250
L1-Sets:   64 - LRU - assoc:   8
L2-Sets: 1024 - LRU - assoc:   8
Store_allocation: Yes
L2_inclusive: Yes
L2_prefetching: No

L1 Cache Stats:
L1-Load-Hits:        1840662062   98.82%
L1-Load-Misses:        22063112    1.18%
L1-Load-Accesses:    1862725174  100.00%

L1-Store-Hits:         184106746   97.19%
L1-Store-Misses:         5322470    2.81%
L1-Store-Accesses:     189429216  100.00%

L1-Total-Hits:        2024768808   98.67%
L1-Total-Misses:        27385582    1.33%
L1-Total-Accesses:    2052154390  100.00%

L2 Cache Stats:
L2-Load-Hits:          15841962   71.80%
L2-Load-Misses:         6221150   28.20%
L2-Load-Accesses:      22063112  100.00%

L2-Store-Hits:           2879283   54.10%
L2-Store-Misses:         2443187   45.90%
L2-Store-Accesses:       5322470  100.00%

L2-Total-Hits:          18721245   68.36%
L2-Total-Misses:         8664337   31.64%
L2-Total-Accesses:      27385582  100.00%

