--------
Total Statistics
--------
Total Instructions: 8540065568
Total Cycles: 13526877759
IPC: 0.63134

--------
Single level Tlb hierarchy
--------
  Data Tlb:
    Entries:          64
    Page Size(B):   4096
    Associativity:      8

Latencies:    0  100
Tlb-Sets:    8 - LRU - assoc:   8

Tlb Stats:
Tlb-Load-Hits:        1862095227   99.97%
Tlb-Load-Misses:          629968    0.03%
Tlb-Load-Accesses:    1862725195  100.00%

Tlb-Store-Hits:         189213918   99.89%
Tlb-Store-Misses:          215303    0.11%
Tlb-Store-Accesses:     189429221  100.00%

Tlb-Total-Hits:        2051309145   99.96%
Tlb-Total-Misses:          845271    0.04%
Tlb-Total-Accesses:    2052154416  100.00%



--------
Two level Cache hierarchy
--------
  L1-Data Cache:
    Size(KB):          32
    Block Size(B):     64
    Associativity:      8

  L2-Data Cache:
    Size(KB):        1024
    Block Size(B):    128
    Associativity:      8

Latencies:    1   25  250
L1-Sets:   64 - LRU - assoc:   8
L2-Sets: 1024 - LRU - assoc:   8
Store_allocation: Yes
L2_inclusive: Yes
L2_prefetching: No

L1 Cache Stats:
L1-Load-Hits:        1840684946   98.82%
L1-Load-Misses:        22040249    1.18%
L1-Load-Accesses:    1862725195  100.00%

L1-Store-Hits:         184107053   97.19%
L1-Store-Misses:         5322168    2.81%
L1-Store-Accesses:     189429221  100.00%

L1-Total-Hits:        2024791999   98.67%
L1-Total-Misses:        27362417    1.33%
L1-Total-Accesses:    2052154416  100.00%

L2 Cache Stats:
L2-Load-Hits:          15819263   71.77%
L2-Load-Misses:         6220986   28.23%
L2-Load-Accesses:      22040249  100.00%

L2-Store-Hits:           2878873   54.09%
L2-Store-Misses:         2443295   45.91%
L2-Store-Accesses:       5322168  100.00%

L2-Total-Hits:          18698136   68.34%
L2-Total-Misses:         8664281   31.66%
L2-Total-Accesses:      27362417  100.00%

