--------
Total Statistics
--------
Total Instructions: 8540065508
Total Cycles: 13572217848
IPC: 0.629231

--------
Single level Tlb hierarchy
--------
  Data Tlb:
    Entries:          32
    Page Size(B):   4096
    Associativity:      4

Latencies:    0  100
Tlb-Sets:    8 - LRU - assoc:   4

Tlb Stats:
Tlb-Load-Hits:        1861653409   99.94%
Tlb-Load-Misses:         1071765    0.06%
Tlb-Load-Accesses:    1862725174  100.00%

Tlb-Store-Hits:         189210921   99.88%
Tlb-Store-Misses:          218295    0.12%
Tlb-Store-Accesses:     189429216  100.00%

Tlb-Total-Hits:        2050864330   99.94%
Tlb-Total-Misses:         1290060    0.06%
Tlb-Total-Accesses:    2052154390  100.00%



--------
Two level Cache hierarchy
--------
  L1-Data Cache:
    Size(KB):          32
    Block Size(B):     64
    Associativity:      8

  L2-Data Cache:
    Size(KB):        1024
    Block Size(B):    128
    Associativity:      8

Latencies:    1   25  250
L1-Sets:   64 - LRU - assoc:   8
L2-Sets: 1024 - LRU - assoc:   8
Store_allocation: Yes
L2_inclusive: Yes
L2_prefetching: No

L1 Cache Stats:
L1-Load-Hits:        1840654517   98.82%
L1-Load-Misses:        22070657    1.18%
L1-Load-Accesses:    1862725174  100.00%

L1-Store-Hits:         184106725   97.19%
L1-Store-Misses:         5322491    2.81%
L1-Store-Accesses:     189429216  100.00%

L1-Total-Hits:        2024761242   98.67%
L1-Total-Misses:        27393148    1.33%
L1-Total-Accesses:    2052154390  100.00%

L2 Cache Stats:
L2-Load-Hits:          15849185   71.81%
L2-Load-Misses:         6221472   28.19%
L2-Load-Accesses:      22070657  100.00%

L2-Store-Hits:           2879310   54.10%
L2-Store-Misses:         2443181   45.90%
L2-Store-Accesses:       5322491  100.00%

L2-Total-Hits:          18728495   68.37%
L2-Total-Misses:         8664653   31.63%
L2-Total-Accesses:      27393148  100.00%

