--------
Total Statistics
--------
Total Instructions: 8540065508
Total Cycles: 19090548598
IPC: 0.447345

--------
Single level Tlb hierarchy
--------
  Data Tlb:
    Entries:           8
    Page Size(B):   4096
    Associativity:      4

Latencies:    0  100
Tlb-Sets:    2 - LRU - assoc:   4

Tlb Stats:
Tlb-Load-Hits:        1807154135   97.02%
Tlb-Load-Misses:        55571039    2.98%
Tlb-Load-Accesses:    1862725174  100.00%

Tlb-Store-Hits:         188526671   99.52%
Tlb-Store-Misses:          902545    0.48%
Tlb-Store-Accesses:     189429216  100.00%

Tlb-Total-Hits:        1995680806   97.25%
Tlb-Total-Misses:        56473584    2.75%
Tlb-Total-Accesses:    2052154390  100.00%



--------
Two level Cache hierarchy
--------
  L1-Data Cache:
    Size(KB):          32
    Block Size(B):     64
    Associativity:      8

  L2-Data Cache:
    Size(KB):        1024
    Block Size(B):    128
    Associativity:      8

Latencies:    1   25  250
L1-Sets:   64 - LRU - assoc:   8
L2-Sets: 1024 - LRU - assoc:   8
Store_allocation: Yes
L2_inclusive: Yes
L2_prefetching: No

L1 Cache Stats:
L1-Load-Hits:        1840652832   98.82%
L1-Load-Misses:        22072342    1.18%
L1-Load-Accesses:    1862725174  100.00%

L1-Store-Hits:         184105006   97.19%
L1-Store-Misses:         5324210    2.81%
L1-Store-Accesses:     189429216  100.00%

L1-Total-Hits:        2024757838   98.66%
L1-Total-Misses:        27396552    1.34%
L1-Total-Accesses:    2052154390  100.00%

L2 Cache Stats:
L2-Load-Hits:          15851351   71.82%
L2-Load-Misses:         6220991   28.18%
L2-Load-Accesses:      22072342  100.00%

L2-Store-Hits:           2880975   54.11%
L2-Store-Misses:         2443235   45.89%
L2-Store-Accesses:       5324210  100.00%

L2-Total-Hits:          18732326   68.37%
L2-Total-Misses:         8664226   31.63%
L2-Total-Accesses:      27396552  100.00%

