--------
Total Statistics
--------
Total Instructions: 8540065508
Total Cycles: 13524572423
IPC: 0.631448

--------
Single level Tlb hierarchy
--------
  Data Tlb:
    Entries:          64
    Page Size(B):   4096
    Associativity:     16

Latencies:    0  100
Tlb-Sets:    4 - LRU - assoc:  16

Tlb Stats:
Tlb-Load-Hits:        1862120406   99.97%
Tlb-Load-Misses:          604768    0.03%
Tlb-Load-Accesses:    1862725174  100.00%

Tlb-Store-Hits:         189213913   99.89%
Tlb-Store-Misses:          215303    0.11%
Tlb-Store-Accesses:     189429216  100.00%

Tlb-Total-Hits:        2051334319   99.96%
Tlb-Total-Misses:          820071    0.04%
Tlb-Total-Accesses:    2052154390  100.00%



--------
Two level Cache hierarchy
--------
  L1-Data Cache:
    Size(KB):          32
    Block Size(B):     64
    Associativity:      8

  L2-Data Cache:
    Size(KB):        1024
    Block Size(B):    128
    Associativity:      8

Latencies:    1   25  250
L1-Sets:   64 - LRU - assoc:   8
L2-Sets: 1024 - LRU - assoc:   8
Store_allocation: Yes
L2_inclusive: Yes
L2_prefetching: No

L1 Cache Stats:
L1-Load-Hits:        1840681527   98.82%
L1-Load-Misses:        22043647    1.18%
L1-Load-Accesses:    1862725174  100.00%

L1-Store-Hits:         184107366   97.19%
L1-Store-Misses:         5321850    2.81%
L1-Store-Accesses:     189429216  100.00%

L1-Total-Hits:        2024788893   98.67%
L1-Total-Misses:        27365497    1.33%
L1-Total-Accesses:    2052154390  100.00%

L2 Cache Stats:
L2-Load-Hits:          15821944   71.78%
L2-Load-Misses:         6221703   28.22%
L2-Load-Accesses:      22043647  100.00%

L2-Store-Hits:           2878721   54.09%
L2-Store-Misses:         2443129   45.91%
L2-Store-Accesses:       5321850  100.00%

L2-Total-Hits:          18700665   68.34%
L2-Total-Misses:         8664832   31.66%
L2-Total-Accesses:      27365497  100.00%

