--------
Total Statistics
--------
Total Instructions: 28570089575
Total Cycles: 47114499958
IPC: 0.606397

--------
Single level Tlb hierarchy
--------
  Data Tlb:
    Entries:          64
    Page Size(B):   4096
    Associativity:     32

Latencies:    0  100
Tlb-Sets:    2 - LRU - assoc:  32

Tlb Stats:
Tlb-Load-Hits:        8906546104   99.87%
Tlb-Load-Misses:        11391067    0.13%
Tlb-Load-Accesses:    8917937171  100.00%

Tlb-Store-Hits:        4546942897   99.93%
Tlb-Store-Misses:         3380240    0.07%
Tlb-Store-Accesses:    4550323137  100.00%

Tlb-Total-Hits:       13453489001   99.89%
Tlb-Total-Misses:        14771307    0.11%
Tlb-Total-Accesses:   13468260308  100.00%



--------
Two level Cache hierarchy
--------
  L1-Data Cache:
    Size(KB):          32
    Block Size(B):     64
    Associativity:      8

  L2-Data Cache:
    Size(KB):        1024
    Block Size(B):    128
    Associativity:      8

Latencies:    1   25  250
L1-Sets:   64 - LRU - assoc:   8
L2-Sets: 1024 - LRU - assoc:   8
Store_allocation: Yes
L2_inclusive: Yes
L2_prefetching: No

L1 Cache Stats:
L1-Load-Hits:        8868102025   99.44%
L1-Load-Misses:        49835146    0.56%
L1-Load-Accesses:    8917937171  100.00%

L1-Store-Hits:        4540067518   99.77%
L1-Store-Misses:        10255619    0.23%
L1-Store-Accesses:    4550323137  100.00%

L1-Total-Hits:       13408169543   99.55%
L1-Total-Misses:        60090765    0.45%
L1-Total-Accesses:   13468260308  100.00%

L2 Cache Stats:
L2-Load-Hits:          43725677   87.74%
L2-Load-Misses:         6109469   12.26%
L2-Load-Accesses:      49835146  100.00%

L2-Store-Hits:           7978087   77.79%
L2-Store-Misses:         2277532   22.21%
L2-Store-Accesses:      10255619  100.00%

L2-Total-Hits:          51703764   86.04%
L2-Total-Misses:         8387001   13.96%
L2-Total-Accesses:      60090765  100.00%

