--------
Total Statistics
--------
Total Instructions: 28570089575
Total Cycles: 49793030008
IPC: 0.573777

--------
Single level Tlb hierarchy
--------
  Data Tlb:
    Entries:          64
    Page Size(B):   4096
    Associativity:      4

Latencies:    0  100
Tlb-Sets:   16 - LRU - assoc:   4

Tlb Stats:
Tlb-Load-Hits:        8885110458   99.63%
Tlb-Load-Misses:        32826713    0.37%
Tlb-Load-Accesses:    8917937171  100.00%

Tlb-Store-Hits:        4541566033   99.81%
Tlb-Store-Misses:         8757104    0.19%
Tlb-Store-Accesses:    4550323137  100.00%

Tlb-Total-Hits:       13426676491   99.69%
Tlb-Total-Misses:        41583817    0.31%
Tlb-Total-Accesses:   13468260308  100.00%



--------
Two level Cache hierarchy
--------
  L1-Data Cache:
    Size(KB):          32
    Block Size(B):     64
    Associativity:      8

  L2-Data Cache:
    Size(KB):        1024
    Block Size(B):    128
    Associativity:      8

Latencies:    1   25  250
L1-Sets:   64 - LRU - assoc:   8
L2-Sets: 1024 - LRU - assoc:   8
Store_allocation: Yes
L2_inclusive: Yes
L2_prefetching: No

L1 Cache Stats:
L1-Load-Hits:        8868166892   99.44%
L1-Load-Misses:        49770279    0.56%
L1-Load-Accesses:    8917937171  100.00%

L1-Store-Hits:        4540096719   99.78%
L1-Store-Misses:        10226418    0.22%
L1-Store-Accesses:    4550323137  100.00%

L1-Total-Hits:       13408263611   99.55%
L1-Total-Misses:        59996697    0.45%
L1-Total-Accesses:   13468260308  100.00%

L2 Cache Stats:
L2-Load-Hits:          43661110   87.73%
L2-Load-Misses:         6109169   12.27%
L2-Load-Accesses:      49770279  100.00%

L2-Store-Hits:           7950063   77.74%
L2-Store-Misses:         2276355   22.26%
L2-Store-Accesses:      10226418  100.00%

L2-Total-Hits:          51611173   86.02%
L2-Total-Misses:         8385524   13.98%
L2-Total-Accesses:      59996697  100.00%

