--------
Total Statistics
--------
Total Instructions: 28570089575
Total Cycles: 46290044833
IPC: 0.617197

--------
Single level Tlb hierarchy
--------
  Data Tlb:
    Entries:         256
    Page Size(B):   4096
    Associativity:      4

Latencies:    0  100
Tlb-Sets:   64 - LRU - assoc:   4

Tlb Stats:
Tlb-Load-Hits:        8913826065   99.95%
Tlb-Load-Misses:         4111106    0.05%
Tlb-Load-Accesses:    8917937171  100.00%

Tlb-Store-Hits:        4547899931   99.95%
Tlb-Store-Misses:         2423206    0.05%
Tlb-Store-Accesses:    4550323137  100.00%

Tlb-Total-Hits:       13461725996   99.95%
Tlb-Total-Misses:         6534312    0.05%
Tlb-Total-Accesses:   13468260308  100.00%



--------
Two level Cache hierarchy
--------
  L1-Data Cache:
    Size(KB):          32
    Block Size(B):     64
    Associativity:      8

  L2-Data Cache:
    Size(KB):        1024
    Block Size(B):    128
    Associativity:      8

Latencies:    1   25  250
L1-Sets:   64 - LRU - assoc:   8
L2-Sets: 1024 - LRU - assoc:   8
Store_allocation: Yes
L2_inclusive: Yes
L2_prefetching: No

L1 Cache Stats:
L1-Load-Hits:        8868089164   99.44%
L1-Load-Misses:        49848007    0.56%
L1-Load-Accesses:    8917937171  100.00%

L1-Store-Hits:        4540089434   99.78%
L1-Store-Misses:        10233703    0.22%
L1-Store-Accesses:    4550323137  100.00%

L1-Total-Hits:       13408178598   99.55%
L1-Total-Misses:        60081710    0.45%
L1-Total-Accesses:   13468260308  100.00%

L2 Cache Stats:
L2-Load-Hits:          43739483   87.75%
L2-Load-Misses:         6108524   12.25%
L2-Load-Accesses:      49848007  100.00%

L2-Store-Hits:           7957343   77.76%
L2-Store-Misses:         2276360   22.24%
L2-Store-Accesses:      10233703  100.00%

L2-Total-Hits:          51696826   86.04%
L2-Total-Misses:         8384884   13.96%
L2-Total-Accesses:      60081710  100.00%

