--------
Total Statistics
--------
Total Instructions: 28570089575
Total Cycles: 133480437908
IPC: 0.21404

--------
Single level Tlb hierarchy
--------
  Data Tlb:
    Entries:          64
    Page Size(B):   4096
    Associativity:      1

Latencies:    0  100
Tlb-Sets:   64 - LRU - assoc:   1

Tlb Stats:
Tlb-Load-Hits:        8134280042   91.21%
Tlb-Load-Misses:       783657129    8.79%
Tlb-Load-Accesses:    8917937171  100.00%

Tlb-Store-Hits:        4455535239   97.92%
Tlb-Store-Misses:        94787898    2.08%
Tlb-Store-Accesses:    4550323137  100.00%

Tlb-Total-Hits:       12589815281   93.48%
Tlb-Total-Misses:       878445027    6.52%
Tlb-Total-Accesses:   13468260308  100.00%



--------
Two level Cache hierarchy
--------
  L1-Data Cache:
    Size(KB):          32
    Block Size(B):     64
    Associativity:      8

  L2-Data Cache:
    Size(KB):        1024
    Block Size(B):    128
    Associativity:      8

Latencies:    1   25  250
L1-Sets:   64 - LRU - assoc:   8
L2-Sets: 1024 - LRU - assoc:   8
Store_allocation: Yes
L2_inclusive: Yes
L2_prefetching: No

L1 Cache Stats:
L1-Load-Hits:        8868106705   99.44%
L1-Load-Misses:        49830466    0.56%
L1-Load-Accesses:    8917937171  100.00%

L1-Store-Hits:        4540066050   99.77%
L1-Store-Misses:        10257087    0.23%
L1-Store-Accesses:    4550323137  100.00%

L1-Total-Hits:       13408172755   99.55%
L1-Total-Misses:        60087553    0.45%
L1-Total-Accesses:   13468260308  100.00%

L2 Cache Stats:
L2-Load-Hits:          43723889   87.75%
L2-Load-Misses:         6106577   12.25%
L2-Load-Accesses:      49830466  100.00%

L2-Store-Hits:           7982078   77.82%
L2-Store-Misses:         2275009   22.18%
L2-Store-Accesses:      10257087  100.00%

L2-Total-Hits:          51705967   86.05%
L2-Total-Misses:         8381586   13.95%
L2-Total-Accesses:      60087553  100.00%

