--------
Total Statistics
--------
Total Instructions: 28570089575
Total Cycles: 46686906933
IPC: 0.611951

--------
Single level Tlb hierarchy
--------
  Data Tlb:
    Entries:         128
    Page Size(B):   4096
    Associativity:      4

Latencies:    0  100
Tlb-Sets:   32 - LRU - assoc:   4

Tlb Stats:
Tlb-Load-Hits:        8910556456   99.92%
Tlb-Load-Misses:         7380715    0.08%
Tlb-Load-Accesses:    8917937171  100.00%

Tlb-Store-Hits:        4547201915   99.93%
Tlb-Store-Misses:         3121222    0.07%
Tlb-Store-Accesses:    4550323137  100.00%

Tlb-Total-Hits:       13457758371   99.92%
Tlb-Total-Misses:        10501937    0.08%
Tlb-Total-Accesses:   13468260308  100.00%



--------
Two level Cache hierarchy
--------
  L1-Data Cache:
    Size(KB):          32
    Block Size(B):     64
    Associativity:      8

  L2-Data Cache:
    Size(KB):        1024
    Block Size(B):    128
    Associativity:      8

Latencies:    1   25  250
L1-Sets:   64 - LRU - assoc:   8
L2-Sets: 1024 - LRU - assoc:   8
Store_allocation: Yes
L2_inclusive: Yes
L2_prefetching: No

L1 Cache Stats:
L1-Load-Hits:        8868122594   99.44%
L1-Load-Misses:        49814577    0.56%
L1-Load-Accesses:    8917937171  100.00%

L1-Store-Hits:        4540069420   99.77%
L1-Store-Misses:        10253717    0.23%
L1-Store-Accesses:    4550323137  100.00%

L1-Total-Hits:       13408192014   99.55%
L1-Total-Misses:        60068294    0.45%
L1-Total-Accesses:   13468260308  100.00%

L2 Cache Stats:
L2-Load-Hits:          43705145   87.74%
L2-Load-Misses:         6109432   12.26%
L2-Load-Accesses:      49814577  100.00%

L2-Store-Hits:           7976525   77.79%
L2-Store-Misses:         2277192   22.21%
L2-Store-Accesses:      10253717  100.00%

L2-Total-Hits:          51681670   86.04%
L2-Total-Misses:         8386624   13.96%
L2-Total-Accesses:      60068294  100.00%

