--------
Total Statistics
--------
Total Instructions: 28570089575
Total Cycles: 171200694558
IPC: 0.166881

--------
Single level Tlb hierarchy
--------
  Data Tlb:
    Entries:           8
    Page Size(B):   4096
    Associativity:      4

Latencies:    0  100
Tlb-Sets:    2 - LRU - assoc:   4

Tlb Stats:
Tlb-Load-Hits:        7936294218   88.99%
Tlb-Load-Misses:       981642953   11.01%
Tlb-Load-Accesses:    8917937171  100.00%

Tlb-Store-Hits:        4276317876   93.98%
Tlb-Store-Misses:       274005261    6.02%
Tlb-Store-Accesses:    4550323137  100.00%

Tlb-Total-Hits:       12212612094   90.68%
Tlb-Total-Misses:      1255648214    9.32%
Tlb-Total-Accesses:   13468260308  100.00%



--------
Two level Cache hierarchy
--------
  L1-Data Cache:
    Size(KB):          32
    Block Size(B):     64
    Associativity:      8

  L2-Data Cache:
    Size(KB):        1024
    Block Size(B):    128
    Associativity:      8

Latencies:    1   25  250
L1-Sets:   64 - LRU - assoc:   8
L2-Sets: 1024 - LRU - assoc:   8
Store_allocation: Yes
L2_inclusive: Yes
L2_prefetching: No

L1 Cache Stats:
L1-Load-Hits:        8868114859   99.44%
L1-Load-Misses:        49822312    0.56%
L1-Load-Accesses:    8917937171  100.00%

L1-Store-Hits:        4540089418   99.78%
L1-Store-Misses:        10233719    0.22%
L1-Store-Accesses:    4550323137  100.00%

L1-Total-Hits:       13408204277   99.55%
L1-Total-Misses:        60056031    0.45%
L1-Total-Accesses:   13468260308  100.00%

L2 Cache Stats:
L2-Load-Hits:          43713948   87.74%
L2-Load-Misses:         6108364   12.26%
L2-Load-Accesses:      49822312  100.00%

L2-Store-Hits:           7957593   77.76%
L2-Store-Misses:         2276126   22.24%
L2-Store-Accesses:      10233719  100.00%

L2-Total-Hits:          51671541   86.04%
L2-Total-Misses:         8384490   13.96%
L2-Total-Accesses:      60056031  100.00%

