--------
Total Statistics
--------
Total Instructions: 28570089575
Total Cycles: 47118225508
IPC: 0.606349

--------
Single level Tlb hierarchy
--------
  Data Tlb:
    Entries:          64
    Page Size(B):   4096
    Associativity:     16

Latencies:    0  100
Tlb-Sets:    4 - LRU - assoc:  16

Tlb Stats:
Tlb-Load-Hits:        8906506628   99.87%
Tlb-Load-Misses:        11430543    0.13%
Tlb-Load-Accesses:    8917937171  100.00%

Tlb-Store-Hits:        4546931884   99.93%
Tlb-Store-Misses:         3391253    0.07%
Tlb-Store-Accesses:    4550323137  100.00%

Tlb-Total-Hits:       13453438512   99.89%
Tlb-Total-Misses:        14821796    0.11%
Tlb-Total-Accesses:   13468260308  100.00%



--------
Two level Cache hierarchy
--------
  L1-Data Cache:
    Size(KB):          32
    Block Size(B):     64
    Associativity:      8

  L2-Data Cache:
    Size(KB):        1024
    Block Size(B):    128
    Associativity:      8

Latencies:    1   25  250
L1-Sets:   64 - LRU - assoc:   8
L2-Sets: 1024 - LRU - assoc:   8
Store_allocation: Yes
L2_inclusive: Yes
L2_prefetching: No

L1 Cache Stats:
L1-Load-Hits:        8868114764   99.44%
L1-Load-Misses:        49822407    0.56%
L1-Load-Accesses:    8917937171  100.00%

L1-Store-Hits:        4540062573   99.77%
L1-Store-Misses:        10260564    0.23%
L1-Store-Accesses:    4550323137  100.00%

L1-Total-Hits:       13408177337   99.55%
L1-Total-Misses:        60082971    0.45%
L1-Total-Accesses:   13468260308  100.00%

L2 Cache Stats:
L2-Load-Hits:          43715822   87.74%
L2-Load-Misses:         6106585   12.26%
L2-Load-Accesses:      49822407  100.00%

L2-Store-Hits:           7984662   77.82%
L2-Store-Misses:         2275902   22.18%
L2-Store-Accesses:      10260564  100.00%

L2-Total-Hits:          51700484   86.05%
L2-Total-Misses:         8382487   13.95%
L2-Total-Accesses:      60082971  100.00%

