--------
Total Statistics
--------
Total Instructions: 28570089575
Total Cycles: 50734826533
IPC: 0.563126

--------
Single level Tlb hierarchy
--------
  Data Tlb:
    Entries:          64
    Page Size(B):   4096
    Associativity:      2

Latencies:    0  100
Tlb-Sets:   32 - LRU - assoc:   2

Tlb Stats:
Tlb-Load-Hits:        8876584079   99.54%
Tlb-Load-Misses:        41353092    0.46%
Tlb-Load-Accesses:    8917937171  100.00%

Tlb-Store-Hits:        4540675161   99.79%
Tlb-Store-Misses:         9647976    0.21%
Tlb-Store-Accesses:    4550323137  100.00%

Tlb-Total-Hits:       13417259240   99.62%
Tlb-Total-Misses:        51001068    0.38%
Tlb-Total-Accesses:   13468260308  100.00%



--------
Two level Cache hierarchy
--------
  L1-Data Cache:
    Size(KB):          32
    Block Size(B):     64
    Associativity:      8

  L2-Data Cache:
    Size(KB):        1024
    Block Size(B):    128
    Associativity:      8

Latencies:    1   25  250
L1-Sets:   64 - LRU - assoc:   8
L2-Sets: 1024 - LRU - assoc:   8
Store_allocation: Yes
L2_inclusive: Yes
L2_prefetching: No

L1 Cache Stats:
L1-Load-Hits:        8868170109   99.44%
L1-Load-Misses:        49767062    0.56%
L1-Load-Accesses:    8917937171  100.00%

L1-Store-Hits:        4540091075   99.78%
L1-Store-Misses:        10232062    0.22%
L1-Store-Accesses:    4550323137  100.00%

L1-Total-Hits:       13408261184   99.55%
L1-Total-Misses:        59999124    0.45%
L1-Total-Accesses:   13468260308  100.00%

L2 Cache Stats:
L2-Load-Hits:          43657618   87.72%
L2-Load-Misses:         6109444   12.28%
L2-Load-Accesses:      49767062  100.00%

L2-Store-Hits:           7955939   77.75%
L2-Store-Misses:         2276123   22.25%
L2-Store-Accesses:      10232062  100.00%

L2-Total-Hits:          51613557   86.02%
L2-Total-Misses:         8385567   13.98%
L2-Total-Accesses:      59999124  100.00%

