--------
Total Statistics
--------
Total Instructions: 28570089575
Total Cycles: 47138069358
IPC: 0.606094

--------
Single level Tlb hierarchy
--------
  Data Tlb:
    Entries:          64
    Page Size(B):   4096
    Associativity:      8

Latencies:    0  100
Tlb-Sets:    8 - LRU - assoc:   8

Tlb Stats:
Tlb-Load-Hits:        8906366598   99.87%
Tlb-Load-Misses:        11570573    0.13%
Tlb-Load-Accesses:    8917937171  100.00%

Tlb-Store-Hits:        4546870972   99.92%
Tlb-Store-Misses:         3452165    0.08%
Tlb-Store-Accesses:    4550323137  100.00%

Tlb-Total-Hits:       13453237570   99.89%
Tlb-Total-Misses:        15022738    0.11%
Tlb-Total-Accesses:   13468260308  100.00%



--------
Two level Cache hierarchy
--------
  L1-Data Cache:
    Size(KB):          32
    Block Size(B):     64
    Associativity:      8

  L2-Data Cache:
    Size(KB):        1024
    Block Size(B):    128
    Associativity:      8

Latencies:    1   25  250
L1-Sets:   64 - LRU - assoc:   8
L2-Sets: 1024 - LRU - assoc:   8
Store_allocation: Yes
L2_inclusive: Yes
L2_prefetching: No

L1 Cache Stats:
L1-Load-Hits:        8868125301   99.44%
L1-Load-Misses:        49811870    0.56%
L1-Load-Accesses:    8917937171  100.00%

L1-Store-Hits:        4540069540   99.77%
L1-Store-Misses:        10253597    0.23%
L1-Store-Accesses:    4550323137  100.00%

L1-Total-Hits:       13408194841   99.55%
L1-Total-Misses:        60065467    0.45%
L1-Total-Accesses:   13468260308  100.00%

L2 Cache Stats:
L2-Load-Hits:          43705328   87.74%
L2-Load-Misses:         6106542   12.26%
L2-Load-Accesses:      49811870  100.00%

L2-Store-Hits:           7976903   77.80%
L2-Store-Misses:         2276694   22.20%
L2-Store-Accesses:      10253597  100.00%

L2-Total-Hits:          51682231   86.04%
L2-Total-Misses:         8383236   13.96%
L2-Total-Accesses:      60065467  100.00%

