--------
Total Statistics
--------
Total Instructions: 7601179157
Total Cycles: 11785573885
IPC: 0.644956

--------
Single level Tlb hierarchy
--------
  Data Tlb:
    Entries:           8
    Page Size(B):   4096
    Associativity:      4

Latencies:    0  100
Tlb-Sets:    2 - LRU - assoc:   4

Tlb Stats:
Tlb-Load-Hits:        2021233811   99.66%
Tlb-Load-Misses:         6910666    0.34%
Tlb-Load-Accesses:    2028144477  100.00%

Tlb-Store-Hits:        1025666828   99.91%
Tlb-Store-Misses:          923223    0.09%
Tlb-Store-Accesses:    1026590051  100.00%

Tlb-Total-Hits:        3046900639   99.74%
Tlb-Total-Misses:         7833889    0.26%
Tlb-Total-Accesses:    3054734528  100.00%



--------
Two level Cache hierarchy
--------
  L1-Data Cache:
    Size(KB):          32
    Block Size(B):     64
    Associativity:      8

  L2-Data Cache:
    Size(KB):        1024
    Block Size(B):    128
    Associativity:      8

Latencies:    1   25  250
L1-Sets:   64 - LRU - assoc:   8
L2-Sets: 1024 - LRU - assoc:   8
Store_allocation: Yes
L2_inclusive: Yes
L2_prefetching: No

L1 Cache Stats:
L1-Load-Hits:        2024599641   99.83%
L1-Load-Misses:         3544836    0.17%
L1-Load-Accesses:    2028144477  100.00%

L1-Store-Hits:        1025955505   99.94%
L1-Store-Misses:          634546    0.06%
L1-Store-Accesses:    1026590051  100.00%

L1-Total-Hits:        3050555146   99.86%
L1-Total-Misses:         4179382    0.14%
L1-Total-Accesses:    3054734528  100.00%

L2 Cache Stats:
L2-Load-Hits:           2773085   78.23%
L2-Load-Misses:          771751   21.77%
L2-Load-Accesses:       3544836  100.00%

L2-Store-Hits:            439150   69.21%
L2-Store-Misses:          195396   30.79%
L2-Store-Accesses:        634546  100.00%

L2-Total-Hits:           3212235   76.86%
L2-Total-Misses:          967147   23.14%
L2-Total-Accesses:       4179382  100.00%

