--------
Total Statistics
--------
Total Instructions: 7601179157
Total Cycles: 11058710585
IPC: 0.687348

--------
Single level Tlb hierarchy
--------
  Data Tlb:
    Entries:          64
    Page Size(B):   4096
    Associativity:      8

Latencies:    0  100
Tlb-Sets:    8 - LRU - assoc:   8

Tlb Stats:
Tlb-Load-Hits:        2027633496   99.97%
Tlb-Load-Misses:          510981    0.03%
Tlb-Load-Accesses:    2028144477  100.00%

Tlb-Store-Hits:        1026531420   99.99%
Tlb-Store-Misses:           58631    0.01%
Tlb-Store-Accesses:    1026590051  100.00%

Tlb-Total-Hits:        3054164916   99.98%
Tlb-Total-Misses:          569612    0.02%
Tlb-Total-Accesses:    3054734528  100.00%



--------
Two level Cache hierarchy
--------
  L1-Data Cache:
    Size(KB):          32
    Block Size(B):     64
    Associativity:      8

  L2-Data Cache:
    Size(KB):        1024
    Block Size(B):    128
    Associativity:      8

Latencies:    1   25  250
L1-Sets:   64 - LRU - assoc:   8
L2-Sets: 1024 - LRU - assoc:   8
Store_allocation: Yes
L2_inclusive: Yes
L2_prefetching: No

L1 Cache Stats:
L1-Load-Hits:        2024608876   99.83%
L1-Load-Misses:         3535601    0.17%
L1-Load-Accesses:    2028144477  100.00%

L1-Store-Hits:        1025956634   99.94%
L1-Store-Misses:          633417    0.06%
L1-Store-Accesses:    1026590051  100.00%

L1-Total-Hits:        3050565510   99.86%
L1-Total-Misses:         4169018    0.14%
L1-Total-Accesses:    3054734528  100.00%

L2 Cache Stats:
L2-Load-Hits:           2764416   78.19%
L2-Load-Misses:          771185   21.81%
L2-Load-Accesses:       3535601  100.00%

L2-Store-Hits:            438161   69.17%
L2-Store-Misses:          195256   30.83%
L2-Store-Accesses:        633417  100.00%

L2-Total-Hits:           3202577   76.82%
L2-Total-Misses:          966441   23.18%
L2-Total-Accesses:       4169018  100.00%

