--------
Total Statistics
--------
Total Instructions: 7601179157
Total Cycles: 11033309135
IPC: 0.68893

--------
Single level Tlb hierarchy
--------
  Data Tlb:
    Entries:         128
    Page Size(B):   4096
    Associativity:      4

Latencies:    0  100
Tlb-Sets:   32 - LRU - assoc:   4

Tlb Stats:
Tlb-Load-Hits:        2027847165   99.99%
Tlb-Load-Misses:          297312    0.01%
Tlb-Load-Accesses:    2028144477  100.00%

Tlb-Store-Hits:        1026569247  100.00%
Tlb-Store-Misses:           20804    0.00%
Tlb-Store-Accesses:    1026590051  100.00%

Tlb-Total-Hits:        3054416412   99.99%
Tlb-Total-Misses:          318116    0.01%
Tlb-Total-Accesses:    3054734528  100.00%



--------
Two level Cache hierarchy
--------
  L1-Data Cache:
    Size(KB):          32
    Block Size(B):     64
    Associativity:      8

  L2-Data Cache:
    Size(KB):        1024
    Block Size(B):    128
    Associativity:      8

Latencies:    1   25  250
L1-Sets:   64 - LRU - assoc:   8
L2-Sets: 1024 - LRU - assoc:   8
Store_allocation: Yes
L2_inclusive: Yes
L2_prefetching: No

L1 Cache Stats:
L1-Load-Hits:        2024614944   99.83%
L1-Load-Misses:         3529533    0.17%
L1-Load-Accesses:    2028144477  100.00%

L1-Store-Hits:        1025963270   99.94%
L1-Store-Misses:          626781    0.06%
L1-Store-Accesses:    1026590051  100.00%

L1-Total-Hits:        3050578214   99.86%
L1-Total-Misses:         4156314    0.14%
L1-Total-Accesses:    3054734528  100.00%

L2 Cache Stats:
L2-Load-Hits:           2758204   78.15%
L2-Load-Misses:          771329   21.85%
L2-Load-Accesses:       3529533  100.00%

L2-Store-Hits:            431406   68.83%
L2-Store-Misses:          195375   31.17%
L2-Store-Accesses:        626781  100.00%

L2-Total-Hits:           3189610   76.74%
L2-Total-Misses:          966704   23.26%
L2-Total-Accesses:       4156314  100.00%

