--------
Total Statistics
--------
Total Instructions: 7601179157
Total Cycles: 11055312110
IPC: 0.687559

--------
Single level Tlb hierarchy
--------
  Data Tlb:
    Entries:          64
    Page Size(B):   4096
    Associativity:     16

Latencies:    0  100
Tlb-Sets:    4 - LRU - assoc:  16

Tlb Stats:
Tlb-Load-Hits:        2027664328   99.98%
Tlb-Load-Misses:          480149    0.02%
Tlb-Load-Accesses:    2028144477  100.00%

Tlb-Store-Hits:        1026532479   99.99%
Tlb-Store-Misses:           57572    0.01%
Tlb-Store-Accesses:    1026590051  100.00%

Tlb-Total-Hits:        3054196807   99.98%
Tlb-Total-Misses:          537721    0.02%
Tlb-Total-Accesses:    3054734528  100.00%



--------
Two level Cache hierarchy
--------
  L1-Data Cache:
    Size(KB):          32
    Block Size(B):     64
    Associativity:      8

  L2-Data Cache:
    Size(KB):        1024
    Block Size(B):    128
    Associativity:      8

Latencies:    1   25  250
L1-Sets:   64 - LRU - assoc:   8
L2-Sets: 1024 - LRU - assoc:   8
Store_allocation: Yes
L2_inclusive: Yes
L2_prefetching: No

L1 Cache Stats:
L1-Load-Hits:        2024618317   99.83%
L1-Load-Misses:         3526160    0.17%
L1-Load-Accesses:    2028144477  100.00%

L1-Store-Hits:        1025955838   99.94%
L1-Store-Misses:          634213    0.06%
L1-Store-Accesses:    1026590051  100.00%

L1-Total-Hits:        3050574155   99.86%
L1-Total-Misses:         4160373    0.14%
L1-Total-Accesses:    3054734528  100.00%

L2 Cache Stats:
L2-Load-Hits:           2755032   78.13%
L2-Load-Misses:          771128   21.87%
L2-Load-Accesses:       3526160  100.00%

L2-Store-Hits:            438873   69.20%
L2-Store-Misses:          195340   30.80%
L2-Store-Accesses:        634213  100.00%

L2-Total-Hits:           3193905   76.77%
L2-Total-Misses:          966468   23.23%
L2-Total-Accesses:       4160373  100.00%

