--------
Total Statistics
--------
Total Instructions: 7601179157
Total Cycles: 11053226560
IPC: 0.687689

--------
Single level Tlb hierarchy
--------
  Data Tlb:
    Entries:          64
    Page Size(B):   4096
    Associativity:     32

Latencies:    0  100
Tlb-Sets:    2 - LRU - assoc:  32

Tlb Stats:
Tlb-Load-Hits:        2027686634   99.98%
Tlb-Load-Misses:          457843    0.02%
Tlb-Load-Accesses:    2028144477  100.00%

Tlb-Store-Hits:        1026531719   99.99%
Tlb-Store-Misses:           58332    0.01%
Tlb-Store-Accesses:    1026590051  100.00%

Tlb-Total-Hits:        3054218353   99.98%
Tlb-Total-Misses:          516175    0.02%
Tlb-Total-Accesses:    3054734528  100.00%



--------
Two level Cache hierarchy
--------
  L1-Data Cache:
    Size(KB):          32
    Block Size(B):     64
    Associativity:      8

  L2-Data Cache:
    Size(KB):        1024
    Block Size(B):    128
    Associativity:      8

Latencies:    1   25  250
L1-Sets:   64 - LRU - assoc:   8
L2-Sets: 1024 - LRU - assoc:   8
Store_allocation: Yes
L2_inclusive: Yes
L2_prefetching: No

L1 Cache Stats:
L1-Load-Hits:        2024619621   99.83%
L1-Load-Misses:         3524856    0.17%
L1-Load-Accesses:    2028144477  100.00%

L1-Store-Hits:        1025960472   99.94%
L1-Store-Misses:          629579    0.06%
L1-Store-Accesses:    1026590051  100.00%

L1-Total-Hits:        3050580093   99.86%
L1-Total-Misses:         4154435    0.14%
L1-Total-Accesses:    3054734528  100.00%

L2 Cache Stats:
L2-Load-Hits:           2752886   78.10%
L2-Load-Misses:          771970   21.90%
L2-Load-Accesses:       3524856  100.00%

L2-Store-Hits:            434211   68.97%
L2-Store-Misses:          195368   31.03%
L2-Store-Accesses:        629579  100.00%

L2-Total-Hits:           3187097   76.72%
L2-Total-Misses:          967338   23.28%
L2-Total-Accesses:       4154435  100.00%

