--------
Total Statistics
--------
Total Instructions: 7601179157
Total Cycles: 11324227009
IPC: 0.671232

--------
Single level Tlb hierarchy
--------
  Data Tlb:
    Entries:          16
    Page Size(B):   4096
    Associativity:      4

Latencies:    0  100
Tlb-Sets:    4 - LRU - assoc:   4

Tlb Stats:
Tlb-Load-Hits:        2025575350   99.87%
Tlb-Load-Misses:         2569126    0.13%
Tlb-Load-Accesses:    2028144476  100.00%

Tlb-Store-Hits:        1025938658   99.94%
Tlb-Store-Misses:          651393    0.06%
Tlb-Store-Accesses:    1026590051  100.00%

Tlb-Total-Hits:        3051514008   99.89%
Tlb-Total-Misses:         3220519    0.11%
Tlb-Total-Accesses:    3054734527  100.00%



--------
Two level Cache hierarchy
--------
  L1-Data Cache:
    Size(KB):          32
    Block Size(B):     64
    Associativity:      8

  L2-Data Cache:
    Size(KB):        1024
    Block Size(B):    128
    Associativity:      8

Latencies:    1   25  250
L1-Sets:   64 - LRU - assoc:   8
L2-Sets: 1024 - LRU - assoc:   8
Store_allocation: Yes
L2_inclusive: Yes
L2_prefetching: No

L1 Cache Stats:
L1-Load-Hits:        2024596087   99.83%
L1-Load-Misses:         3548389    0.17%
L1-Load-Accesses:    2028144476  100.00%

L1-Store-Hits:        1025955293   99.94%
L1-Store-Misses:          634758    0.06%
L1-Store-Accesses:    1026590051  100.00%

L1-Total-Hits:        3050551380   99.86%
L1-Total-Misses:         4183147    0.14%
L1-Total-Accesses:    3054734527  100.00%

L2 Cache Stats:
L2-Load-Hits:           2777037   78.26%
L2-Load-Misses:          771352   21.74%
L2-Load-Accesses:       3548389  100.00%

L2-Store-Hits:            439379   69.22%
L2-Store-Misses:          195379   30.78%
L2-Store-Accesses:        634758  100.00%

L2-Total-Hits:           3216416   76.89%
L2-Total-Misses:          966731   23.11%
L2-Total-Accesses:       4183147  100.00%

