--------
Total Statistics
--------
Total Instructions: 7601179157
Total Cycles: 11096014334
IPC: 0.685037

--------
Single level Tlb hierarchy
--------
  Data Tlb:
    Entries:          64
    Page Size(B):   4096
    Associativity:      2

Latencies:    0  100
Tlb-Sets:   32 - LRU - assoc:   2

Tlb Stats:
Tlb-Load-Hits:        2027313414   99.96%
Tlb-Load-Misses:          831062    0.04%
Tlb-Load-Accesses:    2028144476  100.00%

Tlb-Store-Hits:        1026479987   99.99%
Tlb-Store-Misses:          110064    0.01%
Tlb-Store-Accesses:    1026590051  100.00%

Tlb-Total-Hits:        3053793401   99.97%
Tlb-Total-Misses:          941126    0.03%
Tlb-Total-Accesses:    3054734527  100.00%



--------
Two level Cache hierarchy
--------
  L1-Data Cache:
    Size(KB):          32
    Block Size(B):     64
    Associativity:      8

  L2-Data Cache:
    Size(KB):        1024
    Block Size(B):    128
    Associativity:      8

Latencies:    1   25  250
L1-Sets:   64 - LRU - assoc:   8
L2-Sets: 1024 - LRU - assoc:   8
Store_allocation: Yes
L2_inclusive: Yes
L2_prefetching: No

L1 Cache Stats:
L1-Load-Hits:        2024605955   99.83%
L1-Load-Misses:         3538521    0.17%
L1-Load-Accesses:    2028144476  100.00%

L1-Store-Hits:        1025953360   99.94%
L1-Store-Misses:          636691    0.06%
L1-Store-Accesses:    1026590051  100.00%

L1-Total-Hits:        3050559315   99.86%
L1-Total-Misses:         4175212    0.14%
L1-Total-Accesses:    3054734527  100.00%

L2 Cache Stats:
L2-Load-Hits:           2767410   78.21%
L2-Load-Misses:          771111   21.79%
L2-Load-Accesses:       3538521  100.00%

L2-Store-Hits:            441371   69.32%
L2-Store-Misses:          195320   30.68%
L2-Store-Accesses:        636691  100.00%

L2-Total-Hits:           3208781   76.85%
L2-Total-Misses:          966431   23.15%
L2-Total-Accesses:       4175212  100.00%

