--------
Total Statistics
--------
Total Instructions: 7601179157
Total Cycles: 11021227134
IPC: 0.689685

--------
Single level Tlb hierarchy
--------
  Data Tlb:
    Entries:         256
    Page Size(B):   4096
    Associativity:      4

Latencies:    0  100
Tlb-Sets:   64 - LRU - assoc:   4

Tlb Stats:
Tlb-Load-Hits:        2027959710   99.99%
Tlb-Load-Misses:          184766    0.01%
Tlb-Load-Accesses:    2028144476  100.00%

Tlb-Store-Hits:        1026579726  100.00%
Tlb-Store-Misses:           10325    0.00%
Tlb-Store-Accesses:    1026590051  100.00%

Tlb-Total-Hits:        3054539436   99.99%
Tlb-Total-Misses:          195091    0.01%
Tlb-Total-Accesses:    3054734527  100.00%



--------
Two level Cache hierarchy
--------
  L1-Data Cache:
    Size(KB):          32
    Block Size(B):     64
    Associativity:      8

  L2-Data Cache:
    Size(KB):        1024
    Block Size(B):    128
    Associativity:      8

Latencies:    1   25  250
L1-Sets:   64 - LRU - assoc:   8
L2-Sets: 1024 - LRU - assoc:   8
Store_allocation: Yes
L2_inclusive: Yes
L2_prefetching: No

L1 Cache Stats:
L1-Load-Hits:        2024615439   99.83%
L1-Load-Misses:         3529037    0.17%
L1-Load-Accesses:    2028144476  100.00%

L1-Store-Hits:        1025951324   99.94%
L1-Store-Misses:          638727    0.06%
L1-Store-Accesses:    1026590051  100.00%

L1-Total-Hits:        3050566763   99.86%
L1-Total-Misses:         4167764    0.14%
L1-Total-Accesses:    3054734527  100.00%

L2 Cache Stats:
L2-Load-Hits:           2757971   78.15%
L2-Load-Misses:          771066   21.85%
L2-Load-Accesses:       3529037  100.00%

L2-Store-Hits:            443352   69.41%
L2-Store-Misses:          195375   30.59%
L2-Store-Accesses:        638727  100.00%

L2-Total-Hits:           3201323   76.81%
L2-Total-Misses:          966441   23.19%
L2-Total-Accesses:       4167764  100.00%

