--------
Total Statistics
--------
Total Instructions: 7601179157
Total Cycles: 11066173235
IPC: 0.686884

--------
Single level Tlb hierarchy
--------
  Data Tlb:
    Entries:          64
    Page Size(B):   4096
    Associativity:      4

Latencies:    0  100
Tlb-Sets:   16 - LRU - assoc:   4

Tlb Stats:
Tlb-Load-Hits:        2027560377   99.97%
Tlb-Load-Misses:          584100    0.03%
Tlb-Load-Accesses:    2028144477  100.00%

Tlb-Store-Hits:        1026532342   99.99%
Tlb-Store-Misses:           57709    0.01%
Tlb-Store-Accesses:    1026590051  100.00%

Tlb-Total-Hits:        3054092719   99.98%
Tlb-Total-Misses:          641809    0.02%
Tlb-Total-Accesses:    3054734528  100.00%



--------
Two level Cache hierarchy
--------
  L1-Data Cache:
    Size(KB):          32
    Block Size(B):     64
    Associativity:      8

  L2-Data Cache:
    Size(KB):        1024
    Block Size(B):    128
    Associativity:      8

Latencies:    1   25  250
L1-Sets:   64 - LRU - assoc:   8
L2-Sets: 1024 - LRU - assoc:   8
Store_allocation: Yes
L2_inclusive: Yes
L2_prefetching: No

L1 Cache Stats:
L1-Load-Hits:        2024600401   99.83%
L1-Load-Misses:         3544076    0.17%
L1-Load-Accesses:    2028144477  100.00%

L1-Store-Hits:        1025955591   99.94%
L1-Store-Misses:          634460    0.06%
L1-Store-Accesses:    1026590051  100.00%

L1-Total-Hits:        3050555992   99.86%
L1-Total-Misses:         4178536    0.14%
L1-Total-Accesses:    3054734528  100.00%

L2 Cache Stats:
L2-Load-Hits:           2772977   78.24%
L2-Load-Misses:          771099   21.76%
L2-Load-Accesses:       3544076  100.00%

L2-Store-Hits:            439098   69.21%
L2-Store-Misses:          195362   30.79%
L2-Store-Accesses:        634460  100.00%

L2-Total-Hits:           3212075   76.87%
L2-Total-Misses:          966461   23.13%
L2-Total-Accesses:       4178536  100.00%

