--------
Total Statistics
--------
Total Instructions: 19432753636
Total Cycles: 80794045662
IPC: 0.240522

--------
Single level Tlb hierarchy
--------
  Data Tlb:
    Entries:         128
    Page Size(B):   4096
    Associativity:      4

Latencies:    0  100
Tlb-Sets:   32 - LRU - assoc:   4

Tlb Stats:
Tlb-Load-Hits:        8361379732   99.62%
Tlb-Load-Misses:        32064882    0.38%
Tlb-Load-Accesses:    8393444614  100.00%

Tlb-Store-Hits:          56035110   99.90%
Tlb-Store-Misses:           55677    0.10%
Tlb-Store-Accesses:      56090787  100.00%

Tlb-Total-Hits:        8417414842   99.62%
Tlb-Total-Misses:        32120559    0.38%
Tlb-Total-Accesses:    8449535401  100.00%



--------
Two level Cache hierarchy
--------
  L1-Data Cache:
    Size(KB):          32
    Block Size(B):     64
    Associativity:      8

  L2-Data Cache:
    Size(KB):        1024
    Block Size(B):    128
    Associativity:      8

Latencies:    1   25  250
L1-Sets:   64 - LRU - assoc:   8
L2-Sets: 1024 - LRU - assoc:   8
Store_allocation: Yes
L2_inclusive: Yes
L2_prefetching: No

L1 Cache Stats:
L1-Load-Hits:        7942193787   94.62%
L1-Load-Misses:       451250827    5.38%
L1-Load-Accesses:    8393444614  100.00%

L1-Store-Hits:          54152495   96.54%
L1-Store-Misses:         1938292    3.46%
L1-Store-Accesses:      56090787  100.00%

L1-Total-Hits:        7996346282   94.64%
L1-Total-Misses:       453189119    5.36%
L1-Total-Accesses:    8449535401  100.00%

L2 Cache Stats:
L2-Load-Hits:         298230404   66.09%
L2-Load-Misses:       153020423   33.91%
L2-Load-Accesses:     451250827  100.00%

L2-Store-Hits:           1478824   76.30%
L2-Store-Misses:          459468   23.70%
L2-Store-Accesses:       1938292  100.00%

L2-Total-Hits:         299709228   66.13%
L2-Total-Misses:       153479891   33.87%
L2-Total-Accesses:     453189119  100.00%

