--------
Total Statistics
--------
Total Instructions: 19432753636
Total Cycles: 83446513987
IPC: 0.232877

--------
Single level Tlb hierarchy
--------
  Data Tlb:
    Entries:           8
    Page Size(B):   4096
    Associativity:      4

Latencies:    0  100
Tlb-Sets:    2 - LRU - assoc:   4

Tlb Stats:
Tlb-Load-Hits:        8336693187   99.32%
Tlb-Load-Misses:        56751427    0.68%
Tlb-Load-Accesses:    8393444614  100.00%

Tlb-Store-Hits:          54251711   96.72%
Tlb-Store-Misses:         1839076    3.28%
Tlb-Store-Accesses:      56090787  100.00%

Tlb-Total-Hits:        8390944898   99.31%
Tlb-Total-Misses:        58590503    0.69%
Tlb-Total-Accesses:    8449535401  100.00%



--------
Two level Cache hierarchy
--------
  L1-Data Cache:
    Size(KB):          32
    Block Size(B):     64
    Associativity:      8

  L2-Data Cache:
    Size(KB):        1024
    Block Size(B):    128
    Associativity:      8

Latencies:    1   25  250
L1-Sets:   64 - LRU - assoc:   8
L2-Sets: 1024 - LRU - assoc:   8
Store_allocation: Yes
L2_inclusive: Yes
L2_prefetching: No

L1 Cache Stats:
L1-Load-Hits:        7942176311   94.62%
L1-Load-Misses:       451268303    5.38%
L1-Load-Accesses:    8393444614  100.00%

L1-Store-Hits:          54137844   96.52%
L1-Store-Misses:         1952943    3.48%
L1-Store-Accesses:      56090787  100.00%

L1-Total-Hits:        7996314155   94.64%
L1-Total-Misses:       453221246    5.36%
L1-Total-Accesses:    8449535401  100.00%

L2 Cache Stats:
L2-Load-Hits:         298244742   66.09%
L2-Load-Misses:       153023561   33.91%
L2-Load-Accesses:     451268303  100.00%

L2-Store-Hits:           1477930   75.68%
L2-Store-Misses:          475013   24.32%
L2-Store-Accesses:       1952943  100.00%

L2-Total-Hits:         299722672   66.13%
L2-Total-Misses:       153498574   33.87%
L2-Total-Accesses:     453221246  100.00%

