--------
Total Statistics
--------
Total Instructions: 19432753636
Total Cycles: 92455215137
IPC: 0.210186

--------
Single level Tlb hierarchy
--------
  Data Tlb:
    Entries:          64
    Page Size(B):   4096
    Associativity:      1

Latencies:    0  100
Tlb-Sets:   64 - LRU - assoc:   1

Tlb Stats:
Tlb-Load-Hits:        8245333590   98.24%
Tlb-Load-Misses:       148111024    1.76%
Tlb-Load-Accesses:    8393444614  100.00%

Tlb-Store-Hits:          55480652   98.91%
Tlb-Store-Misses:          610135    1.09%
Tlb-Store-Accesses:      56090787  100.00%

Tlb-Total-Hits:        8300814242   98.24%
Tlb-Total-Misses:       148721159    1.76%
Tlb-Total-Accesses:    8449535401  100.00%



--------
Two level Cache hierarchy
--------
  L1-Data Cache:
    Size(KB):          32
    Block Size(B):     64
    Associativity:      8

  L2-Data Cache:
    Size(KB):        1024
    Block Size(B):    128
    Associativity:      8

Latencies:    1   25  250
L1-Sets:   64 - LRU - assoc:   8
L2-Sets: 1024 - LRU - assoc:   8
Store_allocation: Yes
L2_inclusive: Yes
L2_prefetching: No

L1 Cache Stats:
L1-Load-Hits:        7942179842   94.62%
L1-Load-Misses:       451264772    5.38%
L1-Load-Accesses:    8393444614  100.00%

L1-Store-Hits:          54149331   96.54%
L1-Store-Misses:         1941456    3.46%
L1-Store-Accesses:      56090787  100.00%

L1-Total-Hits:        7996329173   94.64%
L1-Total-Misses:       453206228    5.36%
L1-Total-Accesses:    8449535401  100.00%

L2 Cache Stats:
L2-Load-Hits:         298242629   66.09%
L2-Load-Misses:       153022143   33.91%
L2-Load-Accesses:     451264772  100.00%

L2-Store-Hits:           1480981   76.28%
L2-Store-Misses:          460475   23.72%
L2-Store-Accesses:       1941456  100.00%

L2-Total-Hits:         299723610   66.13%
L2-Total-Misses:       153482618   33.87%
L2-Total-Accesses:     453206228  100.00%

