--------
Total Statistics
--------
Total Instructions: 19432753636
Total Cycles: 80905751637
IPC: 0.24019

--------
Single level Tlb hierarchy
--------
  Data Tlb:
    Entries:          64
    Page Size(B):   4096
    Associativity:     16

Latencies:    0  100
Tlb-Sets:    4 - LRU - assoc:  16

Tlb Stats:
Tlb-Load-Hits:        8360327439   99.61%
Tlb-Load-Misses:        33117175    0.39%
Tlb-Load-Accesses:    8393444614  100.00%

Tlb-Store-Hits:          55987230   99.82%
Tlb-Store-Misses:          103557    0.18%
Tlb-Store-Accesses:      56090787  100.00%

Tlb-Total-Hits:        8416314669   99.61%
Tlb-Total-Misses:        33220732    0.39%
Tlb-Total-Accesses:    8449535401  100.00%



--------
Two level Cache hierarchy
--------
  L1-Data Cache:
    Size(KB):          32
    Block Size(B):     64
    Associativity:      8

  L2-Data Cache:
    Size(KB):        1024
    Block Size(B):    128
    Associativity:      8

Latencies:    1   25  250
L1-Sets:   64 - LRU - assoc:   8
L2-Sets: 1024 - LRU - assoc:   8
Store_allocation: Yes
L2_inclusive: Yes
L2_prefetching: No

L1 Cache Stats:
L1-Load-Hits:        7942185338   94.62%
L1-Load-Misses:       451259276    5.38%
L1-Load-Accesses:    8393444614  100.00%

L1-Store-Hits:          54149187   96.54%
L1-Store-Misses:         1941600    3.46%
L1-Store-Accesses:      56090787  100.00%

L1-Total-Hits:        7996334525   94.64%
L1-Total-Misses:       453200876    5.36%
L1-Total-Accesses:    8449535401  100.00%

L2 Cache Stats:
L2-Load-Hits:         298232722   66.09%
L2-Load-Misses:       153026554   33.91%
L2-Load-Accesses:     451259276  100.00%

L2-Store-Hits:           1482684   76.36%
L2-Store-Misses:          458916   23.64%
L2-Store-Accesses:       1941600  100.00%

L2-Total-Hits:         299715406   66.13%
L2-Total-Misses:       153485470   33.87%
L2-Total-Accesses:     453200876  100.00%

