--------
Total Statistics
--------
Total Instructions: 19432753636
Total Cycles: 80912818562
IPC: 0.240169

--------
Single level Tlb hierarchy
--------
  Data Tlb:
    Entries:          64
    Page Size(B):   4096
    Associativity:      8

Latencies:    0  100
Tlb-Sets:    8 - LRU - assoc:   8

Tlb Stats:
Tlb-Load-Hits:        8360265640   99.60%
Tlb-Load-Misses:        33178974    0.40%
Tlb-Load-Accesses:    8393444614  100.00%

Tlb-Store-Hits:          55964472   99.77%
Tlb-Store-Misses:          126315    0.23%
Tlb-Store-Accesses:      56090787  100.00%

Tlb-Total-Hits:        8416230112   99.61%
Tlb-Total-Misses:        33305289    0.39%
Tlb-Total-Accesses:    8449535401  100.00%



--------
Two level Cache hierarchy
--------
  L1-Data Cache:
    Size(KB):          32
    Block Size(B):     64
    Associativity:      8

  L2-Data Cache:
    Size(KB):        1024
    Block Size(B):    128
    Associativity:      8

Latencies:    1   25  250
L1-Sets:   64 - LRU - assoc:   8
L2-Sets: 1024 - LRU - assoc:   8
Store_allocation: Yes
L2_inclusive: Yes
L2_prefetching: No

L1 Cache Stats:
L1-Load-Hits:        7942177272   94.62%
L1-Load-Misses:       451267342    5.38%
L1-Load-Accesses:    8393444614  100.00%

L1-Store-Hits:          54149364   96.54%
L1-Store-Misses:         1941423    3.46%
L1-Store-Accesses:      56090787  100.00%

L1-Total-Hits:        7996326636   94.64%
L1-Total-Misses:       453208765    5.36%
L1-Total-Accesses:    8449535401  100.00%

L2 Cache Stats:
L2-Load-Hits:         298248698   66.09%
L2-Load-Misses:       153018644   33.91%
L2-Load-Accesses:     451267342  100.00%

L2-Store-Hits:           1480941   76.28%
L2-Store-Misses:          460482   23.72%
L2-Store-Accesses:       1941423  100.00%

L2-Total-Hits:         299729639   66.14%
L2-Total-Misses:       153479126   33.86%
L2-Total-Accesses:     453208765  100.00%

