--------
Total Statistics
--------
Total Instructions: 19432753636
Total Cycles: 80899979487
IPC: 0.240207

--------
Single level Tlb hierarchy
--------
  Data Tlb:
    Entries:          64
    Page Size(B):   4096
    Associativity:     32

Latencies:    0  100
Tlb-Sets:    2 - LRU - assoc:  32

Tlb Stats:
Tlb-Load-Hits:        8360357637   99.61%
Tlb-Load-Misses:        33086977    0.39%
Tlb-Load-Accesses:    8393444614  100.00%

Tlb-Store-Hits:          55991377   99.82%
Tlb-Store-Misses:           99410    0.18%
Tlb-Store-Accesses:      56090787  100.00%

Tlb-Total-Hits:        8416349014   99.61%
Tlb-Total-Misses:        33186387    0.39%
Tlb-Total-Accesses:    8449535401  100.00%



--------
Two level Cache hierarchy
--------
  L1-Data Cache:
    Size(KB):          32
    Block Size(B):     64
    Associativity:      8

  L2-Data Cache:
    Size(KB):        1024
    Block Size(B):    128
    Associativity:      8

Latencies:    1   25  250
L1-Sets:   64 - LRU - assoc:   8
L2-Sets: 1024 - LRU - assoc:   8
Store_allocation: Yes
L2_inclusive: Yes
L2_prefetching: No

L1 Cache Stats:
L1-Load-Hits:        7942184238   94.62%
L1-Load-Misses:       451260376    5.38%
L1-Load-Accesses:    8393444614  100.00%

L1-Store-Hits:          54151993   96.54%
L1-Store-Misses:         1938794    3.46%
L1-Store-Accesses:      56090787  100.00%

L1-Total-Hits:        7996336231   94.64%
L1-Total-Misses:       453199170    5.36%
L1-Total-Accesses:    8449535401  100.00%

L2 Cache Stats:
L2-Load-Hits:         298239190   66.09%
L2-Load-Misses:       153021186   33.91%
L2-Load-Accesses:     451260376  100.00%

L2-Store-Hits:           1483690   76.53%
L2-Store-Misses:          455104   23.47%
L2-Store-Accesses:       1938794  100.00%

L2-Total-Hits:         299722880   66.13%
L2-Total-Misses:       153476290   33.87%
L2-Total-Accesses:     453199170  100.00%

