--------
Total Statistics
--------
Total Instructions: 19432753636
Total Cycles: 81164411712
IPC: 0.239425

--------
Single level Tlb hierarchy
--------
  Data Tlb:
    Entries:          32
    Page Size(B):   4096
    Associativity:      4

Latencies:    0  100
Tlb-Sets:    8 - LRU - assoc:   4

Tlb Stats:
Tlb-Load-Hits:        8358029432   99.58%
Tlb-Load-Misses:        35415182    0.42%
Tlb-Load-Accesses:    8393444614  100.00%

Tlb-Store-Hits:          55679736   99.27%
Tlb-Store-Misses:          411051    0.73%
Tlb-Store-Accesses:      56090787  100.00%

Tlb-Total-Hits:        8413709168   99.58%
Tlb-Total-Misses:        35826233    0.42%
Tlb-Total-Accesses:    8449535401  100.00%



--------
Two level Cache hierarchy
--------
  L1-Data Cache:
    Size(KB):          32
    Block Size(B):     64
    Associativity:      8

  L2-Data Cache:
    Size(KB):        1024
    Block Size(B):    128
    Associativity:      8

Latencies:    1   25  250
L1-Sets:   64 - LRU - assoc:   8
L2-Sets: 1024 - LRU - assoc:   8
Store_allocation: Yes
L2_inclusive: Yes
L2_prefetching: No

L1 Cache Stats:
L1-Load-Hits:        7942199962   94.62%
L1-Load-Misses:       451244652    5.38%
L1-Load-Accesses:    8393444614  100.00%

L1-Store-Hits:          54150944   96.54%
L1-Store-Misses:         1939843    3.46%
L1-Store-Accesses:      56090787  100.00%

L1-Total-Hits:        7996350906   94.64%
L1-Total-Misses:       453184495    5.36%
L1-Total-Accesses:    8449535401  100.00%

L2 Cache Stats:
L2-Load-Hits:         298224651   66.09%
L2-Load-Misses:       153020001   33.91%
L2-Load-Accesses:     451244652  100.00%

L2-Store-Hits:           1480296   76.31%
L2-Store-Misses:          459547   23.69%
L2-Store-Accesses:       1939843  100.00%

L2-Total-Hits:         299704947   66.13%
L2-Total-Misses:       153479548   33.87%
L2-Total-Accesses:     453184495  100.00%

