--------
Total Statistics
--------
Total Instructions: 19432753636
Total Cycles: 80904602687
IPC: 0.240193

--------
Single level Tlb hierarchy
--------
  Data Tlb:
    Entries:          64
    Page Size(B):   4096
    Associativity:     64

Latencies:    0  100
Tlb-Sets:    1 - LRU - assoc:  64

Tlb Stats:
Tlb-Load-Hits:        8360374446   99.61%
Tlb-Load-Misses:        33070168    0.39%
Tlb-Load-Accesses:    8393444614  100.00%

Tlb-Store-Hits:          55992678   99.83%
Tlb-Store-Misses:           98109    0.17%
Tlb-Store-Accesses:      56090787  100.00%

Tlb-Total-Hits:        8416367124   99.61%
Tlb-Total-Misses:        33168277    0.39%
Tlb-Total-Accesses:    8449535401  100.00%



--------
Two level Cache hierarchy
--------
  L1-Data Cache:
    Size(KB):          32
    Block Size(B):     64
    Associativity:      8

  L2-Data Cache:
    Size(KB):        1024
    Block Size(B):    128
    Associativity:      8

Latencies:    1   25  250
L1-Sets:   64 - LRU - assoc:   8
L2-Sets: 1024 - LRU - assoc:   8
Store_allocation: Yes
L2_inclusive: Yes
L2_prefetching: No

L1 Cache Stats:
L1-Load-Hits:        7942178638   94.62%
L1-Load-Misses:       451265976    5.38%
L1-Load-Accesses:    8393444614  100.00%

L1-Store-Hits:          54139975   96.52%
L1-Store-Misses:         1950812    3.48%
L1-Store-Accesses:      56090787  100.00%

L1-Total-Hits:        7996318613   94.64%
L1-Total-Misses:       453216788    5.36%
L1-Total-Accesses:    8449535401  100.00%

L2 Cache Stats:
L2-Load-Hits:         298237197   66.09%
L2-Load-Misses:       153028779   33.91%
L2-Load-Accesses:     451265976  100.00%

L2-Store-Hits:           1479326   75.83%
L2-Store-Misses:          471486   24.17%
L2-Store-Accesses:       1950812  100.00%

L2-Total-Hits:         299716523   66.13%
L2-Total-Misses:       153500265   33.87%
L2-Total-Accesses:     453216788  100.00%

