--------
Total Statistics
--------
Total Instructions: 19432753576
Total Cycles: 80931421151
IPC: 0.240114

--------
Single level Tlb hierarchy
--------
  Data Tlb:
    Entries:          64
    Page Size(B):   4096
    Associativity:      4

Latencies:    0  100
Tlb-Sets:   16 - LRU - assoc:   4

Tlb Stats:
Tlb-Load-Hits:        8360111882   99.60%
Tlb-Load-Misses:        33332711    0.40%
Tlb-Load-Accesses:    8393444593  100.00%

Tlb-Store-Hits:          55939362   99.73%
Tlb-Store-Misses:          151420    0.27%
Tlb-Store-Accesses:      56090782  100.00%

Tlb-Total-Hits:        8416051244   99.60%
Tlb-Total-Misses:        33484131    0.40%
Tlb-Total-Accesses:    8449535375  100.00%



--------
Two level Cache hierarchy
--------
  L1-Data Cache:
    Size(KB):          32
    Block Size(B):     64
    Associativity:      8

  L2-Data Cache:
    Size(KB):        1024
    Block Size(B):    128
    Associativity:      8

Latencies:    1   25  250
L1-Sets:   64 - LRU - assoc:   8
L2-Sets: 1024 - LRU - assoc:   8
Store_allocation: Yes
L2_inclusive: Yes
L2_prefetching: No

L1 Cache Stats:
L1-Load-Hits:        7942198048   94.62%
L1-Load-Misses:       451246545    5.38%
L1-Load-Accesses:    8393444593  100.00%

L1-Store-Hits:          54145063   96.53%
L1-Store-Misses:         1945719    3.47%
L1-Store-Accesses:      56090782  100.00%

L1-Total-Hits:        7996343111   94.64%
L1-Total-Misses:       453192264    5.36%
L1-Total-Accesses:    8449535375  100.00%

L2 Cache Stats:
L2-Load-Hits:         298229301   66.09%
L2-Load-Misses:       153017244   33.91%
L2-Load-Accesses:     451246545  100.00%

L2-Store-Hits:           1479313   76.03%
L2-Store-Misses:          466406   23.97%
L2-Store-Accesses:       1945719  100.00%

L2-Total-Hits:         299708614   66.13%
L2-Total-Misses:       153483650   33.87%
L2-Total-Accesses:     453192264  100.00%

