--------
Total Statistics
--------
Total Instructions: 27760164944
Total Cycles: 40681525342
IPC: 0.682378

--------
Single level Tlb hierarchy
--------
  Data Tlb:
    Entries:          64
    Page Size(B):   4096
    Associativity:      8

Latencies:    0  100
Tlb-Sets:    8 - LRU - assoc:   8

Tlb Stats:
Tlb-Load-Hits:        7782600945  100.00%
Tlb-Load-Misses:             149    0.00%
Tlb-Load-Accesses:    7782601094  100.00%

Tlb-Store-Hits:        2215188551  100.00%
Tlb-Store-Misses:             253    0.00%
Tlb-Store-Accesses:    2215188804  100.00%

Tlb-Total-Hits:        9997789496  100.00%
Tlb-Total-Misses:             402    0.00%
Tlb-Total-Accesses:    9997789898  100.00%



--------
Two level Cache hierarchy
--------
  L1-Data Cache:
    Size(KB):          32
    Block Size(B):     64
    Associativity:      8

  L2-Data Cache:
    Size(KB):        1024
    Block Size(B):    128
    Associativity:      8

Latencies:    1   25  250
L1-Sets:   64 - LRU - assoc:   8
L2-Sets: 1024 - LRU - assoc:   8
Store_allocation: Yes
L2_inclusive: Yes
L2_prefetching: No

L1 Cache Stats:
L1-Load-Hits:        7717632494   99.17%
L1-Load-Misses:        64968600    0.83%
L1-Load-Accesses:    7782601094  100.00%

L1-Store-Hits:        2163330622   97.66%
L1-Store-Misses:        51858182    2.34%
L1-Store-Accesses:    2215188804  100.00%

L1-Total-Hits:        9880963116   98.83%
L1-Total-Misses:       116826782    1.17%
L1-Total-Accesses:    9997789898  100.00%

L2 Cache Stats:
L2-Load-Hits:          64965754  100.00%
L2-Load-Misses:            2846    0.00%
L2-Load-Accesses:      64968600  100.00%

L2-Store-Hits:          51849585   99.98%
L2-Store-Misses:            8597    0.02%
L2-Store-Accesses:      51858182  100.00%

L2-Total-Hits:         116815339   99.99%
L2-Total-Misses:           11443    0.01%
L2-Total-Accesses:     116826782  100.00%

