--------
Total Statistics
--------
Total Instructions: 27760164944
Total Cycles: 40881451966
IPC: 0.679041

--------
Single level Tlb hierarchy
--------
  Data Tlb:
    Entries:          32
    Page Size(B):   4096
    Associativity:      4

Latencies:    0  100
Tlb-Sets:    8 - LRU - assoc:   4

Tlb Stats:
Tlb-Load-Hits:        7780841880   99.98%
Tlb-Load-Misses:         1759213    0.02%
Tlb-Load-Accesses:    7782601093  100.00%

Tlb-Store-Hits:        2214950311   99.99%
Tlb-Store-Misses:          238493    0.01%
Tlb-Store-Accesses:    2215188804  100.00%

Tlb-Total-Hits:        9995792191   99.98%
Tlb-Total-Misses:         1997706    0.02%
Tlb-Total-Accesses:    9997789897  100.00%



--------
Two level Cache hierarchy
--------
  L1-Data Cache:
    Size(KB):          32
    Block Size(B):     64
    Associativity:      8

  L2-Data Cache:
    Size(KB):        1024
    Block Size(B):    128
    Associativity:      8

Latencies:    1   25  250
L1-Sets:   64 - LRU - assoc:   8
L2-Sets: 1024 - LRU - assoc:   8
Store_allocation: Yes
L2_inclusive: Yes
L2_prefetching: No

L1 Cache Stats:
L1-Load-Hits:        7717532017   99.16%
L1-Load-Misses:        65069076    0.84%
L1-Load-Accesses:    7782601093  100.00%

L1-Store-Hits:        2163423269   97.66%
L1-Store-Misses:        51765535    2.34%
L1-Store-Accesses:    2215188804  100.00%

L1-Total-Hits:        9880955286   98.83%
L1-Total-Misses:       116834611    1.17%
L1-Total-Accesses:    9997789897  100.00%

L2 Cache Stats:
L2-Load-Hits:          65066232  100.00%
L2-Load-Misses:            2844    0.00%
L2-Load-Accesses:      65069076  100.00%

L2-Store-Hits:          51756934   99.98%
L2-Store-Misses:            8601    0.02%
L2-Store-Accesses:      51765535  100.00%

L2-Total-Hits:         116823166   99.99%
L2-Total-Misses:           11445    0.01%
L2-Total-Accesses:     116834611  100.00%

