--------
Total Statistics
--------
Total Instructions: 27760164944
Total Cycles: 41167536991
IPC: 0.674322

--------
Single level Tlb hierarchy
--------
  Data Tlb:
    Entries:          64
    Page Size(B):   4096
    Associativity:      2

Latencies:    0  100
Tlb-Sets:   32 - LRU - assoc:   2

Tlb Stats:
Tlb-Load-Hits:        7778860650   99.95%
Tlb-Load-Misses:         3740443    0.05%
Tlb-Load-Accesses:    7782601093  100.00%

Tlb-Store-Hits:        2214082353   99.95%
Tlb-Store-Misses:         1106451    0.05%
Tlb-Store-Accesses:    2215188804  100.00%

Tlb-Total-Hits:        9992943003   99.95%
Tlb-Total-Misses:         4846894    0.05%
Tlb-Total-Accesses:    9997789897  100.00%



--------
Two level Cache hierarchy
--------
  L1-Data Cache:
    Size(KB):          32
    Block Size(B):     64
    Associativity:      8

  L2-Data Cache:
    Size(KB):        1024
    Block Size(B):    128
    Associativity:      8

Latencies:    1   25  250
L1-Sets:   64 - LRU - assoc:   8
L2-Sets: 1024 - LRU - assoc:   8
Store_allocation: Yes
L2_inclusive: Yes
L2_prefetching: No

L1 Cache Stats:
L1-Load-Hits:        7717571771   99.16%
L1-Load-Misses:        65029322    0.84%
L1-Load-Accesses:    7782601093  100.00%

L1-Store-Hits:        2163336856   97.66%
L1-Store-Misses:        51851948    2.34%
L1-Store-Accesses:    2215188804  100.00%

L1-Total-Hits:        9880908627   98.83%
L1-Total-Misses:       116881270    1.17%
L1-Total-Accesses:    9997789897  100.00%

L2 Cache Stats:
L2-Load-Hits:          65026477  100.00%
L2-Load-Misses:            2845    0.00%
L2-Load-Accesses:      65029322  100.00%

L2-Store-Hits:          51843349   99.98%
L2-Store-Misses:            8599    0.02%
L2-Store-Accesses:      51851948  100.00%

L2-Total-Hits:         116869826   99.99%
L2-Total-Misses:           11444    0.01%
L2-Total-Accesses:     116881270  100.00%

