--------
Total Statistics
--------
Total Instructions: 27760164944
Total Cycles: 40683627241
IPC: 0.682342

--------
Single level Tlb hierarchy
--------
  Data Tlb:
    Entries:          64
    Page Size(B):   4096
    Associativity:     32

Latencies:    0  100
Tlb-Sets:    2 - LRU - assoc:  32

Tlb Stats:
Tlb-Load-Hits:        7782600946  100.00%
Tlb-Load-Misses:             147    0.00%
Tlb-Load-Accesses:    7782601093  100.00%

Tlb-Store-Hits:        2215188552  100.00%
Tlb-Store-Misses:             252    0.00%
Tlb-Store-Accesses:    2215188804  100.00%

Tlb-Total-Hits:        9997789498  100.00%
Tlb-Total-Misses:             399    0.00%
Tlb-Total-Accesses:    9997789897  100.00%



--------
Two level Cache hierarchy
--------
  L1-Data Cache:
    Size(KB):          32
    Block Size(B):     64
    Associativity:      8

  L2-Data Cache:
    Size(KB):        1024
    Block Size(B):    128
    Associativity:      8

Latencies:    1   25  250
L1-Sets:   64 - LRU - assoc:   8
L2-Sets: 1024 - LRU - assoc:   8
Store_allocation: Yes
L2_inclusive: Yes
L2_prefetching: No

L1 Cache Stats:
L1-Load-Hits:        7717579000   99.16%
L1-Load-Misses:        65022093    0.84%
L1-Load-Accesses:    7782601093  100.00%

L1-Store-Hits:        2163300027   97.66%
L1-Store-Misses:        51888777    2.34%
L1-Store-Accesses:    2215188804  100.00%

L1-Total-Hits:        9880879027   98.83%
L1-Total-Misses:       116910870    1.17%
L1-Total-Accesses:    9997789897  100.00%

L2 Cache Stats:
L2-Load-Hits:          65019248  100.00%
L2-Load-Misses:            2845    0.00%
L2-Load-Accesses:      65022093  100.00%

L2-Store-Hits:          51880179   99.98%
L2-Store-Misses:            8598    0.02%
L2-Store-Accesses:      51888777  100.00%

L2-Total-Hits:         116899427   99.99%
L2-Total-Misses:           11443    0.01%
L2-Total-Accesses:     116910870  100.00%

