--------
Total Statistics
--------
Total Instructions: 27760164944
Total Cycles: 40677565466
IPC: 0.682444

--------
Single level Tlb hierarchy
--------
  Data Tlb:
    Entries:         128
    Page Size(B):   4096
    Associativity:      4

Latencies:    0  100
Tlb-Sets:   32 - LRU - assoc:   4

Tlb Stats:
Tlb-Load-Hits:        7782600948  100.00%
Tlb-Load-Misses:             145    0.00%
Tlb-Load-Accesses:    7782601093  100.00%

Tlb-Store-Hits:        2215188551  100.00%
Tlb-Store-Misses:             253    0.00%
Tlb-Store-Accesses:    2215188804  100.00%

Tlb-Total-Hits:        9997789499  100.00%
Tlb-Total-Misses:             398    0.00%
Tlb-Total-Accesses:    9997789897  100.00%



--------
Two level Cache hierarchy
--------
  L1-Data Cache:
    Size(KB):          32
    Block Size(B):     64
    Associativity:      8

  L2-Data Cache:
    Size(KB):        1024
    Block Size(B):    128
    Associativity:      8

Latencies:    1   25  250
L1-Sets:   64 - LRU - assoc:   8
L2-Sets: 1024 - LRU - assoc:   8
Store_allocation: Yes
L2_inclusive: Yes
L2_prefetching: No

L1 Cache Stats:
L1-Load-Hits:        7717561228   99.16%
L1-Load-Misses:        65039865    0.84%
L1-Load-Accesses:    7782601093  100.00%

L1-Store-Hits:        2163560266   97.67%
L1-Store-Misses:        51628538    2.33%
L1-Store-Accesses:    2215188804  100.00%

L1-Total-Hits:        9881121494   98.83%
L1-Total-Misses:       116668403    1.17%
L1-Total-Accesses:    9997789897  100.00%

L2 Cache Stats:
L2-Load-Hits:          65037019  100.00%
L2-Load-Misses:            2846    0.00%
L2-Load-Accesses:      65039865  100.00%

L2-Store-Hits:          51619941   99.98%
L2-Store-Misses:            8597    0.02%
L2-Store-Accesses:      51628538  100.00%

L2-Total-Hits:         116656960   99.99%
L2-Total-Misses:           11443    0.01%
L2-Total-Accesses:     116668403  100.00%

