--------
Total Statistics
--------
Total Instructions: 27760165004
Total Cycles: 91666028952
IPC: 0.30284

--------
Single level Tlb hierarchy
--------
  Data Tlb:
    Entries:           8
    Page Size(B):   4096
    Associativity:      4

Latencies:    0  100
Tlb-Sets:    2 - LRU - assoc:   4

Tlb Stats:
Tlb-Load-Hits:        7315459837   94.00%
Tlb-Load-Misses:       467141277    6.00%
Tlb-Load-Accesses:    7782601114  100.00%

Tlb-Store-Hits:        2172527807   98.07%
Tlb-Store-Misses:        42661002    1.93%
Tlb-Store-Accesses:    2215188809  100.00%

Tlb-Total-Hits:        9487987644   94.90%
Tlb-Total-Misses:       509802279    5.10%
Tlb-Total-Accesses:    9997789923  100.00%



--------
Two level Cache hierarchy
--------
  L1-Data Cache:
    Size(KB):          32
    Block Size(B):     64
    Associativity:      8

  L2-Data Cache:
    Size(KB):        1024
    Block Size(B):    128
    Associativity:      8

Latencies:    1   25  250
L1-Sets:   64 - LRU - assoc:   8
L2-Sets: 1024 - LRU - assoc:   8
Store_allocation: Yes
L2_inclusive: Yes
L2_prefetching: No

L1 Cache Stats:
L1-Load-Hits:        7717498190   99.16%
L1-Load-Misses:        65102924    0.84%
L1-Load-Accesses:    7782601114  100.00%

L1-Store-Hits:        2163292318   97.66%
L1-Store-Misses:        51896491    2.34%
L1-Store-Accesses:    2215188809  100.00%

L1-Total-Hits:        9880790508   98.83%
L1-Total-Misses:       116999415    1.17%
L1-Total-Accesses:    9997789923  100.00%

L2 Cache Stats:
L2-Load-Hits:          65100079  100.00%
L2-Load-Misses:            2845    0.00%
L2-Load-Accesses:      65102924  100.00%

L2-Store-Hits:          51887893   99.98%
L2-Store-Misses:            8598    0.02%
L2-Store-Accesses:      51896491  100.00%

L2-Total-Hits:         116987972   99.99%
L2-Total-Misses:           11443    0.01%
L2-Total-Accesses:     116999415  100.00%

