--------
Total Statistics
--------
Total Instructions: 4355791175
Total Cycles: 10988881018
IPC: 0.396382

--------
Single level Tlb hierarchy
--------
  Data Tlb:
    Entries:          64
    Page Size(B):   4096
    Associativity:      4

Latencies:    0  100
Tlb-Sets:   16 - LRU - assoc:   4

Tlb Stats:
Tlb-Load-Hits:         921883249   96.02%
Tlb-Load-Misses:        38207324    3.98%
Tlb-Load-Accesses:     960090573  100.00%

Tlb-Store-Hits:         320460343   99.87%
Tlb-Store-Misses:          416102    0.13%
Tlb-Store-Accesses:     320876445  100.00%

Tlb-Total-Hits:        1242343592   96.98%
Tlb-Total-Misses:        38623426    3.02%
Tlb-Total-Accesses:    1280967018  100.00%



--------
Two level Cache hierarchy
--------
  L1-Data Cache:
    Size(KB):          16
    Block Size(B):     32
    Associativity:      4

  L2-Data Cache:
    Size(KB):        1024
    Block Size(B):    128
    Associativity:      8

Latencies:    1   25  250
L1-Sets:  128 - LRU - assoc:   4
L2-Sets: 1024 - LRU - assoc:   8
Store_allocation: Yes
L2_inclusive: Yes
L2_prefetching: No

L1 Cache Stats:
L1-Load-Hits:         916198216   95.43%
L1-Load-Misses:        43892357    4.57%
L1-Load-Accesses:     960090573  100.00%

L1-Store-Hits:         319516203   99.58%
L1-Store-Misses:         1360242    0.42%
L1-Store-Accesses:     320876445  100.00%

L1-Total-Hits:        1235714419   96.47%
L1-Total-Misses:        45252599    3.53%
L1-Total-Accesses:    1280967018  100.00%

L2 Cache Stats:
L2-Load-Hits:          42663403   97.20%
L2-Load-Misses:         1228954    2.80%
L2-Load-Accesses:      43892357  100.00%

L2-Store-Hits:           1155335   84.94%
L2-Store-Misses:          204907   15.06%
L2-Store-Accesses:       1360242  100.00%

L2-Total-Hits:          43818738   96.83%
L2-Total-Misses:         1433861    3.17%
L2-Total-Accesses:      45252599  100.00%

