--------
Total Statistics
--------
Total Instructions: 4355791175
Total Cycles: 10827909493
IPC: 0.402274

--------
Single level Tlb hierarchy
--------
  Data Tlb:
    Entries:          64
    Page Size(B):   4096
    Associativity:      4

Latencies:    0  100
Tlb-Sets:   16 - LRU - assoc:   4

Tlb Stats:
Tlb-Load-Hits:         921883249   96.02%
Tlb-Load-Misses:        38207324    3.98%
Tlb-Load-Accesses:     960090573  100.00%

Tlb-Store-Hits:         320050742   99.74%
Tlb-Store-Misses:          825703    0.26%
Tlb-Store-Accesses:     320876445  100.00%

Tlb-Total-Hits:        1241933991   96.95%
Tlb-Total-Misses:        39033027    3.05%
Tlb-Total-Accesses:    1280967018  100.00%



--------
Two level Cache hierarchy
--------
  L1-Data Cache:
    Size(KB):          32
    Block Size(B):     32
    Associativity:      4

  L2-Data Cache:
    Size(KB):        1024
    Block Size(B):    128
    Associativity:      8

Latencies:    1   25  250
L1-Sets:  256 - LRU - assoc:   4
L2-Sets: 1024 - LRU - assoc:   8
Store_allocation: Yes
L2_inclusive: Yes
L2_prefetching: No

L1 Cache Stats:
L1-Load-Hits:         924112996   96.25%
L1-Load-Misses:        35977577    3.75%
L1-Load-Accesses:     960090573  100.00%

L1-Store-Hits:         319678668   99.63%
L1-Store-Misses:         1197777    0.37%
L1-Store-Accesses:     320876445  100.00%

L1-Total-Hits:        1243791664   97.10%
L1-Total-Misses:        37175354    2.90%
L1-Total-Accesses:    1280967018  100.00%

L2 Cache Stats:
L2-Load-Hits:          34748624   96.58%
L2-Load-Misses:         1228953    3.42%
L2-Load-Accesses:      35977577  100.00%

L2-Store-Hits:            992871   82.89%
L2-Store-Misses:          204906   17.11%
L2-Store-Accesses:       1197777  100.00%

L2-Total-Hits:          35741495   96.14%
L2-Total-Misses:         1433859    3.86%
L2-Total-Accesses:      37175354  100.00%

