--------
Total Statistics
--------
Total Instructions: 4355791175
Total Cycles: 10009598993
IPC: 0.435161

--------
Single level Tlb hierarchy
--------
  Data Tlb:
    Entries:          64
    Page Size(B):   4096
    Associativity:      4

Latencies:    0  100
Tlb-Sets:   16 - LRU - assoc:   4

Tlb Stats:
Tlb-Load-Hits:         921882249   96.02%
Tlb-Load-Misses:        38208324    3.98%
Tlb-Load-Accesses:     960090573  100.00%

Tlb-Store-Hits:         320050742   99.74%
Tlb-Store-Misses:          825703    0.26%
Tlb-Store-Accesses:     320876445  100.00%

Tlb-Total-Hits:        1241932991   96.95%
Tlb-Total-Misses:        39034027    3.05%
Tlb-Total-Accesses:    1280967018  100.00%



--------
Two level Cache hierarchy
--------
  L1-Data Cache:
    Size(KB):         128
    Block Size(B):     64
    Associativity:      8

  L2-Data Cache:
    Size(KB):        1024
    Block Size(B):    128
    Associativity:      8

Latencies:    1   25  250
L1-Sets:  256 - LRU - assoc:   8
L2-Sets: 1024 - LRU - assoc:   8
Store_allocation: Yes
L2_inclusive: Yes
L2_prefetching: No

L1 Cache Stats:
L1-Load-Hits:         956300279   99.61%
L1-Load-Misses:         3790294    0.39%
L1-Load-Accesses:     960090573  100.00%

L1-Store-Hits:         320261935   99.81%
L1-Store-Misses:          614510    0.19%
L1-Store-Accesses:     320876445  100.00%

L1-Total-Hits:        1276562214   99.66%
L1-Total-Misses:         4404804    0.34%
L1-Total-Accesses:    1280967018  100.00%

L2 Cache Stats:
L2-Load-Hits:           2558327   67.50%
L2-Load-Misses:         1231967   32.50%
L2-Load-Accesses:       3790294  100.00%

L2-Store-Hits:            409205   66.59%
L2-Store-Misses:          205305   33.41%
L2-Store-Accesses:        614510  100.00%

L2-Total-Hits:           2967532   67.37%
L2-Total-Misses:         1437272   32.63%
L2-Total-Accesses:       4404804  100.00%

