--------
Total Statistics
--------
Total Instructions: 4355791175
Total Cycles: 10722960218
IPC: 0.406212

--------
Single level Tlb hierarchy
--------
  Data Tlb:
    Entries:          64
    Page Size(B):   4096
    Associativity:      4

Latencies:    0  100
Tlb-Sets:   16 - LRU - assoc:   4

Tlb Stats:
Tlb-Load-Hits:         921883249   96.02%
Tlb-Load-Misses:        38207324    3.98%
Tlb-Load-Accesses:     960090573  100.00%

Tlb-Store-Hits:         320460343   99.87%
Tlb-Store-Misses:          416102    0.13%
Tlb-Store-Accesses:     320876445  100.00%

Tlb-Total-Hits:        1242343592   96.98%
Tlb-Total-Misses:        38623426    3.02%
Tlb-Total-Accesses:    1280967018  100.00%



--------
Two level Cache hierarchy
--------
  L1-Data Cache:
    Size(KB):          64
    Block Size(B):    128
    Associativity:      4

  L2-Data Cache:
    Size(KB):        1024
    Block Size(B):    128
    Associativity:      8

Latencies:    1   25  250
L1-Sets:  128 - LRU - assoc:   4
L2-Sets: 1024 - LRU - assoc:   8
Store_allocation: Yes
L2_inclusive: Yes
L2_prefetching: No

L1 Cache Stats:
L1-Load-Hits:         925833322   96.43%
L1-Load-Misses:        34257251    3.57%
L1-Load-Accesses:     960090573  100.00%

L1-Store-Hits:         320517939   99.89%
L1-Store-Misses:          358506    0.11%
L1-Store-Accesses:     320876445  100.00%

L1-Total-Hits:        1246351261   97.30%
L1-Total-Misses:        34615757    2.70%
L1-Total-Accesses:    1280967018  100.00%

L2 Cache Stats:
L2-Load-Hits:          33028295   96.41%
L2-Load-Misses:         1228956    3.59%
L2-Load-Accesses:      34257251  100.00%

L2-Store-Hits:            153600   42.84%
L2-Store-Misses:          204906   57.16%
L2-Store-Accesses:        358506  100.00%

L2-Total-Hits:          33181895   95.86%
L2-Total-Misses:         1433862    4.14%
L2-Total-Accesses:      34615757  100.00%

