--------
Total Statistics
--------
Total Instructions: 4355791115
Total Cycles: 10757800857
IPC: 0.404896

--------
Single level Tlb hierarchy
--------
  Data Tlb:
    Entries:          64
    Page Size(B):   4096
    Associativity:      4

Latencies:    0  100
Tlb-Sets:   16 - LRU - assoc:   4

Tlb Stats:
Tlb-Load-Hits:         921883228   96.02%
Tlb-Load-Misses:        38207324    3.98%
Tlb-Load-Accesses:     960090552  100.00%

Tlb-Store-Hits:         320460338   99.87%
Tlb-Store-Misses:          416102    0.13%
Tlb-Store-Accesses:     320876440  100.00%

Tlb-Total-Hits:        1242343566   96.98%
Tlb-Total-Misses:        38623426    3.02%
Tlb-Total-Accesses:    1280966992  100.00%



--------
Two level Cache hierarchy
--------
  L1-Data Cache:
    Size(KB):          64
    Block Size(B):     32
    Associativity:      4

  L2-Data Cache:
    Size(KB):        1024
    Block Size(B):    128
    Associativity:      8

Latencies:    1   25  250
L1-Sets:  512 - LRU - assoc:   4
L2-Sets: 1024 - LRU - assoc:   8
Store_allocation: Yes
L2_inclusive: Yes
L2_prefetching: No

L1 Cache Stats:
L1-Load-Hits:         925191327   96.37%
L1-Load-Misses:        34899225    3.63%
L1-Load-Accesses:     960090552  100.00%

L1-Store-Hits:         319766249   99.65%
L1-Store-Misses:         1110191    0.35%
L1-Store-Accesses:     320876440  100.00%

L1-Total-Hits:        1244957576   97.19%
L1-Total-Misses:        36009416    2.81%
L1-Total-Accesses:    1280966992  100.00%

L2 Cache Stats:
L2-Load-Hits:          33670272   96.48%
L2-Load-Misses:         1228953    3.52%
L2-Load-Accesses:      34899225  100.00%

L2-Store-Hits:            905285   81.54%
L2-Store-Misses:          204906   18.46%
L2-Store-Accesses:       1110191  100.00%

L2-Total-Hits:          34575557   96.02%
L2-Total-Misses:         1433859    3.98%
L2-Total-Accesses:      36009416  100.00%

