--------
Total Statistics
--------
Total Instructions: 4355791175
Total Cycles: 10759379218
IPC: 0.404837

--------
Single level Tlb hierarchy
--------
  Data Tlb:
    Entries:          64
    Page Size(B):   4096
    Associativity:      4

Latencies:    0  100
Tlb-Sets:   16 - LRU - assoc:   4

Tlb Stats:
Tlb-Load-Hits:         921883249   96.02%
Tlb-Load-Misses:        38207324    3.98%
Tlb-Load-Accesses:     960090573  100.00%

Tlb-Store-Hits:         320460343   99.87%
Tlb-Store-Misses:          416102    0.13%
Tlb-Store-Accesses:     320876445  100.00%

Tlb-Total-Hits:        1242343592   96.98%
Tlb-Total-Misses:        38623426    3.02%
Tlb-Total-Accesses:    1280967018  100.00%



--------
Two level Cache hierarchy
--------
  L1-Data Cache:
    Size(KB):          32
    Block Size(B):    128
    Associativity:      4

  L2-Data Cache:
    Size(KB):        1024
    Block Size(B):    128
    Associativity:      8

Latencies:    1   25  250
L1-Sets:   64 - LRU - assoc:   4
L2-Sets: 1024 - LRU - assoc:   8
Store_allocation: Yes
L2_inclusive: Yes
L2_prefetching: No

L1 Cache Stats:
L1-Load-Hits:         924530431   96.30%
L1-Load-Misses:        35560142    3.70%
L1-Load-Accesses:     960090573  100.00%

L1-Store-Hits:         320364040   99.84%
L1-Store-Misses:          512405    0.16%
L1-Store-Accesses:     320876445  100.00%

L1-Total-Hits:        1244894471   97.18%
L1-Total-Misses:        36072547    2.82%
L1-Total-Accesses:    1280967018  100.00%

L2 Cache Stats:
L2-Load-Hits:          34331188   96.54%
L2-Load-Misses:         1228954    3.46%
L2-Load-Accesses:      35560142  100.00%

L2-Store-Hits:            307500   60.01%
L2-Store-Misses:          204905   39.99%
L2-Store-Accesses:        512405  100.00%

L2-Total-Hits:          34638688   96.03%
L2-Total-Misses:         1433859    3.97%
L2-Total-Accesses:      36072547  100.00%

