--------
Total Statistics
--------
Total Instructions: 4355791179
Total Cycles: 9973382397
IPC: 0.436742

--------
Single level Tlb hierarchy
--------
  Data Tlb:
    Entries:          64
    Page Size(B):   4096
    Associativity:      4

Latencies:    0  100
Tlb-Sets:   16 - LRU - assoc:   4

Tlb Stats:
Tlb-Load-Hits:         921883249   96.02%
Tlb-Load-Misses:        38207324    3.98%
Tlb-Load-Accesses:     960090573  100.00%

Tlb-Store-Hits:         320460343   99.87%
Tlb-Store-Misses:          416102    0.13%
Tlb-Store-Accesses:     320876445  100.00%

Tlb-Total-Hits:        1242343592   96.98%
Tlb-Total-Misses:        38623426    3.02%
Tlb-Total-Accesses:    1280967018  100.00%



--------
Two level Cache hierarchy
--------
  L1-Data Cache:
    Size(KB):          64
    Block Size(B):     64
    Associativity:      8

  L2-Data Cache:
    Size(KB):        1024
    Block Size(B):    128
    Associativity:      8

Latencies:    1   25  250
L1-Sets:  128 - LRU - assoc:   8
L2-Sets: 1024 - LRU - assoc:   8
Store_allocation: Yes
L2_inclusive: Yes
L2_prefetching: No

L1 Cache Stats:
L1-Load-Hits:         956115930   99.59%
L1-Load-Misses:         3974643    0.41%
L1-Load-Accesses:     960090573  100.00%

L1-Store-Hits:         320252404   99.81%
L1-Store-Misses:          624041    0.19%
L1-Store-Accesses:     320876445  100.00%

L1-Total-Hits:        1276368334   99.64%
L1-Total-Misses:         4598684    0.36%
L1-Total-Accesses:    1280967018  100.00%

L2 Cache Stats:
L2-Load-Hits:           2742590   69.00%
L2-Load-Misses:         1232053   31.00%
L2-Load-Accesses:       3974643  100.00%

L2-Store-Hits:            418836   67.12%
L2-Store-Misses:          205205   32.88%
L2-Store-Accesses:        624041  100.00%

L2-Total-Hits:           3161426   68.75%
L2-Total-Misses:         1437258   31.25%
L2-Total-Accesses:       4598684  100.00%

