--------
Total Statistics
--------
Total Instructions: 4355791115
Total Cycles: 10985406732
IPC: 0.396507

--------
Single level Tlb hierarchy
--------
  Data Tlb:
    Entries:          64
    Page Size(B):   4096
    Associativity:      4

Latencies:    0  100
Tlb-Sets:   16 - LRU - assoc:   4

Tlb Stats:
Tlb-Load-Hits:         921883228   96.02%
Tlb-Load-Misses:        38207324    3.98%
Tlb-Load-Accesses:     960090552  100.00%

Tlb-Store-Hits:         320460338   99.87%
Tlb-Store-Misses:          416102    0.13%
Tlb-Store-Accesses:     320876440  100.00%

Tlb-Total-Hits:        1242343566   96.98%
Tlb-Total-Misses:        38623426    3.02%
Tlb-Total-Accesses:    1280966992  100.00%



--------
Two level Cache hierarchy
--------
  L1-Data Cache:
    Size(KB):          16
    Block Size(B):     64
    Associativity:      4

  L2-Data Cache:
    Size(KB):        1024
    Block Size(B):    128
    Associativity:      8

Latencies:    1   25  250
L1-Sets:   64 - LRU - assoc:   4
L2-Sets: 1024 - LRU - assoc:   8
Store_allocation: Yes
L2_inclusive: Yes
L2_prefetching: No

L1 Cache Stats:
L1-Load-Hits:         916001393   95.41%
L1-Load-Misses:        44089159    4.59%
L1-Load-Accesses:     960090552  100.00%

L1-Store-Hits:         319851948   99.68%
L1-Store-Misses:         1024492    0.32%
L1-Store-Accesses:     320876440  100.00%

L1-Total-Hits:        1235853341   96.48%
L1-Total-Misses:        45113651    3.52%
L1-Total-Accesses:    1280966992  100.00%

L2 Cache Stats:
L2-Load-Hits:          42860206   97.21%
L2-Load-Misses:         1228953    2.79%
L2-Load-Accesses:      44089159  100.00%

L2-Store-Hits:            819586   80.00%
L2-Store-Misses:          204906   20.00%
L2-Store-Accesses:       1024492  100.00%

L2-Total-Hits:          43679792   96.82%
L2-Total-Misses:         1433859    3.18%
L2-Total-Accesses:      45113651  100.00%

