--------
Total Statistics
--------
Total Instructions: 4355791115
Total Cycles: 10777410232
IPC: 0.404159

--------
Single level Tlb hierarchy
--------
  Data Tlb:
    Entries:          64
    Page Size(B):   4096
    Associativity:      4

Latencies:    0  100
Tlb-Sets:   16 - LRU - assoc:   4

Tlb Stats:
Tlb-Load-Hits:         921883228   96.02%
Tlb-Load-Misses:        38207324    3.98%
Tlb-Load-Accesses:     960090552  100.00%

Tlb-Store-Hits:         320050737   99.74%
Tlb-Store-Misses:          825703    0.26%
Tlb-Store-Accesses:     320876440  100.00%

Tlb-Total-Hits:        1241933965   96.95%
Tlb-Total-Misses:        39033027    3.05%
Tlb-Total-Accesses:    1280966992  100.00%



--------
Two level Cache hierarchy
--------
  L1-Data Cache:
    Size(KB):          64
    Block Size(B):     64
    Associativity:      4

  L2-Data Cache:
    Size(KB):        1024
    Block Size(B):    128
    Associativity:      8

Latencies:    1   25  250
L1-Sets:  256 - LRU - assoc:   4
L2-Sets: 1024 - LRU - assoc:   8
Store_allocation: Yes
L2_inclusive: Yes
L2_prefetching: No

L1 Cache Stats:
L1-Load-Hits:         925652451   96.41%
L1-Load-Misses:        34438101    3.59%
L1-Load-Accesses:     960090552  100.00%

L1-Store-Hits:         320159154   99.78%
L1-Store-Misses:          717286    0.22%
L1-Store-Accesses:     320876440  100.00%

L1-Total-Hits:        1245811605   97.26%
L1-Total-Misses:        35155387    2.74%
L1-Total-Accesses:    1280966992  100.00%

L2 Cache Stats:
L2-Load-Hits:          33209147   96.43%
L2-Load-Misses:         1228954    3.57%
L2-Load-Accesses:      34438101  100.00%

L2-Store-Hits:            512381   71.43%
L2-Store-Misses:          204905   28.57%
L2-Store-Accesses:        717286  100.00%

L2-Total-Hits:          33721528   95.92%
L2-Total-Misses:         1433859    4.08%
L2-Total-Accesses:      35155387  100.00%

