--------
Total Statistics
--------
Total Instructions: 12269206066
Total Cycles: 19772774759
IPC: 0.62051

--------
Single level Tlb hierarchy
--------
  Data Tlb:
    Entries:          64
    Page Size(B):   4096
    Associativity:      4

Latencies:    0  100
Tlb-Sets:   16 - LRU - assoc:   4

Tlb Stats:
Tlb-Load-Hits:        2361727723   99.41%
Tlb-Load-Misses:        14051440    0.59%
Tlb-Load-Accesses:    2375779163  100.00%

Tlb-Store-Hits:         650905281   99.96%
Tlb-Store-Misses:          257024    0.04%
Tlb-Store-Accesses:     651162305  100.00%

Tlb-Total-Hits:        3012633004   99.53%
Tlb-Total-Misses:        14308464    0.47%
Tlb-Total-Accesses:    3026941468  100.00%



--------
Two level Cache hierarchy
--------
  L1-Data Cache:
    Size(KB):          64
    Block Size(B):     64
    Associativity:      8

  L2-Data Cache:
    Size(KB):        1024
    Block Size(B):    128
    Associativity:      8

Latencies:    1   25  250
L1-Sets:  128 - LRU - assoc:   8
L2-Sets: 1024 - LRU - assoc:   8
Store_allocation: Yes
L2_inclusive: Yes
L2_prefetching: No

L1 Cache Stats:
L1-Load-Hits:        2270237406   95.56%
L1-Load-Misses:       105541757    4.44%
L1-Load-Accesses:    2375779163  100.00%

L1-Store-Hits:         645686729   99.16%
L1-Store-Misses:         5475576    0.84%
L1-Store-Accesses:     651162305  100.00%

L1-Total-Hits:        2915924135   96.33%
L1-Total-Misses:       111017333    3.67%
L1-Total-Accesses:    3026941468  100.00%

L2 Cache Stats:
L2-Load-Hits:         104926376   99.42%
L2-Load-Misses:          615381    0.58%
L2-Load-Accesses:     105541757  100.00%

L2-Store-Hits:           5009567   91.49%
L2-Store-Misses:          466009    8.51%
L2-Store-Accesses:       5475576  100.00%

L2-Total-Hits:         109935943   99.03%
L2-Total-Misses:         1081390    0.97%
L2-Total-Accesses:     111017333  100.00%

