--------
Total Statistics
--------
Total Instructions: 12269206066
Total Cycles: 20018135359
IPC: 0.612905

--------
Single level Tlb hierarchy
--------
  Data Tlb:
    Entries:          64
    Page Size(B):   4096
    Associativity:      4

Latencies:    0  100
Tlb-Sets:   16 - LRU - assoc:   4

Tlb Stats:
Tlb-Load-Hits:        2361811928   99.41%
Tlb-Load-Misses:        13967235    0.59%
Tlb-Load-Accesses:    2375779163  100.00%

Tlb-Store-Hits:         650825350   99.95%
Tlb-Store-Misses:          336955    0.05%
Tlb-Store-Accesses:     651162305  100.00%

Tlb-Total-Hits:        3012637278   99.53%
Tlb-Total-Misses:        14304190    0.47%
Tlb-Total-Accesses:    3026941468  100.00%



--------
Two level Cache hierarchy
--------
  L1-Data Cache:
    Size(KB):          32
    Block Size(B):     64
    Associativity:      8

  L2-Data Cache:
    Size(KB):        1024
    Block Size(B):    128
    Associativity:      8

Latencies:    1   25  250
L1-Sets:   64 - LRU - assoc:   8
L2-Sets: 1024 - LRU - assoc:   8
Store_allocation: Yes
L2_inclusive: Yes
L2_prefetching: No

L1 Cache Stats:
L1-Load-Hits:        2261500037   95.19%
L1-Load-Misses:       114279126    4.81%
L1-Load-Accesses:    2375779163  100.00%

L1-Store-Hits:         644598648   98.99%
L1-Store-Misses:         6563657    1.01%
L1-Store-Accesses:     651162305  100.00%

L1-Total-Hits:        2906098685   96.01%
L1-Total-Misses:       120842783    3.99%
L1-Total-Accesses:    3026941468  100.00%

L2 Cache Stats:
L2-Load-Hits:         113664006   99.46%
L2-Load-Misses:          615120    0.54%
L2-Load-Accesses:     114279126  100.00%

L2-Store-Hits:           6096780   92.89%
L2-Store-Misses:          466877    7.11%
L2-Store-Accesses:       6563657  100.00%

L2-Total-Hits:         119760786   99.10%
L2-Total-Misses:         1081997    0.90%
L2-Total-Accesses:     120842783  100.00%

