--------
Total Statistics
--------
Total Instructions: 12269206066
Total Cycles: 19010323534
IPC: 0.645397

--------
Single level Tlb hierarchy
--------
  Data Tlb:
    Entries:          64
    Page Size(B):   4096
    Associativity:      4

Latencies:    0  100
Tlb-Sets:   16 - LRU - assoc:   4

Tlb Stats:
Tlb-Load-Hits:        2361781316   99.41%
Tlb-Load-Misses:        13997847    0.59%
Tlb-Load-Accesses:    2375779163  100.00%

Tlb-Store-Hits:         650903946   99.96%
Tlb-Store-Misses:          258359    0.04%
Tlb-Store-Accesses:     651162305  100.00%

Tlb-Total-Hits:        3012685262   99.53%
Tlb-Total-Misses:        14256206    0.47%
Tlb-Total-Accesses:    3026941468  100.00%



--------
Two level Cache hierarchy
--------
  L1-Data Cache:
    Size(KB):          64
    Block Size(B):     32
    Associativity:      4

  L2-Data Cache:
    Size(KB):        1024
    Block Size(B):    128
    Associativity:      8

Latencies:    1   25  250
L1-Sets:  512 - LRU - assoc:   4
L2-Sets: 1024 - LRU - assoc:   8
Store_allocation: Yes
L2_inclusive: Yes
L2_prefetching: No

L1 Cache Stats:
L1-Load-Hits:        2302335533   96.91%
L1-Load-Misses:        73443630    3.09%
L1-Load-Accesses:    2375779163  100.00%

L1-Store-Hits:         643897739   98.88%
L1-Store-Misses:         7264566    1.12%
L1-Store-Accesses:     651162305  100.00%

L1-Total-Hits:        2946233272   97.33%
L1-Total-Misses:        80708196    2.67%
L1-Total-Accesses:    3026941468  100.00%

L2 Cache Stats:
L2-Load-Hits:          72826650   99.16%
L2-Load-Misses:          616980    0.84%
L2-Load-Accesses:      73443630  100.00%

L2-Store-Hits:           6798144   93.58%
L2-Store-Misses:          466422    6.42%
L2-Store-Accesses:       7264566  100.00%

L2-Total-Hits:          79624794   98.66%
L2-Total-Misses:         1083402    1.34%
L2-Total-Accesses:      80708196  100.00%

