--------
Total Statistics
--------
Total Instructions: 12269206066
Total Cycles: 20025502359
IPC: 0.612679

--------
Single level Tlb hierarchy
--------
  Data Tlb:
    Entries:          64
    Page Size(B):   4096
    Associativity:      4

Latencies:    0  100
Tlb-Sets:   16 - LRU - assoc:   4

Tlb Stats:
Tlb-Load-Hits:        2361811103   99.41%
Tlb-Load-Misses:        13968060    0.59%
Tlb-Load-Accesses:    2375779163  100.00%

Tlb-Store-Hits:         650825343   99.95%
Tlb-Store-Misses:          336962    0.05%
Tlb-Store-Accesses:     651162305  100.00%

Tlb-Total-Hits:        3012636446   99.53%
Tlb-Total-Misses:        14305022    0.47%
Tlb-Total-Accesses:    3026941468  100.00%



--------
Two level Cache hierarchy
--------
  L1-Data Cache:
    Size(KB):          32
    Block Size(B):     64
    Associativity:      4

  L2-Data Cache:
    Size(KB):        1024
    Block Size(B):    128
    Associativity:      8

Latencies:    1   25  250
L1-Sets:  128 - LRU - assoc:   4
L2-Sets: 1024 - LRU - assoc:   8
Store_allocation: Yes
L2_inclusive: Yes
L2_prefetching: No

L1 Cache Stats:
L1-Load-Hits:        2261331922   95.18%
L1-Load-Misses:       114447241    4.82%
L1-Load-Accesses:    2375779163  100.00%

L1-Store-Hits:         644475991   98.97%
L1-Store-Misses:         6686314    1.03%
L1-Store-Accesses:     651162305  100.00%

L1-Total-Hits:        2905807913   96.00%
L1-Total-Misses:       121133555    4.00%
L1-Total-Accesses:    3026941468  100.00%

L2 Cache Stats:
L2-Load-Hits:         113832111   99.46%
L2-Load-Misses:          615130    0.54%
L2-Load-Accesses:     114447241  100.00%

L2-Store-Hits:           6219389   93.02%
L2-Store-Misses:          466925    6.98%
L2-Store-Accesses:       6686314  100.00%

L2-Total-Hits:         120051500   99.11%
L2-Total-Misses:         1082055    0.89%
L2-Total-Accesses:     121133555  100.00%

