--------
Total Statistics
--------
Total Instructions: 1671520958
Total Cycles: 16529093270
IPC: 0.101126

--------
Single level Tlb hierarchy
--------
  Data Tlb:
    Entries:          64
    Page Size(B):   4096
    Associativity:      4

Latencies:    0  100
Tlb-Sets:   16 - LRU - assoc:   4

Tlb Stats:
Tlb-Load-Hits:         261326368   85.25%
Tlb-Load-Misses:        45227579   14.75%
Tlb-Load-Accesses:     306553947  100.00%

Tlb-Store-Hits:         119899923   99.24%
Tlb-Store-Misses:          917492    0.76%
Tlb-Store-Accesses:     120817415  100.00%

Tlb-Total-Hits:         381226291   89.20%
Tlb-Total-Misses:        46145071   10.80%
Tlb-Total-Accesses:     427371362  100.00%



--------
Two level Cache hierarchy
--------
  L1-Data Cache:
    Size(KB):          64
    Block Size(B):     32
    Associativity:      4

  L2-Data Cache:
    Size(KB):        1024
    Block Size(B):    128
    Associativity:      8

Latencies:    1   25  250
L1-Sets:  512 - LRU - assoc:   4
L2-Sets: 1024 - LRU - assoc:   8
Store_allocation: Yes
L2_inclusive: Yes
L2_prefetching: No

L1 Cache Stats:
L1-Load-Hits:         233258297   76.09%
L1-Load-Misses:        73295650   23.91%
L1-Load-Accesses:     306553947  100.00%

L1-Store-Hits:         120763551   99.96%
L1-Store-Misses:           53864    0.04%
L1-Store-Accesses:     120817415  100.00%

L1-Total-Hits:         354021848   82.84%
L1-Total-Misses:        73349514   17.16%
L1-Total-Accesses:     427371362  100.00%

L2 Cache Stats:
L2-Load-Hits:          41368463   56.44%
L2-Load-Misses:        31927187   43.56%
L2-Load-Accesses:      73295650  100.00%

L2-Store-Hits:             53227   98.82%
L2-Store-Misses:             637    1.18%
L2-Store-Accesses:         53864  100.00%

L2-Total-Hits:          41421690   56.47%
L2-Total-Misses:        31927824   43.53%
L2-Total-Accesses:      73349514  100.00%

