--------
Total Statistics
--------
Total Instructions: 1671520958
Total Cycles: 16099543945
IPC: 0.103824

--------
Single level Tlb hierarchy
--------
  Data Tlb:
    Entries:          64
    Page Size(B):   4096
    Associativity:      4

Latencies:    0  100
Tlb-Sets:   16 - LRU - assoc:   4

Tlb Stats:
Tlb-Load-Hits:         264573069   86.31%
Tlb-Load-Misses:        41980878   13.69%
Tlb-Load-Accesses:     306553947  100.00%

Tlb-Store-Hits:         120236248   99.52%
Tlb-Store-Misses:          581167    0.48%
Tlb-Store-Accesses:     120817415  100.00%

Tlb-Total-Hits:         384809317   90.04%
Tlb-Total-Misses:        42562045    9.96%
Tlb-Total-Accesses:     427371362  100.00%



--------
Two level Cache hierarchy
--------
  L1-Data Cache:
    Size(KB):          64
    Block Size(B):     64
    Associativity:      8

  L2-Data Cache:
    Size(KB):        1024
    Block Size(B):    128
    Associativity:      8

Latencies:    1   25  250
L1-Sets:  128 - LRU - assoc:   8
L2-Sets: 1024 - LRU - assoc:   8
Store_allocation: Yes
L2_inclusive: Yes
L2_prefetching: No

L1 Cache Stats:
L1-Load-Hits:         235973492   76.98%
L1-Load-Misses:        70580455   23.02%
L1-Load-Accesses:     306553947  100.00%

L1-Store-Hits:         120813935  100.00%
L1-Store-Misses:            3480    0.00%
L1-Store-Accesses:     120817415  100.00%

L1-Total-Hits:         356787427   83.48%
L1-Total-Misses:        70583935   16.52%
L1-Total-Accesses:     427371362  100.00%

L2 Cache Stats:
L2-Load-Hits:          38662442   54.78%
L2-Load-Misses:        31918013   45.22%
L2-Load-Accesses:      70580455  100.00%

L2-Store-Hits:              2098   60.29%
L2-Store-Misses:            1382   39.71%
L2-Store-Accesses:          3480  100.00%

L2-Total-Hits:          38664540   54.78%
L2-Total-Misses:        31919395   45.22%
L2-Total-Accesses:      70583935  100.00%

