--------
Total Statistics
--------
Total Instructions: 1671520958
Total Cycles: 16298257645
IPC: 0.102558

--------
Single level Tlb hierarchy
--------
  Data Tlb:
    Entries:          64
    Page Size(B):   4096
    Associativity:      4

Latencies:    0  100
Tlb-Sets:   16 - LRU - assoc:   4

Tlb Stats:
Tlb-Load-Hits:         264362898   86.24%
Tlb-Load-Misses:        42191049   13.76%
Tlb-Load-Accesses:     306553947  100.00%

Tlb-Store-Hits:         120237590   99.52%
Tlb-Store-Misses:          579825    0.48%
Tlb-Store-Accesses:     120817415  100.00%

Tlb-Total-Hits:         384600488   89.99%
Tlb-Total-Misses:        42770874   10.01%
Tlb-Total-Accesses:     427371362  100.00%



--------
Two level Cache hierarchy
--------
  L1-Data Cache:
    Size(KB):          16
    Block Size(B):     32
    Associativity:      4

  L2-Data Cache:
    Size(KB):        1024
    Block Size(B):    128
    Associativity:      8

Latencies:    1   25  250
L1-Sets:  128 - LRU - assoc:   4
L2-Sets: 1024 - LRU - assoc:   8
Store_allocation: Yes
L2_inclusive: Yes
L2_prefetching: No

L1 Cache Stats:
L1-Load-Hits:         229280412   74.79%
L1-Load-Misses:        77273535   25.21%
L1-Load-Accesses:     306553947  100.00%

L1-Store-Hits:         120405663   99.66%
L1-Store-Misses:          411752    0.34%
L1-Store-Accesses:     120817415  100.00%

L1-Total-Hits:         349686075   81.82%
L1-Total-Misses:        77685287   18.18%
L1-Total-Accesses:     427371362  100.00%

L2 Cache Stats:
L2-Load-Hits:          45355229   58.69%
L2-Load-Misses:        31918306   41.31%
L2-Load-Accesses:      77273535  100.00%

L2-Store-Hits:            409475   99.45%
L2-Store-Misses:            2277    0.55%
L2-Store-Accesses:        411752  100.00%

L2-Total-Hits:          45764704   58.91%
L2-Total-Misses:        31920583   41.09%
L2-Total-Accesses:      77685287  100.00%

