--------
Total Statistics
--------
Total Instructions: 1671520958
Total Cycles: 16457610070
IPC: 0.101565

--------
Single level Tlb hierarchy
--------
  Data Tlb:
    Entries:          64
    Page Size(B):   4096
    Associativity:      4

Latencies:    0  100
Tlb-Sets:   16 - LRU - assoc:   4

Tlb Stats:
Tlb-Load-Hits:         261808171   85.40%
Tlb-Load-Misses:        44745776   14.60%
Tlb-Load-Accesses:     306553947  100.00%

Tlb-Store-Hits:         119898396   99.24%
Tlb-Store-Misses:          919019    0.76%
Tlb-Store-Accesses:     120817415  100.00%

Tlb-Total-Hits:         381706567   89.31%
Tlb-Total-Misses:        45664795   10.69%
Tlb-Total-Accesses:     427371362  100.00%



--------
Two level Cache hierarchy
--------
  L1-Data Cache:
    Size(KB):          32
    Block Size(B):     64
    Associativity:      8

  L2-Data Cache:
    Size(KB):        1024
    Block Size(B):    128
    Associativity:      8

Latencies:    1   25  250
L1-Sets:   64 - LRU - assoc:   8
L2-Sets: 1024 - LRU - assoc:   8
Store_allocation: Yes
L2_inclusive: Yes
L2_prefetching: No

L1 Cache Stats:
L1-Load-Hits:         234184528   76.39%
L1-Load-Misses:        72369419   23.61%
L1-Load-Accesses:     306553947  100.00%

L1-Store-Hits:         120801534   99.99%
L1-Store-Misses:           15881    0.01%
L1-Store-Accesses:     120817415  100.00%

L1-Total-Hits:         354986062   83.06%
L1-Total-Misses:        72385300   16.94%
L1-Total-Accesses:     427371362  100.00%

L2 Cache Stats:
L2-Load-Hits:          40443494   55.88%
L2-Load-Misses:        31925925   44.12%
L2-Load-Accesses:      72369419  100.00%

L2-Store-Hits:             11383   71.68%
L2-Store-Misses:            4498   28.32%
L2-Store-Accesses:         15881  100.00%

L2-Total-Hits:          40454877   55.89%
L2-Total-Misses:        31930423   44.11%
L2-Total-Accesses:      72385300  100.00%

