--------
Total Statistics
--------
Total Instructions: 1671520958
Total Cycles: 15272695545
IPC: 0.109445

--------
Single level Tlb hierarchy
--------
  Data Tlb:
    Entries:          64
    Page Size(B):   4096
    Associativity:      4

Latencies:    0  100
Tlb-Sets:   16 - LRU - assoc:   4

Tlb Stats:
Tlb-Load-Hits:         264024134   86.13%
Tlb-Load-Misses:        42529813   13.87%
Tlb-Load-Accesses:     306553947  100.00%

Tlb-Store-Hits:         120236924   99.52%
Tlb-Store-Misses:          580491    0.48%
Tlb-Store-Accesses:     120817415  100.00%

Tlb-Total-Hits:         384261058   89.91%
Tlb-Total-Misses:        43110304   10.09%
Tlb-Total-Accesses:     427371362  100.00%



--------
Two level Cache hierarchy
--------
  L1-Data Cache:
    Size(KB):          64
    Block Size(B):    128
    Associativity:      4

  L2-Data Cache:
    Size(KB):        1024
    Block Size(B):    128
    Associativity:      8

Latencies:    1   25  250
L1-Sets:  128 - LRU - assoc:   4
L2-Sets: 1024 - LRU - assoc:   8
Store_allocation: Yes
L2_inclusive: Yes
L2_prefetching: No

L1 Cache Stats:
L1-Load-Hits:         271739416   88.64%
L1-Load-Misses:        34814531   11.36%
L1-Load-Accesses:     306553947  100.00%

L1-Store-Hits:         120812123  100.00%
L1-Store-Misses:            5292    0.00%
L1-Store-Accesses:     120817415  100.00%

L1-Total-Hits:         392551539   91.85%
L1-Total-Misses:        34819823    8.15%
L1-Total-Accesses:     427371362  100.00%

L2 Cache Stats:
L2-Load-Hits:           2849471    8.18%
L2-Load-Misses:        31965060   91.82%
L2-Load-Accesses:      34814531  100.00%

L2-Store-Hits:              1243   23.49%
L2-Store-Misses:            4049   76.51%
L2-Store-Accesses:          5292  100.00%

L2-Total-Hits:           2850714    8.19%
L2-Total-Misses:        31969109   91.81%
L2-Total-Accesses:      34819823  100.00%

