--------
Total Statistics
--------
Total Instructions: 1671520958
Total Cycles: 15458813945
IPC: 0.108127

--------
Single level Tlb hierarchy
--------
  Data Tlb:
    Entries:          64
    Page Size(B):   4096
    Associativity:      4

Latencies:    0  100
Tlb-Sets:   16 - LRU - assoc:   4

Tlb Stats:
Tlb-Load-Hits:         262893965   85.76%
Tlb-Load-Misses:        43659982   14.24%
Tlb-Load-Accesses:     306553947  100.00%

Tlb-Store-Hits:         120237127   99.52%
Tlb-Store-Misses:          580288    0.48%
Tlb-Store-Accesses:     120817415  100.00%

Tlb-Total-Hits:         383131092   89.65%
Tlb-Total-Misses:        44240270   10.35%
Tlb-Total-Accesses:     427371362  100.00%



--------
Two level Cache hierarchy
--------
  L1-Data Cache:
    Size(KB):          16
    Block Size(B):    128
    Associativity:      4

  L2-Data Cache:
    Size(KB):        1024
    Block Size(B):    128
    Associativity:      8

Latencies:    1   25  250
L1-Sets:   32 - LRU - assoc:   4
L2-Sets: 1024 - LRU - assoc:   8
Store_allocation: Yes
L2_inclusive: Yes
L2_prefetching: No

L1 Cache Stats:
L1-Load-Hits:         268414090   87.56%
L1-Load-Misses:        38139857   12.44%
L1-Load-Accesses:     306553947  100.00%

L1-Store-Hits:         120665247   99.87%
L1-Store-Misses:          152168    0.13%
L1-Store-Accesses:     120817415  100.00%

L1-Total-Hits:         389079337   91.04%
L1-Total-Misses:        38292025    8.96%
L1-Total-Accesses:     427371362  100.00%

L2 Cache Stats:
L2-Load-Hits:           6225859   16.32%
L2-Load-Misses:        31913998   83.68%
L2-Load-Accesses:      38139857  100.00%

L2-Store-Hits:            151790   99.75%
L2-Store-Misses:             378    0.25%
L2-Store-Accesses:        152168  100.00%

L2-Total-Hits:           6377649   16.66%
L2-Total-Misses:        31914376   83.34%
L2-Total-Accesses:      38292025  100.00%

