--------
Total Statistics
--------
Total Instructions: 22026279266
Total Cycles: 56441590795
IPC: 0.390249

--------
Single level Tlb hierarchy
--------
  Data Tlb:
    Entries:          64
    Page Size(B):   4096
    Associativity:      4

Latencies:    0  100
Tlb-Sets:   16 - LRU - assoc:   4

Tlb Stats:
Tlb-Load-Hits:        6482002498   99.52%
Tlb-Load-Misses:        31493392    0.48%
Tlb-Load-Accesses:    6513495890  100.00%

Tlb-Store-Hits:        2858201228   99.80%
Tlb-Store-Misses:         5659361    0.20%
Tlb-Store-Accesses:    2863860589  100.00%

Tlb-Total-Hits:        9340203726   99.60%
Tlb-Total-Misses:        37152753    0.40%
Tlb-Total-Accesses:    9377356479  100.00%



--------
Two level Cache hierarchy
--------
  L1-Data Cache:
    Size(KB):          16
    Block Size(B):    128
    Associativity:      4

  L2-Data Cache:
    Size(KB):        1024
    Block Size(B):    128
    Associativity:      8

Latencies:    1   25  250
L1-Sets:   32 - LRU - assoc:   4
L2-Sets: 1024 - LRU - assoc:   8
Store_allocation: Yes
L2_inclusive: Yes
L2_prefetching: No

L1 Cache Stats:
L1-Load-Hits:        6380931944   97.96%
L1-Load-Misses:       132563946    2.04%
L1-Load-Accesses:    6513495890  100.00%

L1-Store-Hits:        2847789575   99.44%
L1-Store-Misses:        16071014    0.56%
L1-Store-Accesses:    2863860589  100.00%

L1-Total-Hits:        9228721519   98.41%
L1-Total-Misses:       148634960    1.59%
L1-Total-Accesses:    9377356479  100.00%

L2 Cache Stats:
L2-Load-Hits:          67543691   50.95%
L2-Load-Misses:        65020255   49.05%
L2-Load-Accesses:     132563946  100.00%

L2-Store-Hits:          10664046   66.36%
L2-Store-Misses:         5406968   33.64%
L2-Store-Accesses:      16071014  100.00%

L2-Total-Hits:          78207737   52.62%
L2-Total-Misses:        70427223   47.38%
L2-Total-Accesses:     148634960  100.00%

