--------
Total Statistics
--------
Total Instructions: 22026279230
Total Cycles: 58455407618
IPC: 0.376805

--------
Single level Tlb hierarchy
--------
  Data Tlb:
    Entries:          64
    Page Size(B):   4096
    Associativity:      4

Latencies:    0  100
Tlb-Sets:   16 - LRU - assoc:   4

Tlb Stats:
Tlb-Load-Hits:        6481814718   99.51%
Tlb-Load-Misses:        31681165    0.49%
Tlb-Load-Accesses:    6513495883  100.00%

Tlb-Store-Hits:        2858552125   99.81%
Tlb-Store-Misses:         5308455    0.19%
Tlb-Store-Accesses:    2863860580  100.00%

Tlb-Total-Hits:        9340366843   99.61%
Tlb-Total-Misses:        36989620    0.39%
Tlb-Total-Accesses:    9377356463  100.00%



--------
Two level Cache hierarchy
--------
  L1-Data Cache:
    Size(KB):          64
    Block Size(B):     64
    Associativity:      8

  L2-Data Cache:
    Size(KB):        1024
    Block Size(B):    128
    Associativity:      8

Latencies:    1   25  250
L1-Sets:  128 - LRU - assoc:   8
L2-Sets: 1024 - LRU - assoc:   8
Store_allocation: Yes
L2_inclusive: Yes
L2_prefetching: No

L1 Cache Stats:
L1-Load-Hits:        6302281768   96.76%
L1-Load-Misses:       211214115    3.24%
L1-Load-Accesses:    6513495883  100.00%

L1-Store-Hits:        2845329518   99.35%
L1-Store-Misses:        18531062    0.65%
L1-Store-Accesses:    2863860580  100.00%

L1-Total-Hits:        9147611286   97.55%
L1-Total-Misses:       229745177    2.45%
L1-Total-Accesses:    9377356463  100.00%

L2 Cache Stats:
L2-Load-Hits:         146189163   69.21%
L2-Load-Misses:        65024952   30.79%
L2-Load-Accesses:     211214115  100.00%

L2-Store-Hits:          13119292   70.80%
L2-Store-Misses:         5411770   29.20%
L2-Store-Accesses:      18531062  100.00%

L2-Total-Hits:         159308455   69.34%
L2-Total-Misses:        70436722   30.66%
L2-Total-Accesses:     229745177  100.00%

