--------
Total Statistics
--------
Total Instructions: 22026278990
Total Cycles: 54896200884
IPC: 0.401235

--------
Single level Tlb hierarchy
--------
  Data Tlb:
    Entries:          64
    Page Size(B):   4096
    Associativity:      4

Latencies:    0  100
Tlb-Sets:   16 - LRU - assoc:   4

Tlb Stats:
Tlb-Load-Hits:        6481934428   99.52%
Tlb-Load-Misses:        31561410    0.48%
Tlb-Load-Accesses:    6513495838  100.00%

Tlb-Store-Hits:        2858602324   99.82%
Tlb-Store-Misses:         5258232    0.18%
Tlb-Store-Accesses:    2863860556  100.00%

Tlb-Total-Hits:        9340536752   99.61%
Tlb-Total-Misses:        36819642    0.39%
Tlb-Total-Accesses:    9377356394  100.00%



--------
Two level Cache hierarchy
--------
  L1-Data Cache:
    Size(KB):          64
    Block Size(B):    128
    Associativity:      4

  L2-Data Cache:
    Size(KB):        1024
    Block Size(B):    128
    Associativity:      8

Latencies:    1   25  250
L1-Sets:  128 - LRU - assoc:   4
L2-Sets: 1024 - LRU - assoc:   8
Store_allocation: Yes
L2_inclusive: Yes
L2_prefetching: No

L1 Cache Stats:
L1-Load-Hits:        6432139603   98.75%
L1-Load-Misses:        81356235    1.25%
L1-Load-Accesses:    6513495838  100.00%

L1-Store-Hits:        2857403879   99.77%
L1-Store-Misses:         6456677    0.23%
L1-Store-Accesses:    2863860556  100.00%

L1-Total-Hits:        9289543482   99.06%
L1-Total-Misses:        87812912    0.94%
L1-Total-Accesses:    9377356394  100.00%

L2 Cache Stats:
L2-Load-Hits:          16307127   20.04%
L2-Load-Misses:        65049108   79.96%
L2-Load-Accesses:      81356235  100.00%

L2-Store-Hits:           1044671   16.18%
L2-Store-Misses:         5412006   83.82%
L2-Store-Accesses:       6456677  100.00%

L2-Total-Hits:          17351798   19.76%
L2-Total-Misses:        70461114   80.24%
L2-Total-Accesses:      87812912  100.00%

