--------
Total Statistics
--------
Total Instructions: 22026279285
Total Cycles: 58593803708
IPC: 0.375915

--------
Single level Tlb hierarchy
--------
  Data Tlb:
    Entries:          64
    Page Size(B):   4096
    Associativity:      4

Latencies:    0  100
Tlb-Sets:   16 - LRU - assoc:   4

Tlb Stats:
Tlb-Load-Hits:        6483001703   99.53%
Tlb-Load-Misses:        30494189    0.47%
Tlb-Load-Accesses:    6513495892  100.00%

Tlb-Store-Hits:        2859874848   99.86%
Tlb-Store-Misses:         3985733    0.14%
Tlb-Store-Accesses:    2863860581  100.00%

Tlb-Total-Hits:        9342876551   99.63%
Tlb-Total-Misses:        34479922    0.37%
Tlb-Total-Accesses:    9377356473  100.00%



--------
Two level Cache hierarchy
--------
  L1-Data Cache:
    Size(KB):          32
    Block Size(B):     64
    Associativity:      8

  L2-Data Cache:
    Size(KB):        1024
    Block Size(B):    128
    Associativity:      8

Latencies:    1   25  250
L1-Sets:   64 - LRU - assoc:   8
L2-Sets: 1024 - LRU - assoc:   8
Store_allocation: Yes
L2_inclusive: Yes
L2_prefetching: No

L1 Cache Stats:
L1-Load-Hits:        6287523203   96.53%
L1-Load-Misses:       225972689    3.47%
L1-Load-Accesses:    6513495892  100.00%

L1-Store-Hits:        2844480550   99.32%
L1-Store-Misses:        19380031    0.68%
L1-Store-Accesses:    2863860581  100.00%

L1-Total-Hits:        9132003753   97.38%
L1-Total-Misses:       245352720    2.62%
L1-Total-Accesses:    9377356473  100.00%

L2 Cache Stats:
L2-Load-Hits:         160948765   71.22%
L2-Load-Misses:        65023924   28.78%
L2-Load-Accesses:     225972689  100.00%

L2-Store-Hits:          13970524   72.09%
L2-Store-Misses:         5409507   27.91%
L2-Store-Accesses:      19380031  100.00%

L2-Total-Hits:         174919289   71.29%
L2-Total-Misses:        70433431   28.71%
L2-Total-Accesses:     245352720  100.00%

