--------
Total Statistics
--------
Total Instructions: 22026279433
Total Cycles: 61685389382
IPC: 0.357074

--------
Single level Tlb hierarchy
--------
  Data Tlb:
    Entries:          64
    Page Size(B):   4096
    Associativity:      4

Latencies:    0  100
Tlb-Sets:   16 - LRU - assoc:   4

Tlb Stats:
Tlb-Load-Hits:        6483542984   99.54%
Tlb-Load-Misses:        29952910    0.46%
Tlb-Load-Accesses:    6513495894  100.00%

Tlb-Store-Hits:        2859174889   99.84%
Tlb-Store-Misses:         4685691    0.16%
Tlb-Store-Accesses:    2863860580  100.00%

Tlb-Total-Hits:        9342717873   99.63%
Tlb-Total-Misses:        34638601    0.37%
Tlb-Total-Accesses:    9377356474  100.00%



--------
Two level Cache hierarchy
--------
  L1-Data Cache:
    Size(KB):          64
    Block Size(B):     32
    Associativity:      4

  L2-Data Cache:
    Size(KB):        1024
    Block Size(B):    128
    Associativity:      8

Latencies:    1   25  250
L1-Sets:  512 - LRU - assoc:   4
L2-Sets: 1024 - LRU - assoc:   8
Store_allocation: Yes
L2_inclusive: Yes
L2_prefetching: No

L1 Cache Stats:
L1-Load-Hits:        6173880886   94.79%
L1-Load-Misses:       339615008    5.21%
L1-Load-Accesses:    6513495894  100.00%

L1-Store-Hits:        2835167413   99.00%
L1-Store-Misses:        28693167    1.00%
L1-Store-Accesses:    2863860580  100.00%

L1-Total-Hits:        9009048299   96.07%
L1-Total-Misses:       368308175    3.93%
L1-Total-Accesses:    9377356474  100.00%

L2 Cache Stats:
L2-Load-Hits:         274586203   80.85%
L2-Load-Misses:        65028805   19.15%
L2-Load-Accesses:     339615008  100.00%

L2-Store-Hits:          23281216   81.14%
L2-Store-Misses:         5411951   18.86%
L2-Store-Accesses:      28693167  100.00%

L2-Total-Hits:         297867419   80.87%
L2-Total-Misses:        70440756   19.13%
L2-Total-Accesses:     368308175  100.00%

