--------
Total Statistics
--------
Total Instructions: 22026279357
Total Cycles: 59171178411
IPC: 0.372247

--------
Single level Tlb hierarchy
--------
  Data Tlb:
    Entries:          64
    Page Size(B):   4096
    Associativity:      4

Latencies:    0  100
Tlb-Sets:   16 - LRU - assoc:   4

Tlb Stats:
Tlb-Load-Hits:        6477744853   99.45%
Tlb-Load-Misses:        35751038    0.55%
Tlb-Load-Accesses:    6513495891  100.00%

Tlb-Store-Hits:        2859068236   99.83%
Tlb-Store-Misses:         4792352    0.17%
Tlb-Store-Accesses:    2863860588  100.00%

Tlb-Total-Hits:        9336813089   99.57%
Tlb-Total-Misses:        40543390    0.43%
Tlb-Total-Accesses:    9377356479  100.00%



--------
Two level Cache hierarchy
--------
  L1-Data Cache:
    Size(KB):          32
    Block Size(B):     64
    Associativity:      4

  L2-Data Cache:
    Size(KB):        1024
    Block Size(B):    128
    Associativity:      8

Latencies:    1   25  250
L1-Sets:  128 - LRU - assoc:   4
L2-Sets: 1024 - LRU - assoc:   8
Store_allocation: Yes
L2_inclusive: Yes
L2_prefetching: No

L1 Cache Stats:
L1-Load-Hits:        6288696867   96.55%
L1-Load-Misses:       224799024    3.45%
L1-Load-Accesses:    6513495891  100.00%

L1-Store-Hits:        2844419859   99.32%
L1-Store-Misses:        19440729    0.68%
L1-Store-Accesses:    2863860588  100.00%

L1-Total-Hits:        9133116726   97.40%
L1-Total-Misses:       244239753    2.60%
L1-Total-Accesses:    9377356479  100.00%

L2 Cache Stats:
L2-Load-Hits:         159778102   71.08%
L2-Load-Misses:        65020922   28.92%
L2-Load-Accesses:     224799024  100.00%

L2-Store-Hits:          14032812   72.18%
L2-Store-Misses:         5407917   27.82%
L2-Store-Accesses:      19440729  100.00%

L2-Total-Hits:         173810914   71.16%
L2-Total-Misses:        70428839   28.84%
L2-Total-Accesses:     244239753  100.00%

