--------
Total Statistics
--------
Total Instructions: 22026279377
Total Cycles: 55474832801
IPC: 0.39705

--------
Single level Tlb hierarchy
--------
  Data Tlb:
    Entries:          64
    Page Size(B):   4096
    Associativity:      4

Latencies:    0  100
Tlb-Sets:   16 - LRU - assoc:   4

Tlb Stats:
Tlb-Load-Hits:        6479189461   99.47%
Tlb-Load-Misses:        34306446    0.53%
Tlb-Load-Accesses:    6513495907  100.00%

Tlb-Store-Hits:        2858872516   99.83%
Tlb-Store-Misses:         4988076    0.17%
Tlb-Store-Accesses:    2863860592  100.00%

Tlb-Total-Hits:        9338061977   99.58%
Tlb-Total-Misses:        39294522    0.42%
Tlb-Total-Accesses:    9377356499  100.00%



--------
Two level Cache hierarchy
--------
  L1-Data Cache:
    Size(KB):          32
    Block Size(B):    128
    Associativity:      4

  L2-Data Cache:
    Size(KB):        1024
    Block Size(B):    128
    Associativity:      8

Latencies:    1   25  250
L1-Sets:   64 - LRU - assoc:   4
L2-Sets: 1024 - LRU - assoc:   8
Store_allocation: Yes
L2_inclusive: Yes
L2_prefetching: No

L1 Cache Stats:
L1-Load-Hits:        6419888605   98.56%
L1-Load-Misses:        93607302    1.44%
L1-Load-Accesses:    6513495907  100.00%

L1-Store-Hits:        2856074945   99.73%
L1-Store-Misses:         7785647    0.27%
L1-Store-Accesses:    2863860592  100.00%

L1-Total-Hits:        9275963550   98.92%
L1-Total-Misses:       101392949    1.08%
L1-Total-Accesses:    9377356499  100.00%

L2 Cache Stats:
L2-Load-Hits:          28587950   30.54%
L2-Load-Misses:        65019352   69.46%
L2-Load-Accesses:      93607302  100.00%

L2-Store-Hits:           2377315   30.53%
L2-Store-Misses:         5408332   69.47%
L2-Store-Accesses:       7785647  100.00%

L2-Total-Hits:          30965265   30.54%
L2-Total-Misses:        70427684   69.46%
L2-Total-Accesses:     101392949  100.00%

