--------
Total Statistics
--------
Total Instructions: 23583563853
Total Cycles: 51515292222
IPC: 0.457797

--------
Single level Tlb hierarchy
--------
  Data Tlb:
    Entries:          64
    Page Size(B):   4096
    Associativity:      4

Latencies:    0  100
Tlb-Sets:   16 - LRU - assoc:   4

Tlb Stats:
Tlb-Load-Hits:        6649463033   99.60%
Tlb-Load-Misses:        26841562    0.40%
Tlb-Load-Accesses:    6676304595  100.00%

Tlb-Store-Hits:         900254823   99.78%
Tlb-Store-Misses:         2005151    0.22%
Tlb-Store-Accesses:     902259974  100.00%

Tlb-Total-Hits:        7549717856   99.62%
Tlb-Total-Misses:        28846713    0.38%
Tlb-Total-Accesses:    7578564569  100.00%



--------
Two level Cache hierarchy
--------
  L1-Data Cache:
    Size(KB):          64
    Block Size(B):     32
    Associativity:      4

  L2-Data Cache:
    Size(KB):        1024
    Block Size(B):    128
    Associativity:      8

Latencies:    1   25  250
L1-Sets:  512 - LRU - assoc:   4
L2-Sets: 1024 - LRU - assoc:   8
Store_allocation: Yes
L2_inclusive: Yes
L2_prefetching: No

L1 Cache Stats:
L1-Load-Hits:        6479077082   97.05%
L1-Load-Misses:       197227513    2.95%
L1-Load-Accesses:    6676304595  100.00%

L1-Store-Hits:         888103247   98.43%
L1-Store-Misses:        14156727    1.57%
L1-Store-Accesses:     902259974  100.00%

L1-Total-Hits:        7367180329   97.21%
L1-Total-Misses:       211384240    2.79%
L1-Total-Accesses:    7578564569  100.00%

L2 Cache Stats:
L2-Load-Hits:         150496561   76.31%
L2-Load-Misses:        46730952   23.69%
L2-Load-Accesses:     197227513  100.00%

L2-Store-Hits:          12152133   85.84%
L2-Store-Misses:         2004594   14.16%
L2-Store-Accesses:      14156727  100.00%

L2-Total-Hits:         162648694   76.94%
L2-Total-Misses:        48735546   23.06%
L2-Total-Accesses:     211384240  100.00%

