--------
Total Statistics
--------
Total Instructions: 23583563853
Total Cycles: 50712138097
IPC: 0.465048

--------
Single level Tlb hierarchy
--------
  Data Tlb:
    Entries:          64
    Page Size(B):   4096
    Associativity:      4

Latencies:    0  100
Tlb-Sets:   16 - LRU - assoc:   4

Tlb Stats:
Tlb-Load-Hits:        6649470936   99.60%
Tlb-Load-Misses:        26833659    0.40%
Tlb-Load-Accesses:    6676304595  100.00%

Tlb-Store-Hits:         899784043   99.73%
Tlb-Store-Misses:         2475931    0.27%
Tlb-Store-Accesses:     902259974  100.00%

Tlb-Total-Hits:        7549254979   99.61%
Tlb-Total-Misses:        29309590    0.39%
Tlb-Total-Accesses:    7578564569  100.00%



--------
Two level Cache hierarchy
--------
  L1-Data Cache:
    Size(KB):          32
    Block Size(B):     64
    Associativity:      8

  L2-Data Cache:
    Size(KB):        1024
    Block Size(B):    128
    Associativity:      8

Latencies:    1   25  250
L1-Sets:   64 - LRU - assoc:   8
L2-Sets: 1024 - LRU - assoc:   8
Store_allocation: Yes
L2_inclusive: Yes
L2_prefetching: No

L1 Cache Stats:
L1-Load-Hits:        6510531024   97.52%
L1-Load-Misses:       165773571    2.48%
L1-Load-Accesses:    6676304595  100.00%

L1-Store-Hits:         890653148   98.71%
L1-Store-Misses:        11606826    1.29%
L1-Store-Accesses:     902259974  100.00%

L1-Total-Hits:        7401184172   97.66%
L1-Total-Misses:       177380397    2.34%
L1-Total-Accesses:    7578564569  100.00%

L2 Cache Stats:
L2-Load-Hits:         119037552   71.81%
L2-Load-Misses:        46736019   28.19%
L2-Load-Accesses:     165773571  100.00%

L2-Store-Hits:           9604682   82.75%
L2-Store-Misses:         2002144   17.25%
L2-Store-Accesses:      11606826  100.00%

L2-Total-Hits:         128642234   72.52%
L2-Total-Misses:        48738163   27.48%
L2-Total-Accesses:     177380397  100.00%

