--------
Total Statistics
--------
Total Instructions: 23583563853
Total Cycles: 50170121597
IPC: 0.470072

--------
Single level Tlb hierarchy
--------
  Data Tlb:
    Entries:          64
    Page Size(B):   4096
    Associativity:      4

Latencies:    0  100
Tlb-Sets:   16 - LRU - assoc:   4

Tlb Stats:
Tlb-Load-Hits:        6649371243   99.60%
Tlb-Load-Misses:        26933352    0.40%
Tlb-Load-Accesses:    6676304595  100.00%

Tlb-Store-Hits:         900149281   99.77%
Tlb-Store-Misses:         2110693    0.23%
Tlb-Store-Accesses:     902259974  100.00%

Tlb-Total-Hits:        7549520524   99.62%
Tlb-Total-Misses:        29044045    0.38%
Tlb-Total-Accesses:    7578564569  100.00%



--------
Two level Cache hierarchy
--------
  L1-Data Cache:
    Size(KB):          64
    Block Size(B):     64
    Associativity:      4

  L2-Data Cache:
    Size(KB):        1024
    Block Size(B):    128
    Associativity:      8

Latencies:    1   25  250
L1-Sets:  256 - LRU - assoc:   4
L2-Sets: 1024 - LRU - assoc:   8
Store_allocation: Yes
L2_inclusive: Yes
L2_prefetching: No

L1 Cache Stats:
L1-Load-Hits:        6528430727   97.79%
L1-Load-Misses:       147873868    2.21%
L1-Load-Accesses:    6676304595  100.00%

L1-Store-Hits:         893418425   99.02%
L1-Store-Misses:         8841549    0.98%
L1-Store-Accesses:     902259974  100.00%

L1-Total-Hits:        7421849152   97.93%
L1-Total-Misses:       156715417    2.07%
L1-Total-Accesses:    7578564569  100.00%

L2 Cache Stats:
L2-Load-Hits:         101134809   68.39%
L2-Load-Misses:        46739059   31.61%
L2-Load-Accesses:     147873868  100.00%

L2-Store-Hits:           6837795   77.34%
L2-Store-Misses:         2003754   22.66%
L2-Store-Accesses:       8841549  100.00%

L2-Total-Hits:         107972604   68.90%
L2-Total-Misses:        48742813   31.10%
L2-Total-Accesses:     156715417  100.00%

