--------
Total Statistics
--------
Total Instructions: 23583563853
Total Cycles: 48955650722
IPC: 0.481733

--------
Single level Tlb hierarchy
--------
  Data Tlb:
    Entries:          64
    Page Size(B):   4096
    Associativity:      4

Latencies:    0  100
Tlb-Sets:   16 - LRU - assoc:   4

Tlb Stats:
Tlb-Load-Hits:        6649196264   99.59%
Tlb-Load-Misses:        27108331    0.41%
Tlb-Load-Accesses:    6676304595  100.00%

Tlb-Store-Hits:         899739419   99.72%
Tlb-Store-Misses:         2520555    0.28%
Tlb-Store-Accesses:     902259974  100.00%

Tlb-Total-Hits:        7548935683   99.61%
Tlb-Total-Misses:        29628886    0.39%
Tlb-Total-Accesses:    7578564569  100.00%



--------
Two level Cache hierarchy
--------
  L1-Data Cache:
    Size(KB):          32
    Block Size(B):    128
    Associativity:      4

  L2-Data Cache:
    Size(KB):        1024
    Block Size(B):    128
    Associativity:      8

Latencies:    1   25  250
L1-Sets:   64 - LRU - assoc:   4
L2-Sets: 1024 - LRU - assoc:   8
Store_allocation: Yes
L2_inclusive: Yes
L2_prefetching: No

L1 Cache Stats:
L1-Load-Hits:        6576693268   98.51%
L1-Load-Misses:        99611327    1.49%
L1-Load-Accesses:    6676304595  100.00%

L1-Store-Hits:         896398693   99.35%
L1-Store-Misses:         5861281    0.65%
L1-Store-Accesses:     902259974  100.00%

L1-Total-Hits:        7473091961   98.61%
L1-Total-Misses:       105472608    1.39%
L1-Total-Accesses:    7578564569  100.00%

L2 Cache Stats:
L2-Load-Hits:          52843962   53.05%
L2-Load-Misses:        46767365   46.95%
L2-Load-Accesses:      99611327  100.00%

L2-Store-Hits:           3853372   65.74%
L2-Store-Misses:         2007909   34.26%
L2-Store-Accesses:       5861281  100.00%

L2-Total-Hits:          56697334   53.76%
L2-Total-Misses:        48775274   46.24%
L2-Total-Accesses:     105472608  100.00%

