--------
Total Statistics
--------
Total Instructions: 23583563853
Total Cycles: 52323392347
IPC: 0.450727

--------
Single level Tlb hierarchy
--------
  Data Tlb:
    Entries:          64
    Page Size(B):   4096
    Associativity:      4

Latencies:    0  100
Tlb-Sets:   16 - LRU - assoc:   4

Tlb Stats:
Tlb-Load-Hits:        6649384941   99.60%
Tlb-Load-Misses:        26919654    0.40%
Tlb-Load-Accesses:    6676304595  100.00%

Tlb-Store-Hits:         899999103   99.75%
Tlb-Store-Misses:         2260871    0.25%
Tlb-Store-Accesses:     902259974  100.00%

Tlb-Total-Hits:        7549384044   99.61%
Tlb-Total-Misses:        29180525    0.39%
Tlb-Total-Accesses:    7578564569  100.00%



--------
Two level Cache hierarchy
--------
  L1-Data Cache:
    Size(KB):          32
    Block Size(B):     32
    Associativity:      4

  L2-Data Cache:
    Size(KB):        1024
    Block Size(B):    128
    Associativity:      8

Latencies:    1   25  250
L1-Sets:  256 - LRU - assoc:   4
L2-Sets: 1024 - LRU - assoc:   8
Store_allocation: Yes
L2_inclusive: Yes
L2_prefetching: No

L1 Cache Stats:
L1-Load-Hits:        6451931462   96.64%
L1-Load-Misses:       224373133    3.36%
L1-Load-Accesses:    6676304595  100.00%

L1-Store-Hits:         884048270   97.98%
L1-Store-Misses:        18211704    2.02%
L1-Store-Accesses:     902259974  100.00%

L1-Total-Hits:        7335979732   96.80%
L1-Total-Misses:       242584837    3.20%
L1-Total-Accesses:    7578564569  100.00%

L2 Cache Stats:
L2-Load-Hits:         177662191   79.18%
L2-Load-Misses:        46710942   20.82%
L2-Load-Accesses:     224373133  100.00%

L2-Store-Hits:          16208284   89.00%
L2-Store-Misses:         2003420   11.00%
L2-Store-Accesses:      18211704  100.00%

L2-Total-Hits:         193870475   79.92%
L2-Total-Misses:        48714362   20.08%
L2-Total-Accesses:     242584837  100.00%

