--------
Total Statistics
--------
Total Instructions: 23583563853
Total Cycles: 52610527222
IPC: 0.448267

--------
Single level Tlb hierarchy
--------
  Data Tlb:
    Entries:          64
    Page Size(B):   4096
    Associativity:      4

Latencies:    0  100
Tlb-Sets:   16 - LRU - assoc:   4

Tlb Stats:
Tlb-Load-Hits:        6649414470   99.60%
Tlb-Load-Misses:        26890125    0.40%
Tlb-Load-Accesses:    6676304595  100.00%

Tlb-Store-Hits:         900124500   99.76%
Tlb-Store-Misses:         2135474    0.24%
Tlb-Store-Accesses:     902259974  100.00%

Tlb-Total-Hits:        7549538970   99.62%
Tlb-Total-Misses:        29025599    0.38%
Tlb-Total-Accesses:    7578564569  100.00%



--------
Two level Cache hierarchy
--------
  L1-Data Cache:
    Size(KB):          16
    Block Size(B):     64
    Associativity:      4

  L2-Data Cache:
    Size(KB):        1024
    Block Size(B):    128
    Associativity:      8

Latencies:    1   25  250
L1-Sets:   64 - LRU - assoc:   4
L2-Sets: 1024 - LRU - assoc:   8
Store_allocation: Yes
L2_inclusive: Yes
L2_prefetching: No

L1 Cache Stats:
L1-Load-Hits:        6437483291   96.42%
L1-Load-Misses:       238821304    3.58%
L1-Load-Accesses:    6676304595  100.00%

L1-Store-Hits:         886547562   98.26%
L1-Store-Misses:        15712412    1.74%
L1-Store-Accesses:     902259974  100.00%

L1-Total-Hits:        7324030853   96.64%
L1-Total-Misses:       254533716    3.36%
L1-Total-Accesses:    7578564569  100.00%

L2 Cache Stats:
L2-Load-Hits:         192093932   80.43%
L2-Load-Misses:        46727372   19.57%
L2-Load-Accesses:     238821304  100.00%

L2-Store-Hits:          13709800   87.25%
L2-Store-Misses:         2002612   12.75%
L2-Store-Accesses:      15712412  100.00%

L2-Total-Hits:         205803732   80.86%
L2-Total-Misses:        48729984   19.14%
L2-Total-Accesses:     254533716  100.00%

