--------
Total Statistics
--------
Total Instructions: 23583563853
Total Cycles: 50718348297
IPC: 0.464991

--------
Single level Tlb hierarchy
--------
  Data Tlb:
    Entries:          64
    Page Size(B):   4096
    Associativity:      4

Latencies:    0  100
Tlb-Sets:   16 - LRU - assoc:   4

Tlb Stats:
Tlb-Load-Hits:        6648945865   99.59%
Tlb-Load-Misses:        27358730    0.41%
Tlb-Load-Accesses:    6676304595  100.00%

Tlb-Store-Hits:         899818702   99.73%
Tlb-Store-Misses:         2441272    0.27%
Tlb-Store-Accesses:     902259974  100.00%

Tlb-Total-Hits:        7548764567   99.61%
Tlb-Total-Misses:        29800002    0.39%
Tlb-Total-Accesses:    7578564569  100.00%



--------
Two level Cache hierarchy
--------
  L1-Data Cache:
    Size(KB):          16
    Block Size(B):    128
    Associativity:      4

  L2-Data Cache:
    Size(KB):        1024
    Block Size(B):    128
    Associativity:      8

Latencies:    1   25  250
L1-Sets:   32 - LRU - assoc:   4
L2-Sets: 1024 - LRU - assoc:   8
Store_allocation: Yes
L2_inclusive: Yes
L2_prefetching: No

L1 Cache Stats:
L1-Load-Hits:        6510729626   97.52%
L1-Load-Misses:       165574969    2.48%
L1-Load-Accesses:    6676304595  100.00%

L1-Store-Hits:         892486146   98.92%
L1-Store-Misses:         9773828    1.08%
L1-Store-Accesses:     902259974  100.00%

L1-Total-Hits:        7403215772   97.69%
L1-Total-Misses:       175348797    2.31%
L1-Total-Accesses:    7578564569  100.00%

L2 Cache Stats:
L2-Load-Hits:         118811445   71.76%
L2-Load-Misses:        46763524   28.24%
L2-Load-Accesses:     165574969  100.00%

L2-Store-Hits:           7767353   79.47%
L2-Store-Misses:         2006475   20.53%
L2-Store-Accesses:       9773828  100.00%

L2-Total-Hits:         126578798   72.19%
L2-Total-Misses:        48769999   27.81%
L2-Total-Accesses:     175348797  100.00%

