--------
Total Statistics
--------
Total Instructions: 23583563853
Total Cycles: 49998593847
IPC: 0.471685

--------
Single level Tlb hierarchy
--------
  Data Tlb:
    Entries:          64
    Page Size(B):   4096
    Associativity:      4

Latencies:    0  100
Tlb-Sets:   16 - LRU - assoc:   4

Tlb Stats:
Tlb-Load-Hits:        6649595429   99.60%
Tlb-Load-Misses:        26709166    0.40%
Tlb-Load-Accesses:    6676304595  100.00%

Tlb-Store-Hits:         899930174   99.74%
Tlb-Store-Misses:         2329800    0.26%
Tlb-Store-Accesses:     902259974  100.00%

Tlb-Total-Hits:        7549525603   99.62%
Tlb-Total-Misses:        29038966    0.38%
Tlb-Total-Accesses:    7578564569  100.00%



--------
Two level Cache hierarchy
--------
  L1-Data Cache:
    Size(KB):         128
    Block Size(B):     64
    Associativity:      8

  L2-Data Cache:
    Size(KB):        1024
    Block Size(B):    128
    Associativity:      8

Latencies:    1   25  250
L1-Sets:  256 - LRU - assoc:   8
L2-Sets: 1024 - LRU - assoc:   8
Store_allocation: Yes
L2_inclusive: Yes
L2_prefetching: No

L1 Cache Stats:
L1-Load-Hits:        6534784001   97.88%
L1-Load-Misses:       141520594    2.12%
L1-Load-Accesses:    6676304595  100.00%

L1-Store-Hits:         894164635   99.10%
L1-Store-Misses:         8095339    0.90%
L1-Store-Accesses:     902259974  100.00%

L1-Total-Hits:        7428948636   98.03%
L1-Total-Misses:       149615933    1.97%
L1-Total-Accesses:    7578564569  100.00%

L2 Cache Stats:
L2-Load-Hits:          94756966   66.96%
L2-Load-Misses:        46763628   33.04%
L2-Load-Accesses:     141520594  100.00%

L2-Store-Hits:           6090285   75.23%
L2-Store-Misses:         2005054   24.77%
L2-Store-Accesses:       8095339  100.00%

L2-Total-Hits:         100847251   67.40%
L2-Total-Misses:        48768682   32.60%
L2-Total-Accesses:     149615933  100.00%

